Nome:Jessica Jones Formato:Websérie Duração:46-55 minutos Nacionalidade:Estados Unidos Idioma original:Inglês Emissora:Netflix Data transmissão: 20 de novembro de 2015 – presente Temporadas:2 Episodios:13
 Nome:Dexter Formato:Série Duração:45–60 minutos Nacionalidade:Estados Unidos Idioma original:Inglês Emissora: Showtime Data transmissão:1 de outubro de 2006 - 22 de setembro de 2013 Temporadas:8 Episodios:96
 Nome:Daredevil Formato:Websérie Duração:48–61 minutos Nacionalidade:Estados Unidos Idioma original:Inglês Emissora:Netflix Data transmissão:10 de abril de 2015 Temporadas:3 Episodios:26
 Nome:Teen Wolf Formato:Série Duração:42 min. aprox. Nacionalidade:Estados Unidos Idioma original:Inglês Emissora:MTV Data transmissão:5 de junho de 2011 – presente Temporadas:6 Episodios:90
 Nome:Grimm Formato:Série Duração:42 minutos aprox. Nacionalidade: Estados Unidos Idioma original: Inglês Emissora:NBC Data transmissão:21 de outubro de 2011 - 31 de março de 2017 Temporadas:6 Episodios:123
 Nome:Stranger Things Formato:Série Duração:42–55 minutos Nacionalidade:Estados Unidos Idioma original:Inglês Emissora:Netflix Data transmissão:15 de julho de 2016(2016-07-15) – presente Temporadas:1 Episodios:8
 Nome:Os Simpsons Formato:Série de desenho animado Duração:21–24 minutos Nacionalidade:Estados Unidos Idioma original:Inglês Emissora:Fox Data transmissão:17 de dezembro de 1989 – presente Temporadas:28 Episodios:618
 Nome:Supernatural Formato:Série Duração:38–45 minutos Nacionalidade:Estados Unidos Idioma original:Inglês Emissora:The WB (2005–2006) Data transmissão:13 de setembro de 2005(2005-09-13) – presente Temporadas:12 Episodios:264
 Nome:Smallville Formato:Série Duração:51–92 minutos Nacionalidade:Estados Unidos Idioma original:Inglês Emissora: The WB (2001-06) Data transmissão:16 de Outubro de 2001 – 13 de maio de 2011[1] Temporadas:10 Episodios:217
 Nome:Arrow Formato:Série Duração:40–43 minutos Nacionalidade:Estados Unidos Idioma original:Inglês Emissora:The CW Data transmissão:10 de outubro de 2012(2012-10-10) – presente Temporadas:5 Episodios:115
 Nome:Lucifer Formato:Série Duração:43 minutos Nacionalidade:Estados Unidos Idioma original:Inglês Emissora:Fox Data transmissão:25 de janeiro de 2016(2016-01-25) – presente Temporadas:2 Episodios:31
 Nome:The Flash Formato:Série Duração:42–45 minutos Nacionalidade:Estados Unidos Idioma original:Inglês Emissora:The CW Data transmissão:7 de outubro de 2014(2014-10-07) – presente Temporadas:3 Episodios:69
 Nome:Once Upon a Time Formato:Série Duração:43 minutos Nacionalidade:Estados Unidos Idioma original:Inglês Emissora:ABC Data transmissão:23 de outubro de 2011 – atualmente Temporadas:6 Episodios:133
 Nome:The Walking Dead Formato:Série Duração:42–67 minutos Nacionalidade:Estados Unidos Idioma original:Inglês Emissora:AMC Data transmissão:31 de outubro de 2010(2010-10-31) – presente Temporadas:7 Episodios:99
 Nome:The Vampire Diaries Formato:Série Duração:42 minutos (Aproximadamente) Nacionalidade:Estados Unidos Idioma original:Inglês Emissora: The CW Data transmissão:10 de setembro de 2009 – 10 de março de 2017 Temporadas:8 Episodios:171
 Nome:Sense8 Formato:Websérie Duração:45–66 minutos Nacionalidade:Estados Unidos Idioma original:Inglês Emissora: Netflix Data transmissão:5 de junho de 2015(2015-06-05) – atualmente Temporadas:2 Episodios:23
 Nome:13 Reasons Why Formato:Série Duração:49–61 minutos Nacionalidade:Estados Unidos Idioma original:Inglês Emissora:Netflix Data transmissão:31 de março de 2017(2017-03-31) – presente Temporadas:1 Episodios:13
 Nome:Gotham Formato:Série Duração:40-49 minutos Nacionalidade:Estados Unidos Idioma original:Inglês Emissora: FOX Data transmissão: 22 de setembro de 2014 - presente Temporadas:3 Episodios:88
 Nome:Outlander Formato:Série Duração:50 min. Nacionalidade:Reino Unido Idioma original:inglês Emissora:Starz Data transmissão:9 de agosto de 2014 - presente Temporadas:2 Episodios:29
 Nome:The Originals Formato:Série Duração:45 minutos (aproximadamente) Nacionalidade:Estados Unidos Idioma original:Inglês Emissora: The CW Data transmissão:3 de outubro de 2013 - presente Temporadas:4 Episodios:79
 Nome:Everybody Hates Chris Formato:Sitcom Duração:22 min. aprox. Nacionalidade:Estados Unidos Idioma original:Inglês Emissora: UPN (2005-2006) Data transmissão:22 de setembro de 2005 - 8 de maio de 2009 Temporadas:4 Episodios:88
 Nome:Prison Break Formato:Série Duração:42 minutos Nacionalidade:Estados Unidos Idioma original:Inglês Emissora:Fox Data transmissão:29 de agosto de 2005(2005-08-29) – 30 de maio de 2017(2017-05-30) Temporadas:5 Episodios:90
 Nome:Under the Dome Formato:Série Duração:45 minutos (aproximadamente) Nacionalidade:Estados Unidos Idioma original:Inglês Emissora: CBS Data transmissão:24 de junho de 2013 - 10 de setembro de 2015 Temporadas:3 Episodios:39
 Nome:Vikings Formato:Série Duração:45 minutos (aproximadamente) Nacionalidade:Canadá / Irlanda Idioma original:Inglês Emissora:History Data transmissão:3 de março de 2013 - presente Temporadas:4 Episodios:49
