[COPA 1974] [GRUPO B] [18/6] [Brasil (0) x (0) Escócia] [Frankfurt]
[COPA 2006] [GRUPO H] [14/6] [Tunísia (2) x (2) Arábia Saudita] [Munique]
[COPA 1954] [QUARTAS-DE-FINAL] [26/6] [Áustria (7) x (5) Suíça] [Lausanne]
[COPA 1962] [GRUPO C] [7/6] [México (3) x (1) Tchecoslováquia] [Viña del Mar]
[COPA 1938] [OITAVAS-DE-FINAL] [9/6] [Suíça (4) x (2) Alemanha] [Paris]
[COPA 2010] [GRUPO F] [24/6] [Eslováquia (3) x (2) Itália] [Joanesburgo]
[COPA 2018] [GRUPO A] [25/6] [Uruguai (3) x (0) Russia] [Samara Arena]
[COPA 2018] [GRUPO G] [18/6] [Bélgica (3) x (0) Panamá] [Fisht Satdium]
[COPA 1962] [GRUPO C] [31/5] [Tchecoslováquia (1) x (0) Espanha] [Viña del Mar]
[COPA 2014] [SEMIFINAL] [9/7] [Holanda (0) x (0) Argentina] [São Paulo]
[COPA 2010] [GRUPO B] [17/6] [Grécia (2) x (1) Nigéria] [Bloemfontein]
[COPA 1994] [QUARTAS-DE-FINAL] [10/7] [Bulgária (2) x (1) Alemanha] [New York]
[COPA 1938] [FINAL] [19/6] [Itália (4) x (2) Hungria] [Paris]
[COPA 1978] [GRUPO C] [11/6] [Espanha (1) x (0) Suécia] [Buenos Aires]
[COPA 2014] [GRUPO G] [16/6] [Alemanha (4) x (0) Portugal] [Salvador]
[COPA 1986] [GRUPO A] [5/6] [Bulgária (1) x (1) Coreia do Sul] [Cidade do México]
[COPA 2018] [GRUPO E] [22/6] [Sérvia (1) x (2) Suiça] [Saint Petersburg Stadium]
[COPA 1998] [GRUPO F] [15/6] [Alemanha (2) x (0) Estados Unidos] [Paris]
[COPA 2018] [GRUPO D] [26/6] [Nigéria (1) x (2) Argentina] [Saint Petersburg Stadium]
[COPA 1982] [GRUPO D] [17/6] [Tchecoslováquia (1) x (1) Kuwait] [Valladolid]
[COPA 1986] [OITAVAS-DE-FINAL] [18/6] [Espanha (5) x (1) Dinamarca] [Queretaro]
[COPA 2014] [GRUPO H] [17/6] [Bélgica (2) x (1) Argélia] [Belo Horizonte]
[COPA 1982] [SEMIFINAL] [8/7] [Alemanha Ocidental (3) x (3) França] [Sevilla]
[COPA 2002] [GRUPO B] [8/6] [África do Sul (1) x (0) Eslovênia] [Daegu]
[COPA 2018] [GRUPO D] [21/6] [Argentina (0) x (3) Croácia] [Nizhny Novgorod Stadium]
[COPA 2002] [QUARTAS-DE-FINAL] [21/6] [Brasil (2) x (1) Inglaterra] [Shizuoka]
[COPA 1986] [SEMIFINAL] [25/6] [Alemanha Ocidental (2) x (0) França] [Guadalajara]
[COPA 1954] [GRUPO B] [17/6] [Hungria (9) x (0) Coreia do Sul] [Zurique]
[COPA 1998] [SEMIFINAL] [7/7] [Brasil (1) x (1) Holanda] [Marseille]
[COPA 1962] [GRUPO D] [30/5] [Argentina (1) x (0) Bulgária] [Rancagua]
[COPA 2018] [OITAVAS-DE-FINAL] [30/6] [França (4) x (3) Argentina] [Kazan Arena]
[COPA 2002] [GRUPO A] [6/6] [Dinamarca (1) x (1) Senegal] [Daegu]
[COPA 1974] [GRUPO B] [22/6] [Brasil (3) x (0) Zaire] [Gelsenkirchen]
[COPA 1994] [Disp. 3°. Lugar] [16/7] [Suécia (4) x (0) Bulgária] [Los Angeles]
[COPA 2002] [GRUPO G] [8/6] [Croácia (2) x (1) Itália] [Ibaraki]
[COPA 1958] [QUARTAS-DE-FINAL] [19/6] [França (4) x (0) Irlanda do Norte] [Norrkoping]
[COPA 1998] [GRUPO E] [25/6] [Holanda (2) x (2) México] [St. Etienne]
[COPA 2002] [GRUPO B] [12/6] [Espanha (3) x (2) África do Sul] [Daejeon]
[COPA 1958] [GRUPO C] [8/6] [Hungria (1) x (1) País de Gales] [Sandviken]
[COPA 1990] [GRUPO F] [16/6] [Inglaterra (0) x (0) Holanda] [Cagliari]
[COPA 2006] [OITAVAS-DE-FINAL] [24/6] [Alemanha (2) x (0) Suécia] [Munique]
[COPA 1978] [GRUPO B] [10/6] [Tunísia (0) x (0) Alemanha Ocidental] [Cordoba]
[COPA 1974] [SEGUNDA FASE - GRUPO 2] [26/6] [Alemanha Ocidental (2) x (0) Iugoslávia] [Colônia]
[COPA 2018] [GRUPO A] [14/6] [Russia (5) x (0) Arábia Saudita] [Luzhnik Stadium]
[COPA 1978] [GRUPO A] [2/6] [Itália (2) x (1) França] [Mar del Plata]
[COPA 1982] [SEGUNDA FASE - GRUPO 4] [4/7] [França (4) x (1) Irlanda do Norte] [Madri]
[COPA 1998] [GRUPO H] [26/6] [Argentina (1) x (0) Croácia] [Bordeaux]
[COPA 1934] [QUARTAS-DE-FINAL] [31/5] [Itália (1) x (1) Espanha] [Florence]
[COPA 2002] [GRUPO H] [14/6] [Bélgica (3) x (2) Rússia] [Shizuoka]
[COPA 2014] [OITAVAS-DE-FINAL] [1/7] [Bélgica (2) x (1) Estados Unidos] [Salvador]
