[COPA 1934] [QUARTAS-DE-FINAL] [1/6] [Itália (1) x (0) Espanha] [Florence]
[COPA 1978] [GRUPO B] [1/6] [Polônia (0) x (0) Alemanha Ocidental] [Buenos Aires]
[COPA 1986] [GRUPO C] [1/6] [França (1) x (0) Canadá] [Leon]
[COPA 2002] [GRUPO E] [1/6] [Alemanha (8) x (0) Arábia Saudita] [Sapporo]
[COPA 2002] [GRUPO E] [1/6] [Irlanda (1) x (1) Camarões] [Niigata]
[COPA 1982] [SEGUNDA FASE - GRUPO 1] [1/7] [União Soviética (1) x (0) Bélgica] [Barcelona]
[COPA 1982] [SEGUNDA FASE - GRUPO 4] [1/7] [Áustria (2) x (2) Irlanda do Norte] [Madri]
[COPA 1990] [QUARTAS-DE-FINAL] [1/7] [Alemanha Ocidental (1) x (0) Tchecoslováquia] [Milão]
[COPA 1990] [QUARTAS-DE-FINAL] [1/7] [Inglaterra (3) x (2) Camarões] [Napoli]
[COPA 2006] [QUARTAS-DE-FINAL] [1/7] [Brasil (0) x (1) França] [Frankfurt]
[COPA 2006] [QUARTAS-DE-FINAL] [1/7] [Inglaterra (0) x (0) Portugal] [Gelsenkirchen]
[COPA 1962] [GRUPO C] [2/6] [Brasil (0) x (0) Tchecoslováquia] [Viña del Mar]
[COPA 1970] [GRUPO D] [2/6] [Peru (3) x (2) Bulgária] [León]
[COPA 1970] [GRUPO B] [2/6] [Uruguai (2) x (0) Israel] [Puebla]
[COPA 1978] [GRUPO A] [2/6] [Itália (2) x (1) França] [Mar del Plata]
[COPA 1986] [GRUPO F] [2/6] [Marrocos (0) x (0) Polônia] [Monterrey]
[COPA 2002] [GRUPO B] [2/6] [Paraguai (2) x (2) África do Sul] [Busan]
[COPA 1950] [GRUPO B] [2/7] [Chile (5) x (2) Estados Unidos] [Recife]
[COPA 1994] [OITAVAS-DE-FINAL] [2/7] [Espanha (3) x (0) Suíça] [Washington DC]
[COPA 2010] [QUARTAS-DE-FINAL] [2/7] [Holanda (2) x (1) Brasil] [Porto Elizabeth]
[COPA 2010] [QUARTAS-DE-FINAL] [2/7] [Uruguai (1) x (1) Gana] [Joanesburgo]
[COPA 2018] [OITAVAS-DE-FINAL] [2/7] [Brasil (2) x (0) México] [Samara Arena]
[COPA 1934] [SEMIFINAL] [3/6] [Itália (1) x (0) Áustria] [Milão]
[COPA 1962] [GRUPO C] [3/6] [Espanha (1) x (0) México] [Viña del Mar]
[COPA 1970] [GRUPO D] [3/6] [Alemanha Ocidental (2) x (1) Marrocos] [León]
[COPA 1970] [GRUPO C] [3/6] [Brasil (4) x (1) Tchecoslováquia] [Guadalajara]
[COPA 1970] [GRUPO B] [3/6] [Itália (1) x (0) Suécia] [Toluca]
[COPA 1978] [GRUPO C] [3/6] [Brasil (1) x (1) Suécia] [Mar del Plata]
[COPA 1978] [GRUPO D] [3/6] [Peru (3) x (1) Escócia] [Cordoba]
[COPA 1986] [GRUPO D] [3/6] [Argélia (1) x (1) Irlanda do Norte] [Guadalajara]
[COPA 2002] [GRUPO C] [3/6] [Brasil (2) x (1) Turquia] [Ulsan]
[COPA 1950] [FASE FINAL] [3/7] [Brasil (7) x (1) Suécia] [Rio de Janeiro]
[COPA 1974] [SEGUNDA FASE - GRUPO 2] [3/7] [Alemanha Ocidental (1) x (0) Polônia] [Frankfurt]
[COPA 1974] [SEGUNDA FASE - GRUPO 1] [3/7] [Holanda (2) x (0) Brasil] [Dortmund]
[COPA 1998] [QUARTAS-DE-FINAL] [3/7] [França (0) x (0) Itália] [St. Denis]
[COPA 2010] [QUARTAS-DE-FINAL] [3/7] [Argentina (0) x (4) Alemanha] [Cidade do Cabo]
[COPA 2018] [OITAVAS-DE-FINAL] [3/7] [Suécia (1) x (0) Suiça] [Saint Petersburg Stadium]
[COPA 1938] [OITAVAS-DE-FINAL] [4/6] [Suíça (1) x (1) Alemanha] [Paris]
[COPA 2002] [GRUPO H] [4/6] [Bélgica (2) x (2) Japão] [Saitama]
[COPA 1982] [SEGUNDA FASE - GRUPO 1] [4/7] [Polônia (0) x (0) União Soviética] [Barcelona]
[COPA 1990] [SEMIFINAL] [4/7] [Alemanha Ocidental (1) x (1) Inglaterra] [Turim]
[COPA 1994] [OITAVAS-DE-FINAL] [4/7] [Brasil (1) x (0) Estados Unidos] [San Francisco]
[COPA 1998] [QUARTAS-DE-FINAL] [4/7] [Holanda (2) x (1) Argentina] [Marseilles]
[COPA 2014] [QUARTAS-DE-FINAL] [4/7] [Brasil (2) x (1) Colômbia] [Fortaleza]
[COPA 1938] [OITAVAS-DE-FINAL] [5/6] [Brasil (6) x (5) Polônia] [Strasbourg]
[COPA 1938] [OITAVAS-DE-FINAL] [5/6] [Hungria (6) x (0) Indonésia] [Reims]
[COPA 1986] [GRUPO A] [5/6] [Bulgária (1) x (1) Coreia do Sul] [Cidade do México]
[COPA 1986] [GRUPO C] [5/6] [França (1) x (1) União Soviética] [Leon]
[COPA 2002] [GRUPO D] [5/6] [Estados Unidos (3) x (2) Portugal] [Suwon]
[COPA 1982] [SEGUNDA FASE - GRUPO 2] [5/7] [Inglaterra (0) x (0) Espanha] [Madri]
[COPA 1994] [OITAVAS-DE-FINAL] [5/7] [Itália (2) x (1) Nigéria] [Boston]
[COPA 2006] [SEMIFINAL] [5/7] [Portugal (0) x (1) França] [Munique]
[COPA 1962] [GRUPO C] [6/6] [Brasil (2) x (1) Espanha] [Viña del Mar]
[COPA 1970] [GRUPO C] [6/6] [Romênia (2) x (1) Tchecoslováquia] [Guadalajara]
[COPA 1978] [GRUPO B] [6/6] [Polônia (1) x (0) Tunísia] [Rosario]
[COPA 2010] [SEMIFINAL] [6/7] [Uruguai (2) x (3) Holanda] [Cidade do Cabo]
[COPA 2018] [QUARTAS-DE-FINAL] [6/7] [Brasil (1) x (2) Bélgica] [Kazan Arena]
[COPA 1962] [GRUPO A] [7/6] [Iugoslávia (5) x (0) Colômbia] [Arica]
[COPA 1970] [GRUPO D] [7/6] [Alemanha Ocidental (5) x (2) Bulgária] [León]
[COPA 1978] [GRUPO C] [7/6] [Brasil (0) x (0) Espanha] [Mar del Plata]
[COPA 1986] [GRUPO D] [7/6] [Espanha (2) x (1) Irlanda do Norte] [Guadalajara]
[COPA 2002] [GRUPO B] [7/6] [Espanha (3) x (1) Paraguai] [Jeonju]
[COPA 2002] [GRUPO F] [7/6] [Inglaterra (1) x (0) Argentina] [Sapporo]
[COPA 1990] [Disp. 3°. Lugar] [7/7] [Itália (2) x (1) Inglaterra] [Bari]
[COPA 2010] [SEMIFINAL] [7/7] [Alemanha (0) x (1) Espanha] [Durban]
[COPA 1958] [GRUPO A] [8/6] [Alemanha Ocidental (3) x (1) Argentina] [Malmoe]
[COPA 1958] [GRUPO A] [8/6] [Irlanda do Norte (1) x (0) Tchecoslováquia] [Halmstad]
[COPA 1986] [GRUPO E] [8/6] [Alemanha Ocidental (2) x (1) Escócia] [Queretaro]
[COPA 1986] [GRUPO B] [8/6] [Bélgica (2) x (1) Iraque] [Toluca]
[COPA 1986] [GRUPO E] [8/6] [Dinamarca (6) x (1) Uruguai] [Nezahualcoyotl]
[COPA 2002] [GRUPO B] [8/6] [África do Sul (1) x (0) Eslovênia] [Daegu]
[COPA 1982] [SEMIFINAL] [8/7] [Alemanha Ocidental (3) x (3) França] [Sevilla]
[COPA 1982] [SEMIFINAL] [8/7] [Itália (2) x (0) Polônia] [Barcelona]
[COPA 1990] [FINAL] [8/7] [Alemanha Ocidental (1) x (0) Argentina] [Roma]
[COPA 1998] [SEMIFINAL] [8/7] [França (2) x (1) Croácia] [St. Denis]
[COPA 1990] [GRUPO D] [9/6] [Colômbia (2) x (0) Emirados Arabes] [Bologna]
[COPA 2002] [GRUPO H] [9/6] [Japão (1) x (0) Rússia] [Yokohama]
[COPA 2002] [GRUPO G] [9/6] [México (2) x (1) Equador] [Miyagi]
[COPA 1994] [QUARTAS-DE-FINAL] [9/7] [Brasil (3) x (2) Holanda] [Dallas]
[COPA 1994] [QUARTAS-DE-FINAL] [9/7] [Itália (2) x (1) Espanha] [Boston]
[COPA 2006] [FINAL] [9/7] [Itália (1) x (1) França] [Berlim]
[COPA 1962] [QUARTAS-DE-FINAL] [10/6] [Chile (2) x (1) União Soviética] [Arica]
[COPA 1970] [GRUPO D] [10/6] [Alemanha Ocidental (3) x (1) Peru] [León]
[COPA 1970] [GRUPO C] [10/6] [Brasil (3) x (2) Romênia] [Guadalajara]
[COPA 1970] [GRUPO B] [10/6] [Suécia (1) x (0) Uruguai] [Puebla]
[COPA 1970] [GRUPO A] [10/6] [União Soviética (2) x (0) El Salvador] [Cidade do México]
[COPA 1978] [GRUPO B] [10/6] [Tunísia (0) x (0) Alemanha Ocidental] [Cordoba]
[COPA 1986] [GRUPO A] [10/6] [Argentina (2) x (0) Bulgária] [Cidade do México]
[COPA 1998] [GRUPO A] [10/6] [Brasil (2) x (1) Escócia] [St. Denis]
[COPA 2006] [GRUPO C] [10/6] [Argentina (2) x (1) Costa do Marfim] [Hamburgo]
[COPA 2006] [GRUPO B] [10/6] [Inglaterra (1) x (0) Paraguai] [Frankfurt]
[COPA 2006] [GRUPO B] [10/6] [Trinidad e Tobago (0) x (0) Suécia] [Dortmund]
[COPA 1982] [Disp. 3°. Lugar] [10/7] [Polônia (3) x (2) França] [Alicante]
[COPA 1958] [GRUPO A] [11/6] [Argentina (3) x (1) Irlanda do Norte] [Halmstad]
[COPA 1958] [GRUPO D] [11/6] [Brasil (0) x (0) Inglaterra] [Gotemborg]
[COPA 1958] [GRUPO B] [11/6] [Paraguai (3) x (2) Escócia] [Norrkoping]
[COPA 1958] [GRUPO D] [11/6] [União Soviética (2) x (0) Áustria] [Boraas]
[COPA 1970] [GRUPO D] [11/6] [Bulgária (1) x (1) Marrocos] [León]
[COPA 1970] [GRUPO C] [11/6] [Inglaterra (1) x (0) Tchecoslováquia] [Guadalajara]
[COPA 1978] [GRUPO D] [11/6] [Peru (4) x (1) Irã] [Cordoba]
[COPA 1986] [GRUPO B] [11/6] [Bélgica (2) x (2) Paraguai] [Toluca]
[COPA 1986] [GRUPO F] [11/6] [Inglaterra (3) x (0) Polônia] [Monterrey]
[COPA 1998] [GRUPO B] [11/6] [Áustria (1) x (1) Camarões] [Toulouse]
[COPA 2002] [GRUPO E] [11/6] [Irlanda (3) x (0) Arábia Saudita] [Yokohama]
[COPA 2006] [GRUPO D] [11/6] [México (3) x (1) Irã] [Nuremberg]
[COPA 1982] [FINAL] [11/7] [Itália (3) x (1) Alemanha Ocidental] [Madri]
[COPA 1998] [Disp. 3°. Lugar] [11/7] [Croácia (2) x (1) Holanda] [Paris]
[COPA 2018] [SEMIFINAL] [11/7] [Croácia (2) x (1) Inglaterra] [Luzhnik Stadium]
[COPA 1958] [GRUPO C] [12/6] [Suécia (2) x (1) Hungria] [Solna]
[COPA 1986] [GRUPO D] [12/6] [Brasil (3) x (0) Irlanda do Norte] [Guadalajara]
[COPA 1986] [GRUPO D] [12/6] [Espanha (3) x (0) Argélia] [Monterrey]
[COPA 1998] [GRUPO C] [12/6] [Dinamarca (1) x (0) Arábia Saudita] [Lens]
[COPA 1998] [GRUPO C] [12/6] [França (3) x (0) África do Sul] [Marseilles]
[COPA 2002] [GRUPO F] [12/6] [Inglaterra (0) x (0) Nigéria] [Osaka]
[COPA 2002] [GRUPO B] [12/6] [Paraguai (3) x (1) Eslovênia] [Seogwipo]
[COPA 2006] [GRUPO E] [12/6] [Itália (2) x (0) Gana] [Hannover]
[COPA 2010] [GRUPO B] [12/6] [Coreia do Sul (2) x (0) Grécia] [Porto Elizabeth]
[COPA 1966] [GRUPO C] [12/7] [Brasil (2) x (0) Bulgária] [Liverpool]
[COPA 1962] [SEMIFINAL] [13/6] [Brasil (4) x (2) Chile] [Santiago]
[COPA 1990] [GRUPO B] [13/6] [Argentina (2) x (0) União Soviética] [Napoli]
[COPA 1998] [GRUPO E] [13/6] [México (3) x (1) Coreia do Sul] [Lens]
[COPA 2002] [GRUPO G] [13/6] [México (1) x (1) Itália] [Oita]
[COPA 2006] [GRUPO F] [13/6] [Brasil (1) x (0) Croácia] [Berlim]
[COPA 2010] [GRUPO D] [13/6] [Alemanha (4) x (0) Austrália] [Durban]
[COPA 2010] [GRUPO D] [13/6] [Sérvia (0) x (1) Gana] [Pretória]
[COPA 1930] [GRUPO A] [13/7] [França (4) x (1) México] [Montevidéu]
[COPA 1950] [FASE FINAL] [13/7] [Uruguai (3) x (2) Suécia] [São Paulo]
[COPA 1966] [GRUPO B] [13/7] [Argentina (2) x (1) Espanha] [Birmingham]
[COPA 1966] [GRUPO A] [13/7] [França (1) x (1) México] [Londres]
[COPA 1966] [GRUPO D] [13/7] [Itália (2) x (0) Chile] [Sunderland]
[COPA 1966] [GRUPO C] [13/7] [Portugal (3) x (1) Hungria] [Manchester]
[COPA 2014] [FINAL] [13/7] [Alemanha (1) x (0) Argentina] [Rio de Janeiro]
[COPA 1962] [QUARTAS-DE-FINAL] [14/6] [Brasil (3) x (1) Inglaterra] [Viña del Mar]
[COPA 1962] [QUARTAS-DE-FINAL] [14/6] [Tchecoslováquia (1) x (0) Hungria] [Rancagua]
[COPA 1970] [QUARTAS-DE-FINAL] [14/6] [Alemanha Ocidental (3) x (2) Inglaterra] [León]
[COPA 1970] [QUARTAS-DE-FINAL] [14/6] [Itália (4) x (1) México] [Toluca]
[COPA 1978] [SEGUNDA FASE - GRUPO 2] [14/6] [Brasil (3) x (0) Peru] [Mendoza]
[COPA 1990] [GRUPO D] [14/6] [Iugoslávia (1) x (0) Colômbia] [Bologna]
[COPA 1998] [GRUPO H] [14/6] [Argentina (1) x (0) Japão] [Toulouse]
[COPA 1998] [GRUPO F] [14/6] [Iugoslávia (1) x (0) Irã] [St. Etienne]
[COPA 2002] [GRUPO D] [14/6] [Coreia do Sul (1) x (0) Portugal] [Incheon]
[COPA 2002] [GRUPO H] [14/6] [Japão (2) x (0) Tunísia] [Osaka]
[COPA 2006] [GRUPO H] [14/6] [Espanha (4) x (0) Ucrânia] [Leipzig]
[COPA 2010] [GRUPO E] [14/6] [Holanda (2) x (0) Dinamarca] [Joanesburgo]
[COPA 2010] [GRUPO E] [14/6] [Japão (1) x (0) Camarões] [Bloemfontein]
[COPA 2018] [GRUPO A] [14/6] [Russia (5) x (0) Arábia Saudita] [Luzhnik Stadium]
[COPA 1930] [GRUPO B] [14/7] [Iugoslávia (2) x (1) Brasil] [Montevidéu]
[COPA 1958] [GRUPO A] [15/6] [Alemanha Ocidental (2) x (2) Irlanda do Norte] [Malmoe]
[COPA 1958] [GRUPO B] [15/6] [Paraguai (3) x (3) Iugoslávia] [Eskilstuna]
[COPA 1958] [GRUPO D] [15/6] [Áustria (2) x (2) Inglaterra] [Boraas]
[COPA 1974] [GRUPO C] [15/6] [Holanda (2) x (0) Uruguai] [Hanover]
[COPA 1974] [GRUPO D] [15/6] [Itália (3) x (1) Haiti] [Berlim]
[COPA 1982] [GRUPO A] [15/6] [Camarões (0) x (0) Peru] [Corunha]
[COPA 1982] [GRUPO C] [15/6] [Hungria (10) x (1) El Salvador] [Elche]
[COPA 1986] [OITAVAS-DE-FINAL] [15/6] [Bélgica (4) x (3) União Soviética] [Leon]
[COPA 1986] [OITAVAS-DE-FINAL] [15/6] [México (2) x (0) Bulgária] [Cidade do México]
[COPA 1990] [GRUPO A] [15/6] [Tchecoslováquia (1) x (0) Áustria] [Florence]
[COPA 1998] [GRUPO F] [15/6] [Alemanha (2) x (0) Estados Unidos] [Paris]
[COPA 2002] [OITAVAS-DE-FINAL] [15/6] [Alemanha (1) x (0) Paraguai] [Seogwipo]
[COPA 2010] [GRUPO F] [15/6] [Nova Zelândia (1) x (1) Eslováquia] [Rustemburgo]
[COPA 2014] [GRUPO F] [15/6] [Argentina (2) x (1) Bósnia e Herzegovna] [Rio de Janeiro]
[COPA 1930] [GRUPO A] [15/7] [Argentina (1) x (0) França] [Montevidéu]
[COPA 1966] [GRUPO B] [15/7] [Espanha (2) x (1) Suíça] [Sheffield]
[COPA 2018] [FINAL] [15/7] [França (4) x (2) Croácia] [Luzhnik Stadium]
[COPA 1954] [GRUPO C] [16/6] [Uruguai (2) x (0) Tchecoslováquia] [Berna]
[COPA 1954] [GRUPO C] [16/6] [Áustria (1) x (0) Escócia] [Zurique]
[COPA 1982] [GRUPO E] [16/6] [Honduras (1) x (1) Espanha] [Valência]
[COPA 1986] [OITAVAS-DE-FINAL] [16/6] [Argentina (1) x (0) Uruguai] [Puebla]
[COPA 1990] [GRUPO C] [16/6] [Escócia (2) x (1) Suécia] [Genoa]
[COPA 2006] [GRUPO C] [16/6] [Holanda (2) x (1) Costa do Marfim] [Stuttgart]
[COPA 2006] [GRUPO D] [16/6] [México (0) x (0) Angola] [Hannover]
[COPA 2014] [GRUPO G] [16/6] [Alemanha (4) x (0) Portugal] [Salvador]
[COPA 2014] [GRUPO G] [16/6] [Gana (1) x (2) Estados Unidos] [Natal]
[COPA 2018] [GRUPO C] [16/6] [França (2) x (1) Australia] [Kazan Arena]
[COPA 2018] [GRUPO C] [16/6] [Peru (0) x (1) Dinamarca] [Mordovia Arena]
[COPA 1950] [FASE FINAL] [16/7] [Suécia (3) x (1) Espanha] [São Paulo]
[COPA 1966] [GRUPO B] [16/7] [Argentina (0) x (0) Alemanha Ocidental] [Birmingham]
[COPA 1966] [GRUPO A] [16/7] [Inglaterra (2) x (0) México] [Londres]
[COPA 1966] [GRUPO C] [16/7] [Portugal (3) x (0) Bulgária] [Manchester]
[COPA 1966] [GRUPO D] [16/7] [União Soviética (1) x (0) Itália] [Sunderland]
[COPA 1994] [Disp. 3°. Lugar] [16/7] [Suécia (4) x (0) Bulgária] [Los Angeles]
[COPA 1954] [GRUPO D] [17/6] [Inglaterra (4) x (4) Bélgica] [Basel]
[COPA 1954] [GRUPO D] [17/6] [Suíça (2) x (1) Itália] [Lausanne]
[COPA 1986] [OITAVAS-DE-FINAL] [17/6] [Alemanha Ocidental (1) x (0) Marrocos] [Monterrey]
[COPA 1990] [GRUPO E] [17/6] [Bélgica (3) x (1) Uruguai] [Verona]
[COPA 1990] [GRUPO E] [17/6] [Espanha (3) x (1) Coreia do Sul] [Udine]
[COPA 2002] [OITAVAS-DE-FINAL] [17/6] [Brasil (2) x (0) Bélgica] [Kobe]
[COPA 2006] [GRUPO D] [17/6] [Portugal (2) x (0) Irã] [Frankfurt]
[COPA 2006] [GRUPO E] [17/6] [República Tcheca (0) x (2) Gana] [Colônia]
[COPA 2010] [GRUPO A] [17/6] [França (0) x (2) México] [Polokwane]
[COPA 2010] [GRUPO B] [17/6] [Grécia (2) x (1) Nigéria] [Bloemfontein]
[COPA 2014] [GRUPO H] [17/6] [Bélgica (2) x (1) Argélia] [Belo Horizonte]
[COPA 2018] [GRUPO F] [17/6] [Alemanha (0) x (1) México] [Luzhniki Stadium]
[COPA 2018] [GRUPO E] [17/6] [Costa Rica (0) x (1) Sérvia] [Rostov Arena]
[COPA 1978] [SEGUNDA FASE - GRUPO 1] [18/6] [Itália (1) x (0) Áustria] [Buenos Aires]
[COPA 1982] [GRUPO C] [18/6] [Argentina (4) x (1) Hungria] [Alicante]
[COPA 1998] [GRUPO C] [18/6] [França (4) x (0) Arábia Saudita] [St. Denis]
[COPA 2002] [OITAVAS-DE-FINAL] [18/6] [Coreia do Sul (2) x (1) Itália] [Daejeon]
[COPA 2006] [GRUPO F] [18/6] [Brasil (2) x (0) Austrália] [Munique]
[COPA 2006] [GRUPO F] [18/6] [Japão (0) x (0) Croácia] [Nuremberg]
[COPA 2018] [GRUPO F] [18/6] [Suécia (1) x (0) Coréia do Sul] [Nizhny Novgorod Stadium]
[COPA 1930] [GRUPO C] [18/7] [Uruguai (1) x (0) Peru] [Montevidéu]
[COPA 1954] [GRUPO A] [19/6] [Brasil (1) x (1) Iugoslávia] [Lausanne]
[COPA 1954] [GRUPO A] [19/6] [França (3) x (2) México] [Genebra]
[COPA 1958] [QUARTAS-DE-FINAL] [19/6] [Brasil (1) x (0) País de Gales] [Gotemborg]
[COPA 1974] [GRUPO D] [19/6] [Argentina (1) x (1) Itália] [Stuttgart]
[COPA 1974] [GRUPO C] [19/6] [Bulgária (1) x (1) Uruguai] [Hanover]
[COPA 1982] [GRUPO C] [19/6] [Bélgica (1) x (0) El Salvador] [Elche]
[COPA 1982] [GRUPO F] [19/6] [União Soviética (3) x (0) Nova Zelândia] [Málaga]
[COPA 1990] [GRUPO D] [19/6] [Iugoslávia (4) x (1) Emirados Arabes] [Bologna]
[COPA 1994] [GRUPO F] [19/6] [Bélgica (1) x (0) Marrocos] [Orlando]
[COPA 1994] [GRUPO B] [19/6] [Suécia (2) x (2) Camarões] [Los Angeles]
[COPA 2006] [GRUPO G] [19/6] [Togo (0) x (2) Suíça] [Dortmund]
[COPA 2010] [GRUPO D] [19/6] [Gana (1) x (1) Austrália] [Rustemburgo]
[COPA 2014] [GRUPO C] [19/6] [Japão (0) x (0) Grécia] [Natal]
[COPA 2018] [GRUPO A] [19/6] [Russia (3) x (1) Egito] [Saint Petersburg Stadium]
[COPA 1966] [GRUPO B] [19/7] [Argentina (2) x (0) Suíça] [Sheffield]
[COPA 1966] [GRUPO D] [19/7] [Coreia do Norte (1) x (0) Itália] [Middlesbrough]
[COPA 1966] [GRUPO C] [19/7] [Portugal (3) x (1) Brasil] [Liverpool]
[COPA 1954] [GRUPO B] [20/6] [Hungria (8) x (3) Alemanha Ocidental] [Basel]
[COPA 1954] [GRUPO D] [20/6] [Itália (4) x (1) Bélgica] [Lugano]
[COPA 1970] [Disp. 3°. Lugar] [20/6] [Alemanha Ocidental (1) x (0) Uruguai] [Cidade do México]
[COPA 1990] [GRUPO C] [20/6] [Brasil (1) x (0) Escócia] [Turim]
[COPA 1990] [GRUPO C] [20/6] [Costa Rica (2) x (1) Suécia] [Genoa]
[COPA 1994] [GRUPO F] [20/6] [Holanda (2) x (1) Arábia Saudita] [Washington DC]
[COPA 2006] [GRUPO A] [20/6] [Equador (0) x (3) Alemanha] [Berlim]
[COPA 2010] [GRUPO F] [20/6] [Itália (1) x (1) Nova Zelândia] [Nelspruit]
[COPA 2014] [GRUPO E] [20/6] [Honduras (1) x (2) Equador] [Curitiba]
[COPA 2014] [GRUPO D] [20/6] [Itália (0) x (1) Costa Rica] [Recife]
[COPA 2018] [GRUPO B] [20/6] [Portugal (1) x (0) Marrocos] [Luzhnik Stadium]
[COPA 2018] [GRUPO A] [20/6] [Uruguai (1) x (0) Arábia Saudita] [Rostov Arena]
[COPA 1966] [GRUPO A] [20/7] [Inglaterra (2) x (0) França] [Londres]
[COPA 1966] [GRUPO D] [20/7] [União Soviética (2) x (1) Chile] [Sunderland]
[COPA 1978] [SEGUNDA FASE - GRUPO 1] [21/6] [Holanda (2) x (1) Itália] [Buenos Aires]
[COPA 1978] [SEGUNDA FASE - GRUPO 1] [21/6] [Áustria (3) x (2) Alemanha Ocidental] [Cordoba]
[COPA 1982] [GRUPO D] [21/6] [França (4) x (1) Kuwait] [Valladolid]
[COPA 1990] [GRUPO E] [21/6] [Espanha (2) x (1) Bélgica] [Milão]
[COPA 1994] [GRUPO C] [21/6] [Alemanha (1) x (1) Espanha] [Chicago]
[COPA 1994] [GRUPO D] [21/6] [Argentina (4) x (0) Grécia] [Boston]
[COPA 1998] [GRUPO F] [21/6] [Alemanha (2) x (2) Iugoslávia] [Lens]
[COPA 2006] [GRUPO D] [21/6] [Irã (1) x (1) Angola] [Leipzig]
[COPA 2010] [GRUPO G] [21/6] [Portugal (7) x (0) Coreia do Norte] [Cidade do Cabo]
[COPA 2018] [GRUPO D] [21/6] [Argentina (0) x (3) Croácia] [Nizhny Novgorod Stadium]
[COPA 2018] [GRUPO C] [21/6] [Dinamarca (1) x (1) Australia] [Samara Arena]
[COPA 2018] [GRUPO C] [21/6] [França (1) x (0) Peru] [Ekaterimburg Arena]
[COPA 1930] [GRUPO C] [21/7] [Uruguai (4) x (0) Romênia] [Montevidéu]
[COPA 1974] [GRUPO A] [22/6] [Alemanha Oriental (1) x (0) Alemanha Ocidental] [Hamburgo]
[COPA 1974] [GRUPO B] [22/6] [Brasil (3) x (0) Zaire] [Gelsenkirchen]
[COPA 1982] [GRUPO C] [22/6] [Bélgica (1) x (1) Hungria] [Elche]
[COPA 1982] [GRUPO A] [22/6] [Polônia (5) x (1) Peru] [Corunha]
[COPA 1986] [QUARTAS-DE-FINAL] [22/6] [Bélgica (1) x (1) Espanha] [Puebla]
[COPA 1994] [GRUPO A] [22/6] [Suíça (4) x (1) Romênia] [Roma]
[COPA 1998] [GRUPO G] [22/6] [Colômbia (1) x (0) Tunísia] [Montpellier]
[COPA 2002] [QUARTAS-DE-FINAL] [22/6] [Turquia (1) x (0) Senegal] [Osaka]
[COPA 2006] [GRUPO E] [22/6] [República Tcheca (0) x (2) Itália] [Hamburgo]
[COPA 2010] [GRUPO A] [22/6] [França (1) x (2) África do Sul] [Bloemfontein]
[COPA 2010] [GRUPO A] [22/6] [México (0) x (1) Uruguai] [Rustemburgo]
[COPA 2014] [GRUPO H] [22/6] [Coreia do Sul (2) x (4) Argélia] [Porto Alegre]
[COPA 2018] [GRUPO E] [22/6] [Brasil (2) x (0) Costa Rica] [Kaliningrad Stadium]
[COPA 1954] [GRUPO D] [23/6] [Suíça (4) x (1) Itália] [Basel]
[COPA 1974] [GRUPO D] [23/6] [Argentina (4) x (1) Haiti] [Berlim]
[COPA 1974] [GRUPO D] [23/6] [Polônia (2) x (1) Itália] [Stuttgart]
[COPA 1982] [GRUPO A] [23/6] [Itália (1) x (1) Camarões] [Vigo]
[COPA 1990] [OITAVAS-DE-FINAL] [23/6] [Camarões (2) x (1) Colômbia] [Napoli]
[COPA 1990] [OITAVAS-DE-FINAL] [23/6] [Tchecoslováquia (4) x (1) Costa Rica] [Bari]
[COPA 1994] [GRUPO C] [23/6] [Bolivia (0) x (0) Coreia do Sul] [Boston]
[COPA 1998] [GRUPO B] [23/6] [Chile (1) x (1) Camarões] [Nantes]
[COPA 1998] [GRUPO A] [23/6] [Noruega (2) x (1) Brasil] [Marseille]
[COPA 2006] [GRUPO G] [23/6] [Togo (0) x (2) França] [Colônia]
[COPA 2006] [GRUPO H] [23/6] [Ucrânia (1) x (0) Tunísia] [Berlim]
[COPA 2010] [GRUPO D] [23/6] [Austrália (2) x (1) Sérvia] [Nelspruit]
[COPA 2010] [GRUPO C] [23/6] [Eslovênia (0) x (1) Inglaterra] [Porto Elizabeth]
[COPA 2010] [GRUPO C] [23/6] [Estados Unidos (1) x (0) Argélia] [Pretória]
[COPA 2010] [GRUPO D] [23/6] [Gana (0) x (1) Alemanha] [Joanesburgo]
[COPA 2014] [GRUPO B] [23/6] [Austrália (0) x (3) Espanha] [Curitiba]
[COPA 1966] [QUARTAS-DE-FINAL] [23/7] [Alemanha Ocidental (4) x (0) Uruguai] [Sheffield]
[COPA 1966] [QUARTAS-DE-FINAL] [23/7] [Portugal (5) x (3) Coreia do Norte] [Liverpool]
[COPA 1958] [SEMIFINAL] [24/6] [Suécia (3) x (1) Alemanha Ocidental] [Gotemborg]
[COPA 1994] [GRUPO B] [24/6] [Brasil (3) x (0) Camarões] [San Francisco]
[COPA 1998] [GRUPO D] [24/6] [Espanha (6) x (1) Bulgária] [Lens]
[COPA 1998] [GRUPO C] [24/6] [França (2) x (1) Dinamarca] [Lens]
[COPA 1998] [GRUPO D] [24/6] [Paraguai (3) x (1) Nigéria] [Toulouse]
[COPA 2006] [OITAVAS-DE-FINAL] [24/6] [Alemanha (2) x (0) Suécia] [Munique]
[COPA 2010] [GRUPO E] [24/6] [Camarões (1) x (2) Holanda] [Cidade do Cabo]
[COPA 2014] [GRUPO C] [24/6] [Japão (1) x (4) Colômbia] [Cuiabá]
[COPA 2018] [GRUPO G] [24/6] [Inglaterra (6) x (1) Panamá] [Nizhny Novgorod Stadium]
[COPA 2018] [GRUPO H] [24/6] [Japão (2) x (2) Senegal] [Ekaterinburg Arena]
[COPA 2018] [GRUPO H] [24/6] [Polonia (0) x (3) Colombia] [Kazan Arena]
[COPA 1950] [GRUPO B] [25/6] [Inglaterra (2) x (0) Chile] [Rio de Janeiro]
[COPA 1950] [GRUPO A] [25/6] [Iugoslávia (3) x (0) Suíça] [Belo Horizonte]
[COPA 1982] [GRUPO E] [25/6] [Irlanda do Norte (1) x (0) Espanha] [Valência]
[COPA 1986] [SEMIFINAL] [25/6] [Argentina (2) x (0) Bélgica] [Cidade do México]
[COPA 1998] [GRUPO F] [25/6] [Alemanha (2) x (0) Irã] [Montpellier]
[COPA 1998] [GRUPO F] [25/6] [Iugoslávia (1) x (0) Estados Unidos] [Nantes]
[COPA 2002] [SEMIFINAL] [25/6] [Alemanha (1) x (0) Coreia do Sul] [Seoul]
[COPA 2006] [OITAVAS-DE-FINAL] [25/6] [Inglaterra (1) x (0) Equador] [Stuttgart]
[COPA 2006] [OITAVAS-DE-FINAL] [25/6] [Portugal (1) x (0) Holanda] [Nuremberg]
[COPA 2010] [GRUPO G] [25/6] [Coreia do Norte (0) x (3) Costa do Marfim] [Nelspruit]
[COPA 2010] [GRUPO H] [25/6] [Suíça (0) x (0) Honduras] [Bloemfontein]
[COPA 2014] [GRUPO F] [25/6] [Bósnia e Herzegovna (3) x (1) Irã] [Salvador]
[COPA 2014] [GRUPO F] [25/6] [Nigéria (2) x (3) Argentina] [Porto Alegre]
[COPA 1966] [SEMIFINAL] [25/7] [Alemanha Ocidental (2) x (1) União Soviética] [Liverpool]
[COPA 1990] [OITAVAS-DE-FINAL] [26/6] [Iugoslávia (2) x (1) Espanha] [Roma]
[COPA 1998] [GRUPO G] [26/6] [Romênia (1) x (1) Tunísia] [St. Denis]
[COPA 2010] [OITAVAS-DE-FINAL] [26/6] [Uruguai (2) x (1) Coreia do Sul] [Porto Elizabeth]
[COPA 2014] [GRUPO G] [26/6] [Estados Unidos (0) x (1) Alemanha] [Recife]
[COPA 2018] [GRUPO C] [26/6] [Dinamarca (0) x (0) França] [Luzhniki Stadoum]
[COPA 2018] [GRUPO D] [26/6] [Islândia (1) x (2) Croácia] [Rostov Arena]
[COPA 1930] [SEMIFINAL] [26/7] [Argentina (6) x (1) Estados Unidos] [Montevidéu]
[COPA 1966] [SEMIFINAL] [26/7] [Inglaterra (2) x (1) Portugal] [Londres]
[COPA 1934] [OITAVAS-DE-FINAL] [27/5] [Espanha (3) x (1) Brasil] [Turim]
[COPA 1934] [OITAVAS-DE-FINAL] [27/5] [Hungria (4) x (2) Egito] [Nápoli]
[COPA 1934] [OITAVAS-DE-FINAL] [27/5] [Itália (7) x (1) Estados Unidos] [Roma]
[COPA 1934] [OITAVAS-DE-FINAL] [27/5] [Tchecoslováquia (2) x (1) Romênia] [Trieste]
[COPA 1934] [OITAVAS-DE-FINAL] [27/5] [Áustria (3) x (2) França] [Turim]
[COPA 1954] [QUARTAS-DE-FINAL] [27/6] [Alemanha Ocidental (2) x (0) Iugoslávia] [Genebra]
[COPA 1954] [QUARTAS-DE-FINAL] [27/6] [Hungria (4) x (2) Brasil] [Berna]
[COPA 1994] [GRUPO C] [27/6] [Espanha (3) x (1) Bolivia] [Chicago]
[COPA 1998] [OITAVAS-DE-FINAL] [27/6] [Itália (1) x (0) Noruega] [Marseille]
[COPA 2006] [OITAVAS-DE-FINAL] [27/6] [Espanha (1) x (3) França] [Hannover]
[COPA 2010] [OITAVAS-DE-FINAL] [27/6] [Alemanha (4) x (1) Inglaterra] [Bloemfontein]
[COPA 1930] [SEMIFINAL] [27/7] [Uruguai (6) x (1) Iugoslávia] [Montevidéu]
[COPA 1950] [GRUPO A] [28/6] [Brasil (2) x (2) Suíça] [São Paulo]
[COPA 1994] [GRUPO E] [28/6] [Itália (1) x (1) México] [Washington DC]
[COPA 1994] [GRUPO B] [28/6] [Rússia (6) x (1) Camarões] [San Francisco]
[COPA 2010] [OITAVAS-DE-FINAL] [28/6] [Brasil (3) x (0) Chile] [Joanesburgo]
[COPA 2014] [OITAVAS-DE-FINAL] [28/6] [Brasil (1) x (1) Chile] [Belo Horizonte]
[COPA 2014] [OITAVAS-DE-FINAL] [28/6] [Colômbia (2) x (0) Uruguai] [Rio de Janeiro]
[COPA 2018] [GRUPO G] [28/6] [Inglaterra (0) x (1) Belgica] [Kaliningrad Stadium]
[COPA 2018] [GRUPO G] [28/6] [Panamá (1) x (2) Tunisia] [Mordovia Arena]
[COPA 1950] [GRUPO C] [29/6] [Suécia (2) x (2) Paraguai] [Curitiba]
[COPA 1958] [FINAL] [29/6] [Brasil (5) x (2) Suécia] [Solna]
[COPA 1982] [SEGUNDA FASE - GRUPO 2] [29/6] [Inglaterra (0) x (0) Alemanha Ocidental] [Madri]
[COPA 1982] [SEGUNDA FASE - GRUPO 3] [29/6] [Itália (2) x (1) Argentina] [Barcelona]
[COPA 1986] [FINAL] [29/6] [Argentina (3) x (2) Alemanha Ocidental] [Cidade do México]
[COPA 1994] [GRUPO F] [29/6] [Arábia Saudita (1) x (0) Bélgica] [Washington DC]
[COPA 2014] [OITAVAS-DE-FINAL] [29/6] [Holanda (2) x (1) México] [Fortaleza]
[COPA 1962] [GRUPO C] [30/5] [Brasil (2) x (0) México] [Viña del Mar]
[COPA 1962] [GRUPO B] [30/5] [Chile (3) x (1) Suíça] [Santiago]
[COPA 1974] [SEGUNDA FASE - GRUPO 2] [30/6] [Alemanha Ocidental (4) x (2) Suécia] [Colônia]
[COPA 1990] [QUARTAS-DE-FINAL] [30/6] [Itália (1) x (0) Irlanda] [Roma]
[COPA 1994] [GRUPO D] [30/6] [Nigéria (2) x (0) Grécia] [Boston]
[COPA 1998] [OITAVAS-DE-FINAL] [30/6] [Argentina (2) x (2) Inglaterra] [St. Etienne]
[COPA 2002] [FINAL] [30/6] [Brasil (2) x (0) Alemanha] [Yokohama]
[COPA 2014] [OITAVAS-DE-FINAL] [30/6] [França (2) x (0) Nigéria] [Brasília]
[COPA 1934] [QUARTAS-DE-FINAL] [31/5] [Alemanha (2) x (1) Suécia] [Milão]
[COPA 1934] [QUARTAS-DE-FINAL] [31/5] [Tchecoslováquia (3) x (2) Suíça] [Turim]
[COPA 1962] [GRUPO B] [31/5] [Itália (0) x (0) Alemanha Ocidental] [Santiago]
[COPA 1962] [GRUPO C] [31/5] [Tchecoslováquia (1) x (0) Espanha] [Viña del Mar]
[COPA 1962] [GRUPO A] [31/5] [União Soviética (2) x (0) Iugoslávia] [Arica]
