[COPA 1930] [GRUPO A] [13/7] [França (4) x (1) México] [Montevidéu]
[COPA 1930] [GRUPO A] [15/7] [Argentina (1) x (0) França] [Montevidéu]
[COPA 1930] [GRUPO D] [17/7] [Estados Unidos (3) x (0) Paraguai] [Montevidéu]
[COPA 1930] [GRUPO A] [19/7] [Argentina (6) x (3) México] [Montevidéu]
[COPA 1930] [GRUPO A] [19/7] [França (0) x (1) Chile] [Montevidéu]
[COPA 1930] [GRUPO B] [20/7] [Brasil (4) x (0) Bolivia] [Montevidéu]
[COPA 1930] [GRUPO D] [20/7] [Paraguai (1) x (0) Bélgica] [Montevidéu]
[COPA 1930] [SEMIFINAL] [26/7] [Argentina (6) x (1) Estados Unidos] [Montevidéu]
[COPA 1934] [SEMIFINAL] [3/6] [Itália (1) x (0) Áustria] [Milão]
[COPA 1934] [FINAL] [10/6] [Itália (2) x (1) Tchecoslováquia] [Roma]
[COPA 1934] [OITAVAS-DE-FINAL] [27/5] [Alemanha (5) x (2) Bélgica] [Florence]
[COPA 1934] [OITAVAS-DE-FINAL] [27/5] [Espanha (3) x (1) Brasil] [Turim]
[COPA 1934] [OITAVAS-DE-FINAL] [27/5] [Suécia (3) x (2) Argentina] [Milão]
[COPA 1934] [OITAVAS-DE-FINAL] [27/5] [Suíça (3) x (2) Holanda] [Milão]
[COPA 1934] [OITAVAS-DE-FINAL] [27/5] [Tchecoslováquia (2) x (1) Romênia] [Trieste]
[COPA 1934] [OITAVAS-DE-FINAL] [27/5] [Áustria (3) x (2) França] [Turim]
[COPA 1934] [QUARTAS-DE-FINAL] [31/5] [Itália (1) x (1) Espanha] [Florence]
[COPA 1934] [QUARTAS-DE-FINAL] [31/5] [Áustria (2) x (1) Hungria] [Bologna]
[COPA 1938] [OITAVAS-DE-FINAL] [4/6] [Suíça (1) x (1) Alemanha] [Paris]
[COPA 1938] [OITAVAS-DE-FINAL] [5/6] [Brasil (6) x (5) Polônia] [Strasbourg]
[COPA 1938] [OITAVAS-DE-FINAL] [5/6] [França (3) x (1) Bélgica] [Paris]
[COPA 1938] [OITAVAS-DE-FINAL] [5/6] [Hungria (6) x (0) Indonésia] [Reims]
[COPA 1938] [OITAVAS-DE-FINAL] [5/6] [Itália (2) x (1) Noruega] [Marseilles]
[COPA 1938] [OITAVAS-DE-FINAL] [5/6] [Tchecoslováquia (3) x (0) Holanda] [Le Havre]
[COPA 1938] [OITAVAS-DE-FINAL] [9/6] [Cuba (2) x (1) Romênia] [Toulouse]
[COPA 1938] [QUARTAS-DE-FINAL] [12/6] [Brasil (1) x (1) Tchecoslováquia] [Bordeaux]
[COPA 1938] [SEMIFINAL] [16/6] [Hungria (5) x (1) Suécia] [Paris]
[COPA 1938] [SEMIFINAL] [16/6] [Itália (2) x (1) Brasil] [Marseilles]
[COPA 1938] [Disp. 3°. Lugar] [19/6] [Brasil (4) x (2) Suécia] [Marseilles]
[COPA 1938] [FINAL] [19/6] [Itália (4) x (2) Hungria] [Paris]
[COPA 1950] [GRUPO A] [1/7] [Brasil (2) x (0) Iugoslávia] [Rio de Janeiro]
[COPA 1950] [GRUPO C] [2/7] [Itália (2) x (0) Paraguai] [São Paulo]
[COPA 1950] [FASE FINAL] [3/7] [Brasil (7) x (1) Suécia] [Rio de Janeiro]
[COPA 1950] [FASE FINAL] [9/7] [Espanha (2) x (2) Uruguai] [São Paulo]
[COPA 1950] [FASE FINAL] [13/7] [Uruguai (3) x (2) Suécia] [São Paulo]
[COPA 1950] [FASE FINAL] [16/7] [Uruguai (2) x (1) Brasil] [Rio de Janeiro]
[COPA 1950] [GRUPO B] [25/6] [Inglaterra (2) x (0) Chile] [Rio de Janeiro]
[COPA 1950] [GRUPO A] [25/6] [Iugoslávia (3) x (0) Suíça] [Belo Horizonte]
[COPA 1950] [GRUPO C] [25/6] [Suécia (3) x (2) Itália] [São Paulo]
[COPA 1950] [GRUPO A] [28/6] [Brasil (2) x (2) Suíça] [São Paulo]
[COPA 1950] [GRUPO B] [29/6] [Estados Unidos (1) x (0) Inglaterra] [Belo Horizonte]
[COPA 1950] [GRUPO A] [29/6] [Iugoslávia (4) x (1) México] [Porto Alegre]
[COPA 1950] [GRUPO C] [29/6] [Suécia (2) x (2) Paraguai] [Curitiba]
[COPA 1954] [Disp. 3°. Lugar] [3/7] [Áustria (3) x (1) Uruguai] [Zurique]
[COPA 1954] [FINAL] [4/7] [Alemanha Ocidental (3) x (2) Hungria] [Zurique]
[COPA 1954] [GRUPO A] [16/6] [Brasil (5) x (0) México] [Genebra]
[COPA 1954] [GRUPO C] [16/6] [Uruguai (2) x (0) Tchecoslováquia] [Berna]
[COPA 1954] [GRUPO B] [17/6] [Hungria (9) x (0) Coreia do Sul] [Zurique]
[COPA 1954] [GRUPO D] [17/6] [Inglaterra (4) x (4) Bélgica] [Basel]
[COPA 1954] [GRUPO A] [19/6] [Brasil (1) x (1) Iugoslávia] [Lausanne]
[COPA 1954] [GRUPO A] [19/6] [França (3) x (2) México] [Genebra]
[COPA 1954] [GRUPO C] [19/6] [Uruguai (7) x (0) Escócia] [Basel]
[COPA 1954] [GRUPO D] [20/6] [Inglaterra (2) x (0) Suíça] [Berna]
[COPA 1954] [GRUPO D] [23/6] [Suíça (4) x (1) Itália] [Basel]
[COPA 1954] [QUARTAS-DE-FINAL] [27/6] [Alemanha Ocidental (2) x (0) Iugoslávia] [Genebra]
[COPA 1954] [QUARTAS-DE-FINAL] [27/6] [Hungria (4) x (2) Brasil] [Berna]
[COPA 1954] [SEMIFINAL] [30/6] [Alemanha Ocidental (6) x (1) Áustria] [Basel]
[COPA 1954] [SEMIFINAL] [30/6] [Hungria (4) x (2) Uruguai] [Lausanne]
[COPA 1958] [GRUPO D] [8/6] [Brasil (3) x (0) Áustria] [Uddevalla]
[COPA 1958] [GRUPO C] [8/6] [Hungria (1) x (1) País de Gales] [Sandviken]
[COPA 1958] [GRUPO D] [8/6] [Inglaterra (2) x (2) União Soviética] [Gotemborg]
[COPA 1958] [GRUPO C] [8/6] [Suécia (3) x (0) México] [Solna]
[COPA 1958] [GRUPO B] [11/6] [Iugoslávia (3) x (2) França] [Vasteraas]
[COPA 1958] [GRUPO D] [11/6] [União Soviética (2) x (0) Áustria] [Boraas]
[COPA 1958] [GRUPO C] [12/6] [Suécia (2) x (1) Hungria] [Solna]
[COPA 1958] [GRUPO D] [15/6] [Brasil (2) x (0) União Soviética] [Gotemborg]
[COPA 1958] [GRUPO B] [15/6] [França (2) x (1) Escócia] [Orebro]
[COPA 1958] [GRUPO C] [15/6] [Hungria (4) x (0) México] [Sandviken]
[COPA 1958] [GRUPO B] [15/6] [Paraguai (3) x (3) Iugoslávia] [Eskilstuna]
[COPA 1958] [GRUPO C] [15/6] [Suécia (0) x (0) País de Gales] [Solna]
[COPA 1958] [GRUPO D] [15/6] [Áustria (2) x (2) Inglaterra] [Boraas]
[COPA 1958] [GRUPO C] [17/6] [País de Gales (2) x (1) Hungria] [Malmoe]
[COPA 1958] [GRUPO D] [17/6] [União Soviética (1) x (0) Inglaterra] [Gotemborg]
[COPA 1958] [QUARTAS-DE-FINAL] [19/6] [Brasil (1) x (0) País de Gales] [Gotemborg]
[COPA 1958] [QUARTAS-DE-FINAL] [19/6] [França (4) x (0) Irlanda do Norte] [Norrkoping]
[COPA 1958] [QUARTAS-DE-FINAL] [19/6] [Suécia (2) x (0) União Soviética] [Solna]
[COPA 1958] [SEMIFINAL] [24/6] [Brasil (5) x (2) França] [Solna]
[COPA 1958] [FINAL] [29/6] [Brasil (5) x (2) Suécia] [Solna]
[COPA 1962] [GRUPO C] [2/6] [Brasil (0) x (0) Tchecoslováquia] [Viña del Mar]
[COPA 1962] [GRUPO B] [2/6] [Chile (2) x (0) Itália] [Santiago]
[COPA 1962] [GRUPO D] [2/6] [Inglaterra (3) x (1) Argentina] [Rancagua]
[COPA 1962] [GRUPO A] [2/6] [Iugoslávia (3) x (1) Uruguai] [Arica]
[COPA 1962] [GRUPO C] [3/6] [Espanha (1) x (0) México] [Viña del Mar]
[COPA 1962] [GRUPO A] [3/6] [União Soviética (4) x (4) Colômbia] [Arica]
[COPA 1962] [GRUPO B] [7/6] [Itália (3) x (0) Suíça] [Santiago]
[COPA 1962] [GRUPO C] [7/6] [México (3) x (1) Tchecoslováquia] [Viña del Mar]
[COPA 1962] [SEMIFINAL] [13/6] [Brasil (4) x (2) Chile] [Santiago]
[COPA 1962] [QUARTAS-DE-FINAL] [14/6] [Brasil (3) x (1) Inglaterra] [Viña del Mar]
[COPA 1962] [QUARTAS-DE-FINAL] [14/6] [Tchecoslováquia (1) x (0) Hungria] [Rancagua]
[COPA 1962] [Disp. 3°. Lugar] [16/6] [Chile (1) x (0) Iugoslávia] [Santiago]
[COPA 1962] [FINAL] [17/6] [Brasil (3) x (1) Tchecoslováquia] [Santiago]
[COPA 1962] [GRUPO D] [30/5] [Argentina (1) x (0) Bulgária] [Rancagua]
[COPA 1962] [GRUPO B] [30/5] [Chile (3) x (1) Suíça] [Santiago]
[COPA 1962] [GRUPO D] [31/5] [Hungria (2) x (1) Inglaterra] [Rancagua]
[COPA 1962] [GRUPO A] [31/5] [União Soviética (2) x (0) Iugoslávia] [Arica]
[COPA 1966] [GRUPO B] [12/7] [Alemanha Ocidental (5) x (0) Suíça] [Sheffield]
[COPA 1966] [GRUPO A] [13/7] [França (1) x (1) México] [Londres]
[COPA 1966] [GRUPO D] [13/7] [Itália (2) x (0) Chile] [Sunderland]
[COPA 1966] [GRUPO D] [15/7] [Chile (1) x (1) Coreia do Norte] [Middlesbrough]
[COPA 1966] [GRUPO A] [16/7] [Inglaterra (2) x (0) México] [Londres]
[COPA 1966] [GRUPO C] [16/7] [Portugal (3) x (0) Bulgária] [Manchester]
[COPA 1966] [GRUPO D] [16/7] [União Soviética (1) x (0) Itália] [Sunderland]
[COPA 1966] [GRUPO D] [19/7] [Coreia do Norte (1) x (0) Itália] [Middlesbrough]
[COPA 1966] [GRUPO C] [19/7] [Portugal (3) x (1) Brasil] [Liverpool]
[COPA 1966] [GRUPO A] [19/7] [Uruguai (0) x (0) México] [Londres]
[COPA 1966] [GRUPO D] [20/7] [União Soviética (2) x (1) Chile] [Sunderland]
[COPA 1966] [QUARTAS-DE-FINAL] [23/7] [União Soviética (2) x (1) Hungria] [Sunderland]
[COPA 1966] [SEMIFINAL] [25/7] [Alemanha Ocidental (2) x (1) União Soviética] [Liverpool]
[COPA 1966] [Disp. 3°. Lugar] [28/7] [Portugal (2) x (1) União Soviética] [Londres]
[COPA 1966] [FINAL] [30/7] [Inglaterra (4) x (2) Alemanha Ocidental] [Londres]
[COPA 1970] [GRUPO B] [2/6] [Uruguai (2) x (0) Israel] [Puebla]
[COPA 1970] [GRUPO C] [3/6] [Brasil (4) x (1) Tchecoslováquia] [Guadalajara]
[COPA 1970] [GRUPO A] [3/6] [Bélgica (3) x (0) El Salvador] [Cidade do México]
[COPA 1970] [GRUPO A] [6/6] [União Soviética (4) x (1) Bélgica] [Cidade do México]
[COPA 1970] [GRUPO B] [7/6] [Israel (1) x (1) Suécia] [Toluca]
[COPA 1970] [GRUPO A] [7/6] [México (4) x (0) El Salvador] [Cidade do México]
[COPA 1970] [GRUPO A] [10/6] [União Soviética (2) x (0) El Salvador] [Cidade do México]
[COPA 1970] [GRUPO D] [11/6] [Bulgária (1) x (1) Marrocos] [León]
[COPA 1970] [GRUPO C] [11/6] [Inglaterra (1) x (0) Tchecoslováquia] [Guadalajara]
[COPA 1970] [GRUPO A] [11/6] [México (1) x (0) Bélgica] [Cidade do México]
[COPA 1970] [QUARTAS-DE-FINAL] [14/6] [Brasil (4) x (2) Peru] [Guadalajara]
[COPA 1970] [FINAL] [21/6] [Brasil (4) x (1) Itália] [Cidade do México]
[COPA 1974] [Disp. 3°. Lugar] [6/7] [Polônia (1) x (0) Brasil] [Berlim]
[COPA 1974] [GRUPO A] [14/6] [Alemanha Ocidental (1) x (0) Chile] [Berlim]
[COPA 1974] [GRUPO A] [14/6] [Alemanha Oriental (2) x (0) Austrália] [Hamburgo]
[COPA 1974] [GRUPO B] [14/6] [Escócia (2) x (0) Zaire] [Dortmund]
[COPA 1974] [GRUPO C] [15/6] [Bulgária (0) x (0) Suécia] [Colônia]
[COPA 1974] [GRUPO A] [18/6] [Alemanha Ocidental (3) x (0) Austrália] [Hamburgo]
[COPA 1974] [GRUPO A] [18/6] [Alemanha Oriental (1) x (1) Chile] [Berlim]
[COPA 1974] [GRUPO B] [18/6] [Brasil (0) x (0) Escócia] [Frankfurt]
[COPA 1974] [GRUPO D] [19/6] [Argentina (1) x (1) Itália] [Stuttgart]
[COPA 1974] [GRUPO C] [19/6] [Bulgária (1) x (1) Uruguai] [Hanover]
[COPA 1974] [GRUPO C] [19/6] [Holanda (0) x (0) Suécia] [Dortmund]
[COPA 1974] [GRUPO A] [22/6] [Austrália (0) x (0) Chile] [Berlim]
[COPA 1974] [GRUPO B] [22/6] [Brasil (3) x (0) Zaire] [Gelsenkirchen]
[COPA 1974] [GRUPO B] [22/6] [Escócia (1) x (1) Iugoslávia] [Frankfurt]
[COPA 1974] [GRUPO D] [23/6] [Argentina (4) x (1) Haiti] [Berlim]
[COPA 1974] [GRUPO C] [23/6] [Suécia (3) x (0) Uruguai] [Colônia]
[COPA 1974] [SEGUNDA FASE - GRUPO 2] [26/6] [Alemanha Ocidental (2) x (0) Iugoslávia] [Colônia]
[COPA 1974] [SEGUNDA FASE - GRUPO 1] [26/6] [Brasil (1) x (0) Alemanha Oriental] [Hanover]
[COPA 1974] [SEGUNDA FASE - GRUPO 2] [30/6] [Alemanha Ocidental (4) x (2) Suécia] [Colônia]
[COPA 1974] [SEGUNDA FASE - GRUPO 1] [30/6] [Brasil (2) x (1) Argentina] [Hanover]
[COPA 1974] [SEGUNDA FASE - GRUPO 2] [30/6] [Polônia (2) x (1) Iugoslávia] [Frankfurt]
[COPA 1978] [GRUPO C] [3/6] [Brasil (1) x (1) Suécia] [Mar del Plata]
[COPA 1978] [GRUPO D] [3/6] [Peru (3) x (1) Escócia] [Cordoba]
[COPA 1978] [GRUPO B] [6/6] [Polônia (1) x (0) Tunísia] [Rosario]
[COPA 1978] [GRUPO C] [7/6] [Brasil (0) x (0) Espanha] [Mar del Plata]
[COPA 1978] [GRUPO D] [7/6] [Holanda (0) x (0) Peru] [Mendoza]
[COPA 1978] [GRUPO D] [7/6] [Irã (1) x (1) Escócia] [Cordoba]
[COPA 1978] [GRUPO A] [10/6] [França (3) x (1) Hungria] [Mar del Plata]
[COPA 1978] [GRUPO A] [10/6] [Itália (1) x (0) Argentina] [Buenos Aires]
[COPA 1978] [GRUPO B] [10/6] [Tunísia (0) x (0) Alemanha Ocidental] [Cordoba]
[COPA 1978] [GRUPO C] [11/6] [Brasil (1) x (0) Áustria] [Mar del Plata]
[COPA 1978] [GRUPO C] [11/6] [Espanha (1) x (0) Suécia] [Buenos Aires]
[COPA 1978] [GRUPO D] [11/6] [Peru (4) x (1) Irã] [Cordoba]
[COPA 1978] [SEGUNDA FASE - GRUPO 2] [14/6] [Argentina (2) x (0) Polônia] [Rosario]
[COPA 1978] [SEGUNDA FASE - GRUPO 2] [14/6] [Brasil (3) x (0) Peru] [Mendoza]
[COPA 1978] [SEGUNDA FASE - GRUPO 1] [14/6] [Holanda (5) x (1) Áustria] [Cordoba]
[COPA 1978] [SEGUNDA FASE - GRUPO 1] [14/6] [Itália (0) x (0) Alemanha Ocidental] [Buenos Aires]
[COPA 1978] [SEGUNDA FASE - GRUPO 2] [18/6] [Argentina (0) x (0) Brasil] [Rosario]
[COPA 1978] [SEGUNDA FASE - GRUPO 1] [18/6] [Holanda (2) x (2) Alemanha Ocidental] [Cordoba]
[COPA 1978] [SEGUNDA FASE - GRUPO 2] [18/6] [Polônia (1) x (0) Peru] [Mendoza]
[COPA 1978] [SEGUNDA FASE - GRUPO 2] [21/6] [Argentina (6) x (0) Peru] [Rosario]
[COPA 1978] [SEGUNDA FASE - GRUPO 1] [21/6] [Holanda (2) x (1) Itália] [Buenos Aires]
[COPA 1978] [Disp. 3°. Lugar] [24/6] [Brasil (2) x (1) Itália] [Buenos Aires]
[COPA 1982] [SEGUNDA FASE - GRUPO 4] [1/7] [Áustria (2) x (2) Irlanda do Norte] [Madri]
[COPA 1982] [SEGUNDA FASE - GRUPO 2] [2/7] [Alemanha Ocidental (2) x (1) Espanha] [Madri]
[COPA 1982] [SEGUNDA FASE - GRUPO 3] [2/7] [Brasil (3) x (1) Argentina] [Barcelona]
[COPA 1982] [SEGUNDA FASE - GRUPO 4] [4/7] [França (4) x (1) Irlanda do Norte] [Madri]
[COPA 1982] [SEGUNDA FASE - GRUPO 2] [5/7] [Inglaterra (0) x (0) Espanha] [Madri]
[COPA 1982] [SEGUNDA FASE - GRUPO 3] [5/7] [Itália (3) x (2) Brasil] [Barcelona]
[COPA 1982] [Disp. 3°. Lugar] [10/7] [Polônia (3) x (2) França] [Alicante]
[COPA 1982] [GRUPO C] [13/6] [Bélgica (1) x (0) Argentina] [Barcelona]
[COPA 1982] [GRUPO F] [14/6] [Brasil (2) x (1) União Soviética] [Sevilla]
[COPA 1982] [GRUPO A] [14/6] [Itália (0) x (0) Polônia] [Vigo]
[COPA 1982] [GRUPO A] [15/6] [Camarões (0) x (0) Peru] [Corunha]
[COPA 1982] [GRUPO E] [16/6] [Honduras (1) x (1) Espanha] [Valência]
[COPA 1982] [GRUPO D] [17/6] [Tchecoslováquia (1) x (1) Kuwait] [Valladolid]
[COPA 1982] [GRUPO B] [17/6] [Áustria (1) x (0) Chile] [Oviedo]
[COPA 1982] [GRUPO F] [18/6] [Brasil (4) x (1) Escócia] [Sevilla]
[COPA 1982] [GRUPO A] [19/6] [Camarões (0) x (0) Polônia] [Corunha]
[COPA 1982] [GRUPO F] [19/6] [União Soviética (3) x (0) Nova Zelândia] [Málaga]
[COPA 1982] [GRUPO C] [22/6] [Bélgica (1) x (1) Hungria] [Elche]
[COPA 1982] [GRUPO F] [22/6] [Escócia (2) x (2) União Soviética] [Málaga]
[COPA 1982] [GRUPO A] [22/6] [Polônia (5) x (1) Peru] [Corunha]
[COPA 1982] [GRUPO C] [23/6] [Argentina (2) x (0) El Salvador] [Alicante]
[COPA 1982] [GRUPO B] [24/6] [Argélia (3) x (2) Chile] [Oviedo]
[COPA 1982] [GRUPO E] [24/6] [Iugoslávia (1) x (0) Honduras] [Zaragoza]
[COPA 1982] [GRUPO D] [24/6] [Tchecoslováquia (1) x (1) França] [Valladolid]
[COPA 1982] [SEGUNDA FASE - GRUPO 4] [28/6] [França (1) x (0) Áustria] [Madri]
[COPA 1982] [SEGUNDA FASE - GRUPO 1] [28/6] [Polônia (3) x (0) Bélgica] [Barcelona]
[COPA 1982] [SEGUNDA FASE - GRUPO 2] [29/6] [Inglaterra (0) x (0) Alemanha Ocidental] [Madri]
[COPA 1986] [GRUPO D] [1/6] [Brasil (1) x (0) Espanha] [Guadalajara]
[COPA 1986] [GRUPO C] [1/6] [França (1) x (0) Canadá] [Leon]
[COPA 1986] [GRUPO A] [2/6] [Argentina (3) x (1) Coreia do Sul] [Cidade do México]
[COPA 1986] [GRUPO F] [2/6] [Marrocos (0) x (0) Polônia] [Monterrey]
[COPA 1986] [GRUPO D] [3/6] [Argélia (1) x (1) Irlanda do Norte] [Guadalajara]
[COPA 1986] [GRUPO F] [3/6] [Portugal (1) x (0) Inglaterra] [Monterrey]
[COPA 1986] [GRUPO E] [4/6] [Alemanha Ocidental (1) x (1) Uruguai] [Queretaro]
[COPA 1986] [GRUPO E] [4/6] [Dinamarca (1) x (0) Escócia] [Nezahualcoyotl]
[COPA 1986] [GRUPO A] [5/6] [Argentina (1) x (1) Itália] [Puebla]
[COPA 1986] [GRUPO C] [5/6] [França (1) x (1) União Soviética] [Leon]
[COPA 1986] [GRUPO E] [8/6] [Alemanha Ocidental (2) x (1) Escócia] [Queretaro]
[COPA 1986] [GRUPO C] [9/6] [França (3) x (0) Hungria] [Leon]
[COPA 1986] [GRUPO C] [9/6] [União Soviética (2) x (0) Canadá] [Irapuato]
[COPA 1986] [GRUPO B] [11/6] [Bélgica (2) x (2) Paraguai] [Toluca]
[COPA 1986] [GRUPO F] [11/6] [Inglaterra (3) x (0) Polônia] [Monterrey]
[COPA 1986] [GRUPO F] [11/6] [Marrocos (3) x (1) Portugal] [Monterrey]
[COPA 1986] [GRUPO D] [12/6] [Espanha (3) x (0) Argélia] [Monterrey]
[COPA 1986] [GRUPO E] [13/6] [Dinamarca (2) x (0) Alemanha Ocidental] [Queretaro]
[COPA 1986] [GRUPO E] [13/6] [Escócia (0) x (0) Uruguai] [Nezahualcoyotl]
[COPA 1986] [OITAVAS-DE-FINAL] [15/6] [Bélgica (4) x (3) União Soviética] [Leon]
[COPA 1986] [OITAVAS-DE-FINAL] [16/6] [Argentina (1) x (0) Uruguai] [Puebla]
[COPA 1986] [OITAVAS-DE-FINAL] [16/6] [Brasil (4) x (0) Polônia] [Guadalajara]
[COPA 1986] [OITAVAS-DE-FINAL] [17/6] [Alemanha Ocidental (1) x (0) Marrocos] [Monterrey]
[COPA 1986] [OITAVAS-DE-FINAL] [18/6] [Espanha (5) x (1) Dinamarca] [Queretaro]
[COPA 1986] [QUARTAS-DE-FINAL] [21/6] [Alemanha Ocidental (0) x (0) México] [Monterrey]
[COPA 1986] [QUARTAS-DE-FINAL] [22/6] [Bélgica (1) x (1) Espanha] [Puebla]
[COPA 1986] [SEMIFINAL] [25/6] [Alemanha Ocidental (2) x (0) França] [Guadalajara]
[COPA 1986] [SEMIFINAL] [25/6] [Argentina (2) x (0) Bélgica] [Cidade do México]
[COPA 1986] [Disp. 3°. Lugar] [28/6] [França (4) x (2) Bélgica] [Puebla]
[COPA 1986] [GRUPO A] [31/5] [Itália (1) x (1) Bulgária] [Cidade do México]
[COPA 1990] [QUARTAS-DE-FINAL] [1/7] [Inglaterra (3) x (2) Camarões] [Napoli]
[COPA 1990] [SEMIFINAL] [4/7] [Alemanha Ocidental (1) x (1) Inglaterra] [Turim]
[COPA 1990] [GRUPO B] [8/6] [Camarões (1) x (0) Argentina] [Milão]
[COPA 1990] [FINAL] [8/7] [Alemanha Ocidental (1) x (0) Argentina] [Roma]
[COPA 1990] [GRUPO D] [9/6] [Colômbia (2) x (0) Emirados Arabes] [Bologna]
[COPA 1990] [GRUPO B] [9/6] [Romênia (2) x (0) União Soviética] [Bari]
[COPA 1990] [GRUPO C] [10/6] [Brasil (2) x (1) Suécia] [Turim]
[COPA 1990] [GRUPO A] [10/6] [Tchecoslováquia (5) x (1) Estados Unidos] [Florence]
[COPA 1990] [GRUPO C] [11/6] [Costa Rica (1) x (0) Escócia] [Genoa]
[COPA 1990] [GRUPO E] [12/6] [Bélgica (2) x (0) Coreia do Sul] [Verona]
[COPA 1990] [GRUPO B] [13/6] [Argentina (2) x (0) União Soviética] [Napoli]
[COPA 1990] [GRUPO B] [14/6] [Camarões (2) x (1) Romênia] [Bari]
[COPA 1990] [GRUPO D] [15/6] [Alemanha Ocidental (5) x (1) Emirados Arabes] [Milão]
[COPA 1990] [GRUPO A] [15/6] [Tchecoslováquia (1) x (0) Áustria] [Florence]
[COPA 1990] [GRUPO C] [16/6] [Escócia (2) x (1) Suécia] [Genoa]
[COPA 1990] [GRUPO F] [16/6] [Inglaterra (0) x (0) Holanda] [Cagliari]
[COPA 1990] [GRUPO D] [19/6] [Colômbia (1) x (1) Alemanha Ocidental] [Milão]
[COPA 1990] [GRUPO A] [19/6] [Itália (2) x (0) Tchecoslováquia] [Roma]
[COPA 1990] [GRUPO D] [19/6] [Iugoslávia (4) x (1) Emirados Arabes] [Bologna]
[COPA 1990] [GRUPO C] [20/6] [Brasil (1) x (0) Escócia] [Turim]
[COPA 1990] [GRUPO C] [20/6] [Costa Rica (2) x (1) Suécia] [Genoa]
[COPA 1990] [GRUPO E] [21/6] [Espanha (2) x (1) Bélgica] [Milão]
[COPA 1990] [OITAVAS-DE-FINAL] [23/6] [Camarões (2) x (1) Colômbia] [Napoli]
[COPA 1990] [OITAVAS-DE-FINAL] [24/6] [Alemanha Ocidental (2) x (1) Holanda] [Milão]
[COPA 1990] [OITAVAS-DE-FINAL] [24/6] [Argentina (1) x (0) Brasil] [Turim]
[COPA 1990] [OITAVAS-DE-FINAL] [25/6] [Irlanda (0) x (0) Romênia] [Genoa]
[COPA 1990] [OITAVAS-DE-FINAL] [26/6] [Inglaterra (1) x (0) Bélgica] [Bologna]
[COPA 1990] [OITAVAS-DE-FINAL] [26/6] [Iugoslávia (2) x (1) Espanha] [Roma]
[COPA 1990] [QUARTAS-DE-FINAL] [30/6] [Itália (1) x (0) Irlanda] [Roma]
[COPA 1994] [OITAVAS-DE-FINAL] [2/7] [Alemanha (3) x (2) Bélgica] [Chicago]
[COPA 1994] [OITAVAS-DE-FINAL] [2/7] [Espanha (3) x (0) Suíça] [Washington DC]
[COPA 1994] [OITAVAS-DE-FINAL] [3/7] [Suécia (3) x (1) Arábia Saudita] [Dallas]
[COPA 1994] [OITAVAS-DE-FINAL] [4/7] [Holanda (2) x (0) Irlanda] [Orlando]
[COPA 1994] [QUARTAS-DE-FINAL] [9/7] [Brasil (3) x (2) Holanda] [Dallas]
[COPA 1994] [QUARTAS-DE-FINAL] [9/7] [Itália (2) x (1) Espanha] [Boston]
[COPA 1994] [SEMIFINAL] [13/7] [Brasil (1) x (0) Suécia] [Los Angeles]
[COPA 1994] [GRUPO C] [17/6] [Alemanha (1) x (0) Bolivia] [Chicago]
[COPA 1994] [GRUPO E] [18/6] [Irlanda (1) x (0) Itália] [New York]
[COPA 1994] [GRUPO A] [18/6] [Romênia (3) x (1) Colômbia] [Los Angeles]
[COPA 1994] [GRUPO F] [19/6] [Bélgica (1) x (0) Marrocos] [Orlando]
[COPA 1994] [GRUPO E] [19/6] [Noruega (1) x (0) México] [Washington DC]
[COPA 1994] [GRUPO B] [19/6] [Suécia (2) x (2) Camarões] [Los Angeles]
[COPA 1994] [GRUPO F] [20/6] [Holanda (2) x (1) Arábia Saudita] [Washington DC]
[COPA 1994] [GRUPO C] [21/6] [Alemanha (1) x (1) Espanha] [Chicago]
[COPA 1994] [GRUPO D] [21/6] [Argentina (4) x (0) Grécia] [Boston]
[COPA 1994] [GRUPO A] [22/6] [Estados Unidos (2) x (1) Colômbia] [Los Angeles]
[COPA 1994] [GRUPO A] [22/6] [Suíça (4) x (1) Romênia] [Roma]
[COPA 1994] [GRUPO B] [24/6] [Brasil (3) x (0) Camarões] [San Francisco]
[COPA 1994] [GRUPO B] [24/6] [Suécia (3) x (1) Rússia] [Detroit]
[COPA 1994] [GRUPO D] [26/6] [Bulgária (4) x (0) Grécia] [Chicago]
[COPA 1994] [GRUPO A] [26/6] [Colômbia (2) x (0) Suíça] [San Francisco]
[COPA 1994] [GRUPO A] [26/6] [Romênia (1) x (0) Estados Unidos] [Los Angeles]
[COPA 1994] [GRUPO B] [28/6] [Brasil (1) x (1) Suécia] [Detroit]
[COPA 1994] [GRUPO E] [28/6] [Itália (1) x (1) México] [Washington DC]
[COPA 1994] [GRUPO B] [28/6] [Rússia (6) x (1) Camarões] [San Francisco]
[COPA 1994] [GRUPO F] [29/6] [Holanda (2) x (1) Marrocos] [Orlando]
[COPA 1994] [GRUPO D] [30/6] [Bulgária (2) x (0) Argentina] [Dallas]
[COPA 1998] [QUARTAS-DE-FINAL] [3/7] [Brasil (3) x (2) Dinamarca] [Nantes]
[COPA 1998] [QUARTAS-DE-FINAL] [3/7] [França (0) x (0) Itália] [St. Denis]
[COPA 1998] [GRUPO A] [10/6] [Noruega (2) x (2) Marrocos] [Montpellier]
[COPA 1998] [GRUPO B] [11/6] [Itália (2) x (2) Chile] [Bordeaux]
[COPA 1998] [Disp. 3°. Lugar] [11/7] [Croácia (2) x (1) Holanda] [Paris]
[COPA 1998] [GRUPO D] [12/6] [Bulgária (0) x (0) Paraguai] [Montpellier]
[COPA 1998] [GRUPO C] [12/6] [Dinamarca (1) x (0) Arábia Saudita] [Lens]
[COPA 1998] [FINAL] [12/7] [França (3) x (0) Brasil] [St. Denis]
[COPA 1998] [GRUPO E] [13/6] [Bélgica (0) x (0) Holanda] [St. Denis]
[COPA 1998] [GRUPO H] [14/6] [Argentina (1) x (0) Japão] [Toulouse]
[COPA 1998] [GRUPO C] [18/6] [Dinamarca (1) x (1) África do Sul] [Toulouse]
[COPA 1998] [GRUPO D] [19/6] [Nigéria (1) x (0) Bulgária] [Paris]
[COPA 1998] [GRUPO H] [20/6] [Croácia (1) x (0) Japão] [Nantes]
[COPA 1998] [GRUPO F] [21/6] [Alemanha (2) x (2) Iugoslávia] [Lens]
[COPA 1998] [GRUPO F] [21/6] [Irã (2) x (1) Estados Unidos] [Lyon]
[COPA 1998] [GRUPO A] [23/6] [Marrocos (3) x (0) Escócia] [Saint Etienne]
[COPA 1998] [GRUPO A] [23/6] [Noruega (2) x (1) Brasil] [Marseille]
[COPA 1998] [GRUPO C] [24/6] [França (2) x (1) Dinamarca] [Lens]
[COPA 1998] [GRUPO D] [24/6] [Paraguai (3) x (1) Nigéria] [Toulouse]
[COPA 1998] [GRUPO E] [25/6] [Bélgica (1) x (1) Coreia do Sul] [Paris]
[COPA 1998] [GRUPO E] [25/6] [Holanda (2) x (2) México] [St. Etienne]
[COPA 1998] [GRUPO H] [26/6] [Argentina (1) x (0) Croácia] [Bordeaux]
[COPA 1998] [GRUPO G] [26/6] [Inglaterra (2) x (0) Colômbia] [Lens]
[COPA 1998] [GRUPO H] [26/6] [Jamaica (2) x (1) Japão] [Lens]
[COPA 1998] [OITAVAS-DE-FINAL] [27/6] [Brasil (4) x (1) Chile] [Paris]
[COPA 1998] [OITAVAS-DE-FINAL] [27/6] [Itália (1) x (0) Noruega] [Marseille]
[COPA 1998] [OITAVAS-DE-FINAL] [28/6] [Dinamarca (4) x (1) Nigéria] [St. Denis]
[COPA 1998] [OITAVAS-DE-FINAL] [28/6] [França (1) x (0) Paraguai] [Lens]
[COPA 1998] [OITAVAS-DE-FINAL] [30/6] [Croácia (1) x (0) Romênia] [Bordeaux]
[COPA 2002] [GRUPO E] [1/6] [Alemanha (8) x (0) Arábia Saudita] [Sapporo]
[COPA 2002] [GRUPO A] [1/6] [Uruguai (1) x (2) Dinamarca] [Ulsan]
[COPA 2002] [GRUPO F] [2/6] [Argentina (1) x (0) Nigéria] [Ibaraki]
[COPA 2002] [GRUPO B] [2/6] [Espanha (3) x (1) Eslovênia] [Gwangju]
[COPA 2002] [GRUPO G] [3/6] [México (1) x (0) Croácia] [Niigata]
[COPA 2002] [GRUPO H] [4/6] [Bélgica (2) x (2) Japão] [Saitama]
[COPA 2002] [GRUPO C] [4/6] [Costa Rica (2) x (0) China] [Gwangju]
[COPA 2002] [GRUPO D] [5/6] [Estados Unidos (3) x (2) Portugal] [Suwon]
[COPA 2002] [GRUPO H] [5/6] [Rússia (2) x (0) Tunísia] [Kobe]
[COPA 2002] [GRUPO A] [6/6] [França (0) x (0) Uruguai] [Busan]
[COPA 2002] [GRUPO F] [7/6] [Inglaterra (1) x (0) Argentina] [Sapporo]
[COPA 2002] [GRUPO F] [7/6] [Suécia (2) x (1) Nigéria] [Kobe]
[COPA 2002] [GRUPO C] [8/6] [Brasil (4) x (0) China] [Seogwipo]
[COPA 2002] [GRUPO G] [8/6] [Croácia (2) x (1) Itália] [Ibaraki]
[COPA 2002] [GRUPO B] [8/6] [África do Sul (1) x (0) Eslovênia] [Daegu]
[COPA 2002] [GRUPO H] [9/6] [Japão (1) x (0) Rússia] [Yokohama]
[COPA 2002] [GRUPO H] [10/6] [Bélgica (1) x (1) Tunísia] [Oita]
[COPA 2002] [GRUPO D] [10/6] [Coreia do Sul (1) x (1) Estados Unidos] [Daegu]
[COPA 2002] [GRUPO E] [11/6] [Alemanha (2) x (0) Camarões] [Shizuoka]
[COPA 2002] [GRUPO A] [11/6] [Dinamarca (2) x (0) França] [Incheon]
[COPA 2002] [GRUPO F] [12/6] [Inglaterra (0) x (0) Nigéria] [Osaka]
[COPA 2002] [GRUPO B] [12/6] [Paraguai (3) x (1) Eslovênia] [Seogwipo]
[COPA 2002] [GRUPO C] [13/6] [Brasil (5) x (2) Costa Rica] [Suwon]
[COPA 2002] [GRUPO G] [13/6] [México (1) x (1) Itália] [Oita]
[COPA 2002] [GRUPO H] [14/6] [Bélgica (3) x (2) Rússia] [Shizuoka]
[COPA 2002] [GRUPO D] [14/6] [Coreia do Sul (1) x (0) Portugal] [Incheon]
[COPA 2002] [OITAVAS-DE-FINAL] [15/6] [Alemanha (1) x (0) Paraguai] [Seogwipo]
[COPA 2002] [OITAVAS-DE-FINAL] [15/6] [Inglaterra (3) x (0) Dinamarca] [Niigata]
[COPA 2002] [OITAVAS-DE-FINAL] [16/6] [Espanha (1) x (1) Irlanda] [Suwon]
[COPA 2002] [OITAVAS-DE-FINAL] [17/6] [Estados Unidos (2) x (0) México] [Jeonju]
[COPA 2002] [OITAVAS-DE-FINAL] [18/6] [Turquia (1) x (0) Japão] [Miyagi]
[COPA 2002] [SEMIFINAL] [25/6] [Alemanha (1) x (0) Coreia do Sul] [Seoul]
[COPA 2002] [Disp. 3°. Lugar] [29/6] [Turquia (3) x (2) Coreia do Sul] [Daegu]
[COPA 2002] [FINAL] [30/6] [Brasil (2) x (0) Alemanha] [Yokohama]
[COPA 2006] [QUARTAS-DE-FINAL] [1/7] [Inglaterra (0) x (0) Portugal] [Gelsenkirchen]
[COPA 2006] [GRUPO A] [9/6] [Polônia (0) x (2) Equador] [Gelsenkirchen]
[COPA 2006] [GRUPO C] [10/6] [Argentina (2) x (1) Costa do Marfim] [Hamburgo]
[COPA 2006] [GRUPO B] [10/6] [Inglaterra (1) x (0) Paraguai] [Frankfurt]
[COPA 2006] [GRUPO D] [11/6] [Angola (0) x (1) Portugal] [Colônia]
[COPA 2006] [GRUPO F] [12/6] [Austrália (3) x (1) Japão] [Kaiserslautern]
[COPA 2006] [GRUPO E] [12/6] [Estados Unidos (0) x (3) República Tcheca] [Gelsenkirchen]
[COPA 2006] [GRUPO A] [14/6] [Alemanha (1) x (0) Polônia] [Dortmund]
[COPA 2006] [GRUPO A] [15/6] [Equador (3) x (0) Costa Rica] [Hamburgo]
[COPA 2006] [GRUPO B] [15/6] [Inglaterra (2) x (0) Trinidad e Tobago] [Nuremberg]
[COPA 2006] [GRUPO D] [16/6] [México (0) x (0) Angola] [Hannover]
[COPA 2006] [GRUPO D] [17/6] [Portugal (2) x (0) Irã] [Frankfurt]
[COPA 2006] [GRUPO F] [18/6] [Brasil (2) x (0) Austrália] [Munique]
[COPA 2006] [GRUPO F] [18/6] [Japão (0) x (0) Croácia] [Nuremberg]
[COPA 2006] [GRUPO H] [19/6] [Arábia Saudita (0) x (4) Ucrânia] [Hamburgo]
[COPA 2006] [GRUPO G] [19/6] [Togo (0) x (2) Suíça] [Dortmund]
[COPA 2006] [GRUPO B] [20/6] [Paraguai (2) x (0) Trinidad e Tobago] [Kaiserslautern]
[COPA 2006] [GRUPO C] [21/6] [Costa do Marfim (3) x (2) Sérvia e Montenegro] [Munique]
[COPA 2006] [GRUPO D] [21/6] [Portugal (2) x (1) México] [Gelsenkirchen]
[COPA 2006] [GRUPO E] [22/6] [Gana (2) x (1) Estados Unidos] [Nuremberg]
[COPA 2006] [GRUPO E] [22/6] [República Tcheca (0) x (2) Itália] [Hamburgo]
[COPA 2006] [OITAVAS-DE-FINAL] [24/6] [Alemanha (2) x (0) Suécia] [Munique]
[COPA 2006] [OITAVAS-DE-FINAL] [24/6] [Argentina (2) x (1) México] [Leipzig]
[COPA 2006] [OITAVAS-DE-FINAL] [25/6] [Inglaterra (1) x (0) Equador] [Stuttgart]
[COPA 2006] [OITAVAS-DE-FINAL] [27/6] [Brasil (3) x (0) Gana] [Dortmund]
[COPA 2006] [QUARTAS-DE-FINAL] [30/6] [Alemanha (1) x (1) Argentina] [Berlim]
[COPA 2010] [SEMIFINAL] [6/7] [Uruguai (2) x (3) Holanda] [Cidade do Cabo]
[COPA 2010] [Disp. 3°. Lugar] [10/7] [Uruguai (2) x (3) Alemanha] [Porto Elizabeth]
[COPA 2010] [GRUPO A] [11/6] [África do Sul (1) x (1) México] [Joanesburgo]
[COPA 2010] [FINAL] [11/7] [Holanda (0) x (1) Espanha] [Joanesburgo]
[COPA 2010] [GRUPO B] [12/6] [Coreia do Sul (2) x (0) Grécia] [Porto Elizabeth]
[COPA 2010] [GRUPO C] [12/6] [Inglaterra (1) x (1) Estados Unidos] [Rustemburgo]
[COPA 2010] [GRUPO D] [13/6] [Alemanha (4) x (0) Austrália] [Durban]
[COPA 2010] [GRUPO D] [13/6] [Sérvia (0) x (1) Gana] [Pretória]
[COPA 2010] [GRUPO F] [14/6] [Itália (1) x (1) Paraguai] [Cidade do Cabo]
[COPA 2010] [GRUPO G] [15/6] [Costa do Marfim (0) x (0) Portugal] [Porto Elizabeth]
[COPA 2010] [GRUPO F] [15/6] [Nova Zelândia (1) x (1) Eslováquia] [Rustemburgo]
[COPA 2010] [GRUPO H] [16/6] [Espanha (0) x (1) Suíça] [Durban]
[COPA 2010] [GRUPO A] [17/6] [França (0) x (2) México] [Polokwane]
[COPA 2010] [GRUPO B] [17/6] [Grécia (2) x (1) Nigéria] [Bloemfontein]
[COPA 2010] [GRUPO D] [18/6] [Alemanha (0) x (1) Sérvia] [Porto Elizabeth]
[COPA 2010] [GRUPO E] [19/6] [Holanda (1) x (0) Japão] [Durban]
[COPA 2010] [GRUPO F] [20/6] [Itália (1) x (1) Nova Zelândia] [Nelspruit]
[COPA 2010] [GRUPO H] [21/6] [Chile (1) x (0) Suíça] [Porto Elizabeth]
[COPA 2010] [GRUPO H] [21/6] [Espanha (2) x (0) Honduras] [Joanesburgo]
[COPA 2010] [GRUPO A] [22/6] [França (1) x (2) África do Sul] [Bloemfontein]
[COPA 2010] [GRUPO B] [22/6] [Nigéria (2) x (2) Coreia do Sul] [Durban]
[COPA 2010] [GRUPO C] [23/6] [Eslovênia (0) x (1) Inglaterra] [Porto Elizabeth]
[COPA 2010] [GRUPO E] [24/6] [Camarões (1) x (2) Holanda] [Cidade do Cabo]
[COPA 2010] [GRUPO E] [24/6] [Dinamarca (1) x (3) Japão] [Rustemburgo]
[COPA 2010] [GRUPO G] [25/6] [Coreia do Norte (0) x (3) Costa do Marfim] [Nelspruit]
[COPA 2010] [GRUPO H] [25/6] [Suíça (0) x (0) Honduras] [Bloemfontein]
[COPA 2010] [OITAVAS-DE-FINAL] [27/6] [Alemanha (4) x (1) Inglaterra] [Bloemfontein]
[COPA 2010] [OITAVAS-DE-FINAL] [28/6] [Brasil (3) x (0) Chile] [Joanesburgo]
[COPA 2014] [OITAVAS-DE-FINAL] [1/7] [Bélgica (2) x (1) Estados Unidos] [Salvador]
[COPA 2014] [QUARTAS-DE-FINAL] [4/7] [Brasil (2) x (1) Colômbia] [Fortaleza]
[COPA 2014] [QUARTAS-DE-FINAL] [5/7] [Holanda (0) x (0) Costa Rica] [Salvador]
[COPA 2014] [SEMIFINAL] [9/7] [Holanda (0) x (0) Argentina] [São Paulo]
[COPA 2014] [Disp. 3°. Lugar] [12/7] [Brasil (0) x (3) Holanda] [Brasília]
[COPA 2014] [GRUPO A] [13/6] [México (1) x (0) Camarões] [Natal]
[COPA 2014] [FINAL] [13/7] [Alemanha (1) x (0) Argentina] [Rio de Janeiro]
[COPA 2014] [GRUPO C] [14/6] [Costa do Marfim (2) x (1) Japão] [Recife]
[COPA 2014] [GRUPO D] [14/6] [Inglaterra (1) x (2) Itália] [Manaus]
[COPA 2014] [GRUPO F] [15/6] [Argentina (2) x (1) Bósnia e Herzegovna] [Rio de Janeiro]
[COPA 2014] [GRUPO E] [15/6] [Suíça (2) x (1) Equador] [Brasília]
[COPA 2014] [GRUPO B] [18/6] [Espanha (0) x (2) Chile] [Rio de Janeiro]
[COPA 2014] [GRUPO C] [19/6] [Colômbia (2) x (1) Costa do Marfim] [Brasília]
[COPA 2014] [GRUPO D] [20/6] [Itália (0) x (1) Costa Rica] [Recife]
[COPA 2014] [GRUPO E] [20/6] [Suíça (2) x (5) França] [Salvador]
[COPA 2014] [GRUPO G] [21/6] [Alemanha (2) x (2) Gana] [Fortaleza]
[COPA 2014] [GRUPO H] [22/6] [Bélgica (1) x (0) Rússia] [Rio de Janeiro]
[COPA 2014] [GRUPO G] [22/6] [Estados Unidos (2) x (2) Portugal] [Manaus]
[COPA 2014] [GRUPO A] [23/6] [Croácia (1) x (3) México] [Recife]
[COPA 2014] [GRUPO C] [24/6] [Grécia (2) x (1) Costa do Marfim] [Fortaleza]
[COPA 2014] [GRUPO C] [24/6] [Japão (1) x (4) Colômbia] [Cuiabá]
[COPA 2014] [GRUPO E] [25/6] [Honduras (0) x (3) Suíça] [Manaus]
[COPA 2014] [GRUPO G] [26/6] [Estados Unidos (0) x (1) Alemanha] [Recife]
[COPA 2014] [OITAVAS-DE-FINAL] [29/6] [Costa Rica (1) x (1) Grécia] [Recife]
[COPA 2014] [OITAVAS-DE-FINAL] [29/6] [Holanda (2) x (1) México] [Fortaleza]
[COPA 2014] [OITAVAS-DE-FINAL] [30/6] [Alemanha (2) x (1) Argélia] [Porto Alegre]
[COPA 2014] [OITAVAS-DE-FINAL] [30/6] [França (2) x (0) Nigéria] [Brasília]
[COPA 2018] [OITAVAS-DE-FINAL] [1/7] [Croácia (3) x (2) Dinamarca] [Nizhny Novgorod Stadium]
[COPA 2018] [OITAVAS-DE-FINAL] [2/7] [Bélgica (3) x (2) Japão] [Rostov Arena]
[COPA 2018] [OITAVAS-DE-FINAL] [3/7] [Colombia (3) x (4) Inglaterra] [Spartak Stadium]
[COPA 2018] [OITAVAS-DE-FINAL] [3/7] [Suécia (1) x (0) Suiça] [Saint Petersburg Stadium]
[COPA 2018] [DISPUTA 3° LUGAR] [14/7] [Belgica (2) x (0) Inglaterra] [Saint Petersburg Stadium]
[COPA 2018] [FINAL] [15/7] [França (4) x (2) Croácia] [Luzhnik Stadium]
[COPA 2018] [GRUPO D] [16/6] [Argentina (1) x (1) Islândia] [Spartak Stadium]
[COPA 2018] [GRUPO D] [16/6] [Croácia (2) x (0) Nigéria] [Kaliningrad Stadium]
[COPA 2018] [GRUPO G] [18/6] [Bélgica (3) x (0) Panamá] [Fisht Satdium]
[COPA 2018] [GRUPO F] [18/6] [Suécia (1) x (0) Coréia do Sul] [Nizhny Novgorod Stadium]
[COPA 2018] [GRUPO G] [18/6] [Tunisia (1) x (2) Inglaterra] [Volgograd Arena]
[COPA 2018] [GRUPO H] [19/6] [Polonia (1) x (2) Senegal] [Spartak Stadium]
[COPA 2018] [GRUPO A] [19/6] [Russia (3) x (1) Egito] [Saint Petersburg Stadium]
[COPA 2018] [GRUPO C] [21/6] [Dinamarca (1) x (1) Australia] [Samara Arena]
[COPA 2018] [GRUPO C] [21/6] [França (1) x (0) Peru] [Ekaterimburg Arena]
[COPA 2018] [GRUPO E] [22/6] [Brasil (2) x (0) Costa Rica] [Kaliningrad Stadium]
[COPA 2018] [GRUPO E] [22/6] [Sérvia (1) x (2) Suiça] [Saint Petersburg Stadium]
[COPA 2018] [GRUPO H] [24/6] [Polonia (0) x (3) Colombia] [Kazan Arena]
[COPA 2018] [GRUPO A] [25/6] [Arábia Saudita (2) x (1) Egito] [Volgograd Arena]
[COPA 2018] [GRUPO B] [25/6] [Espanha (2) x (2) Marrocos] [Kaliningrad Stadium]
[COPA 2018] [GRUPO B] [25/6] [Irã (1) x (1) Portugal] [Mordovia Arena]
[COPA 2018] [GRUPO A] [25/6] [Uruguai (3) x (0) Russia] [Samara Arena]
[COPA 2018] [GRUPO C] [26/6] [Australia (0) x (2) Peru] [Fisht Stadium]
[COPA 2018] [GRUPO C] [26/6] [Dinamarca (0) x (0) França] [Luzhniki Stadoum]
[COPA 2018] [GRUPO G] [28/6] [Inglaterra (0) x (1) Belgica] [Kaliningrad Stadium]
[COPA 2018] [GRUPO G] [28/6] [Panamá (1) x (2) Tunisia] [Mordovia Arena]
[COPA 2018] [OITAVAS-DE-FINAL] [30/6] [França (4) x (3) Argentina] [Kazan Arena]
