D)  Nome:Blindspot Formato:Série Duração:42-43 minutos (sem comerciais) Nacionalidade:Estados Unidos Idioma original:(em inglês) Emissora: NBC Data transmissão:21 de setembro de 2015 – presente Temporadas:1 Episodios:22
(D)  Nome:The 100 Formato:Série Duração:42 minutos Nacionalidade:Estados Unidos Idioma original:Inglês Emissora:The CW Data transmissão:19 de março de 2014(2014-03-19) – presente Temporadas:4 Episodios:58
(D)  Nome:Black Mirror Formato:Série Duração:44–89 minutos Nacionalidade:Reino Unido Idioma original:Inglês Emissora:Channel 4 (2011–2014) Data transmissão:4 de dezembro de 2011(2011-12-04) – presente Temporadas:3 Episodios:13
(D)  Nome:Narcos Formato:Série Duração:43 a 57 minutos Nacionalidade:Estados Unidos Idioma original:Inglês Emissora: Netflix Data transmissão:28 de agosto de 2015 - presente Temporadas:2 Episodios:20
(D)  Nome:How I Met Your Mother Formato:Sitcom Duração:23 min. aprox. Nacionalidade:Estados Unidos Idioma original:Inglês Emissora: CBS Data transmissão:19 de setembro de 2005–31 de março de 2014 Temporadas:9 Episodios:208
(D)  Nome:Suits Formato:Série Duração:90 minutos (Piloto) Nacionalidade:Estados Unidos Idioma original:Inglês Emissora: USA Network Data transmissão:23 de junho de 2011 - presente Temporadas:6 Episodios:92
(D)  Nome:Westworld Formato:Série Duração:57–91 minutos Nacionalidade:Estados Unidos Idioma original:Inglês Emissora:HBO Data transmissão:2 de outubro de 2016(2016-10-02) – presente Temporadas:1 Episodios:10
(D)  Nome:Scorpion Formato:Série Duração:51–92 minutos Nacionalidade:Estados Unidos Idioma original:inglês Emissora: CBS Data transmissão:22 de setembro de 2014 – presente Temporadas:3 Episodios:71
(D)  Nome:Game of Thrones Formato:Série Duração:50–69 minutos Nacionalidade:Estados Unidos Idioma original:Inglês Emissora:HBO Data transmissão:17 de abril de 2011(2011-04-17) – presente Temporadas:7 Episodios:61
(D)  Nome:Friends Formato:Sitcom Duração:aprox. 22 min. (sem publicidade) Nacionalidade:Estados Unidos Idioma original:inglês Emissora: NBC Data transmissão:22 de setembro de 1994 – 6 de maio de 2004 Temporadas:10 Episodios:236

[0]  Nome:Dexter Formato:Série Duração:45–60 minutos Nacionalidade:Estados Unidos Idioma original:Inglês Emissora: Showtime Data transmissão:1 de outubro de 2006 - 22 de setembro de 2013 Temporadas:8 Episodios:96
[1]  Nome:Teen Wolf Formato:Série Duração:42 min. aprox. Nacionalidade:Estados Unidos Idioma original:Inglês Emissora:MTV Data transmissão:5 de junho de 2011 – presente Temporadas:6 Episodios:90
[2]  Nome:Stranger Things Formato:Série Duração:42–55 minutos Nacionalidade:Estados Unidos Idioma original:Inglês Emissora:Netflix Data transmissão:15 de julho de 2016(2016-07-15) – presente Temporadas:1 Episodios:8
[3]  Nome:Supernatural Formato:Série Duração:38–45 minutos Nacionalidade:Estados Unidos Idioma original:Inglês Emissora:The WB (2005–2006) Data transmissão:13 de setembro de 2005(2005-09-13) – presente Temporadas:12 Episodios:264
[4]  Nome:Arrow Formato:Série Duração:40–43 minutos Nacionalidade:Estados Unidos Idioma original:Inglês Emissora:The CW Data transmissão:10 de outubro de 2012(2012-10-10) – presente Temporadas:5 Episodios:115
[5]  Nome:The Flash Formato:Série Duração:42–45 minutos Nacionalidade:Estados Unidos Idioma original:Inglês Emissora:The CW Data transmissão:7 de outubro de 2014(2014-10-07) – presente Temporadas:3 Episodios:69
[6]  Nome:The Walking Dead Formato:Série Duração:42–67 minutos Nacionalidade:Estados Unidos Idioma original:Inglês Emissora:AMC Data transmissão:31 de outubro de 2010(2010-10-31) – presente Temporadas:7 Episodios:99
[7]  Nome:Sense8 Formato:Websérie Duração:45–66 minutos Nacionalidade:Estados Unidos Idioma original:Inglês Emissora: Netflix Data transmissão:5 de junho de 2015(2015-06-05) – atualmente Temporadas:2 Episodios:23
[8]  Nome:Gotham Formato:Série Duração:40-49 minutos Nacionalidade:Estados Unidos Idioma original:Inglês Emissora: FOX Data transmissão: 22 de setembro de 2014 - presente Temporadas:3 Episodios:88
[9]  Nome:The Originals Formato:Série Duração:45 minutos (aproximadamente) Nacionalidade:Estados Unidos Idioma original:Inglês Emissora: The CW Data transmissão:3 de outubro de 2013 - presente Temporadas:4 Episodios:79
[10]  Nome:Prison Break Formato:Série Duração:42 minutos Nacionalidade:Estados Unidos Idioma original:Inglês Emissora:Fox Data transmissão:29 de agosto de 2005(2005-08-29) – 30 de maio de 2017(2017-05-30) Temporadas:5 Episodios:90
[11]  Nome:Vikings Formato:Série Duração:45 minutos (aproximadamente) Nacionalidade:Canadá / Irlanda Idioma original:Inglês Emissora:History Data transmissão:3 de março de 2013 - presente Temporadas:4 Episodios:49
[12]  Nome:Sons of Anarchy Formato:Série Duração:50 min. (aproximadamente) Nacionalidade:Estados Unidos Idioma original:Inglês Emissora: FX Data transmissão:3 de Setembro de 2008 - 9 de Dezembro de 2014 Temporadas:7 Episodios:92
[13]  Nome:American Horror Story Formato:Série Duração:39-63 min. Nacionalidade:Estados Unidos Idioma original:inglês Emissora:FX Data transmissão:5 de Outubro de 2011 — presente Temporadas:6 Episodios:73
[14]  Nome:Doctor Who Formato:Série Duração:Episódios regulares Nacionalidade:Reino Unido Idioma original:Inglês Emissora:BBC One Data transmissão:23 de novembro de 1963 – atualmente Temporadas:26 Episodios:819
