(R) [COPA 1982] [GRUPO A] [18/6] [Itália (1) x (1) Peru] [Vigo]
(R) [COPA 1962] [GRUPO D] [2/6] [Inglaterra (3) x (1) Argentina] [Rancagua]
(R) [COPA 1962] [GRUPO D] [30/5] [Argentina (1) x (0) Bulgária] [Rancagua]
(R) [COPA 1970] [GRUPO C] [2/6] [Inglaterra (1) x (0) Romênia] [Guadalajara]
(R) [COPA 2010] [GRUPO H] [21/6] [Chile (1) x (0) Suíça] [Porto Elizabeth]
(R) [COPA 1994] [GRUPO A] [26/6] [Romênia (1) x (0) Estados Unidos] [Los Angeles]
(R) [COPA 1982] [GRUPO C] [13/6] [Bélgica (1) x (0) Argentina] [Barcelona]
(R) [COPA 2010] [GRUPO D] [13/6] [Sérvia (0) x (1) Gana] [Pretória]
(R) [COPA 2014] [GRUPO G] [22/6] [Estados Unidos (2) x (2) Portugal] [Manaus]
(R) [COPA 2002] [QUARTAS-DE-FINAL] [21/6] [Alemanha (1) x (0) Estados Unidos] [Ulsan]
(R) [COPA 2014] [GRUPO A] [18/6] [Camarões (0) x (4) Croácia] [Manaus]
(R) [COPA 1970] [GRUPO B] [2/6] [Uruguai (2) x (0) Israel] [Puebla]
(R) [COPA 2002] [SEMIFINAL] [26/6] [Brasil (1) x (0) Turquia] [Saitama]
(R) [COPA 1982] [GRUPO F] [15/6] [Escócia (5) x (2) Nova Zelândia] [Málaga]
(R) [COPA 1930] [GRUPO A] [19/7] [Argentina (6) x (3) México] [Montevidéu]
(R) [COPA 2014] [OITAVAS-DE-FINAL] [28/6] [Colômbia (2) x (0) Uruguai] [Rio de Janeiro]
(R) [COPA 2018] [GRUPO E] [22/6] [Sérvia (1) x (2) Suiça] [Saint Petersburg Stadium]
(R) [COPA 2006] [OITAVAS-DE-FINAL] [27/6] [Brasil (3) x (0) Gana] [Dortmund]
(R) [COPA 1934] [OITAVAS-DE-FINAL] [27/5] [Suécia (3) x (2) Argentina] [Milão]
(R) [COPA 1990] [GRUPO C] [20/6] [Costa Rica (2) x (1) Suécia] [Genoa]
(R) [COPA 2014] [OITAVAS-DE-FINAL] [29/6] [Costa Rica (1) x (1) Grécia] [Recife]
(R) [COPA 1990] [GRUPO D] [19/6] [Colômbia (1) x (1) Alemanha Ocidental] [Milão]
(R) [COPA 2002] [QUARTAS-DE-FINAL] [22/6] [Turquia (1) x (0) Senegal] [Osaka]
(R) [COPA 1962] [GRUPO D] [6/6] [Argentina (0) x (0) Hungria] [Rancagua]
(R) [COPA 1954] [GRUPO A] [16/6] [Iugoslávia (1) x (0) França] [Lausanne]
(R) [COPA 1986] [GRUPO F] [11/6] [Marrocos (3) x (1) Portugal] [Monterrey]
(R) [COPA 1954] [GRUPO D] [17/6] [Suíça (2) x (1) Itália] [Lausanne]
(R) [COPA 2014] [GRUPO F] [25/6] [Nigéria (2) x (3) Argentina] [Porto Alegre]
(R) [COPA 2006] [GRUPO B] [15/6] [Inglaterra (2) x (0) Trinidad e Tobago] [Nuremberg]
(R) [COPA 1962] [GRUPO A] [31/5] [União Soviética (2) x (0) Iugoslávia] [Arica]
(R) [COPA 1978] [GRUPO D] [3/6] [Peru (3) x (1) Escócia] [Cordoba]
(R) [COPA 1974] [GRUPO D] [19/6] [Polônia (7) x (0) Haiti] [Berlim]
(R) [COPA 2014] [GRUPO A] [13/6] [México (1) x (0) Camarões] [Natal]
(R) [COPA 1938] [OITAVAS-DE-FINAL] [5/6] [Brasil (6) x (5) Polônia] [Strasbourg]
(R) [COPA 1958] [QUARTAS-DE-FINAL] [19/6] [França (4) x (0) Irlanda do Norte] [Norrkoping]
(R) [COPA 2018] [GRUPO G] [28/6] [Panamá (1) x (2) Tunisia] [Mordovia Arena]
(R) [COPA 1962] [SEMIFINAL] [13/6] [Brasil (4) x (2) Chile] [Santiago]
(R) [COPA 1990] [OITAVAS-DE-FINAL] [26/6] [Iugoslávia (2) x (1) Espanha] [Roma]
(R) [COPA 1990] [GRUPO B] [9/6] [Romênia (2) x (0) União Soviética] [Bari]
(R) [COPA 1994] [GRUPO C] [27/6] [Espanha (3) x (1) Bolivia] [Chicago]
(R) [COPA 1970] [QUARTAS-DE-FINAL] [14/6] [Itália (4) x (1) México] [Toluca]
(R) [COPA 2018] [GRUPO H] [24/6] [Polonia (0) x (3) Colombia] [Kazan Arena]
(R) [COPA 1958] [GRUPO D] [15/6] [Áustria (2) x (2) Inglaterra] [Boraas]
(R) [COPA 1998] [GRUPO H] [20/6] [Croácia (1) x (0) Japão] [Nantes]
(R) [COPA 1994] [GRUPO C] [21/6] [Alemanha (1) x (1) Espanha] [Chicago]
(R) [COPA 2014] [GRUPO H] [26/6] [Coreia do Sul (0) x (1) Bélgica] [São Paulo]
(R) [COPA 1962] [SEMIFINAL] [13/6] [Tchecoslováquia (3) x (1) Iugoslávia] [Viña del Mar]
(R) [COPA 1974] [FINAL] [7/7] [Alemanha Ocidental (2) x (1) Holanda] [Berlim]
(R) [COPA 1986] [GRUPO E] [8/6] [Alemanha Ocidental (2) x (1) Escócia] [Queretaro]
(R) [COPA 2010] [GRUPO E] [19/6] [Camarões (1) x (2) Dinamarca] [Pretória]
(R) [COPA 2006] [GRUPO E] [12/6] [Itália (2) x (0) Gana] [Hannover]
(R) [COPA 1998] [GRUPO B] [11/6] [Áustria (1) x (1) Camarões] [Toulouse]
(R) [COPA 1982] [SEGUNDA FASE - GRUPO 1] [1/7] [União Soviética (1) x (0) Bélgica] [Barcelona]
(R) [COPA 2014] [QUARTAS-DE-FINAL] [5/7] [Argentina (1) x (0) Bélgica] [Brasília]
(R) [COPA 1986] [GRUPO C] [5/6] [França (1) x (1) União Soviética] [Leon]
(R) [COPA 2018] [GRUPO C] [16/6] [Peru (0) x (1) Dinamarca] [Mordovia Arena]
(R) [COPA 2002] [GRUPO F] [12/6] [Inglaterra (0) x (0) Nigéria] [Osaka]
(R) [COPA 1978] [GRUPO C] [11/6] [Brasil (1) x (0) Áustria] [Mar del Plata]
(R) [COPA 2014] [GRUPO F] [25/6] [Bósnia e Herzegovna (3) x (1) Irã] [Salvador]
(R) [COPA 1970] [GRUPO C] [11/6] [Inglaterra (1) x (0) Tchecoslováquia] [Guadalajara]
(R) [COPA 1982] [GRUPO D] [16/6] [Inglaterra (3) x (1) França] [Bilbau]
(R) [COPA 1930] [GRUPO D] [20/7] [Paraguai (1) x (0) Bélgica] [Montevidéu]
(R) [COPA 1954] [FINAL] [4/7] [Alemanha Ocidental (3) x (2) Hungria] [Zurique]
(R) [COPA 2018] [OITAVAS-DE-FINAL] [3/7] [Colombia (3) x (4) Inglaterra] [Spartak Stadium]
(R) [COPA 2014] [GRUPO A] [12/6] [Brasil (3) x (1) Croácia] [São Paulo]
(R) [COPA 1950] [GRUPO B] [29/6] [Espanha (2) x (0) Chile] [Rio de Janeiro]
(R) [COPA 1962] [QUARTAS-DE-FINAL] [14/6] [Brasil (3) x (1) Inglaterra] [Viña del Mar]
(R) [COPA 1990] [GRUPO C] [11/6] [Costa Rica (1) x (0) Escócia] [Genoa]
(R) [COPA 1982] [GRUPO C] [22/6] [Bélgica (1) x (1) Hungria] [Elche]
(R) [COPA 1982] [SEGUNDA FASE - GRUPO 4] [4/7] [França (4) x (1) Irlanda do Norte] [Madri]
(R) [COPA 1962] [GRUPO A] [30/5] [Uruguai (2) x (1) Colômbia] [Arica]
(R) [COPA 1982] [GRUPO C] [19/6] [Bélgica (1) x (0) El Salvador] [Elche]
(R) [COPA 1998] [GRUPO E] [13/6] [México (3) x (1) Coreia do Sul] [Lens]
(R) [COPA 2002] [GRUPO B] [7/6] [Espanha (3) x (1) Paraguai] [Jeonju]
(R) [COPA 1962] [QUARTAS-DE-FINAL] [14/6] [Tchecoslováquia (1) x (0) Hungria] [Rancagua]
(R) [COPA 2010] [GRUPO F] [24/6] [Eslováquia (3) x (2) Itália] [Joanesburgo]
(R) [COPA 2018] [OITAVAS-DE-FINAL] [30/6] [Uruguai (2) x (1) Portugal] [Fisht Stadium]
(R) [COPA 1958] [GRUPO A] [11/6] [Alemanha Ocidental (2) x (2) Tchecoslováquia] [Halsingborg]
(R) [COPA 1978] [GRUPO D] [11/6] [Escócia (3) x (2) Holanda] [Mendoza]
(R) [COPA 1974] [GRUPO C] [19/6] [Holanda (0) x (0) Suécia] [Dortmund]
(R) [COPA 2002] [GRUPO E] [1/6] [Irlanda (1) x (1) Camarões] [Niigata]
(R) [COPA 1974] [GRUPO D] [23/6] [Argentina (4) x (1) Haiti] [Berlim]
(R) [COPA 2018] [SEMIFINAL] [11/7] [Croácia (2) x (1) Inglaterra] [Luzhnik Stadium]
(R) [COPA 2014] [GRUPO H] [26/6] [Argélia (1) x (1) Rússia] [Curitiba]
(R) [COPA 1982] [GRUPO A] [19/6] [Camarões (0) x (0) Polônia] [Corunha]
(R) [COPA 1938] [FINAL] [19/6] [Itália (4) x (2) Hungria] [Paris]
(R) [COPA 1982] [SEGUNDA FASE - GRUPO 2] [2/7] [Alemanha Ocidental (2) x (1) Espanha] [Madri]
(R) [COPA 1998] [GRUPO F] [15/6] [Alemanha (2) x (0) Estados Unidos] [Paris]
(R) [COPA 1990] [GRUPO D] [19/6] [Iugoslávia (4) x (1) Emirados Arabes] [Bologna]
(R) [COPA 2010] [GRUPO D] [13/6] [Alemanha (4) x (0) Austrália] [Durban]
(R) [COPA 2014] [GRUPO B] [18/6] [Austrália (2) x (3) Holanda] [Porto Alegre]
(R) [COPA 2018] [OITAVAS-DE-FINAL] [1/7] [Croácia (3) x (2) Dinamarca] [Nizhny Novgorod Stadium]
(R) [COPA 1958] [GRUPO D] [8/6] [Brasil (3) x (0) Áustria] [Uddevalla]
(R) [COPA 1986] [GRUPO D] [1/6] [Brasil (1) x (0) Espanha] [Guadalajara]
(R) [COPA 1974] [GRUPO C] [23/6] [Holanda (4) x (1) Bulgária] [Dortmund]
(R) [COPA 1962] [GRUPO B] [2/6] [Chile (2) x (0) Itália] [Santiago]
(R) [COPA 2010] [GRUPO C] [23/6] [Estados Unidos (1) x (0) Argélia] [Pretória]
(R) [COPA 2006] [GRUPO B] [20/6] [Suécia (2) x (2) Inglaterra] [Colônia]
(R) [COPA 2010] [GRUPO G] [20/6] [Brasil (3) x (1) Costa do Marfim] [Joanesburgo]
(R) [COPA 1974] [GRUPO B] [18/6] [Iugoslávia (9) x (0) Zaire] [Gelsenkirchen]
(R) [COPA 1994] [GRUPO E] [23/6] [Itália (1) x (0) Noruega] [New York]
(R) [COPA 1974] [GRUPO D] [23/6] [Polônia (2) x (1) Itália] [Stuttgart]
(R) [COPA 2018] [GRUPO H] [19/6] [Colombia (1) x (2) Japão] [Mordovia Arena]
(R) [COPA 1962] [GRUPO A] [7/6] [Iugoslávia (5) x (0) Colômbia] [Arica]
(R) [COPA 1998] [GRUPO G] [22/6] [Colômbia (1) x (0) Tunísia] [Montpellier]
(R) [COPA 2014] [GRUPO D] [24/6] [Costa Rica (0) x (0) Inglaterra] [Belo Horizonte]
(R) [COPA 1970] [GRUPO A] [6/6] [União Soviética (4) x (1) Bélgica] [Cidade do México]
(R) [COPA 1962] [GRUPO B] [7/6] [Itália (3) x (0) Suíça] [Santiago]
(R) [COPA 2002] [GRUPO H] [9/6] [Japão (1) x (0) Rússia] [Yokohama]
(R) [COPA 2010] [OITAVAS-DE-FINAL] [27/6] [Alemanha (4) x (1) Inglaterra] [Bloemfontein]
(R) [COPA 1930] [GRUPO A] [13/7] [França (4) x (1) México] [Montevidéu]
(R) [COPA 2014] [GRUPO F] [21/6] [Argentina (1) x (0) Irã] [Belo Horizonte]
(R) [COPA 1974] [GRUPO D] [19/6] [Argentina (1) x (1) Itália] [Stuttgart]
(R) [COPA 1958] [GRUPO A] [8/6] [Alemanha Ocidental (3) x (1) Argentina] [Malmoe]
(R) [COPA 2010] [GRUPO C] [18/6] [Eslovênia (2) x (2) Estados Unidos] [Joanesburgo]
(R) [COPA 1982] [GRUPO E] [20/6] [Espanha (2) x (1) Iugoslávia] [Valência]
(R) [COPA 2018] [OITAVAS-DE-FINAL] [30/6] [França (4) x (3) Argentina] [Kazan Arena]
(R) [COPA 2002] [GRUPO D] [14/6] [Polônia (3) x (1) Estados Unidos] [Daejeon]
(R) [COPA 2018] [OITAVAS-DE-FINAL] [3/7] [Suécia (1) x (0) Suiça] [Saint Petersburg Stadium]
(R) [COPA 1998] [SEMIFINAL] [8/7] [França (2) x (1) Croácia] [St. Denis]
(R) [COPA 2006] [GRUPO C] [16/6] [Holanda (2) x (1) Costa do Marfim] [Stuttgart]
(R) [COPA 1950] [FASE FINAL] [9/7] [Espanha (2) x (2) Uruguai] [São Paulo]
(R) [COPA 1994] [OITAVAS-DE-FINAL] [3/7] [Romênia (3) x (2) Argentina] [Los Angeles]
(R) [COPA 2002] [GRUPO A] [6/6] [Dinamarca (1) x (1) Senegal] [Daegu]
(R) [COPA 1990] [SEMIFINAL] [3/7] [Argentina (1) x (1) Itália] [Napoli]
(R) [COPA 1978] [GRUPO D] [3/6] [Holanda (3) x (0) Irã] [Mendoza]
(R) [COPA 1962] [GRUPO B] [3/6] [Alemanha Ocidental (2) x (1) Suíça] [Santiago]
(R) [COPA 1966] [GRUPO D] [12/7] [União Soviética (3) x (0) Coreia do Norte] [Middlesbrough]
(R) [COPA 1962] [QUARTAS-DE-FINAL] [10/6] [Chile (2) x (1) União Soviética] [Arica]
(R) [COPA 1998] [GRUPO G] [15/6] [Inglaterra (2) x (0) Tunísia] [Marseilles]
(R) [COPA 1994] [GRUPO B] [19/6] [Suécia (2) x (2) Camarões] [Los Angeles]
(R) [COPA 2010] [GRUPO D] [18/6] [Alemanha (0) x (1) Sérvia] [Porto Elizabeth]
(R) [COPA 1970] [GRUPO A] [10/6] [União Soviética (2) x (0) El Salvador] [Cidade do México]
(R) [COPA 2014] [GRUPO A] [17/6] [Brasil (0) x (0) México] [Fortaleza]
(R) [COPA 2010] [GRUPO A] [16/6] [África do Sul (0) x (3) Uruguai] [Pretória]
(R) [COPA 1994] [GRUPO F] [29/6] [Arábia Saudita (1) x (0) Bélgica] [Washington DC]
(R) [COPA 2002] [GRUPO C] [9/6] [Costa Rica (1) x (1) Turquia] [Incheon]
(R) [COPA 1986] [OITAVAS-DE-FINAL] [18/6] [Inglaterra (3) x (0) Paraguai] [Cidade do México]
(R) [COPA 1950] [GRUPO A] [29/6] [Iugoslávia (4) x (1) México] [Porto Alegre]
(R) [COPA 1986] [GRUPO D] [6/6] [Brasil (1) x (0) Argélia] [Guadalajara]
(R) [COPA 2018] [GRUPO G] [18/6] [Bélgica (3) x (0) Panamá] [Fisht Satdium]
(R) [COPA 1982] [GRUPO E] [21/6] [Honduras (1) x (1) Irlanda do Norte] [Zaragoza]
(R) [COPA 2014] [GRUPO A] [23/6] [Croácia (1) x (3) México] [Recife]
(R) [COPA 1958] [QUARTAS-DE-FINAL] [19/6] [Alemanha Ocidental (1) x (0) Iugoslávia] [Malmoe]
(R) [COPA 2018] [GRUPO D] [16/6] [Argentina (1) x (1) Islândia] [Spartak Stadium]
(R) [COPA 2018] [GRUPO E] [22/6] [Brasil (2) x (0) Costa Rica] [Kaliningrad Stadium]
(R) [COPA 2010] [GRUPO H] [16/6] [Honduras (0) x (1) Chile] [Nelspruit]
(R) [COPA 1974] [GRUPO D] [15/6] [Itália (3) x (1) Haiti] [Berlim]
(R) [COPA 1994] [GRUPO E] [19/6] [Noruega (1) x (0) México] [Washington DC]
(R) [COPA 2014] [GRUPO A] [23/6] [Camarões (1) x (4) Brasil] [Brasília]
(R) [COPA 2018] [GRUPO F] [17/6] [Alemanha (0) x (1) México] [Luzhniki Stadium]
(R) [COPA 1978] [GRUPO B] [10/6] [Tunísia (0) x (0) Alemanha Ocidental] [Cordoba]
(R) [COPA 1962] [Disp. 3°. Lugar] [16/6] [Chile (1) x (0) Iugoslávia] [Santiago]
(R) [COPA 2018] [GRUPO G] [23/6] [Belgica (5) x (2) Tunisia] [Spartak Stadium]
(R) [COPA 2002] [GRUPO D] [4/6] [Coreia do Sul (2) x (0) Polônia] [Busan]
(R) [COPA 2002] [GRUPO H] [5/6] [Rússia (2) x (0) Tunísia] [Kobe]
(R) [COPA 1986] [GRUPO C] [9/6] [França (3) x (0) Hungria] [Leon]
(R) [COPA 1990] [GRUPO E] [21/6] [Espanha (2) x (1) Bélgica] [Milão]
(R) [COPA 1978] [GRUPO D] [7/6] [Holanda (0) x (0) Peru] [Mendoza]
(R) [COPA 1974] [GRUPO A] [14/6] [Alemanha Oriental (2) x (0) Austrália] [Hamburgo]
(R) [COPA 1986] [GRUPO C] [6/6] [Hungria (2) x (0) Canadá] [Irapuato]
(R) [COPA 1998] [GRUPO G] [22/6] [Romênia (2) x (1) Inglaterra] [Toulouse]
(R) [COPA 1954] [QUARTAS-DE-FINAL] [27/6] [Hungria (4) x (2) Brasil] [Berna]
(R) [COPA 1966] [SEMIFINAL] [25/7] [Alemanha Ocidental (2) x (1) União Soviética] [Liverpool]
(R) [COPA 2014] [GRUPO H] [17/6] [Rússia (1) x (1) Coreia do Sul] [Cuiabá]
(R) [COPA 1982] [GRUPO E] [24/6] [Iugoslávia (1) x (0) Honduras] [Zaragoza]
(R) [COPA 1982] [GRUPO D] [17/6] [Tchecoslováquia (1) x (1) Kuwait] [Valladolid]
(R) [COPA 1982] [GRUPO B] [25/6] [Alemanha Ocidental (1) x (0) Áustria] [Vigo]
(R) [COPA 1930] [GRUPO A] [22/7] [Argentina (3) x (1) Chile] [Montevidéu]
(R) [COPA 1998] [GRUPO E] [25/6] [Bélgica (1) x (1) Coreia do Sul] [Paris]
(R) [COPA 1986] [QUARTAS-DE-FINAL] [22/6] [Argentina (2) x (1) Inglaterra] [Cidade do México]
(R) [COPA 1994] [QUARTAS-DE-FINAL] [9/7] [Itália (2) x (1) Espanha] [Boston]
(R) [COPA 1978] [SEGUNDA FASE - GRUPO 1] [18/6] [Itália (1) x (0) Áustria] [Buenos Aires]
(R) [COPA 1994] [SEMIFINAL] [13/7] [Itália (2) x (1) Bulgária] [New York]
(R) [COPA 1982] [GRUPO F] [18/6] [Brasil (4) x (1) Escócia] [Sevilla]
(R) [COPA 2006] [FINAL] [9/7] [Itália (1) x (1) França] [Berlim]
(R) [COPA 1998] [GRUPO C] [18/6] [Dinamarca (1) x (1) África do Sul] [Toulouse]
(R) [COPA 1934] [OITAVAS-DE-FINAL] [27/5] [Tchecoslováquia (2) x (1) Romênia] [Trieste]
(R) [COPA 2006] [GRUPO C] [16/6] [Argentina (6) x (0) Sérvia e Montenegro] [Gelsenkirchen]
(R) [COPA 2006] [GRUPO D] [11/6] [Angola (0) x (1) Portugal] [Colônia]
(R) [COPA 1934] [Disp. 3°. Lugar] [7/6] [Alemanha (3) x (2) Áustria] [Nápoli]
(R) [COPA 1950] [FASE FINAL] [3/7] [Brasil (7) x (1) Suécia] [Rio de Janeiro]
(R) [COPA 1990] [GRUPO F] [16/6] [Inglaterra (0) x (0) Holanda] [Cagliari]
(R) [COPA 1970] [GRUPO A] [31/5] [México (0) x (0) União Soviética] [Cidade do México]
(R) [COPA 2014] [GRUPO C] [24/6] [Japão (1) x (4) Colômbia] [Cuiabá]
(R) [COPA 1950] [FASE FINAL] [13/7] [Brasil (6) x (1) Espanha] [Rio de Janeiro]
(R) [COPA 1958] [GRUPO D] [8/6] [Inglaterra (2) x (2) União Soviética] [Gotemborg]
(R) [COPA 1974] [GRUPO B] [22/6] [Brasil (3) x (0) Zaire] [Gelsenkirchen]
(R) [COPA 2014] [GRUPO C] [24/6] [Grécia (2) x (1) Costa do Marfim] [Fortaleza]
(R) [COPA 1954] [GRUPO C] [16/6] [Uruguai (2) x (0) Tchecoslováquia] [Berna]
(R) [COPA 1958] [GRUPO B] [11/6] [Paraguai (3) x (2) Escócia] [Norrkoping]
(R) [COPA 1994] [GRUPO C] [27/6] [Alemanha (3) x (2) Coreia do Sul] [Dallas]
(R) [COPA 1986] [QUARTAS-DE-FINAL] [21/6] [França (1) x (1) Brasil] [Guadalajara]
(R) [COPA 1970] [GRUPO A] [3/6] [Bélgica (3) x (0) El Salvador] [Cidade do México]
(R) [COPA 2006] [GRUPO H] [19/6] [Espanha (3) x (1) Tunísia] [Stuttgart]
(R) [COPA 1974] [SEGUNDA FASE - GRUPO 1] [30/6] [Holanda (2) x (0) Alemanha Oriental] [Gelsenkirchen]
(R) [COPA 1978] [GRUPO A] [10/6] [França (3) x (1) Hungria] [Mar del Plata]
(R) [COPA 2018] [GRUPO D] [21/6] [Argentina (0) x (3) Croácia] [Nizhny Novgorod Stadium]
(R) [COPA 1982] [GRUPO B] [21/6] [Áustria (2) x (0) Argélia] [Oviedo]
(R) [COPA 1938] [QUARTAS-DE-FINAL] [12/6] [Brasil (1) x (1) Tchecoslováquia] [Bordeaux]
(R) [COPA 1982] [Disp. 3°. Lugar] [10/7] [Polônia (3) x (2) França] [Alicante]
(R) [COPA 2014] [GRUPO E] [20/6] [Suíça (2) x (5) França] [Salvador]
(R) [COPA 1990] [GRUPO B] [8/6] [Camarões (1) x (0) Argentina] [Milão]
(R) [COPA 1934] [OITAVAS-DE-FINAL] [27/5] [Alemanha (5) x (2) Bélgica] [Florence]
(R) [COPA 2014] [GRUPO D] [14/6] [Uruguai (1) x (3) Costa Rica] [Fortaleza]
(R) [COPA 1998] [GRUPO H] [26/6] [Argentina (1) x (0) Croácia] [Bordeaux]
(R) [COPA 1994] [QUARTAS-DE-FINAL] [9/7] [Brasil (3) x (2) Holanda] [Dallas]
(R) [COPA 2014] [GRUPO B] [13/6] [Espanha (1) x (5) Holanda] [Salvador]
(R) [COPA 1954] [QUARTAS-DE-FINAL] [26/6] [Uruguai (4) x (2) Inglaterra] [Basel]
(R) [COPA 1966] [SEMIFINAL] [26/7] [Inglaterra (2) x (1) Portugal] [Londres]
(R) [COPA 2002] [GRUPO E] [11/6] [Irlanda (3) x (0) Arábia Saudita] [Yokohama]
(R) [COPA 1958] [GRUPO C] [12/6] [Suécia (2) x (1) Hungria] [Solna]
(R) [COPA 2010] [OITAVAS-DE-FINAL] [26/6] [Estados Unidos (1) x (2) Gana] [Rustemburgo]
(R) [COPA 2014] [GRUPO G] [16/6] [Alemanha (4) x (0) Portugal] [Salvador]
(R) [COPA 1978] [GRUPO B] [6/6] [Polônia (1) x (0) Tunísia] [Rosario]
(R) [COPA 1994] [GRUPO C] [17/6] [Alemanha (1) x (0) Bolivia] [Chicago]
(R) [COPA 1970] [QUARTAS-DE-FINAL] [14/6] [Alemanha Ocidental (3) x (2) Inglaterra] [León]
(R) [COPA 1982] [GRUPO A] [15/6] [Camarões (0) x (0) Peru] [Corunha]
(R) [COPA 1990] [GRUPO F] [12/6] [Egito (1) x (1) Holanda] [Palermo]
(R) [COPA 2006] [OITAVAS-DE-FINAL] [25/6] [Portugal (1) x (0) Holanda] [Nuremberg]
(R) [COPA 1938] [OITAVAS-DE-FINAL] [5/6] [França (3) x (1) Bélgica] [Paris]
(R) [COPA 2018] [GRUPO A] [19/6] [Russia (3) x (1) Egito] [Saint Petersburg Stadium]
(R) [COPA 1958] [GRUPO C] [8/6] [Suécia (3) x (0) México] [Solna]
(R) [COPA 1990] [GRUPO B] [14/6] [Camarões (2) x (1) Romênia] [Bari]
(R) [COPA 1982] [GRUPO B] [24/6] [Argélia (3) x (2) Chile] [Oviedo]
(R) [COPA 1986] [OITAVAS-DE-FINAL] [15/6] [México (2) x (0) Bulgária] [Cidade do México]
(R) [COPA 1974] [Disp. 3°. Lugar] [6/7] [Polônia (1) x (0) Brasil] [Berlim]
(R) [COPA 1998] [GRUPO B] [17/6] [Áustria (1) x (1) Chile] [Saint Etienne]
(R) [COPA 2010] [GRUPO E] [24/6] [Camarões (1) x (2) Holanda] [Cidade do Cabo]
(R) [COPA 1958] [GRUPO A] [8/6] [Irlanda do Norte (1) x (0) Tchecoslováquia] [Halmstad]
(R) [COPA 1962] [GRUPO C] [30/5] [Brasil (2) x (0) México] [Viña del Mar]
(R) [COPA 1930] [GRUPO D] [13/7] [Estados Unidos (3) x (0) Bélgica] [Montevidéu]
(R) [COPA 2010] [GRUPO C] [12/6] [Inglaterra (1) x (1) Estados Unidos] [Rustemburgo]
(R) [COPA 1962] [GRUPO B] [31/5] [Itália (0) x (0) Alemanha Ocidental] [Santiago]
(R) [COPA 1970] [GRUPO D] [6/6] [Peru (3) x (0) Marrocos] [León]
(R) [COPA 1994] [GRUPO F] [20/6] [Holanda (2) x (1) Arábia Saudita] [Washington DC]
(R) [COPA 2018] [GRUPO D] [16/6] [Croácia (2) x (0) Nigéria] [Kaliningrad Stadium]
(R) [COPA 2018] [FINAL] [15/7] [França (4) x (2) Croácia] [Luzhnik Stadium]
(R) [COPA 1934] [QUARTAS-DE-FINAL] [1/6] [Itália (1) x (0) Espanha] [Florence]
(R) [COPA 2006] [GRUPO C] [10/6] [Argentina (2) x (1) Costa do Marfim] [Hamburgo]
(R) [COPA 2010] [SEMIFINAL] [6/7] [Uruguai (2) x (3) Holanda] [Cidade do Cabo]
(R) [COPA 2006] [GRUPO G] [18/6] [França (1) x (1) Coreia do Sul] [Leipzig]
(R) [COPA 2006] [GRUPO C] [21/6] [Costa do Marfim (3) x (2) Sérvia e Montenegro] [Munique]
(R) [COPA 2014] [GRUPO C] [19/6] [Colômbia (2) x (1) Costa do Marfim] [Brasília]
(R) [COPA 1966] [GRUPO C] [20/7] [Hungria (3) x (1) Bulgária] [Manchester]
(R) [COPA 1970] [GRUPO A] [7/6] [México (4) x (0) El Salvador] [Cidade do México]
(R) [COPA 2014] [OITAVAS-DE-FINAL] [1/7] [Bélgica (2) x (1) Estados Unidos] [Salvador]
(R) [COPA 1966] [GRUPO B] [19/7] [Argentina (2) x (0) Suíça] [Sheffield]
(R) [COPA 2014] [GRUPO H] [22/6] [Bélgica (1) x (0) Rússia] [Rio de Janeiro]
(R) [COPA 1982] [GRUPO A] [14/6] [Itália (0) x (0) Polônia] [Vigo]
(R) [COPA 2006] [GRUPO A] [20/6] [Equador (0) x (3) Alemanha] [Berlim]
(R) [COPA 2018] [QUARTAS-DE-FINAL] [7/7] [Suécia (0) x (2) Inglaterra] [Samara Arena]
(R) [COPA 1990] [GRUPO E] [13/6] [Espanha (0) x (0) Uruguai] [Udine]
(R) [COPA 2010] [GRUPO D] [23/6] [Austrália (2) x (1) Sérvia] [Nelspruit]
(R) [COPA 2010] [GRUPO G] [25/6] [Coreia do Norte (0) x (3) Costa do Marfim] [Nelspruit]
(R) [COPA 2006] [GRUPO B] [10/6] [Trinidad e Tobago (0) x (0) Suécia] [Dortmund]
(R) [COPA 2014] [GRUPO E] [15/6] [França (3) x (0) Honduras] [Porto Alegre]
(R) [COPA 1958] [QUARTAS-DE-FINAL] [19/6] [Brasil (1) x (0) País de Gales] [Gotemborg]
(R) [COPA 1986] [GRUPO D] [12/6] [Brasil (3) x (0) Irlanda do Norte] [Guadalajara]
[0][COPA 2014] [FINAL] [13/7] [Alemanha (1) x (0) Argentina] [Rio de Janeiro]
[1][COPA 1970] [QUARTAS-DE-FINAL] [14/6] [Brasil (4) x (2) Peru] [Guadalajara]
[2][COPA 2018] [OITAVAS-DE-FINAL] [2/7] [Brasil (2) x (0) México] [Samara Arena]
[3][COPA 1986] [GRUPO B] [7/6] [México (1) x (1) Paraguai] [Cidade do México]
[4][COPA 2010] [GRUPO C] [13/6] [Argélia (0) x (1) Eslovênia] [Polokwane]
[5][COPA 1990] [GRUPO F] [21/6] [Inglaterra (1) x (0) Egito] [Cagliari]
[6][COPA 1982] [GRUPO B] [16/6] [Argélia (2) x (1) Alemanha Ocidental] [Gijón]
[7][COPA 1958] [SEMIFINAL] [24/6] [Brasil (5) x (2) França] [Solna]
[8][COPA 1970] [GRUPO A] [11/6] [México (1) x (0) Bélgica] [Cidade do México]
[9][COPA 1966] [GRUPO A] [16/7] [Inglaterra (2) x (0) México] [Londres]
[10][COPA 1986] [GRUPO A] [2/6] [Argentina (3) x (1) Coreia do Sul] [Cidade do México]
[11][COPA 1982] [GRUPO D] [24/6] [Tchecoslováquia (1) x (1) França] [Valladolid]
[12][COPA 2002] [GRUPO A] [31/5] [França (0) x (1) Senegal] [Seoul]
[13][COPA 1962] [GRUPO A] [6/6] [União Soviética (2) x (1) Uruguai] [Arica]
[14][COPA 2010] [GRUPO H] [21/6] [Espanha (2) x (0) Honduras] [Joanesburgo]
[15][COPA 2014] [GRUPO C] [14/6] [Costa do Marfim (2) x (1) Japão] [Recife]
[16][COPA 1962] [GRUPO B] [30/5] [Chile (3) x (1) Suíça] [Santiago]
[17][COPA 1986] [GRUPO F] [6/6] [Inglaterra (0) x (0) Marrocos] [Monterrey]
[18][COPA 1982] [SEMIFINAL] [8/7] [Itália (2) x (0) Polônia] [Barcelona]
[19][COPA 2002] [GRUPO C] [3/6] [Brasil (2) x (1) Turquia] [Ulsan]
[20][COPA 1998] [GRUPO H] [14/6] [Croácia (3) x (1) Jamaica] [Lens]
[21][COPA 1990] [GRUPO D] [9/6] [Colômbia (2) x (0) Emirados Arabes] [Bologna]
[22][COPA 1954] [QUARTAS-DE-FINAL] [26/6] [Áustria (7) x (5) Suíça] [Lausanne]
[23][COPA 1934] [QUARTAS-DE-FINAL] [31/5] [Tchecoslováquia (3) x (2) Suíça] [Turim]
[24][COPA 2002] [GRUPO F] [7/6] [Suécia (2) x (1) Nigéria] [Kobe]
[25][COPA 1978] [GRUPO C] [7/6] [Brasil (0) x (0) Espanha] [Mar del Plata]
[26][COPA 2010] [QUARTAS-DE-FINAL] [3/7] [Paraguai (0) x (1) Espanha] [Joanesburgo]
[27][COPA 1950] [FASE FINAL] [13/7] [Uruguai (3) x (2) Suécia] [São Paulo]
[28][COPA 1998] [OITAVAS-DE-FINAL] [29/6] [Holanda (2) x (1) Iugoslávia] [Toulouse]
[29][COPA 2018] [GRUPO G] [24/6] [Inglaterra (6) x (1) Panamá] [Nizhny Novgorod Stadium]
[30][COPA 1998] [QUARTAS-DE-FINAL] [3/7] [Brasil (3) x (2) Dinamarca] [Nantes]
[31][COPA 1930] [GRUPO C] [18/7] [Uruguai (1) x (0) Peru] [Montevidéu]
[32][COPA 1986] [GRUPO F] [2/6] [Marrocos (0) x (0) Polônia] [Monterrey]
[33][COPA 1994] [GRUPO D] [25/6] [Argentina (2) x (1) Nigéria] [Boston]
[34][COPA 1958] [GRUPO A] [17/6] [Irlanda do Norte (2) x (1) Tchecoslováquia] [Malmoe]
[35][COPA 1998] [GRUPO E] [25/6] [Holanda (2) x (2) México] [St. Etienne]
[36][COPA 1974] [GRUPO A] [22/6] [Austrália (0) x (0) Chile] [Berlim]
[37][COPA 1990] [GRUPO A] [19/6] [Itália (2) x (0) Tchecoslováquia] [Roma]
[38][COPA 1978] [SEGUNDA FASE - GRUPO 1] [21/6] [Áustria (3) x (2) Alemanha Ocidental] [Cordoba]
[39][COPA 1950] [GRUPO A] [25/6] [Iugoslávia (3) x (0) Suíça] [Belo Horizonte]
[40][COPA 2010] [GRUPO F] [20/6] [Itália (1) x (1) Nova Zelândia] [Nelspruit]
[41][COPA 2002] [QUARTAS-DE-FINAL] [21/6] [Brasil (2) x (1) Inglaterra] [Shizuoka]
[42][COPA 1974] [GRUPO D] [15/6] [Polônia (3) x (2) Argentina] [Stuttgart]
[43][COPA 2014] [GRUPO C] [14/6] [Colômbia (3) x (0) Grécia] [Belo Horizonte]
[44][COPA 1998] [OITAVAS-DE-FINAL] [27/6] [Brasil (4) x (1) Chile] [Paris]
[45][COPA 1954] [GRUPO B] [17/6] [Hungria (9) x (0) Coreia do Sul] [Zurique]
[46][COPA 2002] [OITAVAS-DE-FINAL] [17/6] [Brasil (2) x (0) Bélgica] [Kobe]
[47][COPA 2010] [GRUPO B] [17/6] [Grécia (2) x (1) Nigéria] [Bloemfontein]
[48][COPA 1982] [GRUPO B] [17/6] [Áustria (1) x (0) Chile] [Oviedo]
[49][COPA 1958] [GRUPO D] [11/6] [Brasil (0) x (0) Inglaterra] [Gotemborg]
[50][COPA 2018] [GRUPO C] [26/6] [Australia (0) x (2) Peru] [Fisht Stadium]
[51][COPA 1966] [GRUPO D] [20/7] [União Soviética (2) x (1) Chile] [Sunderland]
[52][COPA 1998] [GRUPO E] [20/6] [Holanda (5) x (0) Coreia do Sul] [Marseille]
[53][COPA 1994] [GRUPO D] [26/6] [Bulgária (4) x (0) Grécia] [Chicago]
[54][COPA 1958] [GRUPO B] [8/6] [França (7) x (3) Paraguai] [Norrkoping]
[55][COPA 2018] [GRUPO A] [14/6] [Russia (5) x (0) Arábia Saudita] [Luzhnik Stadium]
[56][COPA 1998] [GRUPO C] [24/6] [Arábia Saudita (2) x (2) África do Sul] [Bordeaux]
[57][COPA 1934] [OITAVAS-DE-FINAL] [27/5] [Itália (7) x (1) Estados Unidos] [Roma]
[58][COPA 1978] [GRUPO C] [7/6] [Áustria (1) x (0) Suécia] [Buenos Aires]
[59][COPA 1958] [GRUPO C] [15/6] [Suécia (0) x (0) País de Gales] [Solna]
[60][COPA 1990] [GRUPO A] [15/6] [Tchecoslováquia (1) x (0) Áustria] [Florence]
[61][COPA 1966] [Disp. 3°. Lugar] [28/7] [Portugal (2) x (1) União Soviética] [Londres]
[62][COPA 1974] [GRUPO B] [13/6] [Brasil (0) x (0) Iugoslávia] [Frankfurt]
[63][COPA 2014] [OITAVAS-DE-FINAL] [29/6] [Holanda (2) x (1) México] [Fortaleza]
[64][COPA 1974] [GRUPO A] [22/6] [Alemanha Oriental (1) x (0) Alemanha Ocidental] [Hamburgo]
[65][COPA 1986] [GRUPO D] [12/6] [Espanha (3) x (0) Argélia] [Monterrey]
[66][COPA 2006] [GRUPO H] [19/6] [Arábia Saudita (0) x (4) Ucrânia] [Hamburgo]
[67][COPA 1974] [SEGUNDA FASE - GRUPO 2] [3/7] [Suécia (2) x (1) Iugoslávia] [Colônia]
[68][COPA 1974] [GRUPO C] [15/6] [Holanda (2) x (0) Uruguai] [Hanover]
[69][COPA 2010] [QUARTAS-DE-FINAL] [2/7] [Uruguai (1) x (1) Gana] [Joanesburgo]
[70][COPA 2014] [GRUPO F] [21/6] [Nigéria (1) x (0) Bósnia e Herzegovna] [Cuiabá]
[71][COPA 2010] [GRUPO H] [16/6] [Espanha (0) x (1) Suíça] [Durban]
[72][COPA 2006] [GRUPO F] [22/6] [Croácia (2) x (2) Austrália] [Stuttgart]
[73][COPA 1990] [OITAVAS-DE-FINAL] [24/6] [Alemanha Ocidental (2) x (1) Holanda] [Milão]
[74][COPA 1990] [GRUPO F] [11/6] [Inglaterra (1) x (1) Irlanda] [Cagliari]
[75][COPA 1982] [SEGUNDA FASE - GRUPO 2] [29/6] [Inglaterra (0) x (0) Alemanha Ocidental] [Madri]
[76][COPA 1978] [Disp. 3°. Lugar] [24/6] [Brasil (2) x (1) Itália] [Buenos Aires]
[77][COPA 1998] [QUARTAS-DE-FINAL] [3/7] [França (0) x (0) Itália] [St. Denis]
[78][COPA 1934] [FINAL] [10/6] [Itália (2) x (1) Tchecoslováquia] [Roma]
[79][COPA 1994] [SEMIFINAL] [13/7] [Brasil (1) x (0) Suécia] [Los Angeles]
[80][COPA 1998] [GRUPO B] [11/6] [Itália (2) x (2) Chile] [Bordeaux]
[81][COPA 1998] [OITAVAS-DE-FINAL] [30/6] [Croácia (1) x (0) Romênia] [Bordeaux]
[82][COPA 1958] [GRUPO B] [8/6] [Escócia (1) x (1) Iugoslávia] [Vasteraas]
[83][COPA 2014] [GRUPO B] [18/6] [Espanha (0) x (2) Chile] [Rio de Janeiro]
[84][COPA 2006] [OITAVAS-DE-FINAL] [24/6] [Argentina (2) x (1) México] [Leipzig]
[85][COPA 1950] [GRUPO C] [29/6] [Suécia (2) x (2) Paraguai] [Curitiba]
[86][COPA 1978] [SEGUNDA FASE - GRUPO 2] [18/6] [Polônia (1) x (0) Peru] [Mendoza]
[87][COPA 1978] [FINAL] [25/6] [Argentina (3) x (1) Holanda] [Buenos Aires]
[88][COPA 2014] [GRUPO H] [17/6] [Bélgica (2) x (1) Argélia] [Belo Horizonte]
[89][COPA 2002] [GRUPO B] [8/6] [África do Sul (1) x (0) Eslovênia] [Daegu]
[90][COPA 2002] [GRUPO D] [10/6] [Portugal (4) x (0) Polônia] [Jeonju]
[91][COPA 1994] [GRUPO F] [25/6] [Bélgica (1) x (0) Holanda] [Orlando]
[92][COPA 1998] [GRUPO E] [20/6] [Bélgica (2) x (2) México] [Bordeaux]
[93][COPA 1970] [GRUPO B] [3/6] [Itália (1) x (0) Suécia] [Toluca]
[94][COPA 2002] [GRUPO C] [13/6] [Turquia (3) x (0) China] [Seoul]
[95][COPA 1934] [OITAVAS-DE-FINAL] [27/5] [Hungria (4) x (2) Egito] [Nápoli]
[96][COPA 1938] [OITAVAS-DE-FINAL] [9/6] [Suíça (4) x (2) Alemanha] [Paris]
[97][COPA 1998] [OITAVAS-DE-FINAL] [30/6] [Argentina (2) x (2) Inglaterra] [St. Etienne]
[98][COPA 2018] [GRUPO B] [25/6] [Espanha (2) x (2) Marrocos] [Kaliningrad Stadium]
[99][COPA 2002] [OITAVAS-DE-FINAL] [18/6] [Coreia do Sul (2) x (1) Itália] [Daejeon]
[100][COPA 1994] [GRUPO F] [29/6] [Holanda (2) x (1) Marrocos] [Orlando]
[101][COPA 2006] [GRUPO A] [9/6] [Polônia (0) x (2) Equador] [Gelsenkirchen]
[102][COPA 1938] [OITAVAS-DE-FINAL] [4/6] [Suíça (1) x (1) Alemanha] [Paris]
[103][COPA 2010] [OITAVAS-DE-FINAL] [28/6] [Holanda (2) x (1) Eslováquia] [Durban]
[104][COPA 1994] [GRUPO A] [26/6] [Colômbia (2) x (0) Suíça] [San Francisco]
[105][COPA 1998] [SEMIFINAL] [7/7] [Brasil (1) x (1) Holanda] [Marseille]
[106][COPA 1974] [GRUPO B] [14/6] [Escócia (2) x (0) Zaire] [Dortmund]
[107][COPA 1958] [GRUPO B] [11/6] [Iugoslávia (3) x (2) França] [Vasteraas]
[108][COPA 1950] [GRUPO B] [2/7] [Chile (5) x (2) Estados Unidos] [Recife]
[109][COPA 1990] [QUARTAS-DE-FINAL] [30/6] [Argentina (0) x (0) Iugoslávia] [Florence]
[110][COPA 2010] [GRUPO A] [11/6] [Uruguai (0) x (0) França] [Cidade do Cabo]
[111][COPA 1970] [SEMIFINAL] [17/6] [Itália (4) x (3) Alemanha Ocidental] [Cidade do México]
[112][COPA 2006] [GRUPO D] [21/6] [Irã (1) x (1) Angola] [Leipzig]
[113][COPA 1986] [GRUPO E] [8/6] [Dinamarca (6) x (1) Uruguai] [Nezahualcoyotl]
[114][COPA 1990] [GRUPO A] [14/6] [Itália (1) x (0) Estados Unidos] [Roma]
[115][COPA 1978] [GRUPO A] [2/6] [Itália (2) x (1) França] [Mar del Plata]
[116][COPA 1994] [GRUPO E] [28/6] [Irlanda (0) x (0) Noruega] [Boston]
[117][COPA 1982] [GRUPO D] [25/6] [Inglaterra (1) x (0) Kuwait] [Bilbau]
[118][COPA 1982] [SEGUNDA FASE - GRUPO 2] [5/7] [Inglaterra (0) x (0) Espanha] [Madri]
[119][COPA 1970] [GRUPO D] [11/6] [Bulgária (1) x (1) Marrocos] [León]
[120][COPA 1990] [GRUPO E] [17/6] [Bélgica (3) x (1) Uruguai] [Verona]
[121][COPA 1930] [GRUPO A] [16/7] [Chile (3) x (0) México] [Montevidéu]
[122][COPA 1938] [QUARTAS-DE-FINAL] [12/6] [Hungria (2) x (0) Suíça] [Lille]
[123][COPA 1982] [SEGUNDA FASE - GRUPO 1] [28/6] [Polônia (3) x (0) Bélgica] [Barcelona]
[124][COPA 1986] [OITAVAS-DE-FINAL] [17/6] [França (2) x (0) Itália] [Cidade do México]
[125][COPA 1998] [FINAL] [12/7] [França (3) x (0) Brasil] [St. Denis]
[126][COPA 1998] [GRUPO C] [12/6] [Dinamarca (1) x (0) Arábia Saudita] [Lens]
[127][COPA 1998] [GRUPO G] [26/6] [Romênia (1) x (1) Tunísia] [St. Denis]
[128][COPA 2006] [GRUPO G] [13/6] [França (0) x (0) Suíça] [Stuttgart]
[129][COPA 1998] [QUARTAS-DE-FINAL] [4/7] [Croácia (3) x (0) Alemanha] [Lyon]
[130][COPA 1974] [SEGUNDA FASE - GRUPO 2] [30/6] [Polônia (2) x (1) Iugoslávia] [Frankfurt]
[131][COPA 1950] [GRUPO A] [2/7] [Suíça (2) x (1) México] [Porto Alegre]
[132][COPA 2018] [GRUPO A] [15/6] [Egito (0) x (1) Uruguai] [Ekaterinburg Arena]
[133][COPA 1974] [GRUPO C] [19/6] [Bulgária (1) x (1) Uruguai] [Hanover]
[134][COPA 1978] [GRUPO A] [10/6] [Itália (1) x (0) Argentina] [Buenos Aires]
[135][COPA 1938] [OITAVAS-DE-FINAL] [5/6] [Itália (2) x (1) Noruega] [Marseilles]
[136][COPA 1950] [FASE FINAL] [16/7] [Uruguai (2) x (1) Brasil] [Rio de Janeiro]
[137][COPA 2002] [GRUPO F] [2/6] [Inglaterra (1) x (1) Suécia] [Saitama]
[138][COPA 2006] [GRUPO E] [22/6] [República Tcheca (0) x (2) Itália] [Hamburgo]
[139][COPA 1998] [GRUPO A] [23/6] [Marrocos (3) x (0) Escócia] [Saint Etienne]
[140][COPA 2006] [GRUPO D] [16/6] [México (0) x (0) Angola] [Hannover]
[141][COPA 1966] [GRUPO B] [20/7] [Alemanha Ocidental (2) x (1) Espanha] [Birmingham]
[142][COPA 1966] [QUARTAS-DE-FINAL] [23/7] [Portugal (5) x (3) Coreia do Norte] [Liverpool]
[143][COPA 1938] [Disp. 3°. Lugar] [19/6] [Brasil (4) x (2) Suécia] [Marseilles]
[144][COPA 1998] [GRUPO C] [18/6] [França (4) x (0) Arábia Saudita] [St. Denis]
[145][COPA 2010] [SEMIFINAL] [7/7] [Alemanha (0) x (1) Espanha] [Durban]
[146][COPA 2010] [GRUPO F] [24/6] [Paraguai (0) x (0) Nova Zelândia] [Polokwane]
[147][COPA 2006] [Disp. 3°. Lugar] [8/7] [Alemanha (3) x (1) Portugal] [Stuttgart]
[148][COPA 1994] [GRUPO B] [28/6] [Brasil (1) x (1) Suécia] [Detroit]
[149][COPA 2006] [GRUPO A] [15/6] [Equador (3) x (0) Costa Rica] [Hamburgo]
[150][COPA 1974] [SEGUNDA FASE - GRUPO 1] [3/7] [Argentina (1) x (1) Alemanha Oriental] [Gelsenkirchen]
[151][COPA 1978] [SEGUNDA FASE - GRUPO 1] [14/6] [Itália (0) x (0) Alemanha Ocidental] [Buenos Aires]
[152][COPA 2018] [GRUPO C] [26/6] [Dinamarca (0) x (0) França] [Luzhniki Stadoum]
[153][COPA 2010] [GRUPO C] [23/6] [Eslovênia (0) x (1) Inglaterra] [Porto Elizabeth]
[154][COPA 2006] [QUARTAS-DE-FINAL] [1/7] [Inglaterra (0) x (0) Portugal] [Gelsenkirchen]
[155][COPA 1954] [QUARTAS-DE-FINAL] [27/6] [Alemanha Ocidental (2) x (0) Iugoslávia] [Genebra]
[156][COPA 1934] [OITAVAS-DE-FINAL] [27/5] [Áustria (3) x (2) França] [Turim]
[157][COPA 2018] [GRUPO B] [20/6] [Portugal (1) x (0) Marrocos] [Luzhnik Stadium]
[158][COPA 1990] [GRUPO A] [9/6] [Itália (1) x (0) Áustria] [Roma]
[159][COPA 2002] [QUARTAS-DE-FINAL] [22/6] [Coreia do Sul (0) x (0) Espanha] [Gwangju]
[160][COPA 2002] [GRUPO E] [5/6] [Alemanha (1) x (1) Irlanda] [Ibaraki]
[161][COPA 2014] [GRUPO G] [26/6] [Estados Unidos (0) x (1) Alemanha] [Recife]
[162][COPA 1998] [GRUPO E] [13/6] [Bélgica (0) x (0) Holanda] [St. Denis]
[163][COPA 2018] [QUARTAS-DE-FINAL] [6/7] [Uruguai (0) x (2) França] [Nizhny Novgorod Stadium]
[164][COPA 1962] [GRUPO D] [7/6] [Bulgária (0) x (0) Inglaterra] [Rancagua]
[165][COPA 1986] [OITAVAS-DE-FINAL] [18/6] [Espanha (5) x (1) Dinamarca] [Queretaro]
[166][COPA 1978] [SEGUNDA FASE - GRUPO 2] [21/6] [Brasil (3) x (1) Polônia] [Mendoza]
[167][COPA 1966] [GRUPO D] [15/7] [Chile (1) x (1) Coreia do Norte] [Middlesbrough]
[168][COPA 1930] [SEMIFINAL] [26/7] [Argentina (6) x (1) Estados Unidos] [Montevidéu]
[169][COPA 2006] [GRUPO E] [12/6] [Estados Unidos (0) x (3) República Tcheca] [Gelsenkirchen]
[170][COPA 1994] [GRUPO A] [22/6] [Suíça (4) x (1) Romênia] [Roma]
[171][COPA 2010] [GRUPO F] [20/6] [Eslováquia (0) x (2) Paraguai] [Bloemfontein]
[172][COPA 1990] [GRUPO A] [19/6] [Áustria (2) x (1) Estados Unidos] [Florence]
[173][COPA 2010] [GRUPO E] [24/6] [Dinamarca (1) x (3) Japão] [Rustemburgo]
[174][COPA 1966] [GRUPO D] [13/7] [Itália (2) x (0) Chile] [Sunderland]
[175][COPA 1966] [GRUPO C] [16/7] [Portugal (3) x (0) Bulgária] [Manchester]
[176][COPA 1986] [SEMIFINAL] [25/6] [Alemanha Ocidental (2) x (0) França] [Guadalajara]
[177][COPA 1966] [QUARTAS-DE-FINAL] [23/7] [Inglaterra (1) x (0) Argentina] [Londres]
[178][COPA 1994] [QUARTAS-DE-FINAL] [10/7] [Suécia (2) x (2) Romênia] [San Francisco]
[179][COPA 2018] [GRUPO G] [18/6] [Tunisia (1) x (2) Inglaterra] [Volgograd Arena]
[180][COPA 1974] [GRUPO C] [15/6] [Bulgária (0) x (0) Suécia] [Colônia]
[181][COPA 1998] [GRUPO A] [16/6] [Brasil (3) x (0) Marrocos] [Nantes]
[182][COPA 2014] [QUARTAS-DE-FINAL] [4/7] [França (0) x (1) Alemanha] [Rio de Janeiro]
[183][COPA 1982] [GRUPO C] [15/6] [Hungria (10) x (1) El Salvador] [Elche]
[184][COPA 1986] [GRUPO A] [10/6] [Itália (3) x (2) Coreia do Sul] [Puebla]
[185][COPA 1938] [OITAVAS-DE-FINAL] [9/6] [Cuba (2) x (1) Romênia] [Toulouse]
[186][COPA 2010] [GRUPO F] [15/6] [Nova Zelândia (1) x (1) Eslováquia] [Rustemburgo]
[187][COPA 1950] [GRUPO A] [1/7] [Brasil (2) x (0) Iugoslávia] [Rio de Janeiro]
[188][COPA 1986] [GRUPO C] [2/6] [União Soviética (6) x (0) Hungria] [Irapuato]
[189][COPA 2018] [GRUPO B] [15/6] [Portugal (3) x (3) Espanha] [Fisht Stadium]
[190][COPA 1998] [OITAVAS-DE-FINAL] [28/6] [Dinamarca (4) x (1) Nigéria] [St. Denis]
[191][COPA 1998] [OITAVAS-DE-FINAL] [27/6] [Itália (1) x (0) Noruega] [Marseille]
[192][COPA 2014] [GRUPO F] [15/6] [Argentina (2) x (1) Bósnia e Herzegovna] [Rio de Janeiro]
[193][COPA 1938] [SEMIFINAL] [16/6] [Hungria (5) x (1) Suécia] [Paris]
[194][COPA 1994] [OITAVAS-DE-FINAL] [2/7] [Espanha (3) x (0) Suíça] [Washington DC]
[195][COPA 2018] [GRUPO F] [23/6] [Coreia do Sul (1) x (2) Mexico] [Fisht Stadium]
[196][COPA 1978] [SEGUNDA FASE - GRUPO 2] [21/6] [Argentina (6) x (0) Peru] [Rosario]
[197][COPA 2010] [GRUPO G] [25/6] [Portugal (0) x (0) Brasil] [Durban]
[198][COPA 2014] [SEMIFINAL] [9/7] [Holanda (0) x (0) Argentina] [São Paulo]
[199][COPA 2018] [GRUPO G] [28/6] [Inglaterra (0) x (1) Belgica] [Kaliningrad Stadium]
[200][COPA 1982] [GRUPO E] [16/6] [Honduras (1) x (1) Espanha] [Valência]
[201][COPA 2002] [GRUPO G] [3/6] [México (1) x (0) Croácia] [Niigata]
[202][COPA 1958] [GRUPO A] [11/6] [Argentina (3) x (1) Irlanda do Norte] [Halmstad]
[203][COPA 1974] [GRUPO A] [14/6] [Alemanha Ocidental (1) x (0) Chile] [Berlim]
[204][COPA 1934] [QUARTAS-DE-FINAL] [31/5] [Alemanha (2) x (1) Suécia] [Milão]
[205][COPA 1974] [SEGUNDA FASE - GRUPO 2] [26/6] [Alemanha Ocidental (2) x (0) Iugoslávia] [Colônia]
[206][COPA 1994] [GRUPO F] [25/6] [Arábia Saudita (2) x (1) Marrocos] [New York]
[207][COPA 2018] [GRUPO C] [16/6] [França (2) x (1) Australia] [Kazan Arena]
[208][COPA 1938] [SEMIFINAL] [16/6] [Itália (2) x (1) Brasil] [Marseilles]
[209][COPA 1966] [GRUPO C] [13/7] [Portugal (3) x (1) Hungria] [Manchester]
[210][COPA 1994] [QUARTAS-DE-FINAL] [10/7] [Bulgária (2) x (1) Alemanha] [New York]
[211][COPA 2002] [GRUPO B] [2/6] [Paraguai (2) x (2) África do Sul] [Busan]
[212][COPA 1974] [SEGUNDA FASE - GRUPO 2] [26/6] [Polônia (1) x (0) Suécia] [Stuttgart]
[213][COPA 1954] [GRUPO D] [23/6] [Suíça (4) x (1) Itália] [Basel]
[214][COPA 1950] [GRUPO C] [25/6] [Suécia (3) x (2) Itália] [São Paulo]
[215][COPA 2006] [OITAVAS-DE-FINAL] [25/6] [Inglaterra (1) x (0) Equador] [Stuttgart]
[216][COPA 1990] [SEMIFINAL] [4/7] [Alemanha Ocidental (1) x (1) Inglaterra] [Turim]
[217][COPA 1986] [GRUPO D] [7/6] [Espanha (2) x (1) Irlanda do Norte] [Guadalajara]
[218][COPA 1966] [GRUPO B] [15/7] [Espanha (2) x (1) Suíça] [Sheffield]
[219][COPA 1974] [SEGUNDA FASE - GRUPO 1] [30/6] [Brasil (2) x (1) Argentina] [Hanover]
[220][COPA 2002] [GRUPO B] [12/6] [Paraguai (3) x (1) Eslovênia] [Seogwipo]
[221][COPA 2006] [GRUPO A] [9/6] [Alemanha (4) x (2) Costa Rica] [Munique]
[222][COPA 2014] [OITAVAS-DE-FINAL] [28/6] [Brasil (1) x (1) Chile] [Belo Horizonte]
[223][COPA 2006] [QUARTAS-DE-FINAL] [30/6] [Itália (3) x (0) Ucrânia] [Hamburgo]
[224][COPA 2018] [GRUPO B] [25/6] [Irã (1) x (1) Portugal] [Mordovia Arena]
[225][COPA 2014] [GRUPO F] [16/6] [Irã (0) x (0) Nigéria] [Curitiba]
[226][COPA 1938] [OITAVAS-DE-FINAL] [5/6] [Tchecoslováquia (3) x (0) Holanda] [Le Havre]
[227][COPA 1998] [GRUPO C] [12/6] [França (3) x (0) África do Sul] [Marseilles]
[228][COPA 1998] [GRUPO B] [23/6] [Chile (1) x (1) Camarões] [Nantes]
[229][COPA 1962] [GRUPO C] [7/6] [México (3) x (1) Tchecoslováquia] [Viña del Mar]
[230][COPA 2018] [GRUPO H] [28/6] [Senegal (0) x (1) Colômbia] [Volgograd Arena]
[231][COPA 2002] [OITAVAS-DE-FINAL] [18/6] [Turquia (1) x (0) Japão] [Miyagi]
[232][COPA 2002] [GRUPO H] [14/6] [Bélgica (3) x (2) Rússia] [Shizuoka]
[233][COPA 1934] [QUARTAS-DE-FINAL] [31/5] [Itália (1) x (1) Espanha] [Florence]
[234][COPA 1986] [Disp. 3°. Lugar] [28/6] [França (4) x (2) Bélgica] [Puebla]
[235][COPA 1970] [Disp. 3°. Lugar] [20/6] [Alemanha Ocidental (1) x (0) Uruguai] [Cidade do México]
[236][COPA 1986] [GRUPO F] [11/6] [Inglaterra (3) x (0) Polônia] [Monterrey]
[237][COPA 2002] [GRUPO C] [8/6] [Brasil (4) x (0) China] [Seogwipo]
[238][COPA 2018] [GRUPO H] [19/6] [Polonia (1) x (2) Senegal] [Spartak Stadium]
[239][COPA 2010] [GRUPO D] [19/6] [Gana (1) x (1) Austrália] [Rustemburgo]
[240][COPA 1966] [GRUPO B] [12/7] [Alemanha Ocidental (5) x (0) Suíça] [Sheffield]
[241][COPA 2002] [GRUPO H] [14/6] [Japão (2) x (0) Tunísia] [Osaka]
[242][COPA 2018] [GRUPO F] [27/6] [Coreia do Sul (2) x (0) Alemanha] [Ekaterinburg Arena]
[243][COPA 1954] [GRUPO B] [20/6] [Turquia (7) x (0) Coreia do Sul] [Genebra]
[244][COPA 1958] [GRUPO D] [15/6] [Brasil (2) x (0) União Soviética] [Gotemborg]
[245][COPA 1982] [GRUPO D] [21/6] [França (4) x (1) Kuwait] [Valladolid]
[246][COPA 1962] [FINAL] [17/6] [Brasil (3) x (1) Tchecoslováquia] [Santiago]
[247][COPA 1934] [OITAVAS-DE-FINAL] [27/5] [Suíça (3) x (2) Holanda] [Milão]
[248][COPA 2018] [GRUPO F] [23/6] [Alemanha (2) x (1) Suecia] [Rostov Arena]
[249][COPA 2006] [GRUPO G] [19/6] [Togo (0) x (2) Suíça] [Dortmund]
[250][COPA 1982] [GRUPO C] [23/6] [Argentina (2) x (0) El Salvador] [Alicante]
[251][COPA 2006] [GRUPO B] [15/6] [Suécia (1) x (0) Paraguai] [Berlim]
[252][COPA 2010] [GRUPO B] [12/6] [Coreia do Sul (2) x (0) Grécia] [Porto Elizabeth]
[253][COPA 1982] [GRUPO C] [18/6] [Argentina (4) x (1) Hungria] [Alicante]
[254][COPA 2010] [GRUPO E] [14/6] [Holanda (2) x (0) Dinamarca] [Joanesburgo]
[255][COPA 2010] [GRUPO A] [11/6] [África do Sul (1) x (1) México] [Joanesburgo]
[256][COPA 1982] [SEMIFINAL] [8/7] [Alemanha Ocidental (3) x (3) França] [Sevilla]
[257][COPA 1938] [QUARTAS-DE-FINAL] [12/6] [Itália (3) x (1) França] [Paris]
[258][COPA 1954] [GRUPO B] [20/6] [Hungria (8) x (3) Alemanha Ocidental] [Basel]
[259][COPA 1994] [GRUPO F] [19/6] [Bélgica (1) x (0) Marrocos] [Orlando]
[260][COPA 1974] [SEGUNDA FASE - GRUPO 1] [26/6] [Holanda (4) x (0) Argentina] [Gelsenkirchen]
[261][COPA 2002] [OITAVAS-DE-FINAL] [15/6] [Inglaterra (3) x (0) Dinamarca] [Niigata]
[262][COPA 1998] [GRUPO D] [12/6] [Bulgária (0) x (0) Paraguai] [Montpellier]
[263][COPA 1994] [GRUPO E] [28/6] [Itália (1) x (1) México] [Washington DC]
[264][COPA 1954] [GRUPO D] [20/6] [Itália (4) x (1) Bélgica] [Lugano]
[265][COPA 1998] [Disp. 3°. Lugar] [11/7] [Croácia (2) x (1) Holanda] [Paris]
[266][COPA 2006] [GRUPO D] [11/6] [México (3) x (1) Irã] [Nuremberg]
[267][COPA 1986] [FINAL] [29/6] [Argentina (3) x (2) Alemanha Ocidental] [Cidade do México]
[268][COPA 1986] [GRUPO B] [11/6] [Bélgica (2) x (2) Paraguai] [Toluca]
[269][COPA 2010] [GRUPO C] [18/6] [Inglaterra (0) x (0) Argélia] [Cidade do Cabo]
[270][COPA 2010] [GRUPO D] [23/6] [Gana (0) x (1) Alemanha] [Joanesburgo]
[271][COPA 2014] [GRUPO E] [25/6] [Equador (0) x (0) França] [Rio de Janeiro]
[272][COPA 2018] [GRUPO A] [25/6] [Arábia Saudita (2) x (1) Egito] [Volgograd Arena]
[273][COPA 1978] [SEGUNDA FASE - GRUPO 2] [14/6] [Argentina (2) x (0) Polônia] [Rosario]
[274][COPA 2006] [QUARTAS-DE-FINAL] [1/7] [Brasil (0) x (1) França] [Frankfurt]
[275][COPA 1930] [GRUPO A] [19/7] [França (0) x (1) Chile] [Montevidéu]
[276][COPA 2018] [GRUPO F] [27/6] [Mexico (0) x (3) Suecia] [Kazan Arena]
[277][COPA 1974] [SEGUNDA FASE - GRUPO 1] [26/6] [Brasil (1) x (0) Alemanha Oriental] [Hanover]
[278][COPA 2002] [OITAVAS-DE-FINAL] [16/6] [Espanha (1) x (1) Irlanda] [Suwon]
[279][COPA 1954] [GRUPO A] [16/6] [Brasil (5) x (0) México] [Genebra]
[280][COPA 2006] [GRUPO G] [13/6] [Coreia do Sul (2) x (1) Togo] [Frankfurt]
[281][COPA 1966] [GRUPO D] [16/7] [União Soviética (1) x (0) Itália] [Sunderland]
[282][COPA 1998] [GRUPO A] [23/6] [Noruega (2) x (1) Brasil] [Marseille]
[283][COPA 1966] [GRUPO A] [13/7] [França (1) x (1) México] [Londres]
[284][COPA 1986] [QUARTAS-DE-FINAL] [21/6] [Alemanha Ocidental (0) x (0) México] [Monterrey]
[285][COPA 2010] [OITAVAS-DE-FINAL] [26/6] [Uruguai (2) x (1) Coreia do Sul] [Porto Elizabeth]
[286][COPA 1954] [Disp. 3°. Lugar] [3/7] [Áustria (3) x (1) Uruguai] [Zurique]
[287][COPA 1978] [GRUPO A] [6/6] [Argentina (2) x (1) França] [Buenos Aires]
[288][COPA 2006] [OITAVAS-DE-FINAL] [26/6] [Itália (1) x (0) Austrália] [Kaiserslautern]
[289][COPA 2010] [GRUPO A] [22/6] [México (0) x (1) Uruguai] [Rustemburgo]
[290][COPA 1962] [GRUPO C] [2/6] [Brasil (0) x (0) Tchecoslováquia] [Viña del Mar]
[291][COPA 2010] [GRUPO B] [17/6] [Argentina (4) x (1) Coreia do Sul] [Joanesburgo]
[292][COPA 1950] [GRUPO A] [28/6] [Brasil (2) x (2) Suíça] [São Paulo]
[293][COPA 2010] [GRUPO B] [12/6] [Argentina (1) x (0) Nigéria] [Joanesburgo]
[294][COPA 1934] [SEMIFINAL] [3/6] [Tchecoslováquia (3) x (1) Alemanha] [Roma]
[295][COPA 1930] [FINAL] [30/7] [Uruguai (4) x (2) Argentina] [Montevidéu]
[296][COPA 2010] [GRUPO G] [15/6] [Costa do Marfim (0) x (0) Portugal] [Porto Elizabeth]
[297][COPA 1990] [GRUPO C] [16/6] [Escócia (2) x (1) Suécia] [Genoa]
[298][COPA 1974] [GRUPO B] [18/6] [Brasil (0) x (0) Escócia] [Frankfurt]
[299][COPA 2002] [GRUPO E] [6/6] [Camarões (1) x (0) Arábia Saudita] [Saitama]
[300][COPA 1950] [GRUPO C] [2/7] [Itália (2) x (0) Paraguai] [São Paulo]
[301][COPA 2014] [GRUPO H] [22/6] [Coreia do Sul (2) x (4) Argélia] [Porto Alegre]
[302][COPA 1990] [GRUPO A] [10/6] [Tchecoslováquia (5) x (1) Estados Unidos] [Florence]
[303][COPA 1998] [GRUPO G] [26/6] [Inglaterra (2) x (0) Colômbia] [Lens]
[304][COPA 1986] [GRUPO A] [31/5] [Itália (1) x (1) Bulgária] [Cidade do México]
[305][COPA 1994] [GRUPO D] [21/6] [Nigéria (3) x (0) Bulgária] [Dallas]
[306][COPA 2006] [OITAVAS-DE-FINAL] [24/6] [Alemanha (2) x (0) Suécia] [Munique]
[307][COPA 1978] [SEGUNDA FASE - GRUPO 1] [21/6] [Holanda (2) x (1) Itália] [Buenos Aires]
[308][COPA 1978] [GRUPO B] [10/6] [Polônia (3) x (1) México] [Rosario]
[309][COPA 1970] [GRUPO C] [6/6] [Romênia (2) x (1) Tchecoslováquia] [Guadalajara]
[310][COPA 1978] [GRUPO D] [7/6] [Irã (1) x (1) Escócia] [Cordoba]
[311][COPA 1970] [SEMIFINAL] [17/6] [Brasil (3) x (1) Uruguai] [Guadalajara]
[312][COPA 1954] [SEMIFINAL] [30/6] [Alemanha Ocidental (6) x (1) Áustria] [Basel]
[313][COPA 2010] [Disp. 3°. Lugar] [10/7] [Uruguai (2) x (3) Alemanha] [Porto Elizabeth]
[314][COPA 2002] [GRUPO E] [1/6] [Alemanha (8) x (0) Arábia Saudita] [Sapporo]
[315][COPA 1982] [GRUPO E] [25/6] [Irlanda do Norte (1) x (0) Espanha] [Valência]
[316][COPA 1994] [GRUPO C] [17/6] [Coreia do Sul (2) x (2) Espanha] [Dallas]
[317][COPA 1998] [GRUPO D] [19/6] [Espanha (0) x (0) Paraguai] [St. Etienne]
[318][COPA 2010] [GRUPO E] [19/6] [Holanda (1) x (0) Japão] [Durban]
[319][COPA 1990] [GRUPO B] [18/6] [Argentina (1) x (1) Romênia] [Napoli]
[320][COPA 2002] [GRUPO G] [8/6] [Croácia (2) x (1) Itália] [Ibaraki]
[321][COPA 1978] [GRUPO A] [2/6] [Argentina (2) x (1) Hungria] [Buenos Aires]
[322][COPA 2006] [GRUPO H] [14/6] [Tunísia (2) x (2) Arábia Saudita] [Munique]
[323][COPA 1994] [GRUPO B] [24/6] [Suécia (3) x (1) Rússia] [Detroit]
[324][COPA 1950] [GRUPO B] [25/6] [Inglaterra (2) x (0) Chile] [Rio de Janeiro]
[325][COPA 1958] [GRUPO A] [15/6] [Alemanha Ocidental (2) x (2) Irlanda do Norte] [Malmoe]
[326][COPA 2014] [QUARTAS-DE-FINAL] [4/7] [Brasil (2) x (1) Colômbia] [Fortaleza]
[327][COPA 1958] [GRUPO D] [11/6] [União Soviética (2) x (0) Áustria] [Boraas]
[328][COPA 2014] [SEMIFINAL] [8/7] [Brasil (1) x (7) Alemanha] [Belo Horizonte]
[329][COPA 1982] [GRUPO B] [20/6] [Alemanha Ocidental (4) x (1) Chile] [Gijón]
[330][COPA 1966] [QUARTAS-DE-FINAL] [23/7] [Alemanha Ocidental (4) x (0) Uruguai] [Sheffield]
[331][COPA 1974] [SEGUNDA FASE - GRUPO 2] [30/6] [Alemanha Ocidental (4) x (2) Suécia] [Colônia]
[332][COPA 1970] [GRUPO B] [6/6] [Uruguai (0) x (0) Itália] [Puebla]
[333][COPA 2010] [GRUPO A] [22/6] [França (1) x (2) África do Sul] [Bloemfontein]
[334][COPA 1994] [OITAVAS-DE-FINAL] [2/7] [Alemanha (3) x (2) Bélgica] [Chicago]
[335][COPA 1978] [SEGUNDA FASE - GRUPO 2] [18/6] [Argentina (0) x (0) Brasil] [Rosario]
[336][COPA 1994] [GRUPO E] [18/6] [Irlanda (1) x (0) Itália] [New York]
[337][COPA 1990] [GRUPO F] [21/6] [Holanda (1) x (1) Irlanda] [Palermo]
[338][COPA 2002] [GRUPO H] [4/6] [Bélgica (2) x (2) Japão] [Saitama]
[339][COPA 1994] [GRUPO D] [21/6] [Argentina (4) x (0) Grécia] [Boston]
[340][COPA 1962] [GRUPO C] [31/5] [Tchecoslováquia (1) x (0) Espanha] [Viña del Mar]
[341][COPA 1998] [GRUPO F] [25/6] [Iugoslávia (1) x (0) Estados Unidos] [Nantes]
[342][COPA 2014] [GRUPO D] [20/6] [Itália (0) x (1) Costa Rica] [Recife]
[343][COPA 1986] [OITAVAS-DE-FINAL] [16/6] [Argentina (1) x (0) Uruguai] [Puebla]
[344][COPA 1982] [SEGUNDA FASE - GRUPO 3] [29/6] [Itália (2) x (1) Argentina] [Barcelona]
[345][COPA 1958] [GRUPO B] [15/6] [Paraguai (3) x (3) Iugoslávia] [Eskilstuna]
[346][COPA 2018] [OITAVAS-DE-FINAL] [2/7] [Bélgica (3) x (2) Japão] [Rostov Arena]
[347][COPA 1986] [GRUPO E] [13/6] [Escócia (0) x (0) Uruguai] [Nezahualcoyotl]
[348][COPA 2010] [GRUPO F] [14/6] [Itália (1) x (1) Paraguai] [Cidade do Cabo]
[349][COPA 2002] [GRUPO F] [2/6] [Argentina (1) x (0) Nigéria] [Ibaraki]
[350][COPA 1994] [GRUPO B] [24/6] [Brasil (3) x (0) Camarões] [San Francisco]
[351][COPA 2014] [GRUPO B] [13/6] [Chile (3) x (1) Austrália] [Cuiabá]
[352][COPA 1990] [GRUPO D] [15/6] [Alemanha Ocidental (5) x (1) Emirados Arabes] [Milão]
[353][COPA 1954] [GRUPO B] [17/6] [Alemanha Ocidental (4) x (1) Turquia] [Berna]
[354][COPA 1970] [GRUPO D] [3/6] [Alemanha Ocidental (2) x (1) Marrocos] [León]
[355][COPA 1986] [GRUPO D] [3/6] [Argélia (1) x (1) Irlanda do Norte] [Guadalajara]
[356][COPA 1978] [GRUPO B] [1/6] [Polônia (0) x (0) Alemanha Ocidental] [Buenos Aires]
[357][COPA 1994] [GRUPO D] [30/6] [Nigéria (2) x (0) Grécia] [Boston]
[358][COPA 2018] [GRUPO D] [26/6] [Nigéria (1) x (2) Argentina] [Saint Petersburg Stadium]
[359][COPA 2014] [GRUPO B] [23/6] [Holanda (2) x (0) Chile] [São Paulo]
[360][COPA 2006] [SEMIFINAL] [4/7] [Alemanha (0) x (2) Itália] [Dortmund]
[361][COPA 2018] [GRUPO E] [17/6] [Brasil (1) x (1) Suiça] [Samara Arena]
[362][COPA 1990] [OITAVAS-DE-FINAL] [26/6] [Inglaterra (1) x (0) Bélgica] [Bologna]
[363][COPA 1954] [GRUPO C] [19/6] [Uruguai (7) x (0) Escócia] [Basel]
[364][COPA 2002] [GRUPO F] [12/6] [Suécia (1) x (1) Argentina] [Miyagi]
[365][COPA 1998] [GRUPO H] [21/6] [Argentina (5) x (0) Jamaica] [Paris]
[366][COPA 1998] [GRUPO F] [21/6] [Alemanha (2) x (2) Iugoslávia] [Lens]
[367][COPA 2018] [QUARTAS-DE-FINAL] [7/7] [Rússia (3) x (4) Croácia] [Fisht Stadium]
[368][COPA 2002] [GRUPO B] [12/6] [Espanha (3) x (2) África do Sul] [Daejeon]
[369][COPA 2014] [GRUPO B] [23/6] [Austrália (0) x (3) Espanha] [Curitiba]
[370][COPA 2006] [GRUPO G] [23/6] [Suíça (2) x (0) Coreia do Sul] [Hannover]
[371][COPA 1974] [SEGUNDA FASE - GRUPO 2] [3/7] [Alemanha Ocidental (1) x (0) Polônia] [Frankfurt]
[372][COPA 2018] [GRUPO A] [25/6] [Uruguai (3) x (0) Russia] [Samara Arena]
[373][COPA 1994] [GRUPO A] [18/6] [Estados Unidos (1) x (1) Suíça] [Detroit]
[374][COPA 2006] [GRUPO C] [11/6] [Sérvia e Montenegro (0) x (1) Holanda] [Leipzig]
[375][COPA 2010] [QUARTAS-DE-FINAL] [3/7] [Argentina (0) x (4) Alemanha] [Cidade do Cabo]
[376][COPA 1998] [GRUPO A] [10/6] [Noruega (2) x (2) Marrocos] [Montpellier]
[377][COPA 1998] [GRUPO D] [13/6] [Nigéria (3) x (2) Espanha] [Nantes]
[378][COPA 1970] [GRUPO B] [10/6] [Suécia (1) x (0) Uruguai] [Puebla]
[379][COPA 2014] [GRUPO D] [19/6] [Uruguai (2) x (1) Inglaterra] [São Paulo]
[380][COPA 2014] [QUARTAS-DE-FINAL] [5/7] [Holanda (0) x (0) Costa Rica] [Salvador]
[381][COPA 2006] [SEMIFINAL] [5/7] [Portugal (0) x (1) França] [Munique]
[382][COPA 1978] [GRUPO B] [2/6] [Tunísia (3) x (1) México] [Rosario]
[383][COPA 2006] [GRUPO H] [14/6] [Espanha (4) x (0) Ucrânia] [Leipzig]
[384][COPA 1966] [FINAL] [30/7] [Inglaterra (4) x (2) Alemanha Ocidental] [Londres]
[385][COPA 1986] [GRUPO F] [7/6] [Polônia (1) x (0) Portugal] [Monterrey]
[386][COPA 1966] [GRUPO B] [13/7] [Argentina (2) x (1) Espanha] [Birmingham]
[387][COPA 2002] [GRUPO G] [9/6] [México (2) x (1) Equador] [Miyagi]
[388][COPA 1970] [GRUPO B] [11/6] [Itália (0) x (0) Israel] [Toluca]
[389][COPA 2006] [OITAVAS-DE-FINAL] [27/6] [Espanha (1) x (3) França] [Hannover]
[390][COPA 1958] [GRUPO C] [8/6] [Hungria (1) x (1) País de Gales] [Sandviken]
[391][COPA 1962] [GRUPO C] [3/6] [Espanha (1) x (0) México] [Viña del Mar]
[392][COPA 1986] [GRUPO A] [5/6] [Bulgária (1) x (1) Coreia do Sul] [Cidade do México]
[393][COPA 2002] [OITAVAS-DE-FINAL] [17/6] [Estados Unidos (2) x (0) México] [Jeonju]
[394][COPA 2010] [OITAVAS-DE-FINAL] [28/6] [Brasil (3) x (0) Chile] [Joanesburgo]
[395][COPA 2018] [GRUPO H] [24/6] [Japão (2) x (2) Senegal] [Ekaterinburg Arena]
[396][COPA 1970] [GRUPO C] [10/6] [Brasil (3) x (2) Romênia] [Guadalajara]
[397][COPA 1990] [OITAVAS-DE-FINAL] [23/6] [Camarões (2) x (1) Colômbia] [Napoli]
[398][COPA 1930] [SEMIFINAL] [27/7] [Uruguai (6) x (1) Iugoslávia] [Montevidéu]
[399][COPA 1990] [GRUPO B] [13/6] [Argentina (2) x (0) União Soviética] [Napoli]
[400][COPA 1930] [GRUPO C] [14/7] [Romênia (3) x (1) Peru] [Montevidéu]
[401][COPA 1982] [GRUPO A] [22/6] [Polônia (5) x (1) Peru] [Corunha]
[402][COPA 1950] [GRUPO B] [29/6] [Estados Unidos (1) x (0) Inglaterra] [Belo Horizonte]
[403][COPA 1998] [GRUPO G] [15/6] [Romênia (1) x (0) Colômbia] [Lyon]
[404][COPA 1970] [FINAL] [21/6] [Brasil (4) x (1) Itália] [Cidade do México]
[405][COPA 1998] [QUARTAS-DE-FINAL] [4/7] [Holanda (2) x (1) Argentina] [Marseilles]
[406][COPA 2006] [GRUPO D] [17/6] [Portugal (2) x (0) Irã] [Frankfurt]
[407][COPA 1998] [GRUPO D] [24/6] [Paraguai (3) x (1) Nigéria] [Toulouse]
[408][COPA 2018] [GRUPO B] [15/6] [Marrocos (0) x (1) Irã] [Saint Petersburg Stadium]
[409][COPA 2018] [QUARTAS-DE-FINAL] [6/7] [Brasil (1) x (2) Bélgica] [Kazan Arena]
[410][COPA 1986] [GRUPO C] [9/6] [União Soviética (2) x (0) Canadá] [Irapuato]
[411][COPA 1930] [GRUPO A] [15/7] [Argentina (1) x (0) França] [Montevidéu]
[412][COPA 2006] [GRUPO E] [17/6] [República Tcheca (0) x (2) Gana] [Colônia]
[413][COPA 2018] [OITAVAS-DE-FINAL] [1/7] [Espanha (3) x (4) Rússia] [Luzhnik Stadium]
[414][COPA 1990] [Disp. 3°. Lugar] [7/7] [Itália (2) x (1) Inglaterra] [Bari]
[415][COPA 1990] [GRUPO D] [10/6] [Alemanha Ocidental (4) x (1) Iugoslávia] [Milão]
[416][COPA 1986] [GRUPO A] [5/6] [Argentina (1) x (1) Itália] [Puebla]
[417][COPA 1962] [GRUPO B] [6/6] [Alemanha Ocidental (2) x (0) Chile] [Santiago]
[418][COPA 1990] [GRUPO B] [18/6] [União Soviética (4) x (0) Camarões] [Roma]
[419][COPA 1986] [GRUPO B] [8/6] [Bélgica (2) x (1) Iraque] [Toluca]
[420][COPA 1938] [QUARTAS-DE-FINAL] [14/6] [Tchecoslováquia (1) x (2) Brasil] [Bordeaux]
[421][COPA 2006] [GRUPO B] [20/6] [Paraguai (2) x (0) Trinidad e Tobago] [Kaiserslautern]
[422][COPA 1990] [GRUPO C] [10/6] [Brasil (2) x (1) Suécia] [Turim]
[423][COPA 1994] [GRUPO B] [20/6] [Brasil (2) x (0) Rússia] [San Francisco]
[424][COPA 1974] [SEGUNDA FASE - GRUPO 1] [3/7] [Holanda (2) x (0) Brasil] [Dortmund]
[425][COPA 1954] [GRUPO A] [19/6] [França (3) x (2) México] [Genebra]
[426][COPA 2006] [GRUPO E] [22/6] [Gana (2) x (1) Estados Unidos] [Nuremberg]
[427][COPA 2014] [OITAVAS-DE-FINAL] [30/6] [Alemanha (2) x (1) Argélia] [Porto Alegre]
[428][COPA 1998] [GRUPO A] [16/6] [Escócia (1) x (1) Noruega] [Bordeaux]
[429][COPA 2002] [GRUPO G] [13/6] [México (1) x (1) Itália] [Oita]
[430][COPA 1966] [QUARTAS-DE-FINAL] [23/7] [União Soviética (2) x (1) Hungria] [Sunderland]
[431][COPA 1982] [GRUPO E] [17/6] [Irlanda do Norte (0) x (0) Iugoslávia] [Zaragoza]
[432][COPA 1938] [OITAVAS-DE-FINAL] [5/6] [Hungria (6) x (0) Indonésia] [Reims]
[433][COPA 1990] [GRUPO E] [17/6] [Espanha (3) x (1) Coreia do Sul] [Udine]
[434][COPA 2006] [QUARTAS-DE-FINAL] [30/6] [Alemanha (1) x (1) Argentina] [Berlim]
[435][COPA 1990] [QUARTAS-DE-FINAL] [1/7] [Alemanha Ocidental (1) x (0) Tchecoslováquia] [Milão]
[436][COPA 2006] [GRUPO F] [18/6] [Japão (0) x (0) Croácia] [Nuremberg]
[437][COPA 1970] [GRUPO D] [7/6] [Alemanha Ocidental (5) x (2) Bulgária] [León]
[438][COPA 2006] [GRUPO F] [18/6] [Brasil (2) x (0) Austrália] [Munique]
[439][COPA 2014] [GRUPO G] [26/6] [Portugal (2) x (1) Gana] [Brasília]
[440][COPA 1978] [GRUPO B] [6/6] [Alemanha Ocidental (6) x (0) México] [Cordoba]
[441][COPA 1990] [OITAVAS-DE-FINAL] [23/6] [Tchecoslováquia (4) x (1) Costa Rica] [Bari]
[442][COPA 2014] [GRUPO D] [14/6] [Inglaterra (1) x (2) Itália] [Manaus]
[443][COPA 1978] [SEGUNDA FASE - GRUPO 2] [14/6] [Brasil (3) x (0) Peru] [Mendoza]
[444][COPA 2002] [GRUPO D] [5/6] [Estados Unidos (3) x (2) Portugal] [Suwon]
[445][COPA 2002] [OITAVAS-DE-FINAL] [16/6] [Senegal (2) x (1) Suécia] [Oita]
[446][COPA 2002] [GRUPO D] [10/6] [Coreia do Sul (1) x (1) Estados Unidos] [Daegu]
[447][COPA 1998] [GRUPO H] [14/6] [Argentina (1) x (0) Japão] [Toulouse]
[448][COPA 1958] [FINAL] [29/6] [Brasil (5) x (2) Suécia] [Solna]
[449][COPA 2002] [Disp. 3°. Lugar] [29/6] [Turquia (3) x (2) Coreia do Sul] [Daegu]
[450][COPA 1966] [GRUPO B] [16/7] [Argentina (0) x (0) Alemanha Ocidental] [Birmingham]
[451][COPA 1950] [FASE FINAL] [16/7] [Suécia (3) x (1) Espanha] [São Paulo]
[452][COPA 2006] [GRUPO H] [23/6] [Arábia Saudita (0) x (1) Espanha] [Kaiserslautern]
[453][COPA 1982] [GRUPO F] [22/6] [Escócia (2) x (2) União Soviética] [Málaga]
[454][COPA 1930] [GRUPO B] [20/7] [Brasil (4) x (0) Bolivia] [Montevidéu]
[455][COPA 1978] [SEGUNDA FASE - GRUPO 1] [14/6] [Holanda (5) x (1) Áustria] [Cordoba]
[456][COPA 1982] [SEGUNDA FASE - GRUPO 1] [4/7] [Polônia (0) x (0) União Soviética] [Barcelona]
[457][COPA 1982] [GRUPO F] [23/6] [Brasil (4) x (0) Nova Zelândia] [Sevilla]
[458][COPA 1998] [GRUPO B] [23/6] [Itália (2) x (1) Áustria] [St. Denis]
[459][COPA 2010] [GRUPO G] [15/6] [Brasil (2) x (1) Coreia do Norte] [Joanesburgo]
[460][COPA 1954] [GRUPO B] [23/6] [Alemanha Ocidental (7) x (2) Turquia] [Zurique]
[461][COPA 2006] [OITAVAS-DE-FINAL] [26/6] [Suíça (0) x (0) Ucrânia] [Colônia]
