[COPA 2010] [GRUPO F] [20/6] [Eslováquia (0) x (2) Paraguai] [Bloemfontein]
[COPA 1998] [GRUPO A] [23/6] [Marrocos (3) x (0) Escócia] [Saint Etienne]
[COPA 1974] [Disp. 3°. Lugar] [6/7] [Polônia (1) x (0) Brasil] [Berlim]
[COPA 1986] [GRUPO F] [3/6] [Portugal (1) x (0) Inglaterra] [Monterrey]
[COPA 1974] [SEGUNDA FASE - GRUPO 2] [30/6] [Polônia (2) x (1) Iugoslávia] [Frankfurt]
[COPA 2002] [GRUPO G] [13/6] [Equador (1) x (0) Croácia] [Yokohama]
[COPA 1994] [SEMIFINAL] [13/7] [Itália (2) x (1) Bulgária] [New York]
[COPA 1994] [OITAVAS-DE-FINAL] [3/7] [Romênia (3) x (2) Argentina] [Los Angeles]
[COPA 2002] [GRUPO A] [11/6] [Senegal (3) x (3) Uruguai] [Suwon]
[COPA 2014] [GRUPO G] [16/6] [Gana (1) x (2) Estados Unidos] [Natal]
[COPA 1994] [GRUPO F] [25/6] [Bélgica (1) x (0) Holanda] [Orlando]
[COPA 1954] [SEMIFINAL] [30/6] [Hungria (4) x (2) Uruguai] [Lausanne]
[COPA 2002] [QUARTAS-DE-FINAL] [21/6] [Alemanha (1) x (0) Estados Unidos] [Ulsan]
[COPA 1974] [GRUPO D] [23/6] [Argentina (4) x (1) Haiti] [Berlim]
[COPA 2014] [GRUPO H] [22/6] [Bélgica (1) x (0) Rússia] [Rio de Janeiro]
[COPA 2014] [GRUPO D] [19/6] [Uruguai (2) x (1) Inglaterra] [São Paulo]
[COPA 2014] [FINAL] [13/7] [Alemanha (1) x (0) Argentina] [Rio de Janeiro]
[COPA 2014] [GRUPO F] [21/6] [Argentina (1) x (0) Irã] [Belo Horizonte]
[COPA 2010] [GRUPO F] [14/6] [Itália (1) x (1) Paraguai] [Cidade do Cabo]
[COPA 1930] [GRUPO D] [20/7] [Paraguai (1) x (0) Bélgica] [Montevidéu]
[COPA 2014] [OITAVAS-DE-FINAL] [28/6] [Colômbia (2) x (0) Uruguai] [Rio de Janeiro]
[COPA 2010] [GRUPO B] [17/6] [Grécia (2) x (1) Nigéria] [Bloemfontein]
[COPA 1990] [GRUPO B] [9/6] [Romênia (2) x (0) União Soviética] [Bari]
[COPA 1978] [GRUPO A] [6/6] [Itália (3) x (1) Hungria] [Mar del Plata]
[COPA 2002] [GRUPO C] [13/6] [Turquia (3) x (0) China] [Seoul]
[COPA 2010] [QUARTAS-DE-FINAL] [3/7] [Paraguai (0) x (1) Espanha] [Joanesburgo]
[COPA 1990] [OITAVAS-DE-FINAL] [24/6] [Alemanha Ocidental (2) x (1) Holanda] [Milão]
[COPA 1974] [SEGUNDA FASE - GRUPO 1] [26/6] [Brasil (1) x (0) Alemanha Oriental] [Hanover]
[COPA 1974] [GRUPO C] [23/6] [Suécia (3) x (0) Uruguai] [Colônia]
[COPA 2018] [GRUPO D] [16/6] [Croácia (2) x (0) Nigéria] [Kaliningrad Stadium]
[COPA 1994] [GRUPO A] [22/6] [Suíça (4) x (1) Romênia] [Roma]
[COPA 1974] [GRUPO B] [14/6] [Escócia (2) x (0) Zaire] [Dortmund]
[COPA 1994] [QUARTAS-DE-FINAL] [10/7] [Suécia (2) x (2) Romênia] [San Francisco]
[COPA 1974] [SEGUNDA FASE - GRUPO 1] [30/6] [Brasil (2) x (1) Argentina] [Hanover]
[COPA 2018] [GRUPO C] [26/6] [Dinamarca (0) x (0) França] [Luzhniki Stadoum]
[COPA 1930] [GRUPO A] [19/7] [França (0) x (1) Chile] [Montevidéu]
[COPA 2006] [GRUPO G] [19/6] [Togo (0) x (2) Suíça] [Dortmund]
[COPA 1982] [SEGUNDA FASE - GRUPO 1] [1/7] [União Soviética (1) x (0) Bélgica] [Barcelona]
[COPA 1990] [GRUPO B] [13/6] [Argentina (2) x (0) União Soviética] [Napoli]
[COPA 1998] [GRUPO F] [21/6] [Alemanha (2) x (2) Iugoslávia] [Lens]
[COPA 1986] [GRUPO F] [7/6] [Polônia (1) x (0) Portugal] [Monterrey]
[COPA 1994] [GRUPO F] [20/6] [Holanda (2) x (1) Arábia Saudita] [Washington DC]
[COPA 1982] [GRUPO F] [14/6] [Brasil (2) x (1) União Soviética] [Sevilla]
[COPA 2006] [GRUPO B] [15/6] [Inglaterra (2) x (0) Trinidad e Tobago] [Nuremberg]
[COPA 1986] [GRUPO D] [12/6] [Brasil (3) x (0) Irlanda do Norte] [Guadalajara]
[COPA 2018] [FINAL] [15/7] [França (4) x (2) Croácia] [Luzhnik Stadium]
[COPA 1990] [GRUPO B] [18/6] [União Soviética (4) x (0) Camarões] [Roma]
[COPA 2002] [GRUPO C] [3/6] [Brasil (2) x (1) Turquia] [Ulsan]
[COPA 1982] [GRUPO F] [18/6] [Brasil (4) x (1) Escócia] [Sevilla]
[COPA 2014] [GRUPO C] [14/6] [Costa do Marfim (2) x (1) Japão] [Recife]
[COPA 1962] [GRUPO D] [31/5] [Hungria (2) x (1) Inglaterra] [Rancagua]
[COPA 2018] [GRUPO B] [20/6] [Portugal (1) x (0) Marrocos] [Luzhnik Stadium]
[COPA 1950] [GRUPO B] [29/6] [Espanha (2) x (0) Chile] [Rio de Janeiro]
[COPA 1966] [GRUPO C] [15/7] [Hungria (3) x (1) Brasil] [Liverpool]
[COPA 2010] [GRUPO C] [18/6] [Inglaterra (0) x (0) Argélia] [Cidade do Cabo]
[COPA 1962] [QUARTAS-DE-FINAL] [14/6] [Tchecoslováquia (1) x (0) Hungria] [Rancagua]
[COPA 2002] [GRUPO F] [2/6] [Argentina (1) x (0) Nigéria] [Ibaraki]
[COPA 1986] [QUARTAS-DE-FINAL] [21/6] [França (1) x (1) Brasil] [Guadalajara]
[COPA 2002] [GRUPO F] [2/6] [Inglaterra (1) x (1) Suécia] [Saitama]
[COPA 2002] [GRUPO F] [7/6] [Suécia (2) x (1) Nigéria] [Kobe]
[COPA 2010] [GRUPO B] [22/6] [Grécia (0) x (2) Argentina] [Polokwane]
[COPA 1998] [Disp. 3°. Lugar] [11/7] [Croácia (2) x (1) Holanda] [Paris]
[COPA 1986] [OITAVAS-DE-FINAL] [17/6] [Alemanha Ocidental (1) x (0) Marrocos] [Monterrey]
[COPA 2006] [GRUPO E] [12/6] [Itália (2) x (0) Gana] [Hannover]
[COPA 1958] [GRUPO C] [11/6] [México (1) x (1) País de Gales] [Solna]
[COPA 1978] [SEGUNDA FASE - GRUPO 1] [21/6] [Áustria (3) x (2) Alemanha Ocidental] [Cordoba]
[COPA 1990] [GRUPO C] [11/6] [Costa Rica (1) x (0) Escócia] [Genoa]
[COPA 2010] [OITAVAS-DE-FINAL] [27/6] [Argentina (3) x (1) México] [Joanesburgo]
[COPA 1966] [GRUPO A] [11/7] [Inglaterra (0) x (0) Uruguai] [Londres]
[COPA 2002] [GRUPO E] [1/6] [Irlanda (1) x (1) Camarões] [Niigata]
[COPA 1974] [FINAL] [7/7] [Alemanha Ocidental (2) x (1) Holanda] [Berlim]
[COPA 1990] [OITAVAS-DE-FINAL] [26/6] [Iugoslávia (2) x (1) Espanha] [Roma]
[COPA 1998] [GRUPO G] [15/6] [Romênia (1) x (0) Colômbia] [Lyon]
[COPA 2002] [OITAVAS-DE-FINAL] [15/6] [Inglaterra (3) x (0) Dinamarca] [Niigata]
[COPA 1950] [GRUPO B] [2/7] [Chile (5) x (2) Estados Unidos] [Recife]
[COPA 1954] [GRUPO C] [19/6] [Uruguai (7) x (0) Escócia] [Basel]
[COPA 2010] [GRUPO A] [22/6] [França (1) x (2) África do Sul] [Bloemfontein]
[COPA 2018] [GRUPO G] [18/6] [Bélgica (3) x (0) Panamá] [Fisht Satdium]
[COPA 2006] [GRUPO E] [17/6] [Itália (1) x (1) Estados Unidos] [Kaiserslautern]
[COPA 2010] [OITAVAS-DE-FINAL] [28/6] [Holanda (2) x (1) Eslováquia] [Durban]
[COPA 1994] [OITAVAS-DE-FINAL] [5/7] [Bulgária (1) x (1) México] [New York]
[COPA 2006] [GRUPO E] [17/6] [República Tcheca (0) x (2) Gana] [Colônia]
[COPA 2002] [GRUPO A] [6/6] [Dinamarca (1) x (1) Senegal] [Daegu]
[COPA 1982] [SEGUNDA FASE - GRUPO 4] [4/7] [França (4) x (1) Irlanda do Norte] [Madri]
[COPA 2010] [GRUPO G] [15/6] [Costa do Marfim (0) x (0) Portugal] [Porto Elizabeth]
[COPA 1998] [GRUPO B] [11/6] [Áustria (1) x (1) Camarões] [Toulouse]
[COPA 1986] [GRUPO C] [1/6] [França (1) x (0) Canadá] [Leon]
[COPA 1958] [GRUPO B] [15/6] [Paraguai (3) x (3) Iugoslávia] [Eskilstuna]
[COPA 1950] [FASE FINAL] [16/7] [Suécia (3) x (1) Espanha] [São Paulo]
[COPA 2014] [GRUPO E] [25/6] [Honduras (0) x (3) Suíça] [Manaus]
[COPA 1978] [GRUPO D] [7/6] [Irã (1) x (1) Escócia] [Cordoba]
[COPA 2010] [QUARTAS-DE-FINAL] [3/7] [Argentina (0) x (4) Alemanha] [Cidade do Cabo]
[COPA 2006] [Disp. 3°. Lugar] [8/7] [Alemanha (3) x (1) Portugal] [Stuttgart]
[COPA 2002] [GRUPO E] [6/6] [Camarões (1) x (0) Arábia Saudita] [Saitama]
[COPA 1950] [FASE FINAL] [9/7] [Espanha (2) x (2) Uruguai] [São Paulo]
[COPA 1998] [GRUPO C] [12/6] [Dinamarca (1) x (0) Arábia Saudita] [Lens]
[COPA 2006] [GRUPO A] [15/6] [Equador (3) x (0) Costa Rica] [Hamburgo]
[COPA 1990] [GRUPO C] [20/6] [Costa Rica (2) x (1) Suécia] [Genoa]
[COPA 1974] [GRUPO B] [13/6] [Brasil (0) x (0) Iugoslávia] [Frankfurt]
[COPA 2002] [GRUPO A] [11/6] [Dinamarca (2) x (0) França] [Incheon]