(R) [COPA 2002] [GRUPO H] [10/6] [Bélgica (1) x (1) Tunísia] [Oita]
(R) [COPA 2002] [GRUPO D] [4/6] [Coreia do Sul (2) x (0) Polônia] [Busan]
(R) [COPA 1990] [GRUPO D] [19/6] [Colômbia (1) x (1) Alemanha Ocidental] [Milão]
(R) [COPA 2014] [SEMIFINAL] [9/7] [Holanda (0) x (0) Argentina] [São Paulo]
(R) [COPA 2010] [GRUPO A] [11/6] [África do Sul (1) x (1) México] [Joanesburgo]
(R) [COPA 1998] [GRUPO A] [16/6] [Brasil (3) x (0) Marrocos] [Nantes]
(R) [COPA 1978] [SEGUNDA FASE - GRUPO 2] [18/6] [Argentina (0) x (0) Brasil] [Rosario]
(R) [COPA 1954] [GRUPO A] [19/6] [Brasil (1) x (1) Iugoslávia] [Lausanne]
(R) [COPA 2006] [GRUPO G] [23/6] [Togo (0) x (2) França] [Colônia]
(R) [COPA 1994] [OITAVAS-DE-FINAL] [5/7] [Bulgária (1) x (1) México] [New York]
(R) [COPA 1982] [SEGUNDA FASE - GRUPO 1] [4/7] [Polônia (0) x (0) União Soviética] [Barcelona]
(R) [COPA 2014] [GRUPO C] [19/6] [Colômbia (2) x (1) Costa do Marfim] [Brasília]
(R) [COPA 1998] [GRUPO A] [16/6] [Escócia (1) x (1) Noruega] [Bordeaux]
(R) [COPA 1930] [GRUPO A] [13/7] [França (4) x (1) México] [Montevidéu]
(R) [COPA 1990] [GRUPO B] [8/6] [Camarões (1) x (0) Argentina] [Milão]
(R) [COPA 1950] [FASE FINAL] [13/7] [Uruguai (3) x (2) Suécia] [São Paulo]
(R) [COPA 1978] [Disp. 3°. Lugar] [24/6] [Brasil (2) x (1) Itália] [Buenos Aires]
(R) [COPA 2006] [GRUPO B] [10/6] [Inglaterra (1) x (0) Paraguai] [Frankfurt]
(R) [COPA 1990] [OITAVAS-DE-FINAL] [23/6] [Camarões (2) x (1) Colômbia] [Napoli]
(R) [COPA 1978] [GRUPO B] [10/6] [Tunísia (0) x (0) Alemanha Ocidental] [Cordoba]
(R) [COPA 1994] [GRUPO A] [26/6] [Colômbia (2) x (0) Suíça] [San Francisco]
(R) [COPA 1974] [GRUPO A] [22/6] [Austrália (0) x (0) Chile] [Berlim]
(R) [COPA 1982] [GRUPO B] [20/6] [Alemanha Ocidental (4) x (1) Chile] [Gijón]
(R) [COPA 2010] [GRUPO H] [25/6] [Suíça (0) x (0) Honduras] [Bloemfontein]
(R) [COPA 1990] [GRUPO A] [19/6] [Áustria (2) x (1) Estados Unidos] [Florence]
(R) [COPA 1990] [GRUPO C] [20/6] [Costa Rica (2) x (1) Suécia] [Genoa]
(R) [COPA 2002] [GRUPO C] [8/6] [Brasil (4) x (0) China] [Seogwipo]
(R) [COPA 2010] [OITAVAS-DE-FINAL] [28/6] [Holanda (2) x (1) Eslováquia] [Durban]
(R) [COPA 1994] [GRUPO B] [24/6] [Brasil (3) x (0) Camarões] [San Francisco]
(R) [COPA 1998] [GRUPO C] [24/6] [Arábia Saudita (2) x (2) África do Sul] [Bordeaux]
(R) [COPA 1962] [QUARTAS-DE-FINAL] [10/6] [Chile (2) x (1) União Soviética] [Arica]
(R) [COPA 2002] [GRUPO C] [13/6] [Turquia (3) x (0) China] [Seoul]
(R) [COPA 2010] [GRUPO F] [20/6] [Eslováquia (0) x (2) Paraguai] [Bloemfontein]
(R) [COPA 1978] [GRUPO A] [6/6] [Itália (3) x (1) Hungria] [Mar del Plata]
(R) [COPA 1978] [GRUPO A] [10/6] [Itália (1) x (0) Argentina] [Buenos Aires]
(R) [COPA 2010] [GRUPO D] [23/6] [Austrália (2) x (1) Sérvia] [Nelspruit]
(R) [COPA 2018] [GRUPO C] [26/6] [Dinamarca (0) x (0) França] [Luzhniki Stadoum]
(R) [COPA 1966] [GRUPO D] [16/7] [União Soviética (1) x (0) Itália] [Sunderland]
(R) [COPA 2006] [GRUPO D] [17/6] [Portugal (2) x (0) Irã] [Frankfurt]
(R) [COPA 1994] [OITAVAS-DE-FINAL] [5/7] [Itália (2) x (1) Nigéria] [Boston]
(R) [COPA 2002] [GRUPO B] [8/6] [África do Sul (1) x (0) Eslovênia] [Daegu]
(R) [COPA 1962] [QUARTAS-DE-FINAL] [14/6] [Tchecoslováquia (1) x (0) Hungria] [Rancagua]
(R) [COPA 1958] [SEMIFINAL] [24/6] [Suécia (3) x (1) Alemanha Ocidental] [Gotemborg]
(R) [COPA 1978] [GRUPO B] [1/6] [Polônia (0) x (0) Alemanha Ocidental] [Buenos Aires]
(R) [COPA 1950] [FASE FINAL] [16/7] [Suécia (3) x (1) Espanha] [São Paulo]
(R) [COPA 1962] [SEMIFINAL] [13/6] [Brasil (4) x (2) Chile] [Santiago]
(R) [COPA 2018] [GRUPO D] [26/6] [Nigéria (1) x (2) Argentina] [Saint Petersburg Stadium]
(R) [COPA 1998] [Disp. 3°. Lugar] [11/7] [Croácia (2) x (1) Holanda] [Paris]
(R) [COPA 1998] [GRUPO B] [23/6] [Chile (1) x (1) Camarões] [Nantes]
(R) [COPA 1970] [QUARTAS-DE-FINAL] [14/6] [Uruguai (1) x (0) União Soviética] [Cidade do México]
(R) [COPA 1954] [GRUPO A] [19/6] [França (3) x (2) México] [Genebra]
(R) [COPA 1970] [GRUPO B] [7/6] [Israel (1) x (1) Suécia] [Toluca]
(R) [COPA 1990] [GRUPO C] [16/6] [Brasil (1) x (0) Costa Rica] [Turim]
(R) [COPA 1986] [GRUPO E] [4/6] [Dinamarca (1) x (0) Escócia] [Nezahualcoyotl]
(R) [COPA 1974] [GRUPO C] [23/6] [Suécia (3) x (0) Uruguai] [Colônia]
(R) [COPA 1998] [GRUPO A] [10/6] [Noruega (2) x (2) Marrocos] [Montpellier]
(R) [COPA 1986] [GRUPO A] [31/5] [Itália (1) x (1) Bulgária] [Cidade do México]
(R) [COPA 1998] [GRUPO C] [12/6] [Dinamarca (1) x (0) Arábia Saudita] [Lens]
(R) [COPA 2018] [GRUPO B] [15/6] [Portugal (3) x (3) Espanha] [Fisht Stadium]
(R) [COPA 1978] [GRUPO D] [7/6] [Holanda (0) x (0) Peru] [Mendoza]
(R) [COPA 2014] [GRUPO E] [25/6] [Equador (0) x (0) França] [Rio de Janeiro]
(R) [COPA 1982] [GRUPO E] [21/6] [Honduras (1) x (1) Irlanda do Norte] [Zaragoza]
(R) [COPA 1990] [GRUPO A] [19/6] [Itália (2) x (0) Tchecoslováquia] [Roma]
(R) [COPA 1978] [GRUPO C] [11/6] [Espanha (1) x (0) Suécia] [Buenos Aires]
(R) [COPA 1954] [GRUPO C] [19/6] [Uruguai (7) x (0) Escócia] [Basel]
(R) [COPA 1998] [GRUPO E] [20/6] [Bélgica (2) x (2) México] [Bordeaux]
(R) [COPA 1962] [GRUPO D] [3/6] [Hungria (6) x (1) Bulgária] [Rancagua]
(R) [COPA 1962] [GRUPO B] [6/6] [Alemanha Ocidental (2) x (0) Chile] [Santiago]
(R) [COPA 2006] [OITAVAS-DE-FINAL] [27/6] [Brasil (3) x (0) Gana] [Dortmund]
(R) [COPA 2018] [GRUPO G] [18/6] [Tunisia (1) x (2) Inglaterra] [Volgograd Arena]
(R) [COPA 1930] [GRUPO D] [20/7] [Paraguai (1) x (0) Bélgica] [Montevidéu]
(R) [COPA 2010] [GRUPO B] [12/6] [Argentina (1) x (0) Nigéria] [Joanesburgo]
(R) [COPA 2002] [GRUPO G] [3/6] [México (1) x (0) Croácia] [Niigata]
(R) [COPA 1986] [GRUPO B] [11/6] [México (1) x (0) Iraque] [Puebla]
(R) [COPA 2018] [GRUPO E] [17/6] [Costa Rica (0) x (1) Sérvia] [Rostov Arena]
(R) [COPA 2014] [GRUPO F] [21/6] [Argentina (1) x (0) Irã] [Belo Horizonte]
(R) [COPA 1986] [GRUPO C] [1/6] [França (1) x (0) Canadá] [Leon]
(R) [COPA 2002] [OITAVAS-DE-FINAL] [16/6] [Senegal (2) x (1) Suécia] [Oita]
(R) [COPA 1966] [GRUPO C] [19/7] [Portugal (3) x (1) Brasil] [Liverpool]
(R) [COPA 1958] [GRUPO D] [17/6] [União Soviética (1) x (0) Inglaterra] [Gotemborg]
(R) [COPA 1982] [SEMIFINAL] [8/7] [Alemanha Ocidental (3) x (3) França] [Sevilla]
(R) [COPA 1986] [OITAVAS-DE-FINAL] [17/6] [Alemanha Ocidental (1) x (0) Marrocos] [Monterrey]
(R) [COPA 1970] [SEMIFINAL] [17/6] [Brasil (3) x (1) Uruguai] [Guadalajara]
(R) [COPA 1962] [GRUPO D] [6/6] [Argentina (0) x (0) Hungria] [Rancagua]
(R) [COPA 1970] [GRUPO D] [6/6] [Peru (3) x (0) Marrocos] [León]
(R) [COPA 1994] [GRUPO D] [30/6] [Bulgária (2) x (0) Argentina] [Dallas]
(R) [COPA 1990] [GRUPO B] [14/6] [Camarões (2) x (1) Romênia] [Bari]
(R) [COPA 2002] [GRUPO B] [2/6] [Paraguai (2) x (2) África do Sul] [Busan]
(R) [COPA 1994] [GRUPO F] [29/6] [Arábia Saudita (1) x (0) Bélgica] [Washington DC]
(R) [COPA 1974] [SEGUNDA FASE - GRUPO 1] [3/7] [Argentina (1) x (1) Alemanha Oriental] [Gelsenkirchen]
(R) [COPA 1982] [GRUPO F] [18/6] [Brasil (4) x (1) Escócia] [Sevilla]
(R) [COPA 2006] [GRUPO E] [12/6] [Itália (2) x (0) Gana] [Hannover]
(R) [COPA 1986] [GRUPO C] [9/6] [União Soviética (2) x (0) Canadá] [Irapuato]
(R) [COPA 1966] [GRUPO D] [12/7] [União Soviética (3) x (0) Coreia do Norte] [Middlesbrough]
(R) [COPA 2014] [GRUPO H] [22/6] [Coreia do Sul (2) x (4) Argélia] [Porto Alegre]
(R) [COPA 2010] [GRUPO E] [24/6] [Camarões (1) x (2) Holanda] [Cidade do Cabo]
(R) [COPA 1986] [GRUPO B] [11/6] [Bélgica (2) x (2) Paraguai] [Toluca]
(R) [COPA 1974] [GRUPO B] [14/6] [Escócia (2) x (0) Zaire] [Dortmund]
(R) [COPA 1982] [SEGUNDA FASE - GRUPO 4] [4/7] [França (4) x (1) Irlanda do Norte] [Madri]
(R) [COPA 2010] [GRUPO A] [22/6] [México (0) x (1) Uruguai] [Rustemburgo]
(R) [COPA 1990] [GRUPO A] [15/6] [Tchecoslováquia (1) x (0) Áustria] [Florence]
(R) [COPA 1978] [GRUPO B] [6/6] [Polônia (1) x (0) Tunísia] [Rosario]
(R) [COPA 2014] [GRUPO C] [14/6] [Colômbia (3) x (0) Grécia] [Belo Horizonte]
(R) [COPA 2002] [GRUPO E] [6/6] [Camarões (1) x (0) Arábia Saudita] [Saitama]
(R) [COPA 1990] [Disp. 3°. Lugar] [7/7] [Itália (2) x (1) Inglaterra] [Bari]
(R) [COPA 2018] [OITAVAS-DE-FINAL] [2/7] [Bélgica (3) x (2) Japão] [Rostov Arena]
(R) [COPA 1958] [GRUPO D] [11/6] [União Soviética (2) x (0) Áustria] [Boraas]
(R) [COPA 1990] [SEMIFINAL] [3/7] [Argentina (1) x (1) Itália] [Napoli]
(R) [COPA 1998] [GRUPO B] [17/6] [Áustria (1) x (1) Chile] [Saint Etienne]
(R) [COPA 1998] [GRUPO G] [22/6] [Romênia (2) x (1) Inglaterra] [Toulouse]
(R) [COPA 1986] [GRUPO E] [4/6] [Alemanha Ocidental (1) x (1) Uruguai] [Queretaro]
(R) [COPA 1974] [SEGUNDA FASE - GRUPO 2] [3/7] [Alemanha Ocidental (1) x (0) Polônia] [Frankfurt]
(R) [COPA 1934] [OITAVAS-DE-FINAL] [27/5] [Alemanha (5) x (2) Bélgica] [Florence]
(R) [COPA 1982] [GRUPO F] [14/6] [Brasil (2) x (1) União Soviética] [Sevilla]
(R) [COPA 1998] [GRUPO B] [11/6] [Itália (2) x (2) Chile] [Bordeaux]
(R) [COPA 2006] [GRUPO F] [12/6] [Austrália (3) x (1) Japão] [Kaiserslautern]
(R) [COPA 1966] [FINAL] [30/7] [Inglaterra (4) x (2) Alemanha Ocidental] [Londres]
(R) [COPA 1934] [QUARTAS-DE-FINAL] [1/6] [Itália (1) x (0) Espanha] [Florence]
(R) [COPA 1998] [GRUPO H] [14/6] [Argentina (1) x (0) Japão] [Toulouse]
(R) [COPA 1990] [GRUPO F] [21/6] [Holanda (1) x (1) Irlanda] [Palermo]
(R) [COPA 2018] [GRUPO A] [15/6] [Egito (0) x (1) Uruguai] [Ekaterinburg Arena]
(R) [COPA 1974] [GRUPO D] [19/6] [Polônia (7) x (0) Haiti] [Berlim]
(R) [COPA 2018] [GRUPO G] [18/6] [Bélgica (3) x (0) Panamá] [Fisht Satdium]
(R) [COPA 2010] [OITAVAS-DE-FINAL] [26/6] [Estados Unidos (1) x (2) Gana] [Rustemburgo]
(R) [COPA 2014] [GRUPO B] [13/6] [Espanha (1) x (5) Holanda] [Salvador]
(R) [COPA 1958] [GRUPO B] [8/6] [Escócia (1) x (1) Iugoslávia] [Vasteraas]
(R) [COPA 1954] [GRUPO A] [16/6] [Iugoslávia (1) x (0) França] [Lausanne]
(R) [COPA 1934] [OITAVAS-DE-FINAL] [27/5] [Tchecoslováquia (2) x (1) Romênia] [Trieste]
(R) [COPA 1978] [SEGUNDA FASE - GRUPO 2] [14/6] [Argentina (2) x (0) Polônia] [Rosario]
(R) [COPA 1990] [QUARTAS-DE-FINAL] [30/6] [Argentina (0) x (0) Iugoslávia] [Florence]
(R) [COPA 2018] [GRUPO A] [25/6] [Uruguai (3) x (0) Russia] [Samara Arena]
(R) [COPA 2006] [GRUPO C] [10/6] [Argentina (2) x (1) Costa do Marfim] [Hamburgo]
(R) [COPA 2014] [GRUPO A] [12/6] [Brasil (3) x (1) Croácia] [São Paulo]
(R) [COPA 1958] [GRUPO D] [15/6] [Áustria (2) x (2) Inglaterra] [Boraas]
(R) [COPA 1998] [OITAVAS-DE-FINAL] [30/6] [Croácia (1) x (0) Romênia] [Bordeaux]
(R) [COPA 1974] [GRUPO D] [15/6] [Itália (3) x (1) Haiti] [Berlim]
(R) [COPA 1958] [GRUPO D] [11/6] [Brasil (0) x (0) Inglaterra] [Gotemborg]
(R) [COPA 1982] [SEGUNDA FASE - GRUPO 3] [29/6] [Itália (2) x (1) Argentina] [Barcelona]
(R) [COPA 1990] [GRUPO A] [14/6] [Itália (1) x (0) Estados Unidos] [Roma]
(R) [COPA 1982] [GRUPO D] [17/6] [Tchecoslováquia (1) x (1) Kuwait] [Valladolid]
(R) [COPA 1962] [GRUPO B] [2/6] [Chile (2) x (0) Itália] [Santiago]
(R) [COPA 2002] [GRUPO G] [13/6] [Equador (1) x (0) Croácia] [Yokohama]
(R) [COPA 1998] [GRUPO H] [26/6] [Jamaica (2) x (1) Japão] [Lens]
(R) [COPA 1970] [GRUPO B] [2/6] [Uruguai (2) x (0) Israel] [Puebla]
(R) [COPA 1998] [OITAVAS-DE-FINAL] [29/6] [Holanda (2) x (1) Iugoslávia] [Toulouse]
(R) [COPA 2014] [OITAVAS-DE-FINAL] [30/6] [Alemanha (2) x (1) Argélia] [Porto Alegre]
(R) [COPA 1954] [QUARTAS-DE-FINAL] [26/6] [Áustria (7) x (5) Suíça] [Lausanne]
(R) [COPA 1950] [GRUPO B] [2/7] [Chile (5) x (2) Estados Unidos] [Recife]
(R) [COPA 1966] [GRUPO B] [15/7] [Espanha (2) x (1) Suíça] [Sheffield]
(R) [COPA 1958] [Disp. 3°. Lugar] [26/6] [França (6) x (3) Alemanha Ocidental] [Gotemborg]
(R) [COPA 2006] [OITAVAS-DE-FINAL] [24/6] [Argentina (2) x (1) México] [Leipzig]
(R) [COPA 1990] [GRUPO E] [21/6] [Espanha (2) x (1) Bélgica] [Milão]
(R) [COPA 1950] [GRUPO A] [28/6] [Brasil (2) x (2) Suíça] [São Paulo]
(R) [COPA 1978] [GRUPO B] [2/6] [Tunísia (3) x (1) México] [Rosario]
(R) [COPA 1950] [GRUPO B] [2/7] [Espanha (1) x (0) Inglaterra] [Rio de Janeiro]
(R) [COPA 1986] [GRUPO F] [3/6] [Portugal (1) x (0) Inglaterra] [Monterrey]
(R) [COPA 1962] [GRUPO D] [31/5] [Hungria (2) x (1) Inglaterra] [Rancagua]
(R) [COPA 1934] [OITAVAS-DE-FINAL] [27/5] [Hungria (4) x (2) Egito] [Nápoli]
(R) [COPA 2018] [GRUPO C] [21/6] [Dinamarca (1) x (1) Australia] [Samara Arena]
(R) [COPA 1930] [SEMIFINAL] [27/7] [Uruguai (6) x (1) Iugoslávia] [Montevidéu]
(R) [COPA 1962] [GRUPO C] [3/6] [Espanha (1) x (0) México] [Viña del Mar]
(R) [COPA 1994] [GRUPO C] [27/6] [Alemanha (3) x (2) Coreia do Sul] [Dallas]
(R) [COPA 1954] [GRUPO B] [23/6] [Alemanha Ocidental (7) x (2) Turquia] [Zurique]
(R) [COPA 2014] [GRUPO B] [13/6] [Chile (3) x (1) Austrália] [Cuiabá]
(R) [COPA 1958] [GRUPO C] [8/6] [Hungria (1) x (1) País de Gales] [Sandviken]
(R) [COPA 1986] [GRUPO D] [12/6] [Espanha (3) x (0) Argélia] [Monterrey]
(R) [COPA 1970] [GRUPO B] [6/6] [Uruguai (0) x (0) Itália] [Puebla]
(R) [COPA 2010] [OITAVAS-DE-FINAL] [27/6] [Alemanha (4) x (1) Inglaterra] [Bloemfontein]
(R) [COPA 2010] [GRUPO H] [21/6] [Espanha (2) x (0) Honduras] [Joanesburgo]
(R) [COPA 2014] [OITAVAS-DE-FINAL] [30/6] [França (2) x (0) Nigéria] [Brasília]
(R) [COPA 1974] [SEGUNDA FASE - GRUPO 1] [3/7] [Holanda (2) x (0) Brasil] [Dortmund]
(R) [COPA 2018] [GRUPO D] [22/6] [Nigéria (2) x (0) Islândia] [Volgograd Arena]
(R) [COPA 1978] [SEGUNDA FASE - GRUPO 1] [21/6] [Holanda (2) x (1) Itália] [Buenos Aires]
(R) [COPA 2018] [GRUPO B] [25/6] [Espanha (2) x (2) Marrocos] [Kaliningrad Stadium]
(R) [COPA 2006] [GRUPO B] [15/6] [Suécia (1) x (0) Paraguai] [Berlim]
(R) [COPA 1994] [GRUPO A] [26/6] [Romênia (1) x (0) Estados Unidos] [Los Angeles]
(R) [COPA 2006] [GRUPO A] [15/6] [Equador (3) x (0) Costa Rica] [Hamburgo]
(R) [COPA 1974] [GRUPO C] [19/6] [Holanda (0) x (0) Suécia] [Dortmund]
(R) [COPA 1982] [FINAL] [11/7] [Itália (3) x (1) Alemanha Ocidental] [Madri]
(R) [COPA 1998] [GRUPO A] [23/6] [Noruega (2) x (1) Brasil] [Marseille]
(R) [COPA 1930] [GRUPO D] [13/7] [Estados Unidos (3) x (0) Bélgica] [Montevidéu]
(R) [COPA 1970] [GRUPO C] [3/6] [Brasil (4) x (1) Tchecoslováquia] [Guadalajara]
(R) [COPA 2010] [QUARTAS-DE-FINAL] [3/7] [Paraguai (0) x (1) Espanha] [Joanesburgo]
(R) [COPA 2002] [GRUPO C] [9/6] [Costa Rica (1) x (1) Turquia] [Incheon]
(R) [COPA 2006] [GRUPO H] [19/6] [Arábia Saudita (0) x (4) Ucrânia] [Hamburgo]
(R) [COPA 2002] [QUARTAS-DE-FINAL] [21/6] [Alemanha (1) x (0) Estados Unidos] [Ulsan]
(R) [COPA 1966] [SEMIFINAL] [25/7] [Alemanha Ocidental (2) x (1) União Soviética] [Liverpool]
(R) [COPA 1950] [GRUPO C] [25/6] [Suécia (3) x (2) Itália] [São Paulo]
(R) [COPA 2006] [GRUPO D] [21/6] [Irã (1) x (1) Angola] [Leipzig]
(R) [COPA 1954] [SEMIFINAL] [30/6] [Hungria (4) x (2) Uruguai] [Lausanne]
(R) [COPA 1954] [GRUPO B] [20/6] [Hungria (8) x (3) Alemanha Ocidental] [Basel]
(R) [COPA 1934] [OITAVAS-DE-FINAL] [27/5] [Itália (7) x (1) Estados Unidos] [Roma]
(R) [COPA 2002] [GRUPO H] [9/6] [Japão (1) x (0) Rússia] [Yokohama]
(R) [COPA 1978] [SEGUNDA FASE - GRUPO 1] [18/6] [Holanda (2) x (2) Alemanha Ocidental] [Cordoba]
(R) [COPA 1994] [GRUPO B] [19/6] [Suécia (2) x (2) Camarões] [Los Angeles]
(R) [COPA 2018] [QUARTAS-DE-FINAL] [7/7] [Suécia (0) x (2) Inglaterra] [Samara Arena]
(R) [COPA 2006] [QUARTAS-DE-FINAL] [1/7] [Inglaterra (0) x (0) Portugal] [Gelsenkirchen]
(R) [COPA 2002] [GRUPO B] [2/6] [Espanha (3) x (1) Eslovênia] [Gwangju]
(R) [COPA 2010] [GRUPO C] [18/6] [Eslovênia (2) x (2) Estados Unidos] [Joanesburgo]
(R) [COPA 1986] [GRUPO D] [6/6] [Brasil (1) x (0) Argélia] [Guadalajara]
(R) [COPA 2014] [GRUPO B] [18/6] [Espanha (0) x (2) Chile] [Rio de Janeiro]
(R) [COPA 1930] [GRUPO C] [18/7] [Uruguai (1) x (0) Peru] [Montevidéu]
(R) [COPA 1998] [OITAVAS-DE-FINAL] [30/6] [Argentina (2) x (2) Inglaterra] [St. Etienne]
(R) [COPA 1962] [GRUPO D] [30/5] [Argentina (1) x (0) Bulgária] [Rancagua]
(R) [COPA 1986] [QUARTAS-DE-FINAL] [21/6] [França (1) x (1) Brasil] [Guadalajara]
(R) [COPA 1970] [GRUPO D] [3/6] [Alemanha Ocidental (2) x (1) Marrocos] [León]
(R) [COPA 2002] [GRUPO B] [7/6] [Espanha (3) x (1) Paraguai] [Jeonju]
(R) [COPA 1978] [GRUPO D] [11/6] [Escócia (3) x (2) Holanda] [Mendoza]
(R) [COPA 2006] [GRUPO F] [18/6] [Japão (0) x (0) Croácia] [Nuremberg]
(R) [COPA 1998] [GRUPO C] [18/6] [Dinamarca (1) x (1) África do Sul] [Toulouse]
(R) [COPA 1994] [GRUPO A] [18/6] [Romênia (3) x (1) Colômbia] [Los Angeles]
(R) [COPA 1958] [GRUPO B] [15/6] [Paraguai (3) x (3) Iugoslávia] [Eskilstuna]
(R) [COPA 2002] [GRUPO E] [11/6] [Alemanha (2) x (0) Camarões] [Shizuoka]
(R) [COPA 1970] [GRUPO D] [10/6] [Alemanha Ocidental (3) x (1) Peru] [León]
(R) [COPA 1954] [QUARTAS-DE-FINAL] [26/6] [Uruguai (4) x (2) Inglaterra] [Basel]
(R) [COPA 2006] [QUARTAS-DE-FINAL] [1/7] [Brasil (0) x (1) França] [Frankfurt]
(R) [COPA 1970] [QUARTAS-DE-FINAL] [14/6] [Alemanha Ocidental (3) x (2) Inglaterra] [León]
(R) [COPA 1974] [GRUPO A] [18/6] [Alemanha Ocidental (3) x (0) Austrália] [Hamburgo]
(R) [COPA 1958] [GRUPO C] [12/6] [Suécia (2) x (1) Hungria] [Solna]
(R) [COPA 1990] [GRUPO E] [12/6] [Bélgica (2) x (0) Coreia do Sul] [Verona]
(R) [COPA 1986] [GRUPO F] [7/6] [Polônia (1) x (0) Portugal] [Monterrey]
(R) [COPA 1934] [QUARTAS-DE-FINAL] [31/5] [Tchecoslováquia (3) x (2) Suíça] [Turim]
(R) [COPA 1934] [FINAL] [10/6] [Itália (2) x (1) Tchecoslováquia] [Roma]
(R) [COPA 1982] [SEMIFINAL] [8/7] [Itália (2) x (0) Polônia] [Barcelona]
(R) [COPA 2018] [GRUPO F] [23/6] [Coreia do Sul (1) x (2) Mexico] [Fisht Stadium]
(R) [COPA 1994] [GRUPO D] [21/6] [Argentina (4) x (0) Grécia] [Boston]
(R) [COPA 1966] [GRUPO A] [19/7] [Uruguai (0) x (0) México] [Londres]
(R) [COPA 1958] [GRUPO B] [8/6] [França (7) x (3) Paraguai] [Norrkoping]
(R) [COPA 2002] [GRUPO A] [6/6] [França (0) x (0) Uruguai] [Busan]
(R) [COPA 1994] [GRUPO E] [24/6] [México (2) x (1) Irlanda] [Orlando]
(R) [COPA 1970] [QUARTAS-DE-FINAL] [14/6] [Brasil (4) x (2) Peru] [Guadalajara]
(R) [COPA 2006] [GRUPO E] [22/6] [Gana (2) x (1) Estados Unidos] [Nuremberg]
(R) [COPA 1930] [GRUPO A] [16/7] [Chile (3) x (0) México] [Montevidéu]
(R) [COPA 2014] [GRUPO E] [15/6] [Suíça (2) x (1) Equador] [Brasília]
(R) [COPA 1994] [GRUPO E] [18/6] [Irlanda (1) x (0) Itália] [New York]
(R) [COPA 2018] [GRUPO H] [19/6] [Colombia (1) x (2) Japão] [Mordovia Arena]
(R) [COPA 1986] [GRUPO D] [7/6] [Espanha (2) x (1) Irlanda do Norte] [Guadalajara]
(R) [COPA 1962] [FINAL] [17/6] [Brasil (3) x (1) Tchecoslováquia] [Santiago]
[0][COPA 1994] [GRUPO D] [25/6] [Argentina (2) x (1) Nigéria] [Boston]
[1][COPA 1994] [GRUPO B] [28/6] [Rússia (6) x (1) Camarões] [San Francisco]
[2][COPA 1986] [GRUPO E] [13/6] [Dinamarca (2) x (0) Alemanha Ocidental] [Queretaro]
[3][COPA 2006] [GRUPO C] [16/6] [Argentina (6) x (0) Sérvia e Montenegro] [Gelsenkirchen]
[4][COPA 1974] [GRUPO B] [13/6] [Brasil (0) x (0) Iugoslávia] [Frankfurt]
[5][COPA 2002] [QUARTAS-DE-FINAL] [22/6] [Coreia do Sul (0) x (0) Espanha] [Gwangju]
[6][COPA 1974] [SEGUNDA FASE - GRUPO 1] [26/6] [Holanda (4) x (0) Argentina] [Gelsenkirchen]
[7][COPA 2014] [GRUPO D] [14/6] [Uruguai (1) x (3) Costa Rica] [Fortaleza]
[8][COPA 1998] [FINAL] [12/7] [França (3) x (0) Brasil] [St. Denis]
[9][COPA 2006] [GRUPO G] [23/6] [Suíça (2) x (0) Coreia do Sul] [Hannover]
[10][COPA 2010] [GRUPO D] [13/6] [Alemanha (4) x (0) Austrália] [Durban]
[11][COPA 2010] [GRUPO F] [14/6] [Itália (1) x (1) Paraguai] [Cidade do Cabo]
[12][COPA 1986] [OITAVAS-DE-FINAL] [18/6] [Espanha (5) x (1) Dinamarca] [Queretaro]
[13][COPA 1982] [GRUPO E] [17/6] [Irlanda do Norte (0) x (0) Iugoslávia] [Zaragoza]
[14][COPA 2014] [GRUPO C] [14/6] [Costa do Marfim (2) x (1) Japão] [Recife]
[15][COPA 1930] [GRUPO C] [21/7] [Uruguai (4) x (0) Romênia] [Montevidéu]
[16][COPA 1982] [GRUPO C] [18/6] [Argentina (4) x (1) Hungria] [Alicante]
[17][COPA 1978] [GRUPO A] [2/6] [Itália (2) x (1) França] [Mar del Plata]
[18][COPA 2002] [OITAVAS-DE-FINAL] [16/6] [Espanha (1) x (1) Irlanda] [Suwon]
[19][COPA 1990] [GRUPO E] [17/6] [Espanha (3) x (1) Coreia do Sul] [Udine]
[20][COPA 1954] [GRUPO B] [17/6] [Hungria (9) x (0) Coreia do Sul] [Zurique]
[21][COPA 1978] [GRUPO D] [3/6] [Holanda (3) x (0) Irã] [Mendoza]
[22][COPA 2018] [OITAVAS-DE-FINAL] [3/7] [Colombia (3) x (4) Inglaterra] [Spartak Stadium]
[23][COPA 1982] [GRUPO A] [19/6] [Camarões (0) x (0) Polônia] [Corunha]
[24][COPA 1966] [GRUPO A] [13/7] [França (1) x (1) México] [Londres]
[25][COPA 1998] [GRUPO F] [14/6] [Iugoslávia (1) x (0) Irã] [St. Etienne]
[26][COPA 1994] [QUARTAS-DE-FINAL] [9/7] [Itália (2) x (1) Espanha] [Boston]
[27][COPA 2006] [GRUPO A] [9/6] [Alemanha (4) x (2) Costa Rica] [Munique]
[28][COPA 1990] [GRUPO D] [10/6] [Alemanha Ocidental (4) x (1) Iugoslávia] [Milão]
[29][COPA 1962] [SEMIFINAL] [13/6] [Tchecoslováquia (3) x (1) Iugoslávia] [Viña del Mar]
[30][COPA 2010] [GRUPO B] [22/6] [Grécia (0) x (2) Argentina] [Polokwane]
[31][COPA 1998] [GRUPO E] [25/6] [Bélgica (1) x (1) Coreia do Sul] [Paris]
[32][COPA 2018] [GRUPO F] [27/6] [Coreia do Sul (2) x (0) Alemanha] [Ekaterinburg Arena]
[33][COPA 2006] [GRUPO B] [20/6] [Paraguai (2) x (0) Trinidad e Tobago] [Kaiserslautern]
[34][COPA 1950] [FASE FINAL] [13/7] [Brasil (6) x (1) Espanha] [Rio de Janeiro]
[35][COPA 1934] [SEMIFINAL] [3/6] [Itália (1) x (0) Áustria] [Milão]
[36][COPA 1978] [FINAL] [25/6] [Argentina (3) x (1) Holanda] [Buenos Aires]
[37][COPA 1950] [GRUPO A] [2/7] [Suíça (2) x (1) México] [Porto Alegre]
[38][COPA 1938] [OITAVAS-DE-FINAL] [5/6] [França (3) x (1) Bélgica] [Paris]
[39][COPA 2014] [GRUPO G] [26/6] [Estados Unidos (0) x (1) Alemanha] [Recife]
[40][COPA 1994] [OITAVAS-DE-FINAL] [3/7] [Romênia (3) x (2) Argentina] [Los Angeles]
[41][COPA 2002] [GRUPO E] [11/6] [Irlanda (3) x (0) Arábia Saudita] [Yokohama]
[42][COPA 1982] [SEGUNDA FASE - GRUPO 2] [5/7] [Inglaterra (0) x (0) Espanha] [Madri]
[43][COPA 1994] [GRUPO B] [28/6] [Brasil (1) x (1) Suécia] [Detroit]
[44][COPA 2014] [GRUPO B] [23/6] [Holanda (2) x (0) Chile] [São Paulo]
[45][COPA 1990] [OITAVAS-DE-FINAL] [24/6] [Alemanha Ocidental (2) x (1) Holanda] [Milão]
[46][COPA 1958] [GRUPO D] [15/6] [Brasil (2) x (0) União Soviética] [Gotemborg]
[47][COPA 1994] [GRUPO A] [18/6] [Estados Unidos (1) x (1) Suíça] [Detroit]
[48][COPA 1998] [GRUPO D] [24/6] [Paraguai (3) x (1) Nigéria] [Toulouse]
[49][COPA 2018] [GRUPO H] [19/6] [Polonia (1) x (2) Senegal] [Spartak Stadium]
[50][COPA 1986] [GRUPO D] [12/6] [Brasil (3) x (0) Irlanda do Norte] [Guadalajara]
[51][COPA 1990] [GRUPO F] [16/6] [Inglaterra (0) x (0) Holanda] [Cagliari]
[52][COPA 2002] [OITAVAS-DE-FINAL] [17/6] [Estados Unidos (2) x (0) México] [Jeonju]
[53][COPA 1974] [GRUPO B] [18/6] [Brasil (0) x (0) Escócia] [Frankfurt]
[54][COPA 1930] [FINAL] [30/7] [Uruguai (4) x (2) Argentina] [Montevidéu]
[55][COPA 1950] [GRUPO B] [29/6] [Espanha (2) x (0) Chile] [Rio de Janeiro]
[56][COPA 2010] [QUARTAS-DE-FINAL] [3/7] [Argentina (0) x (4) Alemanha] [Cidade do Cabo]
[57][COPA 2006] [GRUPO E] [17/6] [República Tcheca (0) x (2) Gana] [Colônia]
[58][COPA 1950] [GRUPO B] [29/6] [Estados Unidos (1) x (0) Inglaterra] [Belo Horizonte]
[59][COPA 1998] [QUARTAS-DE-FINAL] [4/7] [Croácia (3) x (0) Alemanha] [Lyon]
[60][COPA 2010] [GRUPO F] [20/6] [Itália (1) x (1) Nova Zelândia] [Nelspruit]
[61][COPA 1990] [SEMIFINAL] [4/7] [Alemanha Ocidental (1) x (1) Inglaterra] [Turim]
[62][COPA 1978] [GRUPO D] [7/6] [Irã (1) x (1) Escócia] [Cordoba]
[63][COPA 1934] [OITAVAS-DE-FINAL] [27/5] [Suíça (3) x (2) Holanda] [Milão]
[64][COPA 2014] [GRUPO A] [17/6] [Brasil (0) x (0) México] [Fortaleza]
[65][COPA 2018] [GRUPO C] [26/6] [Australia (0) x (2) Peru] [Fisht Stadium]
[66][COPA 1986] [OITAVAS-DE-FINAL] [16/6] [Argentina (1) x (0) Uruguai] [Puebla]
[67][COPA 2010] [QUARTAS-DE-FINAL] [2/7] [Uruguai (1) x (1) Gana] [Joanesburgo]
[68][COPA 2002] [OITAVAS-DE-FINAL] [15/6] [Inglaterra (3) x (0) Dinamarca] [Niigata]
[69][COPA 2018] [GRUPO G] [28/6] [Panamá (1) x (2) Tunisia] [Mordovia Arena]
[70][COPA 2010] [GRUPO E] [19/6] [Holanda (1) x (0) Japão] [Durban]
[71][COPA 1986] [GRUPO C] [5/6] [França (1) x (1) União Soviética] [Leon]
[72][COPA 2018] [GRUPO A] [20/6] [Uruguai (1) x (0) Arábia Saudita] [Rostov Arena]
[73][COPA 1994] [GRUPO D] [21/6] [Nigéria (3) x (0) Bulgária] [Dallas]
[74][COPA 1958] [GRUPO D] [8/6] [Inglaterra (2) x (2) União Soviética] [Gotemborg]
[75][COPA 2014] [OITAVAS-DE-FINAL] [28/6] [Brasil (1) x (1) Chile] [Belo Horizonte]
[76][COPA 2018] [GRUPO G] [23/6] [Belgica (5) x (2) Tunisia] [Spartak Stadium]
[77][COPA 1998] [GRUPO F] [25/6] [Alemanha (2) x (0) Irã] [Montpellier]
[78][COPA 1966] [GRUPO C] [15/7] [Hungria (3) x (1) Brasil] [Liverpool]
[79][COPA 2018] [GRUPO F] [27/6] [Mexico (0) x (3) Suecia] [Kazan Arena]
[80][COPA 1990] [GRUPO D] [14/6] [Iugoslávia (1) x (0) Colômbia] [Bologna]
[81][COPA 1998] [QUARTAS-DE-FINAL] [3/7] [França (0) x (0) Itália] [St. Denis]
[82][COPA 2002] [GRUPO F] [7/6] [Inglaterra (1) x (0) Argentina] [Sapporo]
[83][COPA 1938] [OITAVAS-DE-FINAL] [5/6] [Itália (2) x (1) Noruega] [Marseilles]
[84][COPA 1986] [GRUPO F] [6/6] [Inglaterra (0) x (0) Marrocos] [Monterrey]
[85][COPA 2014] [OITAVAS-DE-FINAL] [29/6] [Holanda (2) x (1) México] [Fortaleza]
[86][COPA 1934] [SEMIFINAL] [3/6] [Tchecoslováquia (3) x (1) Alemanha] [Roma]
[87][COPA 1974] [SEGUNDA FASE - GRUPO 1] [26/6] [Brasil (1) x (0) Alemanha Oriental] [Hanover]
[88][COPA 1998] [OITAVAS-DE-FINAL] [28/6] [França (1) x (0) Paraguai] [Lens]
[89][COPA 1974] [GRUPO D] [15/6] [Polônia (3) x (2) Argentina] [Stuttgart]
[90][COPA 1982] [GRUPO C] [23/6] [Argentina (2) x (0) El Salvador] [Alicante]
[91][COPA 1938] [OITAVAS-DE-FINAL] [9/6] [Cuba (2) x (1) Romênia] [Toulouse]
[92][COPA 2010] [GRUPO C] [23/6] [Eslovênia (0) x (1) Inglaterra] [Porto Elizabeth]
[93][COPA 2006] [OITAVAS-DE-FINAL] [24/6] [Alemanha (2) x (0) Suécia] [Munique]
[94][COPA 1962] [GRUPO B] [3/6] [Alemanha Ocidental (2) x (1) Suíça] [Santiago]
[95][COPA 2010] [OITAVAS-DE-FINAL] [28/6] [Brasil (3) x (0) Chile] [Joanesburgo]
[96][COPA 2010] [GRUPO G] [25/6] [Portugal (0) x (0) Brasil] [Durban]
[97][COPA 1990] [OITAVAS-DE-FINAL] [25/6] [Irlanda (0) x (0) Romênia] [Genoa]
[98][COPA 1954] [GRUPO C] [16/6] [Áustria (1) x (0) Escócia] [Zurique]
[99][COPA 1982] [GRUPO C] [22/6] [Bélgica (1) x (1) Hungria] [Elche]
[100][COPA 1970] [GRUPO A] [7/6] [México (4) x (0) El Salvador] [Cidade do México]
[101][COPA 1982] [GRUPO B] [16/6] [Argélia (2) x (1) Alemanha Ocidental] [Gijón]
[102][COPA 2002] [GRUPO H] [14/6] [Japão (2) x (0) Tunísia] [Osaka]
[103][COPA 1974] [SEGUNDA FASE - GRUPO 1] [30/6] [Brasil (2) x (1) Argentina] [Hanover]
[104][COPA 2018] [GRUPO F] [18/6] [Suécia (1) x (0) Coréia do Sul] [Nizhny Novgorod Stadium]
[105][COPA 2010] [GRUPO H] [16/6] [Honduras (0) x (1) Chile] [Nelspruit]
[106][COPA 1934] [QUARTAS-DE-FINAL] [31/5] [Itália (1) x (1) Espanha] [Florence]
[107][COPA 1958] [QUARTAS-DE-FINAL] [19/6] [Brasil (1) x (0) País de Gales] [Gotemborg]
[108][COPA 1954] [GRUPO B] [20/6] [Turquia (7) x (0) Coreia do Sul] [Genebra]
[109][COPA 1994] [GRUPO C] [17/6] [Alemanha (1) x (0) Bolivia] [Chicago]
[110][COPA 1962] [GRUPO D] [7/6] [Bulgária (0) x (0) Inglaterra] [Rancagua]
[111][COPA 2018] [GRUPO B] [20/6] [Irã (0) x (1) Espanha] [Kazan Arena]
[112][COPA 1966] [GRUPO D] [19/7] [Coreia do Norte (1) x (0) Itália] [Middlesbrough]
[113][COPA 2006] [OITAVAS-DE-FINAL] [27/6] [Espanha (1) x (3) França] [Hannover]
[114][COPA 1978] [GRUPO D] [3/6] [Peru (3) x (1) Escócia] [Cordoba]
[115][COPA 1990] [GRUPO E] [13/6] [Espanha (0) x (0) Uruguai] [Udine]
[116][COPA 2006] [GRUPO E] [17/6] [Itália (1) x (1) Estados Unidos] [Kaiserslautern]
[117][COPA 1930] [GRUPO B] [17/7] [Iugoslávia (4) x (0) Bolivia] [Montevidéu]
[118][COPA 1982] [GRUPO E] [20/6] [Espanha (2) x (1) Iugoslávia] [Valência]
[119][COPA 2010] [GRUPO C] [13/6] [Argélia (0) x (1) Eslovênia] [Polokwane]
[120][COPA 1986] [QUARTAS-DE-FINAL] [22/6] [Bélgica (1) x (1) Espanha] [Puebla]
[121][COPA 2006] [GRUPO G] [19/6] [Togo (0) x (2) Suíça] [Dortmund]
[122][COPA 1978] [GRUPO C] [11/6] [Brasil (1) x (0) Áustria] [Mar del Plata]
[123][COPA 2002] [GRUPO D] [5/6] [Estados Unidos (3) x (2) Portugal] [Suwon]
[124][COPA 1958] [GRUPO B] [15/6] [França (2) x (1) Escócia] [Orebro]
[125][COPA 2006] [GRUPO G] [13/6] [Coreia do Sul (2) x (1) Togo] [Frankfurt]
[126][COPA 2014] [QUARTAS-DE-FINAL] [5/7] [Argentina (1) x (0) Bélgica] [Brasília]
[127][COPA 1998] [GRUPO D] [12/6] [Bulgária (0) x (0) Paraguai] [Montpellier]
[128][COPA 1958] [GRUPO A] [11/6] [Alemanha Ocidental (2) x (2) Tchecoslováquia] [Halsingborg]
[129][COPA 1934] [Disp. 3°. Lugar] [7/6] [Alemanha (3) x (2) Áustria] [Nápoli]
[130][COPA 1982] [SEGUNDA FASE - GRUPO 4] [28/6] [França (1) x (0) Áustria] [Madri]
[131][COPA 1986] [GRUPO E] [8/6] [Dinamarca (6) x (1) Uruguai] [Nezahualcoyotl]
[132][COPA 2006] [GRUPO B] [15/6] [Inglaterra (2) x (0) Trinidad e Tobago] [Nuremberg]
[133][COPA 1998] [OITAVAS-DE-FINAL] [27/6] [Brasil (4) x (1) Chile] [Paris]
[134][COPA 1962] [GRUPO C] [6/6] [Brasil (2) x (1) Espanha] [Viña del Mar]
[135][COPA 2014] [GRUPO H] [17/6] [Bélgica (2) x (1) Argélia] [Belo Horizonte]
[136][COPA 2010] [GRUPO G] [21/6] [Portugal (7) x (0) Coreia do Norte] [Cidade do Cabo]
[137][COPA 2006] [GRUPO E] [12/6] [Estados Unidos (0) x (3) República Tcheca] [Gelsenkirchen]
[138][COPA 2014] [GRUPO G] [22/6] [Estados Unidos (2) x (2) Portugal] [Manaus]
[139][COPA 1998] [GRUPO H] [20/6] [Croácia (1) x (0) Japão] [Nantes]
[140][COPA 2014] [GRUPO F] [25/6] [Bósnia e Herzegovna (3) x (1) Irã] [Salvador]
[141][COPA 2018] [GRUPO C] [21/6] [França (1) x (0) Peru] [Ekaterimburg Arena]
[142][COPA 2014] [GRUPO A] [23/6] [Croácia (1) x (3) México] [Recife]
[143][COPA 1986] [SEMIFINAL] [25/6] [Alemanha Ocidental (2) x (0) França] [Guadalajara]
[144][COPA 2014] [SEMIFINAL] [8/7] [Brasil (1) x (7) Alemanha] [Belo Horizonte]
[145][COPA 1998] [GRUPO A] [23/6] [Marrocos (3) x (0) Escócia] [Saint Etienne]
[146][COPA 2006] [GRUPO F] [13/6] [Brasil (1) x (0) Croácia] [Berlim]
[147][COPA 1966] [GRUPO A] [20/7] [Inglaterra (2) x (0) França] [Londres]
[148][COPA 2014] [GRUPO F] [21/6] [Nigéria (1) x (0) Bósnia e Herzegovna] [Cuiabá]
[149][COPA 2010] [GRUPO C] [12/6] [Inglaterra (1) x (1) Estados Unidos] [Rustemburgo]
[150][COPA 1994] [QUARTAS-DE-FINAL] [9/7] [Brasil (3) x (2) Holanda] [Dallas]
[151][COPA 1934] [QUARTAS-DE-FINAL] [31/5] [Áustria (2) x (1) Hungria] [Bologna]
[152][COPA 1994] [SEMIFINAL] [13/7] [Itália (2) x (1) Bulgária] [New York]
[153][COPA 1978] [GRUPO B] [6/6] [Alemanha Ocidental (6) x (0) México] [Cordoba]
[154][COPA 2010] [GRUPO B] [12/6] [Coreia do Sul (2) x (0) Grécia] [Porto Elizabeth]
[155][COPA 1998] [GRUPO F] [21/6] [Alemanha (2) x (2) Iugoslávia] [Lens]
[156][COPA 2010] [OITAVAS-DE-FINAL] [27/6] [Argentina (3) x (1) México] [Joanesburgo]
[157][COPA 1966] [GRUPO D] [20/7] [União Soviética (2) x (1) Chile] [Sunderland]
[158][COPA 1982] [GRUPO E] [24/6] [Iugoslávia (1) x (0) Honduras] [Zaragoza]
[159][COPA 1994] [GRUPO F] [20/6] [Holanda (2) x (1) Arábia Saudita] [Washington DC]
[160][COPA 1958] [GRUPO B] [11/6] [Iugoslávia (3) x (2) França] [Vasteraas]
[161][COPA 1950] [GRUPO D] [2/7] [Uruguai (8) x (0) Bolivia] [Belo Horizonte]
[162][COPA 1978] [GRUPO B] [10/6] [Polônia (3) x (1) México] [Rosario]
[163][COPA 1938] [OITAVAS-DE-FINAL] [9/6] [Suíça (4) x (2) Alemanha] [Paris]
[164][COPA 1954] [GRUPO D] [17/6] [Inglaterra (4) x (4) Bélgica] [Basel]
[165][COPA 1998] [SEMIFINAL] [7/7] [Brasil (1) x (1) Holanda] [Marseille]
[166][COPA 1994] [GRUPO F] [25/6] [Bélgica (1) x (0) Holanda] [Orlando]
[167][COPA 1994] [GRUPO E] [23/6] [Itália (1) x (0) Noruega] [New York]
[168][COPA 1970] [GRUPO A] [3/6] [Bélgica (3) x (0) El Salvador] [Cidade do México]
[169][COPA 1990] [GRUPO A] [9/6] [Itália (1) x (0) Áustria] [Roma]
[170][COPA 2014] [GRUPO A] [13/6] [México (1) x (0) Camarões] [Natal]
[171][COPA 1974] [GRUPO A] [14/6] [Alemanha Oriental (2) x (0) Austrália] [Hamburgo]
[172][COPA 1986] [QUARTAS-DE-FINAL] [21/6] [Alemanha Ocidental (0) x (0) México] [Monterrey]
[173][COPA 1978] [GRUPO C] [3/6] [Brasil (1) x (1) Suécia] [Mar del Plata]
[174][COPA 1998] [GRUPO G] [22/6] [Colômbia (1) x (0) Tunísia] [Montpellier]
[175][COPA 1982] [GRUPO F] [22/6] [Escócia (2) x (2) União Soviética] [Málaga]
[176][COPA 1974] [GRUPO D] [19/6] [Argentina (1) x (1) Itália] [Stuttgart]
[177][COPA 2010] [GRUPO G] [15/6] [Brasil (2) x (1) Coreia do Norte] [Joanesburgo]
[178][COPA 1962] [GRUPO C] [30/5] [Brasil (2) x (0) México] [Viña del Mar]
[179][COPA 2002] [QUARTAS-DE-FINAL] [22/6] [Turquia (1) x (0) Senegal] [Osaka]
[180][COPA 1958] [FINAL] [29/6] [Brasil (5) x (2) Suécia] [Solna]
[181][COPA 1990] [QUARTAS-DE-FINAL] [1/7] [Inglaterra (3) x (2) Camarões] [Napoli]
[182][COPA 2002] [GRUPO B] [12/6] [Paraguai (3) x (1) Eslovênia] [Seogwipo]
[183][COPA 1938] [OITAVAS-DE-FINAL] [5/6] [Brasil (6) x (5) Polônia] [Strasbourg]
[184][COPA 2018] [GRUPO B] [25/6] [Irã (1) x (1) Portugal] [Mordovia Arena]
[185][COPA 1994] [GRUPO E] [28/6] [Itália (1) x (1) México] [Washington DC]
[186][COPA 2002] [GRUPO D] [14/6] [Coreia do Sul (1) x (0) Portugal] [Incheon]
[187][COPA 2018] [GRUPO E] [17/6] [Brasil (1) x (1) Suiça] [Samara Arena]
[188][COPA 1938] [OITAVAS-DE-FINAL] [4/6] [Suíça (1) x (1) Alemanha] [Paris]
[189][COPA 2018] [QUARTAS-DE-FINAL] [7/7] [Rússia (3) x (4) Croácia] [Fisht Stadium]
[190][COPA 1966] [GRUPO C] [20/7] [Hungria (3) x (1) Bulgária] [Manchester]
[191][COPA 1978] [GRUPO A] [2/6] [Argentina (2) x (1) Hungria] [Buenos Aires]
[192][COPA 2014] [GRUPO F] [15/6] [Argentina (2) x (1) Bósnia e Herzegovna] [Rio de Janeiro]
[193][COPA 1950] [GRUPO C] [2/7] [Itália (2) x (0) Paraguai] [São Paulo]
[194][COPA 2006] [GRUPO C] [16/6] [Holanda (2) x (1) Costa do Marfim] [Stuttgart]
[195][COPA 2002] [OITAVAS-DE-FINAL] [18/6] [Coreia do Sul (2) x (1) Itália] [Daejeon]
[196][COPA 1982] [SEGUNDA FASE - GRUPO 2] [29/6] [Inglaterra (0) x (0) Alemanha Ocidental] [Madri]
[197][COPA 1974] [SEGUNDA FASE - GRUPO 2] [30/6] [Polônia (2) x (1) Iugoslávia] [Frankfurt]
[198][COPA 2010] [GRUPO E] [19/6] [Camarões (1) x (2) Dinamarca] [Pretória]
[199][COPA 1994] [GRUPO B] [24/6] [Suécia (3) x (1) Rússia] [Detroit]
[200][COPA 1994] [FINAL] [17/7] [Brasil (0) x (0) Itália] [Los Angeles]
[201][COPA 1966] [GRUPO C] [13/7] [Portugal (3) x (1) Hungria] [Manchester]
[202][COPA 1982] [GRUPO C] [13/6] [Bélgica (1) x (0) Argentina] [Barcelona]
[203][COPA 1938] [QUARTAS-DE-FINAL] [12/6] [Suécia (8) x (0) Cuba] [Antibes]
[204][COPA 1982] [GRUPO D] [25/6] [Inglaterra (1) x (0) Kuwait] [Bilbau]
[205][COPA 2018] [FINAL] [15/7] [França (4) x (2) Croácia] [Luzhnik Stadium]
[206][COPA 1930] [GRUPO A] [19/7] [França (0) x (1) Chile] [Montevidéu]
[207][COPA 1986] [OITAVAS-DE-FINAL] [16/6] [Brasil (4) x (0) Polônia] [Guadalajara]
[208][COPA 1930] [GRUPO A] [19/7] [Argentina (6) x (3) México] [Montevidéu]
[209][COPA 1954] [GRUPO A] [16/6] [Brasil (5) x (0) México] [Genebra]
[210][COPA 2006] [GRUPO D] [11/6] [Angola (0) x (1) Portugal] [Colônia]
[211][COPA 1966] [GRUPO D] [15/7] [Chile (1) x (1) Coreia do Norte] [Middlesbrough]
[212][COPA 1974] [GRUPO D] [23/6] [Polônia (2) x (1) Itália] [Stuttgart]
[213][COPA 1970] [GRUPO B] [10/6] [Suécia (1) x (0) Uruguai] [Puebla]
[214][COPA 1986] [GRUPO B] [4/6] [Paraguai (1) x (0) Iraque] [Toluca]
[215][COPA 1994] [GRUPO C] [27/6] [Espanha (3) x (1) Bolivia] [Chicago]
[216][COPA 1970] [GRUPO C] [10/6] [Brasil (3) x (2) Romênia] [Guadalajara]
[217][COPA 1934] [OITAVAS-DE-FINAL] [27/5] [Áustria (3) x (2) França] [Turim]
[218][COPA 1966] [QUARTAS-DE-FINAL] [23/7] [Inglaterra (1) x (0) Argentina] [Londres]
[219][COPA 1974] [GRUPO B] [22/6] [Escócia (1) x (1) Iugoslávia] [Frankfurt]
[220][COPA 1986] [GRUPO A] [10/6] [Argentina (2) x (0) Bulgária] [Cidade do México]
[221][COPA 2014] [GRUPO H] [22/6] [Bélgica (1) x (0) Rússia] [Rio de Janeiro]
[222][COPA 2002] [GRUPO C] [3/6] [Brasil (2) x (1) Turquia] [Ulsan]
[223][COPA 1986] [GRUPO A] [2/6] [Argentina (3) x (1) Coreia do Sul] [Cidade do México]
[224][COPA 2018] [GRUPO F] [17/6] [Alemanha (0) x (1) México] [Luzhniki Stadium]
[225][COPA 1982] [GRUPO E] [25/6] [Irlanda do Norte (1) x (0) Espanha] [Valência]
[226][COPA 1986] [GRUPO F] [11/6] [Marrocos (3) x (1) Portugal] [Monterrey]
[227][COPA 1958] [GRUPO A] [15/6] [Alemanha Ocidental (2) x (2) Irlanda do Norte] [Malmoe]
[228][COPA 1990] [GRUPO C] [11/6] [Costa Rica (1) x (0) Escócia] [Genoa]
[229][COPA 1990] [GRUPO F] [12/6] [Egito (1) x (1) Holanda] [Palermo]
[230][COPA 1978] [SEGUNDA FASE - GRUPO 2] [21/6] [Brasil (3) x (1) Polônia] [Mendoza]
[231][COPA 1982] [GRUPO D] [24/6] [Tchecoslováquia (1) x (1) França] [Valladolid]
[232][COPA 1990] [QUARTAS-DE-FINAL] [1/7] [Alemanha Ocidental (1) x (0) Tchecoslováquia] [Milão]
[233][COPA 2018] [DISPUTA 3° LUGAR] [14/7] [Belgica (2) x (0) Inglaterra] [Saint Petersburg Stadium]
[234][COPA 1986] [OITAVAS-DE-FINAL] [17/6] [França (2) x (0) Itália] [Cidade do México]
[235][COPA 2014] [GRUPO C] [19/6] [Japão (0) x (0) Grécia] [Natal]
[236][COPA 2014] [QUARTAS-DE-FINAL] [4/7] [Brasil (2) x (1) Colômbia] [Fortaleza]
[237][COPA 2002] [GRUPO A] [1/6] [Uruguai (1) x (2) Dinamarca] [Ulsan]
[238][COPA 1998] [GRUPO E] [20/6] [Holanda (5) x (0) Coreia do Sul] [Marseille]
[239][COPA 2018] [OITAVAS-DE-FINAL] [1/7] [Espanha (3) x (4) Rússia] [Luzhnik Stadium]
[240][COPA 2002] [FINAL] [30/6] [Brasil (2) x (0) Alemanha] [Yokohama]
[241][COPA 1998] [GRUPO A] [10/6] [Brasil (2) x (1) Escócia] [St. Denis]
[242][COPA 2002] [GRUPO H] [5/6] [Rússia (2) x (0) Tunísia] [Kobe]
[243][COPA 1974] [Disp. 3°. Lugar] [6/7] [Polônia (1) x (0) Brasil] [Berlim]
[244][COPA 2006] [GRUPO G] [18/6] [França (1) x (1) Coreia do Sul] [Leipzig]
[245][COPA 2018] [GRUPO D] [16/6] [Croácia (2) x (0) Nigéria] [Kaliningrad Stadium]
[246][COPA 2006] [OITAVAS-DE-FINAL] [26/6] [Itália (1) x (0) Austrália] [Kaiserslautern]
[247][COPA 2006] [GRUPO H] [23/6] [Ucrânia (1) x (0) Tunísia] [Berlim]
[248][COPA 1990] [GRUPO B] [9/6] [Romênia (2) x (0) União Soviética] [Bari]
[249][COPA 1958] [GRUPO C] [17/6] [País de Gales (2) x (1) Hungria] [Malmoe]
[250][COPA 2002] [GRUPO A] [31/5] [França (0) x (1) Senegal] [Seoul]
[251][COPA 1966] [GRUPO A] [15/7] [Uruguai (2) x (1) França] [Londres]
[252][COPA 2014] [QUARTAS-DE-FINAL] [4/7] [França (0) x (1) Alemanha] [Rio de Janeiro]
[253][COPA 1990] [QUARTAS-DE-FINAL] [30/6] [Itália (1) x (0) Irlanda] [Roma]
[254][COPA 1954] [QUARTAS-DE-FINAL] [27/6] [Alemanha Ocidental (2) x (0) Iugoslávia] [Genebra]
[255][COPA 2006] [GRUPO D] [21/6] [Portugal (2) x (1) México] [Gelsenkirchen]
[256][COPA 1974] [SEGUNDA FASE - GRUPO 2] [30/6] [Alemanha Ocidental (4) x (2) Suécia] [Colônia]
[257][COPA 2010] [GRUPO A] [17/6] [França (0) x (2) México] [Polokwane]
[258][COPA 1982] [GRUPO C] [15/6] [Hungria (10) x (1) El Salvador] [Elche]
[259][COPA 1994] [GRUPO F] [25/6] [Arábia Saudita (2) x (1) Marrocos] [New York]
[260][COPA 2018] [GRUPO E] [22/6] [Brasil (2) x (0) Costa Rica] [Kaliningrad Stadium]
[261][COPA 2014] [GRUPO A] [18/6] [Camarões (0) x (4) Croácia] [Manaus]
[262][COPA 2006] [SEMIFINAL] [5/7] [Portugal (0) x (1) França] [Munique]
[263][COPA 1938] [OITAVAS-DE-FINAL] [5/6] [Cuba (3) x (3) Romênia] [Toulouse]
[264][COPA 2006] [GRUPO E] [22/6] [República Tcheca (0) x (2) Itália] [Hamburgo]
[265][COPA 2010] [QUARTAS-DE-FINAL] [2/7] [Holanda (2) x (1) Brasil] [Porto Elizabeth]
[266][COPA 1986] [GRUPO A] [5/6] [Bulgária (1) x (1) Coreia do Sul] [Cidade do México]
[267][COPA 2010] [GRUPO A] [16/6] [África do Sul (0) x (3) Uruguai] [Pretória]
[268][COPA 1986] [FINAL] [29/6] [Argentina (3) x (2) Alemanha Ocidental] [Cidade do México]
[269][COPA 2014] [OITAVAS-DE-FINAL] [29/6] [Costa Rica (1) x (1) Grécia] [Recife]
[270][COPA 2018] [GRUPO G] [24/6] [Inglaterra (6) x (1) Panamá] [Nizhny Novgorod Stadium]
[271][COPA 1930] [GRUPO D] [17/7] [Estados Unidos (3) x (0) Paraguai] [Montevidéu]
[272][COPA 1930] [GRUPO A] [22/7] [Argentina (3) x (1) Chile] [Montevidéu]
[273][COPA 1978] [SEGUNDA FASE - GRUPO 1] [14/6] [Itália (0) x (0) Alemanha Ocidental] [Buenos Aires]
[274][COPA 1970] [GRUPO B] [11/6] [Itália (0) x (0) Israel] [Toluca]
[275][COPA 1998] [GRUPO G] [15/6] [Inglaterra (2) x (0) Tunísia] [Marseilles]
[276][COPA 1982] [GRUPO F] [15/6] [Escócia (5) x (2) Nova Zelândia] [Málaga]
[277][COPA 2018] [OITAVAS-DE-FINAL] [2/7] [Brasil (2) x (0) México] [Samara Arena]
[278][COPA 1970] [GRUPO C] [6/6] [Romênia (2) x (1) Tchecoslováquia] [Guadalajara]
[279][COPA 1990] [GRUPO F] [17/6] [Egito (0) x (0) Irlanda] [Palermo]
[280][COPA 2010] [GRUPO C] [18/6] [Inglaterra (0) x (0) Argélia] [Cidade do Cabo]
[281][COPA 2014] [GRUPO E] [25/6] [Honduras (0) x (3) Suíça] [Manaus]
[282][COPA 1990] [OITAVAS-DE-FINAL] [25/6] [Itália (2) x (0) Uruguai] [Roma]
[283][COPA 1970] [QUARTAS-DE-FINAL] [14/6] [Itália (4) x (1) México] [Toluca]
[284][COPA 1966] [GRUPO C] [12/7] [Brasil (2) x (0) Bulgária] [Liverpool]
[285][COPA 2002] [GRUPO G] [13/6] [México (1) x (1) Itália] [Oita]
[286][COPA 1990] [GRUPO D] [15/6] [Alemanha Ocidental (5) x (1) Emirados Arabes] [Milão]
[287][COPA 2006] [GRUPO H] [14/6] [Espanha (4) x (0) Ucrânia] [Leipzig]
[288][COPA 1970] [GRUPO C] [2/6] [Inglaterra (1) x (0) Romênia] [Guadalajara]
[289][COPA 1974] [GRUPO A] [14/6] [Alemanha Ocidental (1) x (0) Chile] [Berlim]
[290][COPA 2014] [GRUPO A] [23/6] [Camarões (1) x (4) Brasil] [Brasília]
[291][COPA 1974] [GRUPO D] [23/6] [Argentina (4) x (1) Haiti] [Berlim]
[292][COPA 2014] [GRUPO D] [19/6] [Uruguai (2) x (1) Inglaterra] [São Paulo]
[293][COPA 1982] [GRUPO A] [23/6] [Itália (1) x (1) Camarões] [Vigo]
[294][COPA 2006] [FINAL] [9/7] [Itália (1) x (1) França] [Berlim]
[295][COPA 2006] [GRUPO B] [20/6] [Suécia (2) x (2) Inglaterra] [Colônia]
[296][COPA 1938] [OITAVAS-DE-FINAL] [5/6] [Hungria (6) x (0) Indonésia] [Reims]
[297][COPA 1986] [GRUPO A] [5/6] [Argentina (1) x (1) Itália] [Puebla]
[298][COPA 1934] [OITAVAS-DE-FINAL] [27/5] [Suécia (3) x (2) Argentina] [Milão]
[299][COPA 1966] [Disp. 3°. Lugar] [28/7] [Portugal (2) x (1) União Soviética] [Londres]
[300][COPA 2018] [SEMIFINAL] [10/7] [França (1) x (0) Bélgica] [Saint Petersburg Stadium]
[301][COPA 1994] [SEMIFINAL] [13/7] [Brasil (1) x (0) Suécia] [Los Angeles]
[302][COPA 1994] [GRUPO E] [28/6] [Irlanda (0) x (0) Noruega] [Boston]
[303][COPA 2014] [GRUPO E] [20/6] [Honduras (1) x (2) Equador] [Curitiba]
[304][COPA 2010] [GRUPO E] [14/6] [Holanda (2) x (0) Dinamarca] [Joanesburgo]
[305][COPA 1986] [GRUPO F] [2/6] [Marrocos (0) x (0) Polônia] [Monterrey]
[306][COPA 2010] [GRUPO D] [13/6] [Sérvia (0) x (1) Gana] [Pretória]
[307][COPA 1958] [GRUPO A] [8/6] [Alemanha Ocidental (3) x (1) Argentina] [Malmoe]
[308][COPA 1954] [GRUPO D] [17/6] [Suíça (2) x (1) Itália] [Lausanne]
[309][COPA 1998] [GRUPO D] [19/6] [Nigéria (1) x (0) Bulgária] [Paris]
[310][COPA 2014] [GRUPO G] [16/6] [Gana (1) x (2) Estados Unidos] [Natal]
[311][COPA 1962] [GRUPO B] [7/6] [Itália (3) x (0) Suíça] [Santiago]
[312][COPA 1938] [QUARTAS-DE-FINAL] [12/6] [Brasil (1) x (1) Tchecoslováquia] [Bordeaux]
[313][COPA 1958] [GRUPO C] [15/6] [Suécia (0) x (0) País de Gales] [Solna]
[314][COPA 1986] [GRUPO C] [9/6] [França (3) x (0) Hungria] [Leon]
[315][COPA 1986] [SEMIFINAL] [25/6] [Argentina (2) x (0) Bélgica] [Cidade do México]
[316][COPA 1950] [FASE FINAL] [3/7] [Brasil (7) x (1) Suécia] [Rio de Janeiro]
[317][COPA 2002] [GRUPO G] [9/6] [México (2) x (1) Equador] [Miyagi]
[318][COPA 1974] [GRUPO A] [22/6] [Alemanha Oriental (1) x (0) Alemanha Ocidental] [Hamburgo]
[319][COPA 2002] [GRUPO A] [11/6] [Dinamarca (2) x (0) França] [Incheon]
[320][COPA 1998] [GRUPO F] [15/6] [Alemanha (2) x (0) Estados Unidos] [Paris]
[321][COPA 1962] [GRUPO A] [7/6] [Iugoslávia (5) x (0) Colômbia] [Arica]
[322][COPA 1962] [GRUPO D] [2/6] [Inglaterra (3) x (1) Argentina] [Rancagua]
[323][COPA 1974] [GRUPO A] [18/6] [Alemanha Oriental (1) x (1) Chile] [Berlim]
[324][COPA 1966] [GRUPO C] [16/7] [Portugal (3) x (0) Bulgária] [Manchester]
[325][COPA 2014] [QUARTAS-DE-FINAL] [5/7] [Holanda (0) x (0) Costa Rica] [Salvador]
[326][COPA 2002] [GRUPO D] [10/6] [Coreia do Sul (1) x (1) Estados Unidos] [Daegu]
[327][COPA 2014] [GRUPO E] [20/6] [Suíça (2) x (5) França] [Salvador]
[328][COPA 2010] [SEMIFINAL] [6/7] [Uruguai (2) x (3) Holanda] [Cidade do Cabo]
[329][COPA 2014] [GRUPO D] [24/6] [Itália (0) x (1) Uruguai] [Natal]
[330][COPA 2010] [GRUPO F] [24/6] [Eslováquia (3) x (2) Itália] [Joanesburgo]
[331][COPA 2014] [OITAVAS-DE-FINAL] [28/6] [Colômbia (2) x (0) Uruguai] [Rio de Janeiro]
[332][COPA 1954] [QUARTAS-DE-FINAL] [27/6] [Hungria (4) x (2) Brasil] [Berna]
[333][COPA 1994] [GRUPO C] [23/6] [Bolivia (0) x (0) Coreia do Sul] [Boston]
[334][COPA 1994] [GRUPO A] [22/6] [Suíça (4) x (1) Romênia] [Roma]
[335][COPA 1950] [GRUPO A] [24/6] [Brasil (4) x (0) México] [Rio de Janeiro]
[336][COPA 1994] [GRUPO F] [29/6] [Holanda (2) x (1) Marrocos] [Orlando]
[337][COPA 1974] [SEGUNDA FASE - GRUPO 1] [30/6] [Holanda (2) x (0) Alemanha Oriental] [Gelsenkirchen]
[338][COPA 1998] [SEMIFINAL] [8/7] [França (2) x (1) Croácia] [St. Denis]
[339][COPA 1974] [GRUPO B] [22/6] [Brasil (3) x (0) Zaire] [Gelsenkirchen]
[340][COPA 1970] [GRUPO A] [10/6] [União Soviética (2) x (0) El Salvador] [Cidade do México]
[341][COPA 2018] [GRUPO C] [16/6] [França (2) x (1) Australia] [Kazan Arena]
[342][COPA 2018] [GRUPO B] [15/6] [Marrocos (0) x (1) Irã] [Saint Petersburg Stadium]
[343][COPA 2006] [GRUPO H] [23/6] [Arábia Saudita (0) x (1) Espanha] [Kaiserslautern]
[344][COPA 2002] [SEMIFINAL] [26/6] [Brasil (1) x (0) Turquia] [Saitama]
[345][COPA 1998] [GRUPO G] [15/6] [Romênia (1) x (0) Colômbia] [Lyon]
[346][COPA 1962] [GRUPO C] [7/6] [México (3) x (1) Tchecoslováquia] [Viña del Mar]
[347][COPA 1958] [GRUPO A] [17/6] [Irlanda do Norte (2) x (1) Tchecoslováquia] [Malmoe]
[348][COPA 2006] [QUARTAS-DE-FINAL] [30/6] [Alemanha (1) x (1) Argentina] [Berlim]
[349][COPA 1998] [GRUPO D] [13/6] [Nigéria (3) x (2) Espanha] [Nantes]
[350][COPA 2002] [Disp. 3°. Lugar] [29/6] [Turquia (3) x (2) Coreia do Sul] [Daegu]
[351][COPA 1998] [OITAVAS-DE-FINAL] [27/6] [Itália (1) x (0) Noruega] [Marseille]
[352][COPA 2006] [QUARTAS-DE-FINAL] [30/6] [Itália (3) x (0) Ucrânia] [Hamburgo]
[353][COPA 2010] [GRUPO E] [14/6] [Japão (1) x (0) Camarões] [Bloemfontein]
[354][COPA 1998] [OITAVAS-DE-FINAL] [28/6] [Dinamarca (4) x (1) Nigéria] [St. Denis]
[355][COPA 1970] [FINAL] [21/6] [Brasil (4) x (1) Itália] [Cidade do México]
[356][COPA 1982] [GRUPO F] [19/6] [União Soviética (3) x (0) Nova Zelândia] [Málaga]
[357][COPA 2002] [GRUPO H] [14/6] [Bélgica (3) x (2) Rússia] [Shizuoka]
[358][COPA 2002] [GRUPO F] [2/6] [Argentina (1) x (0) Nigéria] [Ibaraki]
[359][COPA 1954] [FINAL] [4/7] [Alemanha Ocidental (3) x (2) Hungria] [Zurique]
[360][COPA 1994] [OITAVAS-DE-FINAL] [4/7] [Brasil (1) x (0) Estados Unidos] [San Francisco]
[361][COPA 1994] [OITAVAS-DE-FINAL] [2/7] [Alemanha (3) x (2) Bélgica] [Chicago]
[362][COPA 1982] [SEGUNDA FASE - GRUPO 2] [2/7] [Alemanha Ocidental (2) x (1) Espanha] [Madri]
[363][COPA 1994] [OITAVAS-DE-FINAL] [3/7] [Suécia (3) x (1) Arábia Saudita] [Dallas]
[364][COPA 2010] [GRUPO G] [20/6] [Brasil (3) x (1) Costa do Marfim] [Joanesburgo]
[365][COPA 1970] [GRUPO D] [7/6] [Alemanha Ocidental (5) x (2) Bulgária] [León]
[366][COPA 1994] [GRUPO C] [17/6] [Coreia do Sul (2) x (2) Espanha] [Dallas]
[367][COPA 2018] [GRUPO C] [16/6] [Peru (0) x (1) Dinamarca] [Mordovia Arena]
[368][COPA 2014] [GRUPO B] [23/6] [Austrália (0) x (3) Espanha] [Curitiba]
[369][COPA 1958] [GRUPO C] [15/6] [Hungria (4) x (0) México] [Sandviken]
[370][COPA 2006] [Disp. 3°. Lugar] [8/7] [Alemanha (3) x (1) Portugal] [Stuttgart]
[371][COPA 2014] [FINAL] [13/7] [Alemanha (1) x (0) Argentina] [Rio de Janeiro]
[372][COPA 1982] [GRUPO B] [17/6] [Áustria (1) x (0) Chile] [Oviedo]
[373][COPA 2018] [GRUPO H] [24/6] [Polonia (0) x (3) Colombia] [Kazan Arena]
[374][COPA 1982] [GRUPO E] [16/6] [Honduras (1) x (1) Espanha] [Valência]
[375][COPA 1930] [GRUPO B] [14/7] [Iugoslávia (2) x (1) Brasil] [Montevidéu]
[376][COPA 2014] [GRUPO H] [17/6] [Rússia (1) x (1) Coreia do Sul] [Cuiabá]
[377][COPA 1990] [GRUPO E] [17/6] [Bélgica (3) x (1) Uruguai] [Verona]
[378][COPA 1954] [GRUPO D] [23/6] [Suíça (4) x (1) Itália] [Basel]
[379][COPA 2010] [GRUPO B] [17/6] [Grécia (2) x (1) Nigéria] [Bloemfontein]
[380][COPA 1930] [GRUPO B] [20/7] [Brasil (4) x (0) Bolivia] [Montevidéu]
[381][COPA 2002] [GRUPO F] [12/6] [Inglaterra (0) x (0) Nigéria] [Osaka]
[382][COPA 2010] [GRUPO B] [17/6] [Argentina (4) x (1) Coreia do Sul] [Joanesburgo]
[383][COPA 2014] [GRUPO D] [14/6] [Inglaterra (1) x (2) Itália] [Manaus]
[384][COPA 2018] [OITAVAS-DE-FINAL] [1/7] [Croácia (3) x (2) Dinamarca] [Nizhny Novgorod Stadium]
[385][COPA 1966] [GRUPO B] [16/7] [Argentina (0) x (0) Alemanha Ocidental] [Birmingham]
[386][COPA 2006] [GRUPO A] [14/6] [Alemanha (1) x (0) Polônia] [Dortmund]
[387][COPA 2006] [GRUPO F] [22/6] [Croácia (2) x (2) Austrália] [Stuttgart]
[388][COPA 2010] [GRUPO H] [25/6] [Chile (1) x (2) Espanha] [Pretória]
[389][COPA 1966] [QUARTAS-DE-FINAL] [23/7] [Portugal (5) x (3) Coreia do Norte] [Liverpool]
[390][COPA 2018] [GRUPO E] [22/6] [Sérvia (1) x (2) Suiça] [Saint Petersburg Stadium]
[391][COPA 1982] [GRUPO C] [19/6] [Bélgica (1) x (0) El Salvador] [Elche]
[392][COPA 1986] [GRUPO B] [7/6] [México (1) x (1) Paraguai] [Cidade do México]
[393][COPA 1998] [GRUPO G] [26/6] [Romênia (1) x (1) Tunísia] [St. Denis]
[394][COPA 2010] [GRUPO H] [16/6] [Espanha (0) x (1) Suíça] [Durban]
[395][COPA 2002] [GRUPO E] [5/6] [Alemanha (1) x (1) Irlanda] [Ibaraki]
[396][COPA 2006] [GRUPO B] [10/6] [Trinidad e Tobago (0) x (0) Suécia] [Dortmund]
[397][COPA 1966] [QUARTAS-DE-FINAL] [23/7] [Alemanha Ocidental (4) x (0) Uruguai] [Sheffield]
[398][COPA 1998] [GRUPO E] [13/6] [México (3) x (1) Coreia do Sul] [Lens]
[399][COPA 1974] [SEGUNDA FASE - GRUPO 2] [26/6] [Polônia (1) x (0) Suécia] [Stuttgart]
[400][COPA 1974] [GRUPO C] [23/6] [Holanda (4) x (1) Bulgária] [Dortmund]
[401][COPA 1970] [GRUPO A] [31/5] [México (0) x (0) União Soviética] [Cidade do México]
[402][COPA 2018] [QUARTAS-DE-FINAL] [6/7] [Brasil (1) x (2) Bélgica] [Kazan Arena]
[403][COPA 2006] [GRUPO A] [9/6] [Polônia (0) x (2) Equador] [Gelsenkirchen]
[404][COPA 1986] [GRUPO E] [13/6] [Escócia (0) x (0) Uruguai] [Nezahualcoyotl]
[405][COPA 2014] [GRUPO D] [20/6] [Itália (0) x (1) Costa Rica] [Recife]
[406][COPA 1990] [FINAL] [8/7] [Alemanha Ocidental (1) x (0) Argentina] [Roma]
[407][COPA 2006] [GRUPO D] [11/6] [México (3) x (1) Irã] [Nuremberg]
[408][COPA 1986] [OITAVAS-DE-FINAL] [15/6] [México (2) x (0) Bulgária] [Cidade do México]
[409][COPA 2002] [GRUPO F] [12/6] [Suécia (1) x (1) Argentina] [Miyagi]
[410][COPA 1986] [QUARTAS-DE-FINAL] [22/6] [Argentina (2) x (1) Inglaterra] [Cidade do México]
[411][COPA 2014] [GRUPO G] [26/6] [Portugal (2) x (1) Gana] [Brasília]
[412][COPA 2002] [GRUPO E] [1/6] [Irlanda (1) x (1) Camarões] [Niigata]
[413][COPA 1950] [GRUPO A] [1/7] [Brasil (2) x (0) Iugoslávia] [Rio de Janeiro]
[414][COPA 1986] [GRUPO E] [8/6] [Alemanha Ocidental (2) x (1) Escócia] [Queretaro]
[415][COPA 1970] [GRUPO D] [2/6] [Peru (3) x (2) Bulgária] [León]
[416][COPA 2018] [GRUPO G] [28/6] [Inglaterra (0) x (1) Belgica] [Kaliningrad Stadium]
[417][COPA 2002] [OITAVAS-DE-FINAL] [15/6] [Alemanha (1) x (0) Paraguai] [Seogwipo]
[418][COPA 1986] [GRUPO D] [3/6] [Argélia (1) x (1) Irlanda do Norte] [Guadalajara]
[419][COPA 1958] [SEMIFINAL] [24/6] [Brasil (5) x (2) França] [Solna]
[420][COPA 2018] [GRUPO D] [21/6] [Argentina (0) x (3) Croácia] [Nizhny Novgorod Stadium]
[421][COPA 1990] [GRUPO B] [18/6] [Argentina (1) x (1) Romênia] [Napoli]
[422][COPA 2010] [GRUPO F] [24/6] [Paraguai (0) x (0) Nova Zelândia] [Polokwane]
[423][COPA 2018] [GRUPO A] [14/6] [Russia (5) x (0) Arábia Saudita] [Luzhnik Stadium]
[424][COPA 1970] [Disp. 3°. Lugar] [20/6] [Alemanha Ocidental (1) x (0) Uruguai] [Cidade do México]
[425][COPA 2018] [GRUPO H] [28/6] [Japão (0) x (1) Polônia] [Samara Arena]
[426][COPA 1990] [GRUPO F] [11/6] [Inglaterra (1) x (1) Irlanda] [Cagliari]
[427][COPA 2006] [OITAVAS-DE-FINAL] [25/6] [Inglaterra (1) x (0) Equador] [Stuttgart]
[428][COPA 1978] [GRUPO C] [7/6] [Brasil (0) x (0) Espanha] [Mar del Plata]
[429][COPA 1982] [GRUPO A] [22/6] [Polônia (5) x (1) Peru] [Corunha]
[430][COPA 1950] [GRUPO A] [25/6] [Iugoslávia (3) x (0) Suíça] [Belo Horizonte]
[431][COPA 1998] [GRUPO F] [21/6] [Irã (2) x (1) Estados Unidos] [Lyon]
[432][COPA 1982] [Disp. 3°. Lugar] [10/7] [Polônia (3) x (2) França] [Alicante]
[433][COPA 2018] [SEMIFINAL] [11/7] [Croácia (2) x (1) Inglaterra] [Luzhnik Stadium]
[434][COPA 2010] [Disp. 3°. Lugar] [10/7] [Uruguai (2) x (3) Alemanha] [Porto Elizabeth]
[435][COPA 1966] [GRUPO B] [12/7] [Alemanha Ocidental (5) x (0) Suíça] [Sheffield]
[436][COPA 2018] [GRUPO E] [27/6] [Suíça (2) x (2) Cista Rica] [Nizhny Novgorod Stadium]
[437][COPA 2002] [GRUPO C] [4/6] [Costa Rica (2) x (0) China] [Gwangju]
[438][COPA 2010] [OITAVAS-DE-FINAL] [29/6] [Espanha (1) x (0) Portugal] [Cidade do Cabo]
[439][COPA 1958] [GRUPO C] [11/6] [México (1) x (1) País de Gales] [Solna]
[440][COPA 1930] [GRUPO C] [14/7] [Romênia (3) x (1) Peru] [Montevidéu]
[441][COPA 1998] [GRUPO D] [24/6] [Espanha (6) x (1) Bulgária] [Lens]
[442][COPA 2010] [GRUPO B] [22/6] [Nigéria (2) x (2) Coreia do Sul] [Durban]
[443][COPA 2014] [GRUPO G] [21/6] [Alemanha (2) x (2) Gana] [Fortaleza]
[444][COPA 1962] [GRUPO A] [6/6] [União Soviética (2) x (1) Uruguai] [Arica]
[445][COPA 2010] [GRUPO G] [25/6] [Coreia do Norte (0) x (3) Costa do Marfim] [Nelspruit]
[446][COPA 2002] [GRUPO F] [7/6] [Suécia (2) x (1) Nigéria] [Kobe]
[447][COPA 2010] [GRUPO H] [21/6] [Chile (1) x (0) Suíça] [Porto Elizabeth]
[448][COPA 2014] [OITAVAS-DE-FINAL] [1/7] [Argentina (1) x (0) Suíça] [São Paulo]
[449][COPA 1998] [GRUPO B] [11/6] [Áustria (1) x (1) Camarões] [Toulouse]
[450][COPA 1966] [GRUPO B] [20/7] [Alemanha Ocidental (2) x (1) Espanha] [Birmingham]
[451][COPA 2010] [FINAL] [11/7] [Holanda (0) x (1) Espanha] [Joanesburgo]
[452][COPA 1954] [GRUPO D] [20/6] [Inglaterra (2) x (0) Suíça] [Berna]
[453][COPA 1958] [GRUPO B] [11/6] [Paraguai (3) x (2) Escócia] [Norrkoping]
[454][COPA 2010] [OITAVAS-DE-FINAL] [29/6] [Paraguai (0) x (0) Japão] [Pretória]
[455][COPA 2018] [GRUPO B] [20/6] [Portugal (1) x (0) Marrocos] [Luzhnik Stadium]
[456][COPA 2006] [GRUPO A] [20/6] [Costa Rica (1) x (2) Polônia] [Hannover]
[457][COPA 1962] [GRUPO C] [2/6] [Brasil (0) x (0) Tchecoslováquia] [Viña del Mar]
[458][COPA 2014] [GRUPO H] [26/6] [Argélia (1) x (1) Rússia] [Curitiba]
[459][COPA 1982] [SEGUNDA FASE - GRUPO 3] [5/7] [Itália (3) x (2) Brasil] [Barcelona]
[460][COPA 1958] [GRUPO D] [8/6] [Brasil (3) x (0) Áustria] [Uddevalla]
[461][COPA 1978] [SEGUNDA FASE - GRUPO 2] [18/6] [Polônia (1) x (0) Peru] [Mendoza]
[462][COPA 1998] [GRUPO H] [26/6] [Argentina (1) x (0) Croácia] [Bordeaux]
[463][COPA 1998] [GRUPO E] [25/6] [Holanda (2) x (2) México] [St. Etienne]
[464][COPA 1994] [OITAVAS-DE-FINAL] [4/7] [Holanda (2) x (0) Irlanda] [Orlando]
[465][COPA 1958] [GRUPO C] [8/6] [Suécia (3) x (0) México] [Solna]
[466][COPA 1938] [QUARTAS-DE-FINAL] [12/6] [Hungria (2) x (0) Suíça] [Lille]
[467][COPA 1982] [GRUPO D] [16/6] [Inglaterra (3) x (1) França] [Bilbau]
[468][COPA 1938] [SEMIFINAL] [16/6] [Hungria (5) x (1) Suécia] [Paris]
[469][COPA 1974] [FINAL] [7/7] [Alemanha Ocidental (2) x (1) Holanda] [Berlim]
[470][COPA 1938] [OITAVAS-DE-FINAL] [5/6] [Tchecoslováquia (3) x (0) Holanda] [Le Havre]
[471][COPA 2002] [GRUPO G] [3/6] [Itália (2) x (0) Equador] [Sapporo]
[472][COPA 1998] [GRUPO B] [23/6] [Itália (2) x (1) Áustria] [St. Denis]
[473][COPA 1962] [GRUPO A] [30/5] [Uruguai (2) x (1) Colômbia] [Arica]
[474][COPA 1990] [GRUPO B] [13/6] [Argentina (2) x (0) União Soviética] [Napoli]
[475][COPA 2018] [GRUPO D] [26/6] [Islândia (1) x (2) Croácia] [Rostov Arena]
[476][COPA 1970] [GRUPO C] [11/6] [Inglaterra (1) x (0) Tchecoslováquia] [Guadalajara]
[477][COPA 1978] [SEGUNDA FASE - GRUPO 1] [18/6] [Itália (1) x (0) Áustria] [Buenos Aires]
[478][COPA 1986] [GRUPO D] [1/6] [Brasil (1) x (0) Espanha] [Guadalajara]
[479][COPA 2010] [GRUPO C] [23/6] [Estados Unidos (1) x (0) Argélia] [Pretória]
[480][COPA 2006] [GRUPO D] [16/6] [México (0) x (0) Angola] [Hannover]
[481][COPA 1994] [GRUPO A] [22/6] [Estados Unidos (2) x (1) Colômbia] [Los Angeles]
[482][COPA 1986] [GRUPO F] [11/6] [Inglaterra (3) x (0) Polônia] [Monterrey]
[483][COPA 2018] [GRUPO A] [19/6] [Russia (3) x (1) Egito] [Saint Petersburg Stadium]
[484][COPA 1962] [QUARTAS-DE-FINAL] [10/6] [Iugoslávia (1) x (0) Alemanha Ocidental] [Santiago]
[485][COPA 2002] [QUARTAS-DE-FINAL] [21/6] [Brasil (2) x (1) Inglaterra] [Shizuoka]
[486][COPA 2002] [GRUPO A] [6/6] [Dinamarca (1) x (1) Senegal] [Daegu]
[487][COPA 2006] [GRUPO G] [13/6] [França (0) x (0) Suíça] [Stuttgart]
[488][COPA 1958] [QUARTAS-DE-FINAL] [19/6] [Suécia (2) x (0) União Soviética] [Solna]
[489][COPA 2010] [GRUPO D] [23/6] [Gana (0) x (1) Alemanha] [Joanesburgo]
[490][COPA 1990] [GRUPO A] [10/6] [Tchecoslováquia (5) x (1) Estados Unidos] [Florence]
[491][COPA 2014] [GRUPO D] [24/6] [Costa Rica (0) x (0) Inglaterra] [Belo Horizonte]
[492][COPA 2010] [GRUPO D] [18/6] [Alemanha (0) x (1) Sérvia] [Porto Elizabeth]
[493][COPA 1998] [GRUPO C] [24/6] [França (2) x (1) Dinamarca] [Lens]
[494][COPA 1958] [QUARTAS-DE-FINAL] [19/6] [França (4) x (0) Irlanda do Norte] [Norrkoping]
[495][COPA 1986] [Disp. 3°. Lugar] [28/6] [França (4) x (2) Bélgica] [Puebla]
[496][COPA 2002] [GRUPO D] [10/6] [Portugal (4) x (0) Polônia] [Jeonju]
[497][COPA 1954] [GRUPO C] [19/6] [Áustria (5) x (0) Tchecoslováquia] [Zurique]
[498][COPA 2006] [SEMIFINAL] [4/7] [Alemanha (0) x (2) Itália] [Dortmund]
[499][COPA 1994] [QUARTAS-DE-FINAL] [10/7] [Bulgária (2) x (1) Alemanha] [New York]
[500][COPA 1990] [GRUPO D] [19/6] [Iugoslávia (4) x (1) Emirados Arabes] [Bologna]
[501][COPA 1966] [QUARTAS-DE-FINAL] [23/7] [União Soviética (2) x (1) Hungria] [Sunderland]
[502][COPA 1978] [SEGUNDA FASE - GRUPO 2] [14/6] [Brasil (3) x (0) Peru] [Mendoza]
[503][COPA 1966] [GRUPO A] [16/7] [Inglaterra (2) x (0) México] [Londres]
[504][COPA 2002] [GRUPO B] [12/6] [Espanha (3) x (2) África do Sul] [Daejeon]
[505][COPA 2018] [GRUPO A] [25/6] [Arábia Saudita (2) x (1) Egito] [Volgograd Arena]
[506][COPA 1934] [QUARTAS-DE-FINAL] [31/5] [Alemanha (2) x (1) Suécia] [Milão]
[507][COPA 2010] [GRUPO D] [19/6] [Gana (1) x (1) Austrália] [Rustemburgo]
[508][COPA 2002] [GRUPO G] [8/6] [Croácia (2) x (1) Itália] [Ibaraki]
[509][COPA 2010] [GRUPO E] [24/6] [Dinamarca (1) x (3) Japão] [Rustemburgo]
[510][COPA 2006] [GRUPO A] [20/6] [Equador (0) x (3) Alemanha] [Berlim]
[511][COPA 1990] [OITAVAS-DE-FINAL] [26/6] [Inglaterra (1) x (0) Bélgica] [Bologna]
[512][COPA 1994] [OITAVAS-DE-FINAL] [2/7] [Espanha (3) x (0) Suíça] [Washington DC]
[513][COPA 2006] [GRUPO C] [11/6] [Sérvia e Montenegro (0) x (1) Holanda] [Leipzig]
[514][COPA 1930] [SEMIFINAL] [26/7] [Argentina (6) x (1) Estados Unidos] [Montevidéu]
[515][COPA 2010] [GRUPO A] [22/6] [França (1) x (2) África do Sul] [Bloemfontein]
[516][COPA 1974] [SEGUNDA FASE - GRUPO 2] [26/6] [Alemanha Ocidental (2) x (0) Iugoslávia] [Colônia]
[517][COPA 2018] [GRUPO H] [24/6] [Japão (2) x (2) Senegal] [Ekaterinburg Arena]
[518][COPA 1982] [GRUPO B] [24/6] [Argélia (3) x (2) Chile] [Oviedo]
[519][COPA 1954] [SEMIFINAL] [30/6] [Alemanha Ocidental (6) x (1) Áustria] [Basel]
[520][COPA 1982] [SEGUNDA FASE - GRUPO 3] [2/7] [Brasil (3) x (1) Argentina] [Barcelona]
[521][COPA 1994] [GRUPO D] [26/6] [Bulgária (4) x (0) Grécia] [Chicago]
[522][COPA 2002] [GRUPO A] [11/6] [Senegal (3) x (3) Uruguai] [Suwon]
[523][COPA 1950] [GRUPO B] [25/6] [Espanha (3) x (1) Estados Unidos] [Curitiba]
[524][COPA 1990] [GRUPO B] [18/6] [União Soviética (4) x (0) Camarões] [Roma]
[525][COPA 1998] [QUARTAS-DE-FINAL] [3/7] [Brasil (3) x (2) Dinamarca] [Nantes]
[526][COPA 1950] [GRUPO C] [29/6] [Suécia (2) x (2) Paraguai] [Curitiba]
[527][COPA 2002] [GRUPO F] [2/6] [Inglaterra (1) x (1) Suécia] [Saitama]
[528][COPA 2014] [GRUPO C] [24/6] [Grécia (2) x (1) Costa do Marfim] [Fortaleza]
[529][COPA 2010] [GRUPO F] [15/6] [Nova Zelândia (1) x (1) Eslováquia] [Rustemburgo]
[530][COPA 1990] [GRUPO C] [20/6] [Brasil (1) x (0) Escócia] [Turim]
[531][COPA 2018] [GRUPO H] [28/6] [Senegal (0) x (1) Colômbia] [Volgograd Arena]
[532][COPA 1978] [GRUPO C] [7/6] [Áustria (1) x (0) Suécia] [Buenos Aires]
[533][COPA 2018] [GRUPO E] [27/6] [Servia (0) x (2) Brasil] [Spartak Stadium]
[534][COPA 1998] [GRUPO F] [25/6] [Iugoslávia (1) x (0) Estados Unidos] [Nantes]
[535][COPA 1974] [GRUPO C] [19/6] [Bulgária (1) x (1) Uruguai] [Hanover]
[536][COPA 2018] [OITAVAS-DE-FINAL] [30/6] [Uruguai (2) x (1) Portugal] [Fisht Stadium]
[537][COPA 1990] [GRUPO E] [21/6] [Uruguai (1) x (0) Coreia do Sul] [Udine]
[538][COPA 1966] [GRUPO A] [11/7] [Inglaterra (0) x (0) Uruguai] [Londres]
[539][COPA 1982] [GRUPO B] [21/6] [Áustria (2) x (0) Argélia] [Oviedo]
[540][COPA 2010] [OITAVAS-DE-FINAL] [26/6] [Uruguai (2) x (1) Coreia do Sul] [Porto Elizabeth]
[541][COPA 1982] [GRUPO B] [25/6] [Alemanha Ocidental (1) x (0) Áustria] [Vigo]
[542][COPA 1962] [QUARTAS-DE-FINAL] [14/6] [Brasil (3) x (1) Inglaterra] [Viña del Mar]
[543][COPA 2006] [GRUPO F] [18/6] [Brasil (2) x (0) Austrália] [Munique]
[544][COPA 2014] [OITAVAS-DE-FINAL] [1/7] [Bélgica (2) x (1) Estados Unidos] [Salvador]
[545][COPA 2014] [GRUPO G] [16/6] [Alemanha (4) x (0) Portugal] [Salvador]
[546][COPA 2014] [GRUPO E] [15/6] [França (3) x (0) Honduras] [Porto Alegre]
[547][COPA 1986] [GRUPO A] [10/6] [Itália (3) x (2) Coreia do Sul] [Puebla]
[548][COPA 1962] [GRUPO B] [31/5] [Itália (0) x (0) Alemanha Ocidental] [Santiago]
[549][COPA 2002] [GRUPO C] [13/6] [Brasil (5) x (2) Costa Rica] [Suwon]
[550][COPA 1962] [GRUPO A] [3/6] [União Soviética (4) x (4) Colômbia] [Arica]
[551][COPA 1962] [GRUPO C] [31/5] [Tchecoslováquia (1) x (0) Espanha] [Viña del Mar]
[552][COPA 2002] [SEMIFINAL] [25/6] [Alemanha (1) x (0) Coreia do Sul] [Seoul]
[553][COPA 1974] [SEGUNDA FASE - GRUPO 2] [3/7] [Suécia (2) x (1) Iugoslávia] [Colônia]
[554][COPA 1982] [SEGUNDA FASE - GRUPO 4] [1/7] [Áustria (2) x (2) Irlanda do Norte] [Madri]
[555][COPA 1954] [GRUPO C] [16/6] [Uruguai (2) x (0) Tchecoslováquia] [Berna]
[556][COPA 1994] [GRUPO E] [19/6] [Noruega (1) x (0) México] [Washington DC]
[557][COPA 1966] [GRUPO B] [13/7] [Argentina (2) x (1) Espanha] [Birmingham]
[558][COPA 1958] [GRUPO A] [8/6] [Irlanda do Norte (1) x (0) Tchecoslováquia] [Halmstad]
[559][COPA 2018] [GRUPO F] [23/6] [Alemanha (2) x (1) Suecia] [Rostov Arena]
[560][COPA 1970] [GRUPO B] [3/6] [Itália (1) x (0) Suécia] [Toluca]
[561][COPA 1994] [GRUPO D] [30/6] [Nigéria (2) x (0) Grécia] [Boston]
[562][COPA 1970] [GRUPO A] [6/6] [União Soviética (4) x (1) Bélgica] [Cidade do México]
[563][COPA 1954] [Disp. 3°. Lugar] [3/7] [Áustria (3) x (1) Uruguai] [Zurique]
[564][COPA 1962] [GRUPO A] [31/5] [União Soviética (2) x (0) Iugoslávia] [Arica]
[565][COPA 1990] [GRUPO C] [10/6] [Brasil (2) x (1) Suécia] [Turim]
[566][COPA 1998] [GRUPO C] [12/6] [França (3) x (0) África do Sul] [Marseilles]
[567][COPA 1990] [GRUPO F] [21/6] [Inglaterra (1) x (0) Egito] [Cagliari]
[568][COPA 1994] [GRUPO B] [20/6] [Brasil (2) x (0) Rússia] [San Francisco]
[569][COPA 1978] [GRUPO C] [3/6] [Áustria (2) x (1) Espanha] [Buenos Aires]
[570][COPA 1986] [GRUPO B] [8/6] [Bélgica (2) x (1) Iraque] [Toluca]
[571][COPA 1998] [GRUPO H] [14/6] [Croácia (3) x (1) Jamaica] [Lens]
[572][COPA 1978] [GRUPO A] [10/6] [França (3) x (1) Hungria] [Mar del Plata]
[573][COPA 1970] [GRUPO C] [7/6] [Brasil (1) x (0) Inglaterra] [Guadalajara]
[574][COPA 1990] [GRUPO D] [9/6] [Colômbia (2) x (0) Emirados Arabes] [Bologna]
[575][COPA 1950] [GRUPO A] [29/6] [Iugoslávia (4) x (1) México] [Porto Alegre]
[576][COPA 1982] [GRUPO F] [23/6] [Brasil (4) x (0) Nova Zelândia] [Sevilla]
[577][COPA 1990] [OITAVAS-DE-FINAL] [26/6] [Iugoslávia (2) x (1) Espanha] [Roma]
[578][COPA 1950] [GRUPO B] [25/6] [Inglaterra (2) x (0) Chile] [Rio de Janeiro]
[579][COPA 1982] [SEGUNDA FASE - GRUPO 1] [1/7] [União Soviética (1) x (0) Bélgica] [Barcelona]
[580][COPA 2014] [GRUPO F] [25/6] [Nigéria (2) x (3) Argentina] [Porto Alegre]
[581][COPA 1998] [QUARTAS-DE-FINAL] [4/7] [Holanda (2) x (1) Argentina] [Marseilles]
[582][COPA 1958] [GRUPO A] [15/6] [Tchecoslováquia (6) x (1) Argentina] [Halsingborg]
[583][COPA 1938] [QUARTAS-DE-FINAL] [14/6] [Tchecoslováquia (1) x (2) Brasil] [Bordeaux]
[584][COPA 1962] [GRUPO A] [2/6] [Iugoslávia (3) x (1) Uruguai] [Arica]
[585][COPA 2010] [SEMIFINAL] [7/7] [Alemanha (0) x (1) Espanha] [Durban]
[586][COPA 1978] [SEGUNDA FASE - GRUPO 1] [21/6] [Áustria (3) x (2) Alemanha Ocidental] [Cordoba]
[587][COPA 2002] [GRUPO H] [4/6] [Bélgica (2) x (2) Japão] [Saitama]
[588][COPA 2006] [OITAVAS-DE-FINAL] [25/6] [Portugal (1) x (0) Holanda] [Nuremberg]
[589][COPA 1934] [OITAVAS-DE-FINAL] [27/5] [Espanha (3) x (1) Brasil] [Turim]
[590][COPA 1954] [GRUPO D] [20/6] [Itália (4) x (1) Bélgica] [Lugano]
[591][COPA 1970] [GRUPO A] [11/6] [México (1) x (0) Bélgica] [Cidade do México]
[592][COPA 1994] [GRUPO C] [21/6] [Alemanha (1) x (1) Espanha] [Chicago]
[593][COPA 1982] [SEGUNDA FASE - GRUPO 1] [28/6] [Polônia (3) x (0) Bélgica] [Barcelona]
[594][COPA 2002] [GRUPO D] [14/6] [Polônia (3) x (1) Estados Unidos] [Daejeon]
[595][COPA 2018] [OITAVAS-DE-FINAL] [3/7] [Suécia (1) x (0) Suiça] [Saint Petersburg Stadium]
[596][COPA 1966] [GRUPO B] [19/7] [Argentina (2) x (0) Suíça] [Sheffield]
[597][COPA 1962] [Disp. 3°. Lugar] [16/6] [Chile (1) x (0) Iugoslávia] [Santiago]
[598][COPA 1990] [OITAVAS-DE-FINAL] [23/6] [Tchecoslováquia (4) x (1) Costa Rica] [Bari]
[599][COPA 1994] [GRUPO F] [19/6] [Bélgica (1) x (0) Marrocos] [Orlando]
[600][COPA 2006] [GRUPO C] [21/6] [Costa do Marfim (3) x (2) Sérvia e Montenegro] [Munique]
[601][COPA 1990] [GRUPO C] [16/6] [Escócia (2) x (1) Suécia] [Genoa]
[602][COPA 1966] [GRUPO D] [13/7] [Itália (2) x (0) Chile] [Sunderland]
[603][COPA 2018] [QUARTAS-DE-FINAL] [6/7] [Uruguai (0) x (2) França] [Nizhny Novgorod Stadium]
[604][COPA 1974] [GRUPO C] [15/6] [Holanda (2) x (0) Uruguai] [Hanover]
[605][COPA 1950] [FASE FINAL] [16/7] [Uruguai (2) x (1) Brasil] [Rio de Janeiro]
[606][COPA 1986] [OITAVAS-DE-FINAL] [15/6] [Bélgica (4) x (3) União Soviética] [Leon]
[607][COPA 1966] [SEMIFINAL] [26/7] [Inglaterra (2) x (1) Portugal] [Londres]
[608][COPA 1938] [Disp. 3°. Lugar] [19/6] [Brasil (4) x (2) Suécia] [Marseilles]
[609][COPA 1998] [GRUPO H] [21/6] [Argentina (5) x (0) Jamaica] [Paris]
[610][COPA 2006] [GRUPO C] [21/6] [Holanda (0) x (0) Argentina] [Frankfurt]
[611][COPA 1970] [GRUPO D] [11/6] [Bulgária (1) x (1) Marrocos] [León]
[612][COPA 1998] [GRUPO C] [18/6] [França (4) x (0) Arábia Saudita] [St. Denis]
[613][COPA 1986] [GRUPO C] [2/6] [União Soviética (6) x (0) Hungria] [Irapuato]
[614][COPA 2014] [GRUPO F] [16/6] [Irã (0) x (0) Nigéria] [Curitiba]
[615][COPA 2014] [GRUPO C] [24/6] [Japão (1) x (4) Colômbia] [Cuiabá]
[616][COPA 1986] [GRUPO C] [6/6] [Hungria (2) x (0) Canadá] [Irapuato]
[617][COPA 1986] [GRUPO B] [3/6] [México (2) x (1) Bélgica] [Cidade do México]
[618][COPA 1978] [SEGUNDA FASE - GRUPO 2] [21/6] [Argentina (6) x (0) Peru] [Rosario]
[619][COPA 1950] [FASE FINAL] [9/7] [Espanha (2) x (2) Uruguai] [São Paulo]
[620][COPA 2014] [GRUPO H] [26/6] [Coreia do Sul (0) x (1) Bélgica] [São Paulo]
[621][COPA 1982] [GRUPO D] [20/6] [Inglaterra (2) x (0) Tchecoslováquia] [Bilbau]
[622][COPA 2006] [OITAVAS-DE-FINAL] [26/6] [Suíça (0) x (0) Ucrânia] [Colônia]
[623][COPA 1962] [GRUPO B] [30/5] [Chile (3) x (1) Suíça] [Santiago]
[624][COPA 1954] [GRUPO B] [17/6] [Alemanha Ocidental (4) x (1) Turquia] [Berna]
[625][COPA 1978] [GRUPO A] [6/6] [Argentina (2) x (1) França] [Buenos Aires]
[626][COPA 1930] [GRUPO A] [15/7] [Argentina (1) x (0) França] [Montevidéu]
[627][COPA 1990] [OITAVAS-DE-FINAL] [24/6] [Argentina (1) x (0) Brasil] [Turim]
[628][COPA 2006] [GRUPO H] [19/6] [Espanha (3) x (1) Tunísia] [Stuttgart]
[629][COPA 1978] [SEGUNDA FASE - GRUPO 1] [14/6] [Holanda (5) x (1) Áustria] [Cordoba]
[630][COPA 1998] [GRUPO G] [26/6] [Inglaterra (2) x (0) Colômbia] [Lens]
[631][COPA 2002] [OITAVAS-DE-FINAL] [17/6] [Brasil (2) x (0) Bélgica] [Kobe]
[632][COPA 1982] [GRUPO A] [15/6] [Camarões (0) x (0) Peru] [Corunha]
[633][COPA 1982] [GRUPO A] [14/6] [Itália (0) x (0) Polônia] [Vigo]
[634][COPA 1994] [Disp. 3°. Lugar] [16/7] [Suécia (4) x (0) Bulgária] [Los Angeles]
[635][COPA 1978] [GRUPO D] [11/6] [Peru (4) x (1) Irã] [Cordoba]
[636][COPA 1982] [GRUPO A] [18/6] [Itália (1) x (1) Peru] [Vigo]
[637][COPA 1938] [SEMIFINAL] [16/6] [Itália (2) x (1) Brasil] [Marseilles]
[638][COPA 2018] [OITAVAS-DE-FINAL] [30/6] [França (4) x (3) Argentina] [Kazan Arena]
[639][COPA 1994] [QUARTAS-DE-FINAL] [10/7] [Suécia (2) x (2) Romênia] [San Francisco]
[640][COPA 1938] [FINAL] [19/6] [Itália (4) x (2) Hungria] [Paris]
[641][COPA 2006] [GRUPO H] [14/6] [Tunísia (2) x (2) Arábia Saudita] [Munique]
[642][COPA 2002] [OITAVAS-DE-FINAL] [18/6] [Turquia (1) x (0) Japão] [Miyagi]
[643][COPA 1974] [GRUPO C] [15/6] [Bulgária (0) x (0) Suécia] [Colônia]
[644][COPA 1958] [QUARTAS-DE-FINAL] [19/6] [Alemanha Ocidental (1) x (0) Iugoslávia] [Malmoe]
[645][COPA 2010] [GRUPO A] [11/6] [Uruguai (0) x (0) França] [Cidade do Cabo]
[646][COPA 1998] [GRUPO D] [19/6] [Espanha (0) x (0) Paraguai] [St. Etienne]
[647][COPA 1982] [GRUPO D] [21/6] [França (4) x (1) Kuwait] [Valladolid]
[648][COPA 1998] [OITAVAS-DE-FINAL] [29/6] [Alemanha (2) x (1) México] [St. Denis]
[649][COPA 2010] [GRUPO G] [15/6] [Costa do Marfim (0) x (0) Portugal] [Porto Elizabeth]
[650][COPA 1998] [GRUPO E] [13/6] [Bélgica (0) x (0) Holanda] [St. Denis]
[651][COPA 1970] [SEMIFINAL] [17/6] [Itália (4) x (3) Alemanha Ocidental] [Cidade do México]
[652][COPA 2014] [Disp. 3°. Lugar] [12/7] [Brasil (0) x (3) Holanda] [Brasília]
[653][COPA 1974] [GRUPO B] [18/6] [Iugoslávia (9) x (0) Zaire] [Gelsenkirchen]