5
5
4
3
3
3
3
3
3
3
3
3
3
3
3
3
3
3
3
3
3
3
3
3
3
3
3
3
3
3
3
3
3
3
3
3
3
3
3
3
3
3
3
3
3
3
3
3
3
3
3
3
3
3
3
3
3
3
3
3
3
3
3
3
3
3
3
3
3
3
3
3
3
3
3
3
3
3
3
3
3
3
3
3
3
3
3
3
3
3
3
3
3
3
3
3
3
3
3
3
3
3
3
3
3
3
3
3
3
3
3
3
3
3
3
3
3
3
3
3
3
3
3
3
3
3
3
3
3
3
3
3
3
3
3
3
3
3
3
3
3
3
3
3
3
3
3
3
3
3
3
3
3
3
3
3
3
3
3
3
3
3
3
3
3
3
3
3
3
3
3
3
3
3
3
3
3
3
3
3
3
3
3
3
3
3
3
3
3
3
3
3
3
3
3
3
3
3
3
3
3
3
3
3
3
3
3
3
3
3
3
3
3
3
3
3
3
3
3
3
3
3
3
3
3
3
3
3
3
3
3
3
3
3
3
3
3
3
3
3
3
3
3
3
3
3
3
3
3
3
3
3
3
3
3
3
3
3
3
3
3
3
3
3
3
3
3
3
3
3
3
3
3
3
3
3
3
3
3
3
3
3
3
3
3
3
3
3
3
3
3
3
3
3
3
3
3
3
3
3
3
3
3
3
3
3
3
3
3
3
3
3
3
3
3
3
3
3
3
3
3
3
3
3
3
3
3
3
3
3
3
3
3
3
3
3
3
3
3
3
3
3
3
3
3
3
3
3
3
3
3
3
3
3
3
3
3
3
3
3
3
3
3
3
3
3
3
3
3
3
3
3
3
3
3
3
3
3
3
3
3
3
3
3
3
3
3
3
3
3
3
3
3
3
3
3
3
3
3
3
3
3
3
3
3
3
3
3
3
3
3
3
3
3
3
3
3
3
3
3
3
3
3
3
3
3
3
3
3
3
3
3
3
3
3
3
3
3
3
3
3
3
3
3
3
3
3
3
3
3
3
3
3
3
3
3
3
3
3
3
3
3
3
3
3
3
3
3
3
3
3
3
3
3
3
3
3
3
3
3
3
3
3
3
3
3
3
3
3
3
3
3
3
3
3
3
3
3
3
3
3
3
3
3
3
3
3
3
3
3
3
3
3
3
3
3
3
3
3
3
3
3
3
3
3
3
3
3
3
3
3
3
3
3
3
3
3
3
3
3
3
3
3
3
3
3
3
3
3
3
3
3
3
3
3
3
3
3
3
3
3
3
3
3
3
3
3
3
3
3
3
(D) [COPA 1954] [FINAL] [4/7] [Alemanha Ocidental (3) x (2) Hungria] [Zurique]
(D) [COPA 1994] [GRUPO C] [17/6] [Coreia do Sul (2) x (2) Espanha] [Dallas]
(D) [COPA 2014] [OITAVAS-DE-FINAL] [30/6] [França (2) x (0) Nigéria] [Brasília]
3
(D) [COPA 1990] [SEMIFINAL] [3/7] [Argentina (1) x (1) Itália] [Napoli]
3
3
(D) [COPA 2010] [GRUPO E] [14/6] [Holanda (2) x (0) Dinamarca] [Joanesburgo]
(D) [COPA 1982] [GRUPO C] [19/6] [Bélgica (1) x (0) El Salvador] [Elche]
(D) [COPA 1982] [GRUPO F] [23/6] [Brasil (4) x (0) Nova Zelândia] [Sevilla]
3
3
3
(D) [COPA 2002] [GRUPO C] [4/6] [Costa Rica (2) x (0) China] [Gwangju]
3
(D) [COPA 1958] [Disp. 3°. Lugar] [26/6] [França (6) x (3) Alemanha Ocidental] [Gotemborg]
(D) [COPA 1998] [GRUPO A] [16/6] [Brasil (3) x (0) Marrocos] [Nantes]
(D) [COPA 1966] [GRUPO A] [19/7] [Uruguai (0) x (0) México] [Londres]
3
(D) [COPA 2010] [GRUPO H] [16/6] [Honduras (0) x (1) Chile] [Nelspruit]
3
(D) [COPA 1966] [GRUPO A] [16/7] [Inglaterra (2) x (0) México] [Londres]
3
3
(D) [COPA 1954] [GRUPO A] [19/6] [França (3) x (2) México] [Genebra]
3
(D) [COPA 2010] [GRUPO B] [22/6] [Nigéria (2) x (2) Coreia do Sul] [Durban]
3
3
3
(D) [COPA 1986] [QUARTAS-DE-FINAL] [21/6] [Alemanha Ocidental (0) x (0) México] [Monterrey]
(D) [COPA 1958] [GRUPO C] [17/6] [País de Gales (2) x (1) Hungria] [Malmoe]
3
(D) [COPA 2018] [GRUPO E] [17/6] [Costa Rica (0) x (1) Sérvia] [Rostov Arena]
3
(D) [COPA 1970] [Disp. 3°. Lugar] [20/6] [Alemanha Ocidental (1) x (0) Uruguai] [Cidade do México]
(D) [COPA 2018] [QUARTAS-DE-FINAL] [7/7] [Rússia (3) x (4) Croácia] [Fisht Stadium]
3
3
(D) [COPA 2006] [GRUPO A] [20/6] [Equador (0) x (3) Alemanha] [Berlim]
3
3
3
(D) [COPA 1986] [GRUPO E] [8/6] [Alemanha Ocidental (2) x (1) Escócia] [Queretaro]
3
(D) [COPA 1990] [GRUPO F] [17/6] [Egito (0) x (0) Irlanda] [Palermo]
(D) [COPA 2002] [GRUPO A] [1/6] [Uruguai (1) x (2) Dinamarca] [Ulsan]
3
(D) [COPA 1994] [GRUPO A] [22/6] [Estados Unidos (2) x (1) Colômbia] [Los Angeles]
(D) [COPA 1950] [GRUPO C] [2/7] [Itália (2) x (0) Paraguai] [São Paulo]
(D) [COPA 1986] [QUARTAS-DE-FINAL] [22/6] [Argentina (2) x (1) Inglaterra] [Cidade do México]
3
(D) [COPA 1974] [GRUPO C] [15/6] [Bulgária (0) x (0) Suécia] [Colônia]
(D) [COPA 1998] [GRUPO C] [18/6] [Dinamarca (1) x (1) África do Sul] [Toulouse]
3
3
(D) [COPA 1978] [GRUPO B] [10/6] [Polônia (3) x (1) México] [Rosario]
3
(D) [COPA 2002] [GRUPO E] [5/6] [Alemanha (1) x (1) Irlanda] [Ibaraki]
(D) [COPA 2002] [OITAVAS-DE-FINAL] [18/6] [Coreia do Sul (2) x (1) Itália] [Daejeon]
(D) [COPA 2018] [GRUPO A] [25/6] [Uruguai (3) x (0) Russia] [Samara Arena]
(D) [COPA 1974] [FINAL] [7/7] [Alemanha Ocidental (2) x (1) Holanda] [Berlim]
3
3
(D) [COPA 1978] [SEGUNDA FASE - GRUPO 2] [21/6] [Argentina (6) x (0) Peru] [Rosario]
(D) [COPA 1930] [SEMIFINAL] [27/7] [Uruguai (6) x (1) Iugoslávia] [Montevidéu]
(D) [COPA 1998] [GRUPO F] [21/6] [Irã (2) x (1) Estados Unidos] [Lyon]
(D) [COPA 2014] [OITAVAS-DE-FINAL] [1/7] [Bélgica (2) x (1) Estados Unidos] [Salvador]
3
3
(D) [COPA 1990] [GRUPO D] [15/6] [Alemanha Ocidental (5) x (1) Emirados Arabes] [Milão]
(D) [COPA 1998] [QUARTAS-DE-FINAL] [4/7] [Croácia (3) x (0) Alemanha] [Lyon]
(D) [COPA 1986] [GRUPO E] [13/6] [Dinamarca (2) x (0) Alemanha Ocidental] [Queretaro]
3
(D) [COPA 1986] [OITAVAS-DE-FINAL] [17/6] [França (2) x (0) Itália] [Cidade do México]
3
(D) [COPA 2018] [OITAVAS-DE-FINAL] [2/7] [Bélgica (3) x (2) Japão] [Rostov Arena]
(D) [COPA 1990] [GRUPO C] [16/6] [Brasil (1) x (0) Costa Rica] [Turim]
3
3
(D) [COPA 1998] [GRUPO E] [25/6] [Holanda (2) x (2) México] [St. Etienne]
3
(D) [COPA 2010] [GRUPO G] [15/6] [Costa do Marfim (0) x (0) Portugal] [Porto Elizabeth]
(D) [COPA 1998] [GRUPO A] [10/6] [Brasil (2) x (1) Escócia] [St. Denis]
(D) [COPA 2018] [GRUPO H] [24/6] [Japão (2) x (2) Senegal] [Ekaterinburg Arena]
(D) [COPA 2002] [GRUPO C] [8/6] [Brasil (4) x (0) China] [Seogwipo]
3
3
(D) [COPA 1986] [GRUPO F] [2/6] [Marrocos (0) x (0) Polônia] [Monterrey]
3
3
3
(D) [COPA 2010] [SEMIFINAL] [6/7] [Uruguai (2) x (3) Holanda] [Cidade do Cabo]
(D) [COPA 1934] [OITAVAS-DE-FINAL] [27/5] [Suíça (3) x (2) Holanda] [Milão]
3
3
3
3
(D) [COPA 1982] [GRUPO F] [15/6] [Escócia (5) x (2) Nova Zelândia] [Málaga]
3
3
(D) [COPA 1994] [GRUPO E] [28/6] [Itália (1) x (1) México] [Washington DC]
3
(D) [COPA 1934] [QUARTAS-DE-FINAL] [31/5] [Áustria (2) x (1) Hungria] [Bologna]
(D) [COPA 2002] [GRUPO D] [14/6] [Polônia (3) x (1) Estados Unidos] [Daejeon]
(D) [COPA 2006] [GRUPO C] [10/6] [Argentina (2) x (1) Costa do Marfim] [Hamburgo]
(D) [COPA 2014] [GRUPO G] [16/6] [Alemanha (4) x (0) Portugal] [Salvador]
(D) [COPA 1954] [GRUPO C] [16/6] [Áustria (1) x (0) Escócia] [Zurique]
3
3
(D) [COPA 2018] [GRUPO F] [23/6] [Coreia do Sul (1) x (2) Mexico] [Fisht Stadium]
(D) [COPA 1990] [GRUPO C] [16/6] [Escócia (2) x (1) Suécia] [Genoa]
(D) [COPA 2010] [GRUPO E] [14/6] [Japão (1) x (0) Camarões] [Bloemfontein]
(D) [COPA 2006] [GRUPO H] [23/6] [Ucrânia (1) x (0) Tunísia] [Berlim]
(D) [COPA 2010] [GRUPO A] [16/6] [África do Sul (0) x (3) Uruguai] [Pretória]
3
3
3
(D) [COPA 1982] [GRUPO A] [15/6] [Camarões (0) x (0) Peru] [Corunha]
(D) [COPA 2002] [GRUPO E] [11/6] [Alemanha (2) x (0) Camarões] [Shizuoka]
(D) [COPA 1998] [GRUPO F] [25/6] [Iugoslávia (1) x (0) Estados Unidos] [Nantes]
(D) [COPA 1958] [GRUPO C] [8/6] [Suécia (3) x (0) México] [Solna]
3
(D) [COPA 1986] [GRUPO F] [6/6] [Inglaterra (0) x (0) Marrocos] [Monterrey]
(D) [COPA 1962] [QUARTAS-DE-FINAL] [14/6] [Brasil (3) x (1) Inglaterra] [Viña del Mar]
3
3
(D) [COPA 1994] [GRUPO D] [30/6] [Nigéria (2) x (0) Grécia] [Boston]
(D) [COPA 1986] [OITAVAS-DE-FINAL] [17/6] [Alemanha Ocidental (1) x (0) Marrocos] [Monterrey]
(D) [COPA 2010] [QUARTAS-DE-FINAL] [2/7] [Uruguai (1) x (1) Gana] [Joanesburgo]
(D) [COPA 2010] [GRUPO H] [21/6] [Espanha (2) x (0) Honduras] [Joanesburgo]
3
3
(D) [COPA 1950] [GRUPO A] [1/7] [Brasil (2) x (0) Iugoslávia] [Rio de Janeiro]
(D) [COPA 1930] [GRUPO B] [17/7] [Iugoslávia (4) x (0) Bolivia] [Montevidéu]
(D) [COPA 2006] [GRUPO G] [13/6] [França (0) x (0) Suíça] [Stuttgart]
3
3
(D) [COPA 1962] [GRUPO A] [6/6] [União Soviética (2) x (1) Uruguai] [Arica]
(D) [COPA 1970] [GRUPO D] [6/6] [Peru (3) x (0) Marrocos] [León]
3
3
3
(D) [COPA 1970] [FINAL] [21/6] [Brasil (4) x (1) Itália] [Cidade do México]
3
(D) [COPA 2010] [OITAVAS-DE-FINAL] [28/6] [Holanda (2) x (1) Eslováquia] [Durban]
(D) [COPA 2006] [GRUPO E] [22/6] [República Tcheca (0) x (2) Itália] [Hamburgo]
(D) [COPA 1990] [GRUPO E] [12/6] [Bélgica (2) x (0) Coreia do Sul] [Verona]
3
(D) [COPA 2002] [GRUPO G] [13/6] [México (1) x (1) Itália] [Oita]
3
(D) [COPA 2002] [GRUPO H] [14/6] [Bélgica (3) x (2) Rússia] [Shizuoka]
3
(D) [COPA 1962] [GRUPO C] [6/6] [Brasil (2) x (1) Espanha] [Viña del Mar]
3
(D) [COPA 2010] [GRUPO C] [18/6] [Inglaterra (0) x (0) Argélia] [Cidade do Cabo]
3
(D) [COPA 1990] [GRUPO B] [13/6] [Argentina (2) x (0) União Soviética] [Napoli]
3
3
(D) [COPA 1950] [FASE FINAL] [13/7] [Brasil (6) x (1) Espanha] [Rio de Janeiro]
(D) [COPA 2006] [GRUPO A] [15/6] [Equador (3) x (0) Costa Rica] [Hamburgo]
(D) [COPA 1974] [GRUPO B] [22/6] [Escócia (1) x (1) Iugoslávia] [Frankfurt]
(D) [COPA 1986] [GRUPO A] [5/6] [Argentina (1) x (1) Itália] [Puebla]
(D) [COPA 1978] [GRUPO B] [6/6] [Alemanha Ocidental (6) x (0) México] [Cordoba]
(D) [COPA 2010] [QUARTAS-DE-FINAL] [2/7] [Holanda (2) x (1) Brasil] [Porto Elizabeth]
(D) [COPA 2014] [GRUPO G] [21/6] [Alemanha (2) x (2) Gana] [Fortaleza]
(D) [COPA 1978] [SEGUNDA FASE - GRUPO 2] [21/6] [Brasil (3) x (1) Polônia] [Mendoza]
(D) [COPA 1950] [GRUPO B] [2/7] [Chile (5) x (2) Estados Unidos] [Recife]
(D) [COPA 2018] [GRUPO A] [15/6] [Egito (0) x (1) Uruguai] [Ekaterinburg Arena]
(D) [COPA 1954] [SEMIFINAL] [30/6] [Hungria (4) x (2) Uruguai] [Lausanne]
(D) [COPA 1966] [GRUPO D] [13/7] [Itália (2) x (0) Chile] [Sunderland]
(D) [COPA 1974] [SEGUNDA FASE - GRUPO 1] [30/6] [Brasil (2) x (1) Argentina] [Hanover]
3
(D) [COPA 1990] [GRUPO F] [11/6] [Inglaterra (1) x (1) Irlanda] [Cagliari]
3
3
3
(D) [COPA 1938] [QUARTAS-DE-FINAL] [12/6] [Itália (3) x (1) França] [Paris]
3
(D) [COPA 2002] [GRUPO G] [8/6] [Croácia (2) x (1) Itália] [Ibaraki]
(D) [COPA 1986] [QUARTAS-DE-FINAL] [21/6] [França (1) x (1) Brasil] [Guadalajara]
3
(D) [COPA 1954] [GRUPO B] [17/6] [Alemanha Ocidental (4) x (1) Turquia] [Berna]
3
3
3
(D) [COPA 1990] [GRUPO E] [17/6] [Espanha (3) x (1) Coreia do Sul] [Udine]
3
(D) [COPA 2018] [GRUPO B] [15/6] [Portugal (3) x (3) Espanha] [Fisht Stadium]
3
3
3
(D) [COPA 2010] [GRUPO A] [22/6] [França (1) x (2) África do Sul] [Bloemfontein]
(D) [COPA 1978] [GRUPO B] [2/6] [Tunísia (3) x (1) México] [Rosario]
3
(D) [COPA 1962] [QUARTAS-DE-FINAL] [10/6] [Chile (2) x (1) União Soviética] [Arica]
(D) [COPA 1998] [GRUPO D] [24/6] [Espanha (6) x (1) Bulgária] [Lens]
3
(D) [COPA 1974] [GRUPO D] [19/6] [Polônia (7) x (0) Haiti] [Berlim]
3
3
(D) [COPA 2018] [FINAL] [15/7] [França (4) x (2) Croácia] [Luzhnik Stadium]
3
(D) [COPA 1986] [GRUPO A] [31/5] [Itália (1) x (1) Bulgária] [Cidade do México]
(D) [COPA 2018] [OITAVAS-DE-FINAL] [1/7] [Croácia (3) x (2) Dinamarca] [Nizhny Novgorod Stadium]
(D) [COPA 2014] [GRUPO D] [14/6] [Inglaterra (1) x (2) Itália] [Manaus]
3
3
(D) [COPA 1998] [GRUPO D] [19/6] [Espanha (0) x (0) Paraguai] [St. Etienne]
3
(D) [COPA 1990] [GRUPO A] [9/6] [Itália (1) x (0) Áustria] [Roma]
3
(D) [COPA 1938] [OITAVAS-DE-FINAL] [5/6] [Cuba (3) x (3) Romênia] [Toulouse]
3
3
(D) [COPA 1998] [GRUPO G] [26/6] [Inglaterra (2) x (0) Colômbia] [Lens]
(D) [COPA 1966] [GRUPO D] [16/7] [União Soviética (1) x (0) Itália] [Sunderland]
3
3
(D) [COPA 2010] [GRUPO E] [24/6] [Dinamarca (1) x (3) Japão] [Rustemburgo]
3
(D) [COPA 1974] [SEGUNDA FASE - GRUPO 1] [30/6] [Holanda (2) x (0) Alemanha Oriental] [Gelsenkirchen]
3
(D) [COPA 1986] [GRUPO D] [12/6] [Brasil (3) x (0) Irlanda do Norte] [Guadalajara]
(D) [COPA 2014] [GRUPO F] [21/6] [Nigéria (1) x (0) Bósnia e Herzegovna] [Cuiabá]
3
(D) [COPA 2002] [GRUPO A] [11/6] [Dinamarca (2) x (0) França] [Incheon]
3
3
3
3
(D) [COPA 1962] [GRUPO B] [2/6] [Chile (2) x (0) Itália] [Santiago]
(D) [COPA 2006] [GRUPO B] [10/6] [Inglaterra (1) x (0) Paraguai] [Frankfurt]
3
3
3
3
3
(D) [COPA 1990] [GRUPO B] [18/6] [União Soviética (4) x (0) Camarões] [Roma]
(D) [COPA 2010] [Disp. 3°. Lugar] [10/7] [Uruguai (2) x (3) Alemanha] [Porto Elizabeth]
(D) [COPA 2002] [GRUPO C] [13/6] [Brasil (5) x (2) Costa Rica] [Suwon]
(D) [COPA 2006] [OITAVAS-DE-FINAL] [24/6] [Argentina (2) x (1) México] [Leipzig]
3
3
(D) [COPA 2006] [SEMIFINAL] [4/7] [Alemanha (0) x (2) Itália] [Dortmund]
3
(D) [COPA 1970] [GRUPO C] [10/6] [Brasil (3) x (2) Romênia] [Guadalajara]
(D) [COPA 1998] [GRUPO E] [20/6] [Holanda (5) x (0) Coreia do Sul] [Marseille]
[0][COPA 2006] [OITAVAS-DE-FINAL] [25/6] [Portugal (1) x (0) Holanda] [Nuremberg]
[1][COPA 1986] [OITAVAS-DE-FINAL] [16/6] [Brasil (4) x (0) Polônia] [Guadalajara]
[2][COPA 2002] [QUARTAS-DE-FINAL] [22/6] [Coreia do Sul (0) x (0) Espanha] [Gwangju]
[3][COPA 1994] [GRUPO B] [28/6] [Brasil (1) x (1) Suécia] [Detroit]
[4][COPA 1966] [GRUPO B] [16/7] [Argentina (0) x (0) Alemanha Ocidental] [Birmingham]
[5][COPA 1958] [GRUPO A] [11/6] [Argentina (3) x (1) Irlanda do Norte] [Halmstad]
[6][COPA 2010] [GRUPO B] [17/6] [Argentina (4) x (1) Coreia do Sul] [Joanesburgo]
[7][COPA 2006] [OITAVAS-DE-FINAL] [26/6] [Itália (1) x (0) Austrália] [Kaiserslautern]
[8][COPA 1982] [GRUPO C] [13/6] [Bélgica (1) x (0) Argentina] [Barcelona]
[9][COPA 1986] [GRUPO E] [13/6] [Escócia (0) x (0) Uruguai] [Nezahualcoyotl]
[10][COPA 1974] [GRUPO A] [22/6] [Austrália (0) x (0) Chile] [Berlim]
[11][COPA 2006] [GRUPO F] [18/6] [Brasil (2) x (0) Austrália] [Munique]
[12][COPA 2006] [GRUPO B] [15/6] [Suécia (1) x (0) Paraguai] [Berlim]
[13][COPA 1998] [GRUPO H] [20/6] [Croácia (1) x (0) Japão] [Nantes]
[14][COPA 1978] [GRUPO D] [3/6] [Holanda (3) x (0) Irã] [Mendoza]
[15][COPA 1994] [GRUPO B] [20/6] [Brasil (2) x (0) Rússia] [San Francisco]
[16][COPA 2014] [GRUPO C] [24/6] [Grécia (2) x (1) Costa do Marfim] [Fortaleza]
[17][COPA 2010] [GRUPO F] [20/6] [Eslováquia (0) x (2) Paraguai] [Bloemfontein]
[18][COPA 1982] [GRUPO D] [16/6] [Inglaterra (3) x (1) França] [Bilbau]
[19][COPA 1930] [GRUPO A] [16/7] [Chile (3) x (0) México] [Montevidéu]
[20][COPA 1934] [QUARTAS-DE-FINAL] [31/5] [Tchecoslováquia (3) x (2) Suíça] [Turim]
[21][COPA 2010] [GRUPO B] [12/6] [Coreia do Sul (2) x (0) Grécia] [Porto Elizabeth]
[22][COPA 1958] [GRUPO A] [8/6] [Irlanda do Norte (1) x (0) Tchecoslováquia] [Halmstad]
[23][COPA 1966] [GRUPO C] [13/7] [Portugal (3) x (1) Hungria] [Manchester]
[24][COPA 1990] [GRUPO B] [9/6] [Romênia (2) x (0) União Soviética] [Bari]
[25][COPA 1958] [GRUPO D] [8/6] [Brasil (3) x (0) Áustria] [Uddevalla]
[26][COPA 2018] [GRUPO C] [16/6] [França (2) x (1) Australia] [Kazan Arena]
[27][COPA 1974] [GRUPO D] [23/6] [Argentina (4) x (1) Haiti] [Berlim]
[28][COPA 1974] [SEGUNDA FASE - GRUPO 1] [3/7] [Argentina (1) x (1) Alemanha Oriental] [Gelsenkirchen]
[29][COPA 2002] [GRUPO A] [31/5] [França (0) x (1) Senegal] [Seoul]
[30][COPA 2018] [GRUPO D] [26/6] [Nigéria (1) x (2) Argentina] [Saint Petersburg Stadium]
[31][COPA 1962] [GRUPO D] [3/6] [Hungria (6) x (1) Bulgária] [Rancagua]
[32][COPA 1982] [GRUPO B] [25/6] [Alemanha Ocidental (1) x (0) Áustria] [Vigo]
[33][COPA 1962] [GRUPO D] [2/6] [Inglaterra (3) x (1) Argentina] [Rancagua]
[34][COPA 1958] [GRUPO B] [8/6] [Escócia (1) x (1) Iugoslávia] [Vasteraas]
[35][COPA 1990] [GRUPO D] [10/6] [Alemanha Ocidental (4) x (1) Iugoslávia] [Milão]
[36][COPA 2002] [GRUPO F] [12/6] [Suécia (1) x (1) Argentina] [Miyagi]
[37][COPA 1990] [GRUPO E] [21/6] [Espanha (2) x (1) Bélgica] [Milão]
[38][COPA 2002] [GRUPO H] [14/6] [Japão (2) x (0) Tunísia] [Osaka]
[39][COPA 1986] [GRUPO F] [11/6] [Marrocos (3) x (1) Portugal] [Monterrey]
[40][COPA 1994] [GRUPO D] [26/6] [Bulgária (4) x (0) Grécia] [Chicago]
[41][COPA 1994] [SEMIFINAL] [13/7] [Itália (2) x (1) Bulgária] [New York]
[42][COPA 1986] [SEMIFINAL] [25/6] [Argentina (2) x (0) Bélgica] [Cidade do México]
[43][COPA 1954] [GRUPO B] [23/6] [Alemanha Ocidental (7) x (2) Turquia] [Zurique]
[44][COPA 1962] [GRUPO A] [31/5] [União Soviética (2) x (0) Iugoslávia] [Arica]
[45][COPA 2002] [OITAVAS-DE-FINAL] [17/6] [Brasil (2) x (0) Bélgica] [Kobe]
[46][COPA 2018] [OITAVAS-DE-FINAL] [30/6] [França (4) x (3) Argentina] [Kazan Arena]
[47][COPA 1934] [OITAVAS-DE-FINAL] [27/5] [Tchecoslováquia (2) x (1) Romênia] [Trieste]
[48][COPA 1982] [GRUPO C] [23/6] [Argentina (2) x (0) El Salvador] [Alicante]
[49][COPA 2006] [GRUPO G] [23/6] [Suíça (2) x (0) Coreia do Sul] [Hannover]
[50][COPA 1982] [SEGUNDA FASE - GRUPO 2] [29/6] [Inglaterra (0) x (0) Alemanha Ocidental] [Madri]
[51][COPA 1954] [QUARTAS-DE-FINAL] [27/6] [Hungria (4) x (2) Brasil] [Berna]
[52][COPA 1986] [GRUPO A] [10/6] [Argentina (2) x (0) Bulgária] [Cidade do México]
[53][COPA 1966] [GRUPO A] [13/7] [França (1) x (1) México] [Londres]
[54][COPA 2006] [OITAVAS-DE-FINAL] [26/6] [Suíça (0) x (0) Ucrânia] [Colônia]
[55][COPA 2002] [GRUPO F] [7/6] [Inglaterra (1) x (0) Argentina] [Sapporo]
[56][COPA 2014] [GRUPO H] [26/6] [Coreia do Sul (0) x (1) Bélgica] [São Paulo]
[57][COPA 1990] [GRUPO F] [12/6] [Egito (1) x (1) Holanda] [Palermo]
[58][COPA 2006] [GRUPO C] [21/6] [Holanda (0) x (0) Argentina] [Frankfurt]
[59][COPA 1974] [GRUPO A] [18/6] [Alemanha Oriental (1) x (1) Chile] [Berlim]
[60][COPA 1986] [GRUPO C] [9/6] [União Soviética (2) x (0) Canadá] [Irapuato]
[61][COPA 1966] [GRUPO D] [12/7] [União Soviética (3) x (0) Coreia do Norte] [Middlesbrough]
[62][COPA 1998] [SEMIFINAL] [7/7] [Brasil (1) x (1) Holanda] [Marseille]
[63][COPA 2006] [GRUPO E] [17/6] [Itália (1) x (1) Estados Unidos] [Kaiserslautern]
[64][COPA 1998] [GRUPO F] [14/6] [Iugoslávia (1) x (0) Irã] [St. Etienne]
[65][COPA 1950] [FASE FINAL] [13/7] [Uruguai (3) x (2) Suécia] [São Paulo]
[66][COPA 1982] [GRUPO C] [15/6] [Hungria (10) x (1) El Salvador] [Elche]
[67][COPA 1998] [GRUPO G] [26/6] [Romênia (1) x (1) Tunísia] [St. Denis]
[68][COPA 2018] [GRUPO H] [28/6] [Japão (0) x (1) Polônia] [Samara Arena]
[69][COPA 1998] [GRUPO H] [21/6] [Argentina (5) x (0) Jamaica] [Paris]
[70][COPA 1982] [GRUPO C] [18/6] [Argentina (4) x (1) Hungria] [Alicante]
[71][COPA 1994] [GRUPO D] [25/6] [Argentina (2) x (1) Nigéria] [Boston]
[72][COPA 2018] [GRUPO D] [16/6] [Croácia (2) x (0) Nigéria] [Kaliningrad Stadium]
[73][COPA 2006] [GRUPO A] [14/6] [Alemanha (1) x (0) Polônia] [Dortmund]
[74][COPA 1974] [GRUPO A] [14/6] [Alemanha Oriental (2) x (0) Austrália] [Hamburgo]
[75][COPA 2010] [OITAVAS-DE-FINAL] [27/6] [Alemanha (4) x (1) Inglaterra] [Bloemfontein]
[76][COPA 1986] [GRUPO F] [3/6] [Portugal (1) x (0) Inglaterra] [Monterrey]
[77][COPA 1970] [GRUPO B] [7/6] [Israel (1) x (1) Suécia] [Toluca]
[78][COPA 1986] [GRUPO D] [3/6] [Argélia (1) x (1) Irlanda do Norte] [Guadalajara]
[79][COPA 2010] [OITAVAS-DE-FINAL] [26/6] [Uruguai (2) x (1) Coreia do Sul] [Porto Elizabeth]
[80][COPA 2014] [GRUPO C] [14/6] [Colômbia (3) x (0) Grécia] [Belo Horizonte]
[81][COPA 2018] [GRUPO B] [25/6] [Espanha (2) x (2) Marrocos] [Kaliningrad Stadium]
[82][COPA 1986] [GRUPO C] [1/6] [França (1) x (0) Canadá] [Leon]
[83][COPA 1982] [SEGUNDA FASE - GRUPO 3] [29/6] [Itália (2) x (1) Argentina] [Barcelona]
[84][COPA 1974] [GRUPO D] [15/6] [Itália (3) x (1) Haiti] [Berlim]
[85][COPA 1970] [QUARTAS-DE-FINAL] [14/6] [Itália (4) x (1) México] [Toluca]
[86][COPA 1958] [GRUPO C] [15/6] [Hungria (4) x (0) México] [Sandviken]
[87][COPA 1962] [GRUPO A] [30/5] [Uruguai (2) x (1) Colômbia] [Arica]
[88][COPA 2014] [OITAVAS-DE-FINAL] [30/6] [Alemanha (2) x (1) Argélia] [Porto Alegre]
[89][COPA 2018] [GRUPO H] [24/6] [Polonia (0) x (3) Colombia] [Kazan Arena]
[90][COPA 1998] [FINAL] [12/7] [França (3) x (0) Brasil] [St. Denis]
[91][COPA 2010] [GRUPO F] [14/6] [Itália (1) x (1) Paraguai] [Cidade do Cabo]
[92][COPA 2010] [GRUPO C] [23/6] [Eslovênia (0) x (1) Inglaterra] [Porto Elizabeth]
[93][COPA 2002] [SEMIFINAL] [26/6] [Brasil (1) x (0) Turquia] [Saitama]
[94][COPA 2006] [GRUPO F] [13/6] [Brasil (1) x (0) Croácia] [Berlim]
[95][COPA 1982] [GRUPO E] [17/6] [Irlanda do Norte (0) x (0) Iugoslávia] [Zaragoza]
[96][COPA 2002] [GRUPO C] [9/6] [Costa Rica (1) x (1) Turquia] [Incheon]
[97][COPA 1990] [GRUPO C] [20/6] [Costa Rica (2) x (1) Suécia] [Genoa]
[98][COPA 1998] [GRUPO C] [12/6] [Dinamarca (1) x (0) Arábia Saudita] [Lens]
[99][COPA 1986] [GRUPO A] [5/6] [Bulgária (1) x (1) Coreia do Sul] [Cidade do México]
[100][COPA 1962] [Disp. 3°. Lugar] [16/6] [Chile (1) x (0) Iugoslávia] [Santiago]
[101][COPA 1930] [GRUPO B] [20/7] [Brasil (4) x (0) Bolivia] [Montevidéu]
[102][COPA 1978] [SEGUNDA FASE - GRUPO 1] [14/6] [Itália (0) x (0) Alemanha Ocidental] [Buenos Aires]
[103][COPA 2006] [GRUPO D] [11/6] [México (3) x (1) Irã] [Nuremberg]
[104][COPA 1978] [SEGUNDA FASE - GRUPO 1] [18/6] [Holanda (2) x (2) Alemanha Ocidental] [Cordoba]
[105][COPA 1962] [GRUPO B] [3/6] [Alemanha Ocidental (2) x (1) Suíça] [Santiago]
[106][COPA 2006] [GRUPO E] [17/6] [República Tcheca (0) x (2) Gana] [Colônia]
[107][COPA 1990] [GRUPO E] [21/6] [Uruguai (1) x (0) Coreia do Sul] [Udine]
[108][COPA 1978] [GRUPO C] [11/6] [Espanha (1) x (0) Suécia] [Buenos Aires]
[109][COPA 2014] [SEMIFINAL] [8/7] [Brasil (1) x (7) Alemanha] [Belo Horizonte]
[110][COPA 2002] [QUARTAS-DE-FINAL] [21/6] [Alemanha (1) x (0) Estados Unidos] [Ulsan]
[111][COPA 2014] [GRUPO D] [19/6] [Uruguai (2) x (1) Inglaterra] [São Paulo]
[112][COPA 1966] [QUARTAS-DE-FINAL] [23/7] [Inglaterra (1) x (0) Argentina] [Londres]
[113][COPA 2010] [QUARTAS-DE-FINAL] [3/7] [Paraguai (0) x (1) Espanha] [Joanesburgo]
[114][COPA 1982] [GRUPO A] [23/6] [Itália (1) x (1) Camarões] [Vigo]
[115][COPA 2014] [GRUPO H] [17/6] [Rússia (1) x (1) Coreia do Sul] [Cuiabá]
[116][COPA 1986] [GRUPO B] [3/6] [México (2) x (1) Bélgica] [Cidade do México]
[117][COPA 2014] [GRUPO E] [25/6] [Honduras (0) x (3) Suíça] [Manaus]
[118][COPA 1982] [GRUPO D] [21/6] [França (4) x (1) Kuwait] [Valladolid]
[119][COPA 2010] [OITAVAS-DE-FINAL] [26/6] [Estados Unidos (1) x (2) Gana] [Rustemburgo]
[120][COPA 2010] [GRUPO C] [12/6] [Inglaterra (1) x (1) Estados Unidos] [Rustemburgo]
[121][COPA 1994] [OITAVAS-DE-FINAL] [3/7] [Suécia (3) x (1) Arábia Saudita] [Dallas]
[122][COPA 2018] [OITAVAS-DE-FINAL] [3/7] [Colombia (3) x (4) Inglaterra] [Spartak Stadium]
[123][COPA 2002] [GRUPO G] [13/6] [Equador (1) x (0) Croácia] [Yokohama]
[124][COPA 2006] [GRUPO B] [20/6] [Suécia (2) x (2) Inglaterra] [Colônia]
[125][COPA 1934] [Disp. 3°. Lugar] [7/6] [Alemanha (3) x (2) Áustria] [Nápoli]
[126][COPA 2014] [GRUPO D] [20/6] [Itália (0) x (1) Costa Rica] [Recife]
[127][COPA 1958] [GRUPO C] [8/6] [Hungria (1) x (1) País de Gales] [Sandviken]
[128][COPA 2006] [GRUPO F] [18/6] [Japão (0) x (0) Croácia] [Nuremberg]
[129][COPA 2014] [SEMIFINAL] [9/7] [Holanda (0) x (0) Argentina] [São Paulo]
[130][COPA 2006] [QUARTAS-DE-FINAL] [30/6] [Alemanha (1) x (1) Argentina] [Berlim]
[131][COPA 2002] [SEMIFINAL] [25/6] [Alemanha (1) x (0) Coreia do Sul] [Seoul]
[132][COPA 1970] [GRUPO B] [2/6] [Uruguai (2) x (0) Israel] [Puebla]
[133][COPA 1974] [GRUPO C] [23/6] [Suécia (3) x (0) Uruguai] [Colônia]
[134][COPA 1974] [GRUPO A] [14/6] [Alemanha Ocidental (1) x (0) Chile] [Berlim]
[135][COPA 2018] [GRUPO F] [27/6] [Mexico (0) x (3) Suecia] [Kazan Arena]
[136][COPA 2014] [GRUPO H] [22/6] [Bélgica (1) x (0) Rússia] [Rio de Janeiro]
[137][COPA 1954] [GRUPO B] [20/6] [Hungria (8) x (3) Alemanha Ocidental] [Basel]
[138][COPA 1970] [GRUPO B] [11/6] [Itália (0) x (0) Israel] [Toluca]
[139][COPA 1994] [GRUPO F] [20/6] [Holanda (2) x (1) Arábia Saudita] [Washington DC]
[140][COPA 2018] [GRUPO H] [19/6] [Polonia (1) x (2) Senegal] [Spartak Stadium]
[141][COPA 1970] [GRUPO C] [3/6] [Brasil (4) x (1) Tchecoslováquia] [Guadalajara]
[142][COPA 1950] [FASE FINAL] [16/7] [Suécia (3) x (1) Espanha] [São Paulo]
[143][COPA 1994] [OITAVAS-DE-FINAL] [2/7] [Alemanha (3) x (2) Bélgica] [Chicago]
[144][COPA 1994] [FINAL] [17/7] [Brasil (0) x (0) Itália] [Los Angeles]
[145][COPA 1970] [GRUPO A] [6/6] [União Soviética (4) x (1) Bélgica] [Cidade do México]
[146][COPA 1978] [GRUPO C] [7/6] [Brasil (0) x (0) Espanha] [Mar del Plata]
[147][COPA 1966] [GRUPO D] [15/7] [Chile (1) x (1) Coreia do Norte] [Middlesbrough]
[148][COPA 2006] [GRUPO G] [23/6] [Togo (0) x (2) França] [Colônia]
[149][COPA 2018] [GRUPO B] [20/6] [Irã (0) x (1) Espanha] [Kazan Arena]
[150][COPA 2010] [OITAVAS-DE-FINAL] [29/6] [Espanha (1) x (0) Portugal] [Cidade do Cabo]
[151][COPA 1966] [GRUPO A] [20/7] [Inglaterra (2) x (0) França] [Londres]
[152][COPA 1958] [GRUPO B] [15/6] [Paraguai (3) x (3) Iugoslávia] [Eskilstuna]
[153][COPA 1978] [GRUPO A] [2/6] [Argentina (2) x (1) Hungria] [Buenos Aires]
[154][COPA 1994] [GRUPO E] [24/6] [México (2) x (1) Irlanda] [Orlando]
[155][COPA 1970] [GRUPO B] [6/6] [Uruguai (0) x (0) Itália] [Puebla]
[156][COPA 2014] [GRUPO E] [20/6] [Honduras (1) x (2) Equador] [Curitiba]
[157][COPA 1990] [GRUPO B] [8/6] [Camarões (1) x (0) Argentina] [Milão]
[158][COPA 2014] [GRUPO G] [22/6] [Estados Unidos (2) x (2) Portugal] [Manaus]
[159][COPA 1934] [QUARTAS-DE-FINAL] [1/6] [Itália (1) x (0) Espanha] [Florence]
[160][COPA 1982] [SEGUNDA FASE - GRUPO 4] [28/6] [França (1) x (0) Áustria] [Madri]
[161][COPA 1990] [OITAVAS-DE-FINAL] [26/6] [Iugoslávia (2) x (1) Espanha] [Roma]
[162][COPA 1994] [QUARTAS-DE-FINAL] [10/7] [Bulgária (2) x (1) Alemanha] [New York]
[163][COPA 1978] [GRUPO D] [3/6] [Peru (3) x (1) Escócia] [Cordoba]
[164][COPA 1950] [GRUPO B] [25/6] [Inglaterra (2) x (0) Chile] [Rio de Janeiro]
[165][COPA 2018] [GRUPO G] [28/6] [Inglaterra (0) x (1) Belgica] [Kaliningrad Stadium]
[166][COPA 1990] [GRUPO F] [16/6] [Inglaterra (0) x (0) Holanda] [Cagliari]
[167][COPA 1962] [GRUPO C] [7/6] [México (3) x (1) Tchecoslováquia] [Viña del Mar]
[168][COPA 2010] [GRUPO A] [11/6] [Uruguai (0) x (0) França] [Cidade do Cabo]
[169][COPA 1998] [GRUPO G] [22/6] [Romênia (2) x (1) Inglaterra] [Toulouse]
[170][COPA 1954] [GRUPO C] [19/6] [Áustria (5) x (0) Tchecoslováquia] [Zurique]
[171][COPA 2018] [GRUPO B] [20/6] [Portugal (1) x (0) Marrocos] [Luzhnik Stadium]
[172][COPA 2010] [GRUPO C] [18/6] [Eslovênia (2) x (2) Estados Unidos] [Joanesburgo]
[173][COPA 1986] [GRUPO A] [10/6] [Itália (3) x (2) Coreia do Sul] [Puebla]
[174][COPA 1982] [GRUPO D] [17/6] [Tchecoslováquia (1) x (1) Kuwait] [Valladolid]
[175][COPA 1982] [SEGUNDA FASE - GRUPO 2] [2/7] [Alemanha Ocidental (2) x (1) Espanha] [Madri]
[176][COPA 1982] [GRUPO B] [16/6] [Argélia (2) x (1) Alemanha Ocidental] [Gijón]
[177][COPA 1962] [GRUPO A] [2/6] [Iugoslávia (3) x (1) Uruguai] [Arica]
[178][COPA 1970] [GRUPO A] [7/6] [México (4) x (0) El Salvador] [Cidade do México]
[179][COPA 1998] [OITAVAS-DE-FINAL] [30/6] [Croácia (1) x (0) Romênia] [Bordeaux]
[180][COPA 2006] [GRUPO H] [14/6] [Tunísia (2) x (2) Arábia Saudita] [Munique]
[181][COPA 1950] [GRUPO B] [25/6] [Espanha (3) x (1) Estados Unidos] [Curitiba]
[182][COPA 2014] [GRUPO A] [23/6] [Croácia (1) x (3) México] [Recife]
[183][COPA 2002] [GRUPO A] [6/6] [Dinamarca (1) x (1) Senegal] [Daegu]
[184][COPA 1982] [GRUPO B] [20/6] [Alemanha Ocidental (4) x (1) Chile] [Gijón]
[185][COPA 2002] [GRUPO B] [2/6] [Espanha (3) x (1) Eslovênia] [Gwangju]
[186][COPA 1982] [GRUPO F] [22/6] [Escócia (2) x (2) União Soviética] [Málaga]
[187][COPA 1998] [GRUPO B] [23/6] [Chile (1) x (1) Camarões] [Nantes]
[188][COPA 1982] [GRUPO B] [24/6] [Argélia (3) x (2) Chile] [Oviedo]
[189][COPA 2010] [GRUPO G] [15/6] [Brasil (2) x (1) Coreia do Norte] [Joanesburgo]
[190][COPA 1938] [QUARTAS-DE-FINAL] [12/6] [Hungria (2) x (0) Suíça] [Lille]
[191][COPA 2002] [GRUPO F] [7/6] [Suécia (2) x (1) Nigéria] [Kobe]
[192][COPA 2014] [GRUPO H] [17/6] [Bélgica (2) x (1) Argélia] [Belo Horizonte]
[193][COPA 1950] [GRUPO C] [25/6] [Suécia (3) x (2) Itália] [São Paulo]
[194][COPA 1998] [GRUPO E] [13/6] [Bélgica (0) x (0) Holanda] [St. Denis]
[195][COPA 1962] [QUARTAS-DE-FINAL] [14/6] [Tchecoslováquia (1) x (0) Hungria] [Rancagua]
[196][COPA 1930] [GRUPO D] [20/7] [Paraguai (1) x (0) Bélgica] [Montevidéu]
[197][COPA 1970] [QUARTAS-DE-FINAL] [14/6] [Uruguai (1) x (0) União Soviética] [Cidade do México]
[198][COPA 1978] [GRUPO C] [11/6] [Brasil (1) x (0) Áustria] [Mar del Plata]
[199][COPA 2018] [GRUPO E] [27/6] [Suíça (2) x (2) Cista Rica] [Nizhny Novgorod Stadium]
[200][COPA 2006] [GRUPO C] [16/6] [Holanda (2) x (1) Costa do Marfim] [Stuttgart]
[201][COPA 2002] [OITAVAS-DE-FINAL] [18/6] [Turquia (1) x (0) Japão] [Miyagi]
[202][COPA 2014] [GRUPO F] [25/6] [Nigéria (2) x (3) Argentina] [Porto Alegre]
[203][COPA 2010] [OITAVAS-DE-FINAL] [27/6] [Argentina (3) x (1) México] [Joanesburgo]
[204][COPA 2014] [Disp. 3°. Lugar] [12/7] [Brasil (0) x (3) Holanda] [Brasília]
[205][COPA 2018] [GRUPO G] [28/6] [Panamá (1) x (2) Tunisia] [Mordovia Arena]
[206][COPA 1978] [GRUPO A] [2/6] [Itália (2) x (1) França] [Mar del Plata]
[207][COPA 2014] [OITAVAS-DE-FINAL] [28/6] [Brasil (1) x (1) Chile] [Belo Horizonte]
[208][COPA 2018] [GRUPO B] [15/6] [Marrocos (0) x (1) Irã] [Saint Petersburg Stadium]
[209][COPA 2014] [OITAVAS-DE-FINAL] [29/6] [Holanda (2) x (1) México] [Fortaleza]
[210][COPA 1938] [OITAVAS-DE-FINAL] [5/6] [Brasil (6) x (5) Polônia] [Strasbourg]
[211][COPA 1986] [GRUPO D] [6/6] [Brasil (1) x (0) Argélia] [Guadalajara]
[212][COPA 1930] [GRUPO D] [17/7] [Estados Unidos (3) x (0) Paraguai] [Montevidéu]
[213][COPA 1954] [GRUPO D] [17/6] [Suíça (2) x (1) Itália] [Lausanne]
[214][COPA 1934] [QUARTAS-DE-FINAL] [31/5] [Itália (1) x (1) Espanha] [Florence]
[215][COPA 1986] [GRUPO E] [4/6] [Dinamarca (1) x (0) Escócia] [Nezahualcoyotl]
[216][COPA 1990] [OITAVAS-DE-FINAL] [23/6] [Tchecoslováquia (4) x (1) Costa Rica] [Bari]
[217][COPA 1998] [GRUPO A] [23/6] [Marrocos (3) x (0) Escócia] [Saint Etienne]
[218][COPA 1974] [GRUPO B] [22/6] [Brasil (3) x (0) Zaire] [Gelsenkirchen]
[219][COPA 1990] [OITAVAS-DE-FINAL] [26/6] [Inglaterra (1) x (0) Bélgica] [Bologna]
[220][COPA 2014] [GRUPO B] [18/6] [Espanha (0) x (2) Chile] [Rio de Janeiro]
[221][COPA 1982] [GRUPO F] [14/6] [Brasil (2) x (1) União Soviética] [Sevilla]
[222][COPA 1974] [GRUPO B] [13/6] [Brasil (0) x (0) Iugoslávia] [Frankfurt]
[223][COPA 2018] [GRUPO G] [23/6] [Belgica (5) x (2) Tunisia] [Spartak Stadium]
[224][COPA 1950] [GRUPO A] [25/6] [Iugoslávia (3) x (0) Suíça] [Belo Horizonte]
[225][COPA 2010] [GRUPO C] [23/6] [Estados Unidos (1) x (0) Argélia] [Pretória]
[226][COPA 1990] [OITAVAS-DE-FINAL] [24/6] [Alemanha Ocidental (2) x (1) Holanda] [Milão]
[227][COPA 1990] [GRUPO D] [9/6] [Colômbia (2) x (0) Emirados Arabes] [Bologna]
[228][COPA 2014] [GRUPO C] [14/6] [Costa do Marfim (2) x (1) Japão] [Recife]
[229][COPA 1986] [GRUPO C] [2/6] [União Soviética (6) x (0) Hungria] [Irapuato]
[230][COPA 2006] [GRUPO C] [11/6] [Sérvia e Montenegro (0) x (1) Holanda] [Leipzig]
[231][COPA 1994] [GRUPO F] [25/6] [Bélgica (1) x (0) Holanda] [Orlando]
[232][COPA 1978] [GRUPO D] [11/6] [Escócia (3) x (2) Holanda] [Mendoza]
[233][COPA 1998] [QUARTAS-DE-FINAL] [4/7] [Holanda (2) x (1) Argentina] [Marseilles]
[234][COPA 2014] [QUARTAS-DE-FINAL] [5/7] [Argentina (1) x (0) Bélgica] [Brasília]
[235][COPA 1966] [GRUPO B] [13/7] [Argentina (2) x (1) Espanha] [Birmingham]
[236][COPA 1998] [GRUPO A] [16/6] [Escócia (1) x (1) Noruega] [Bordeaux]
[237][COPA 1978] [SEGUNDA FASE - GRUPO 2] [14/6] [Argentina (2) x (0) Polônia] [Rosario]
[238][COPA 1990] [GRUPO C] [11/6] [Costa Rica (1) x (0) Escócia] [Genoa]
[239][COPA 2010] [GRUPO D] [23/6] [Austrália (2) x (1) Sérvia] [Nelspruit]
[240][COPA 1986] [GRUPO F] [7/6] [Polônia (1) x (0) Portugal] [Monterrey]
[241][COPA 2014] [OITAVAS-DE-FINAL] [28/6] [Colômbia (2) x (0) Uruguai] [Rio de Janeiro]
[242][COPA 1994] [GRUPO F] [29/6] [Arábia Saudita (1) x (0) Bélgica] [Washington DC]
[243][COPA 2014] [GRUPO A] [13/6] [México (1) x (0) Camarões] [Natal]
[244][COPA 1962] [GRUPO C] [30/5] [Brasil (2) x (0) México] [Viña del Mar]
[245][COPA 1950] [FASE FINAL] [3/7] [Brasil (7) x (1) Suécia] [Rio de Janeiro]
[246][COPA 2010] [GRUPO A] [22/6] [México (0) x (1) Uruguai] [Rustemburgo]
[247][COPA 1998] [GRUPO F] [25/6] [Alemanha (2) x (0) Irã] [Montpellier]
[248][COPA 1974] [SEGUNDA FASE - GRUPO 2] [26/6] [Alemanha Ocidental (2) x (0) Iugoslávia] [Colônia]
[249][COPA 1986] [GRUPO C] [9/6] [França (3) x (0) Hungria] [Leon]
[250][COPA 2018] [SEMIFINAL] [10/7] [França (1) x (0) Bélgica] [Saint Petersburg Stadium]
[251][COPA 2006] [GRUPO B] [10/6] [Trinidad e Tobago (0) x (0) Suécia] [Dortmund]
[252][COPA 1962] [GRUPO C] [2/6] [Brasil (0) x (0) Tchecoslováquia] [Viña del Mar]
[253][COPA 1962] [GRUPO D] [31/5] [Hungria (2) x (1) Inglaterra] [Rancagua]
[254][COPA 1970] [QUARTAS-DE-FINAL] [14/6] [Brasil (4) x (2) Peru] [Guadalajara]
[255][COPA 2002] [GRUPO F] [12/6] [Inglaterra (0) x (0) Nigéria] [Osaka]
[256][COPA 2014] [QUARTAS-DE-FINAL] [5/7] [Holanda (0) x (0) Costa Rica] [Salvador]
[257][COPA 2018] [GRUPO B] [25/6] [Irã (1) x (1) Portugal] [Mordovia Arena]
[258][COPA 2018] [GRUPO C] [26/6] [Australia (0) x (2) Peru] [Fisht Stadium]
[259][COPA 2002] [GRUPO D] [4/6] [Coreia do Sul (2) x (0) Polônia] [Busan]
[260][COPA 1938] [OITAVAS-DE-FINAL] [5/6] [Hungria (6) x (0) Indonésia] [Reims]
[261][COPA 2018] [GRUPO D] [22/6] [Nigéria (2) x (0) Islândia] [Volgograd Arena]
[262][COPA 2018] [GRUPO D] [26/6] [Islândia (1) x (2) Croácia] [Rostov Arena]
[263][COPA 1982] [GRUPO A] [18/6] [Itália (1) x (1) Peru] [Vigo]
[264][COPA 2014] [GRUPO G] [26/6] [Portugal (2) x (1) Gana] [Brasília]
[265][COPA 2018] [QUARTAS-DE-FINAL] [7/7] [Suécia (0) x (2) Inglaterra] [Samara Arena]
[266][COPA 1994] [OITAVAS-DE-FINAL] [2/7] [Espanha (3) x (0) Suíça] [Washington DC]
[267][COPA 1966] [SEMIFINAL] [26/7] [Inglaterra (2) x (1) Portugal] [Londres]
[268][COPA 2014] [GRUPO A] [17/6] [Brasil (0) x (0) México] [Fortaleza]
[269][COPA 2018] [GRUPO E] [27/6] [Servia (0) x (2) Brasil] [Spartak Stadium]
[270][COPA 2018] [GRUPO C] [21/6] [Dinamarca (1) x (1) Australia] [Samara Arena]
[271][COPA 2002] [GRUPO B] [12/6] [Espanha (3) x (2) África do Sul] [Daejeon]
[272][COPA 1998] [QUARTAS-DE-FINAL] [3/7] [França (0) x (0) Itália] [St. Denis]
[273][COPA 1962] [SEMIFINAL] [13/6] [Tchecoslováquia (3) x (1) Iugoslávia] [Viña del Mar]
[274][COPA 1978] [SEGUNDA FASE - GRUPO 1] [21/6] [Áustria (3) x (2) Alemanha Ocidental] [Cordoba]
[275][COPA 2018] [GRUPO G] [18/6] [Bélgica (3) x (0) Panamá] [Fisht Satdium]
[276][COPA 1994] [GRUPO A] [22/6] [Suíça (4) x (1) Romênia] [Roma]
[277][COPA 2014] [GRUPO E] [15/6] [Suíça (2) x (1) Equador] [Brasília]
[278][COPA 1994] [GRUPO B] [28/6] [Rússia (6) x (1) Camarões] [San Francisco]
[279][COPA 1954] [GRUPO C] [19/6] [Uruguai (7) x (0) Escócia] [Basel]
[280][COPA 2006] [GRUPO E] [12/6] [Estados Unidos (0) x (3) República Tcheca] [Gelsenkirchen]
[281][COPA 2006] [GRUPO F] [22/6] [Japão (1) x (4) Brasil] [Dortmund]
[282][COPA 2018] [SEMIFINAL] [11/7] [Croácia (2) x (1) Inglaterra] [Luzhnik Stadium]
[283][COPA 2014] [GRUPO D] [14/6] [Uruguai (1) x (3) Costa Rica] [Fortaleza]
[284][COPA 2010] [GRUPO E] [19/6] [Holanda (1) x (0) Japão] [Durban]
[285][COPA 1970] [GRUPO A] [10/6] [União Soviética (2) x (0) El Salvador] [Cidade do México]
[286][COPA 1998] [GRUPO E] [13/6] [México (3) x (1) Coreia do Sul] [Lens]
[287][COPA 1938] [QUARTAS-DE-FINAL] [14/6] [Tchecoslováquia (1) x (2) Brasil] [Bordeaux]
[288][COPA 1958] [GRUPO A] [15/6] [Alemanha Ocidental (2) x (2) Irlanda do Norte] [Malmoe]
[289][COPA 1990] [GRUPO B] [14/6] [Camarões (2) x (1) Romênia] [Bari]
[290][COPA 1970] [QUARTAS-DE-FINAL] [14/6] [Alemanha Ocidental (3) x (2) Inglaterra] [León]
[291][COPA 2014] [OITAVAS-DE-FINAL] [1/7] [Argentina (1) x (0) Suíça] [São Paulo]
[292][COPA 1994] [GRUPO E] [23/6] [Itália (1) x (0) Noruega] [New York]
[293][COPA 2002] [GRUPO F] [2/6] [Inglaterra (1) x (1) Suécia] [Saitama]
[294][COPA 2018] [GRUPO F] [17/6] [Alemanha (0) x (1) México] [Luzhniki Stadium]
[295][COPA 2006] [GRUPO B] [15/6] [Inglaterra (2) x (0) Trinidad e Tobago] [Nuremberg]
[296][COPA 2002] [OITAVAS-DE-FINAL] [15/6] [Alemanha (1) x (0) Paraguai] [Seogwipo]
[297][COPA 2002] [GRUPO D] [5/6] [Estados Unidos (3) x (2) Portugal] [Suwon]
[298][COPA 2010] [GRUPO H] [25/6] [Chile (1) x (2) Espanha] [Pretória]
[299][COPA 1986] [GRUPO E] [4/6] [Alemanha Ocidental (1) x (1) Uruguai] [Queretaro]
[300][COPA 1930] [GRUPO A] [19/7] [Argentina (6) x (3) México] [Montevidéu]
[301][COPA 1938] [OITAVAS-DE-FINAL] [5/6] [Tchecoslováquia (3) x (0) Holanda] [Le Havre]
[302][COPA 1994] [GRUPO D] [21/6] [Argentina (4) x (0) Grécia] [Boston]
[303][COPA 1974] [SEGUNDA FASE - GRUPO 2] [3/7] [Alemanha Ocidental (1) x (0) Polônia] [Frankfurt]
[304][COPA 2002] [GRUPO G] [9/6] [México (2) x (1) Equador] [Miyagi]
[305][COPA 1986] [OITAVAS-DE-FINAL] [18/6] [Espanha (5) x (1) Dinamarca] [Queretaro]
[306][COPA 2002] [GRUPO H] [5/6] [Rússia (2) x (0) Tunísia] [Kobe]
[307][COPA 2010] [GRUPO H] [25/6] [Suíça (0) x (0) Honduras] [Bloemfontein]
[308][COPA 1986] [OITAVAS-DE-FINAL] [18/6] [Inglaterra (3) x (0) Paraguai] [Cidade do México]
[309][COPA 2006] [GRUPO H] [19/6] [Espanha (3) x (1) Tunísia] [Stuttgart]
[310][COPA 1982] [SEMIFINAL] [8/7] [Itália (2) x (0) Polônia] [Barcelona]
[311][COPA 1978] [SEGUNDA FASE - GRUPO 2] [14/6] [Brasil (3) x (0) Peru] [Mendoza]
[312][COPA 2006] [GRUPO H] [14/6] [Espanha (4) x (0) Ucrânia] [Leipzig]
[313][COPA 1954] [Disp. 3°. Lugar] [3/7] [Áustria (3) x (1) Uruguai] [Zurique]
[314][COPA 1982] [GRUPO A] [14/6] [Itália (0) x (0) Polônia] [Vigo]
[315][COPA 2002] [QUARTAS-DE-FINAL] [22/6] [Turquia (1) x (0) Senegal] [Osaka]
[316][COPA 1958] [SEMIFINAL] [24/6] [Brasil (5) x (2) França] [Solna]
[317][COPA 2002] [GRUPO E] [11/6] [Irlanda (3) x (0) Arábia Saudita] [Yokohama]
[318][COPA 1954] [SEMIFINAL] [30/6] [Alemanha Ocidental (6) x (1) Áustria] [Basel]
[319][COPA 1974] [GRUPO B] [18/6] [Brasil (0) x (0) Escócia] [Frankfurt]
[320][COPA 2006] [GRUPO G] [18/6] [França (1) x (1) Coreia do Sul] [Leipzig]
[321][COPA 1950] [GRUPO B] [29/6] [Estados Unidos (1) x (0) Inglaterra] [Belo Horizonte]
[322][COPA 1990] [GRUPO D] [19/6] [Iugoslávia (4) x (1) Emirados Arabes] [Bologna]
[323][COPA 1990] [GRUPO D] [14/6] [Iugoslávia (1) x (0) Colômbia] [Bologna]
[324][COPA 2010] [GRUPO G] [21/6] [Portugal (7) x (0) Coreia do Norte] [Cidade do Cabo]
[325][COPA 1938] [SEMIFINAL] [16/6] [Hungria (5) x (1) Suécia] [Paris]
[326][COPA 2006] [GRUPO A] [9/6] [Polônia (0) x (2) Equador] [Gelsenkirchen]
[327][COPA 1974] [GRUPO C] [19/6] [Holanda (0) x (0) Suécia] [Dortmund]
[328][COPA 1978] [GRUPO A] [6/6] [Argentina (2) x (1) França] [Buenos Aires]
[329][COPA 1958] [GRUPO D] [17/6] [União Soviética (1) x (0) Inglaterra] [Gotemborg]
[330][COPA 1998] [OITAVAS-DE-FINAL] [27/6] [Itália (1) x (0) Noruega] [Marseille]
[331][COPA 1990] [GRUPO A] [14/6] [Itália (1) x (0) Estados Unidos] [Roma]
[332][COPA 2018] [GRUPO A] [20/6] [Uruguai (1) x (0) Arábia Saudita] [Rostov Arena]
[333][COPA 1958] [GRUPO D] [11/6] [União Soviética (2) x (0) Áustria] [Boraas]
[334][COPA 1998] [GRUPO G] [15/6] [Romênia (1) x (0) Colômbia] [Lyon]
[335][COPA 1958] [QUARTAS-DE-FINAL] [19/6] [Brasil (1) x (0) País de Gales] [Gotemborg]
[336][COPA 2010] [GRUPO C] [13/6] [Argélia (0) x (1) Eslovênia] [Polokwane]
[337][COPA 1938] [OITAVAS-DE-FINAL] [5/6] [Itália (2) x (1) Noruega] [Marseilles]
[338][COPA 2006] [GRUPO H] [19/6] [Arábia Saudita (0) x (4) Ucrânia] [Hamburgo]
[339][COPA 2002] [QUARTAS-DE-FINAL] [21/6] [Brasil (2) x (1) Inglaterra] [Shizuoka]
[340][COPA 2018] [GRUPO A] [14/6] [Russia (5) x (0) Arábia Saudita] [Luzhnik Stadium]
[341][COPA 2006] [GRUPO C] [16/6] [Argentina (6) x (0) Sérvia e Montenegro] [Gelsenkirchen]
[342][COPA 2014] [GRUPO A] [23/6] [Camarões (1) x (4) Brasil] [Brasília]
[343][COPA 2006] [OITAVAS-DE-FINAL] [24/6] [Alemanha (2) x (0) Suécia] [Munique]
[344][COPA 1934] [SEMIFINAL] [3/6] [Itália (1) x (0) Áustria] [Milão]
[345][COPA 1978] [GRUPO D] [11/6] [Peru (4) x (1) Irã] [Cordoba]
[346][COPA 2014] [GRUPO B] [23/6] [Austrália (0) x (3) Espanha] [Curitiba]
[347][COPA 1970] [GRUPO B] [3/6] [Itália (1) x (0) Suécia] [Toluca]
[348][COPA 2002] [GRUPO E] [1/6] [Alemanha (8) x (0) Arábia Saudita] [Sapporo]
[349][COPA 1958] [GRUPO A] [11/6] [Alemanha Ocidental (2) x (2) Tchecoslováquia] [Halsingborg]
[350][COPA 1998] [GRUPO D] [13/6] [Nigéria (3) x (2) Espanha] [Nantes]
[351][COPA 1990] [GRUPO F] [21/6] [Holanda (1) x (1) Irlanda] [Palermo]
[352][COPA 1998] [GRUPO C] [12/6] [França (3) x (0) África do Sul] [Marseilles]
[353][COPA 1962] [GRUPO C] [3/6] [Espanha (1) x (0) México] [Viña del Mar]
[354][COPA 1974] [SEGUNDA FASE - GRUPO 1] [26/6] [Brasil (1) x (0) Alemanha Oriental] [Hanover]
[355][COPA 2002] [FINAL] [30/6] [Brasil (2) x (0) Alemanha] [Yokohama]
[356][COPA 1978] [GRUPO B] [1/6] [Polônia (0) x (0) Alemanha Ocidental] [Buenos Aires]
[357][COPA 2018] [GRUPO E] [22/6] [Sérvia (1) x (2) Suiça] [Saint Petersburg Stadium]
[358][COPA 1982] [GRUPO E] [21/6] [Honduras (1) x (1) Irlanda do Norte] [Zaragoza]
[359][COPA 1966] [SEMIFINAL] [25/7] [Alemanha Ocidental (2) x (1) União Soviética] [Liverpool]
[360][COPA 1954] [GRUPO B] [20/6] [Turquia (7) x (0) Coreia do Sul] [Genebra]
[361][COPA 1986] [GRUPO B] [4/6] [Paraguai (1) x (0) Iraque] [Toluca]
[362][COPA 1974] [GRUPO C] [15/6] [Holanda (2) x (0) Uruguai] [Hanover]
[363][COPA 1970] [GRUPO C] [6/6] [Romênia (2) x (1) Tchecoslováquia] [Guadalajara]
[364][COPA 1966] [QUARTAS-DE-FINAL] [23/7] [Portugal (5) x (3) Coreia do Norte] [Liverpool]
[365][COPA 1966] [Disp. 3°. Lugar] [28/7] [Portugal (2) x (1) União Soviética] [Londres]
[366][COPA 1994] [GRUPO B] [24/6] [Suécia (3) x (1) Rússia] [Detroit]
[367][COPA 1974] [GRUPO B] [14/6] [Escócia (2) x (0) Zaire] [Dortmund]
[368][COPA 1998] [GRUPO A] [23/6] [Noruega (2) x (1) Brasil] [Marseille]
[369][COPA 1958] [GRUPO B] [15/6] [França (2) x (1) Escócia] [Orebro]
[370][COPA 1974] [GRUPO D] [23/6] [Polônia (2) x (1) Itália] [Stuttgart]
[371][COPA 1994] [GRUPO D] [21/6] [Nigéria (3) x (0) Bulgária] [Dallas]
[372][COPA 2002] [Disp. 3°. Lugar] [29/6] [Turquia (3) x (2) Coreia do Sul] [Daegu]
[373][COPA 1982] [GRUPO E] [20/6] [Espanha (2) x (1) Iugoslávia] [Valência]
[374][COPA 1950] [GRUPO C] [29/6] [Suécia (2) x (2) Paraguai] [Curitiba]
[375][COPA 1974] [GRUPO A] [22/6] [Alemanha Oriental (1) x (0) Alemanha Ocidental] [Hamburgo]
[376][COPA 1966] [FINAL] [30/7] [Inglaterra (4) x (2) Alemanha Ocidental] [Londres]
[377][COPA 1998] [GRUPO C] [24/6] [Arábia Saudita (2) x (2) África do Sul] [Bordeaux]
[378][COPA 2018] [GRUPO C] [21/6] [França (1) x (0) Peru] [Ekaterimburg Arena]
[379][COPA 1962] [GRUPO A] [3/6] [União Soviética (4) x (4) Colômbia] [Arica]
[380][COPA 1994] [GRUPO E] [18/6] [Irlanda (1) x (0) Itália] [New York]
[381][COPA 1982] [Disp. 3°. Lugar] [10/7] [Polônia (3) x (2) França] [Alicante]
[382][COPA 1986] [GRUPO E] [8/6] [Dinamarca (6) x (1) Uruguai] [Nezahualcoyotl]
[383][COPA 1966] [GRUPO D] [19/7] [Coreia do Norte (1) x (0) Itália] [Middlesbrough]
[384][COPA 1954] [GRUPO C] [16/6] [Uruguai (2) x (0) Tchecoslováquia] [Berna]
[385][COPA 1974] [GRUPO D] [19/6] [Argentina (1) x (1) Itália] [Stuttgart]
[386][COPA 1970] [GRUPO A] [3/6] [Bélgica (3) x (0) El Salvador] [Cidade do México]
[387][COPA 1930] [GRUPO C] [21/7] [Uruguai (4) x (0) Romênia] [Montevidéu]
[388][COPA 1958] [GRUPO C] [12/6] [Suécia (2) x (1) Hungria] [Solna]
[389][COPA 1978] [SEGUNDA FASE - GRUPO 1] [18/6] [Itália (1) x (0) Áustria] [Buenos Aires]
[390][COPA 2014] [GRUPO D] [24/6] [Costa Rica (0) x (0) Inglaterra] [Belo Horizonte]
[391][COPA 1978] [GRUPO C] [3/6] [Brasil (1) x (1) Suécia] [Mar del Plata]
[392][COPA 2006] [GRUPO D] [21/6] [Irã (1) x (1) Angola] [Leipzig]
[393][COPA 1998] [GRUPO H] [14/6] [Argentina (1) x (0) Japão] [Toulouse]
[394][COPA 1974] [GRUPO C] [19/6] [Bulgária (1) x (1) Uruguai] [Hanover]
[395][COPA 1970] [GRUPO C] [11/6] [Inglaterra (1) x (0) Tchecoslováquia] [Guadalajara]
[396][COPA 2014] [GRUPO E] [15/6] [França (3) x (0) Honduras] [Porto Alegre]
[397][COPA 2018] [OITAVAS-DE-FINAL] [1/7] [Espanha (3) x (4) Rússia] [Luzhnik Stadium]
[398][COPA 1986] [GRUPO C] [5/6] [França (1) x (1) União Soviética] [Leon]
[399][COPA 1982] [GRUPO D] [24/6] [Tchecoslováquia (1) x (1) França] [Valladolid]
[400][COPA 2002] [GRUPO B] [8/6] [África do Sul (1) x (0) Eslovênia] [Daegu]
[401][COPA 1954] [GRUPO D] [20/6] [Itália (4) x (1) Bélgica] [Lugano]
[402][COPA 1962] [GRUPO D] [7/6] [Bulgária (0) x (0) Inglaterra] [Rancagua]
[403][COPA 2002] [GRUPO G] [3/6] [México (1) x (0) Croácia] [Niigata]
[404][COPA 1954] [GRUPO A] [19/6] [Brasil (1) x (1) Iugoslávia] [Lausanne]
[405][COPA 2010] [SEMIFINAL] [7/7] [Alemanha (0) x (1) Espanha] [Durban]
[406][COPA 2010] [QUARTAS-DE-FINAL] [3/7] [Argentina (0) x (4) Alemanha] [Cidade do Cabo]
[407][COPA 1986] [GRUPO C] [6/6] [Hungria (2) x (0) Canadá] [Irapuato]
[408][COPA 1998] [GRUPO D] [12/6] [Bulgária (0) x (0) Paraguai] [Montpellier]
[409][COPA 2002] [GRUPO H] [10/6] [Bélgica (1) x (1) Tunísia] [Oita]
[410][COPA 1990] [GRUPO D] [19/6] [Colômbia (1) x (1) Alemanha Ocidental] [Milão]
[411][COPA 1930] [SEMIFINAL] [26/7] [Argentina (6) x (1) Estados Unidos] [Montevidéu]
[412][COPA 1978] [GRUPO C] [7/6] [Áustria (1) x (0) Suécia] [Buenos Aires]
[413][COPA 1954] [GRUPO B] [17/6] [Hungria (9) x (0) Coreia do Sul] [Zurique]
[414][COPA 1930] [GRUPO A] [22/7] [Argentina (3) x (1) Chile] [Montevidéu]
[415][COPA 1990] [OITAVAS-DE-FINAL] [25/6] [Irlanda (0) x (0) Romênia] [Genoa]
[416][COPA 2010] [FINAL] [11/7] [Holanda (0) x (1) Espanha] [Joanesburgo]
[417][COPA 1958] [GRUPO D] [8/6] [Inglaterra (2) x (2) União Soviética] [Gotemborg]
[418][COPA 1954] [GRUPO D] [20/6] [Inglaterra (2) x (0) Suíça] [Berna]
[419][COPA 1990] [Disp. 3°. Lugar] [7/7] [Itália (2) x (1) Inglaterra] [Bari]
[420][COPA 2018] [GRUPO H] [28/6] [Senegal (0) x (1) Colômbia] [Volgograd Arena]
[421][COPA 1958] [QUARTAS-DE-FINAL] [19/6] [Suécia (2) x (0) União Soviética] [Solna]
[422][COPA 2018] [OITAVAS-DE-FINAL] [30/6] [Uruguai (2) x (1) Portugal] [Fisht Stadium]
[423][COPA 2006] [QUARTAS-DE-FINAL] [30/6] [Itália (3) x (0) Ucrânia] [Hamburgo]
[424][COPA 1994] [GRUPO D] [30/6] [Bulgária (2) x (0) Argentina] [Dallas]
[425][COPA 1998] [GRUPO F] [21/6] [Alemanha (2) x (2) Iugoslávia] [Lens]
[426][COPA 2018] [GRUPO D] [21/6] [Argentina (0) x (3) Croácia] [Nizhny Novgorod Stadium]
[427][COPA 1990] [QUARTAS-DE-FINAL] [1/7] [Alemanha Ocidental (1) x (0) Tchecoslováquia] [Milão]
[428][COPA 1958] [GRUPO D] [15/6] [Áustria (2) x (2) Inglaterra] [Boraas]
[429][COPA 1966] [GRUPO A] [11/7] [Inglaterra (0) x (0) Uruguai] [Londres]
[430][COPA 1978] [GRUPO A] [6/6] [Itália (3) x (1) Hungria] [Mar del Plata]
[431][COPA 1978] [GRUPO B] [6/6] [Polônia (1) x (0) Tunísia] [Rosario]
[432][COPA 1974] [GRUPO A] [18/6] [Alemanha Ocidental (3) x (0) Austrália] [Hamburgo]
[433][COPA 1990] [QUARTAS-DE-FINAL] [1/7] [Inglaterra (3) x (2) Camarões] [Napoli]
[434][COPA 1954] [GRUPO A] [16/6] [Iugoslávia (1) x (0) França] [Lausanne]
[435][COPA 1950] [FASE FINAL] [9/7] [Espanha (2) x (2) Uruguai] [São Paulo]
[436][COPA 1982] [FINAL] [11/7] [Itália (3) x (1) Alemanha Ocidental] [Madri]
[437][COPA 1962] [GRUPO D] [6/6] [Argentina (0) x (0) Hungria] [Rancagua]
[438][COPA 1982] [SEMIFINAL] [8/7] [Alemanha Ocidental (3) x (3) França] [Sevilla]
[439][COPA 1930] [GRUPO A] [13/7] [França (4) x (1) México] [Montevidéu]
[440][COPA 1986] [QUARTAS-DE-FINAL] [22/6] [Bélgica (1) x (1) Espanha] [Puebla]
[441][COPA 2006] [QUARTAS-DE-FINAL] [1/7] [Inglaterra (0) x (0) Portugal] [Gelsenkirchen]
[442][COPA 2002] [GRUPO B] [12/6] [Paraguai (3) x (1) Eslovênia] [Seogwipo]
[443][COPA 1994] [OITAVAS-DE-FINAL] [5/7] [Itália (2) x (1) Nigéria] [Boston]
[444][COPA 1958] [GRUPO B] [8/6] [França (7) x (3) Paraguai] [Norrkoping]
[445][COPA 1978] [SEGUNDA FASE - GRUPO 2] [18/6] [Polônia (1) x (0) Peru] [Mendoza]
[446][COPA 2006] [GRUPO D] [11/6] [Angola (0) x (1) Portugal] [Colônia]
[447][COPA 1962] [FINAL] [17/6] [Brasil (3) x (1) Tchecoslováquia] [Santiago]
[448][COPA 1938] [OITAVAS-DE-FINAL] [9/6] [Cuba (2) x (1) Romênia] [Toulouse]
[449][COPA 1998] [GRUPO E] [20/6] [Bélgica (2) x (2) México] [Bordeaux]
[450][COPA 2002] [GRUPO D] [14/6] [Coreia do Sul (1) x (0) Portugal] [Incheon]
[451][COPA 2002] [OITAVAS-DE-FINAL] [16/6] [Senegal (2) x (1) Suécia] [Oita]
[452][COPA 1934] [FINAL] [10/6] [Itália (2) x (1) Tchecoslováquia] [Roma]
[453][COPA 1974] [SEGUNDA FASE - GRUPO 2] [3/7] [Suécia (2) x (1) Iugoslávia] [Colônia]
[454][COPA 2010] [GRUPO A] [11/6] [África do Sul (1) x (1) México] [Joanesburgo]
[455][COPA 1990] [OITAVAS-DE-FINAL] [25/6] [Itália (2) x (0) Uruguai] [Roma]
[456][COPA 1982] [SEGUNDA FASE - GRUPO 2] [5/7] [Inglaterra (0) x (0) Espanha] [Madri]
[457][COPA 2010] [GRUPO D] [19/6] [Gana (1) x (1) Austrália] [Rustemburgo]
[458][COPA 2006] [OITAVAS-DE-FINAL] [27/6] [Espanha (1) x (3) França] [Hannover]
[459][COPA 2002] [GRUPO A] [11/6] [Senegal (3) x (3) Uruguai] [Suwon]
[460][COPA 1986] [Disp. 3°. Lugar] [28/6] [França (4) x (2) Bélgica] [Puebla]
[461][COPA 1994] [GRUPO B] [24/6] [Brasil (3) x (0) Camarões] [San Francisco]
[462][COPA 1958] [FINAL] [29/6] [Brasil (5) x (2) Suécia] [Solna]
[463][COPA 2014] [GRUPO F] [15/6] [Argentina (2) x (1) Bósnia e Herzegovna] [Rio de Janeiro]
[464][COPA 1990] [QUARTAS-DE-FINAL] [30/6] [Itália (1) x (0) Irlanda] [Roma]
[465][COPA 1950] [GRUPO A] [28/6] [Brasil (2) x (2) Suíça] [São Paulo]
[466][COPA 2014] [GRUPO B] [13/6] [Espanha (1) x (5) Holanda] [Salvador]
[467][COPA 1990] [GRUPO A] [10/6] [Tchecoslováquia (5) x (1) Estados Unidos] [Florence]
[468][COPA 1982] [SEGUNDA FASE - GRUPO 4] [1/7] [Áustria (2) x (2) Irlanda do Norte] [Madri]
[469][COPA 1950] [GRUPO B] [29/6] [Espanha (2) x (0) Chile] [Rio de Janeiro]
[470][COPA 2018] [GRUPO C] [26/6] [Dinamarca (0) x (0) França] [Luzhniki Stadoum]
[471][COPA 2006] [GRUPO G] [13/6] [Coreia do Sul (2) x (1) Togo] [Frankfurt]
[472][COPA 1966] [GRUPO B] [19/7] [Argentina (2) x (0) Suíça] [Sheffield]
[473][COPA 1930] [FINAL] [30/7] [Uruguai (4) x (2) Argentina] [Montevidéu]
[474][COPA 2006] [GRUPO G] [19/6] [Togo (0) x (2) Suíça] [Dortmund]
[475][COPA 2006] [GRUPO D] [17/6] [Portugal (2) x (0) Irã] [Frankfurt]
[476][COPA 1998] [GRUPO B] [11/6] [Itália (2) x (2) Chile] [Bordeaux]
[477][COPA 1934] [OITAVAS-DE-FINAL] [27/5] [Itália (7) x (1) Estados Unidos] [Roma]
[478][COPA 2006] [QUARTAS-DE-FINAL] [1/7] [Brasil (0) x (1) França] [Frankfurt]
[479][COPA 1982] [GRUPO B] [17/6] [Áustria (1) x (0) Chile] [Oviedo]
[480][COPA 1998] [GRUPO B] [11/6] [Áustria (1) x (1) Camarões] [Toulouse]
[481][COPA 1994] [GRUPO E] [19/6] [Noruega (1) x (0) México] [Washington DC]
[482][COPA 2014] [GRUPO F] [16/6] [Irã (0) x (0) Nigéria] [Curitiba]
[483][COPA 2018] [GRUPO D] [16/6] [Argentina (1) x (1) Islândia] [Spartak Stadium]
[484][COPA 1966] [GRUPO C] [16/7] [Portugal (3) x (0) Bulgária] [Manchester]
[485][COPA 1962] [SEMIFINAL] [13/6] [Brasil (4) x (2) Chile] [Santiago]
[486][COPA 1998] [GRUPO E] [25/6] [Bélgica (1) x (1) Coreia do Sul] [Paris]
[487][COPA 1970] [GRUPO D] [3/6] [Alemanha Ocidental (2) x (1) Marrocos] [León]
[488][COPA 2006] [GRUPO A] [9/6] [Alemanha (4) x (2) Costa Rica] [Munique]
[489][COPA 2002] [GRUPO H] [9/6] [Japão (1) x (0) Rússia] [Yokohama]
[490][COPA 1986] [GRUPO B] [11/6] [Bélgica (2) x (2) Paraguai] [Toluca]
[491][COPA 2014] [GRUPO D] [24/6] [Itália (0) x (1) Uruguai] [Natal]
[492][COPA 1958] [QUARTAS-DE-FINAL] [19/6] [França (4) x (0) Irlanda do Norte] [Norrkoping]
[493][COPA 1982] [GRUPO B] [21/6] [Áustria (2) x (0) Argélia] [Oviedo]
[494][COPA 1934] [OITAVAS-DE-FINAL] [27/5] [Alemanha (5) x (2) Bélgica] [Florence]
[495][COPA 2010] [GRUPO F] [24/6] [Paraguai (0) x (0) Nova Zelândia] [Polokwane]
[496][COPA 2002] [GRUPO E] [1/6] [Irlanda (1) x (1) Camarões] [Niigata]
[497][COPA 1966] [GRUPO C] [12/7] [Brasil (2) x (0) Bulgária] [Liverpool]
[498][COPA 1994] [GRUPO C] [21/6] [Alemanha (1) x (1) Espanha] [Chicago]
[499][COPA 1934] [SEMIFINAL] [3/6] [Tchecoslováquia (3) x (1) Alemanha] [Roma]
[500][COPA 2006] [Disp. 3°. Lugar] [8/7] [Alemanha (3) x (1) Portugal] [Stuttgart]
[501][COPA 1974] [Disp. 3°. Lugar] [6/7] [Polônia (1) x (0) Brasil] [Berlim]
[502][COPA 1958] [GRUPO C] [15/6] [Suécia (0) x (0) País de Gales] [Solna]
[503][COPA 1990] [OITAVAS-DE-FINAL] [24/6] [Argentina (1) x (0) Brasil] [Turim]
[504][COPA 2002] [GRUPO E] [6/6] [Camarões (1) x (0) Arábia Saudita] [Saitama]
[505][COPA 2006] [GRUPO F] [12/6] [Austrália (3) x (1) Japão] [Kaiserslautern]
[506][COPA 1982] [GRUPO F] [18/6] [Brasil (4) x (1) Escócia] [Sevilla]
[507][COPA 1930] [GRUPO C] [14/7] [Romênia (3) x (1) Peru] [Montevidéu]
[508][COPA 1974] [SEGUNDA FASE - GRUPO 1] [26/6] [Holanda (4) x (0) Argentina] [Gelsenkirchen]
[509][COPA 2010] [OITAVAS-DE-FINAL] [28/6] [Brasil (3) x (0) Chile] [Joanesburgo]
[510][COPA 1986] [OITAVAS-DE-FINAL] [15/6] [México (2) x (0) Bulgária] [Cidade do México]
[511][COPA 1978] [GRUPO D] [7/6] [Holanda (0) x (0) Peru] [Mendoza]
[512][COPA 1938] [FINAL] [19/6] [Itália (4) x (2) Hungria] [Paris]
[513][COPA 1966] [GRUPO B] [12/7] [Alemanha Ocidental (5) x (0) Suíça] [Sheffield]
[514][COPA 1978] [GRUPO A] [10/6] [Itália (1) x (0) Argentina] [Buenos Aires]
[515][COPA 1994] [GRUPO C] [27/6] [Alemanha (3) x (2) Coreia do Sul] [Dallas]
[516][COPA 1982] [GRUPO E] [24/6] [Iugoslávia (1) x (0) Honduras] [Zaragoza]
[517][COPA 1990] [GRUPO A] [19/6] [Áustria (2) x (1) Estados Unidos] [Florence]
[518][COPA 1954] [QUARTAS-DE-FINAL] [27/6] [Alemanha Ocidental (2) x (0) Iugoslávia] [Genebra]
[519][COPA 2010] [GRUPO F] [24/6] [Eslováquia (3) x (2) Itália] [Joanesburgo]
[520][COPA 1998] [OITAVAS-DE-FINAL] [30/6] [Argentina (2) x (2) Inglaterra] [St. Etienne]
[521][COPA 1998] [GRUPO G] [15/6] [Inglaterra (2) x (0) Tunísia] [Marseilles]
[522][COPA 1994] [GRUPO E] [28/6] [Irlanda (0) x (0) Noruega] [Boston]
[523][COPA 1982] [GRUPO E] [16/6] [Honduras (1) x (1) Espanha] [Valência]
[524][COPA 2018] [OITAVAS-DE-FINAL] [2/7] [Brasil (2) x (0) México] [Samara Arena]
[525][COPA 1958] [GRUPO B] [11/6] [Paraguai (3) x (2) Escócia] [Norrkoping]
[526][COPA 1982] [SEGUNDA FASE - GRUPO 1] [28/6] [Polônia (3) x (0) Bélgica] [Barcelona]
[527][COPA 2010] [GRUPO E] [19/6] [Camarões (1) x (2) Dinamarca] [Pretória]
[528][COPA 1950] [GRUPO D] [2/7] [Uruguai (8) x (0) Bolivia] [Belo Horizonte]
[529][COPA 2014] [GRUPO G] [26/6] [Estados Unidos (0) x (1) Alemanha] [Recife]
[530][COPA 1958] [GRUPO D] [11/6] [Brasil (0) x (0) Inglaterra] [Gotemborg]
[531][COPA 2018] [GRUPO F] [27/6] [Coreia do Sul (2) x (0) Alemanha] [Ekaterinburg Arena]
[532][COPA 2018] [QUARTAS-DE-FINAL] [6/7] [Brasil (1) x (2) Bélgica] [Kazan Arena]
[533][COPA 2014] [GRUPO E] [25/6] [Equador (0) x (0) França] [Rio de Janeiro]
[534][COPA 2014] [GRUPO A] [12/6] [Brasil (3) x (1) Croácia] [São Paulo]
[535][COPA 1998] [GRUPO D] [24/6] [Paraguai (3) x (1) Nigéria] [Toulouse]
[536][COPA 1994] [QUARTAS-DE-FINAL] [9/7] [Brasil (3) x (2) Holanda] [Dallas]
[537][COPA 2010] [GRUPO B] [17/6] [Grécia (2) x (1) Nigéria] [Bloemfontein]
[538][COPA 1934] [OITAVAS-DE-FINAL] [27/5] [Espanha (3) x (1) Brasil] [Turim]
[539][COPA 1954] [GRUPO A] [16/6] [Brasil (5) x (0) México] [Genebra]
[540][COPA 1990] [GRUPO E] [17/6] [Bélgica (3) x (1) Uruguai] [Verona]
[541][COPA 1998] [GRUPO C] [18/6] [França (4) x (0) Arábia Saudita] [St. Denis]
[542][COPA 2010] [GRUPO D] [13/6] [Alemanha (4) x (0) Austrália] [Durban]
[543][COPA 1930] [GRUPO D] [13/7] [Estados Unidos (3) x (0) Bélgica] [Montevidéu]
[544][COPA 1978] [FINAL] [25/6] [Argentina (3) x (1) Holanda] [Buenos Aires]
[545][COPA 1998] [GRUPO B] [17/6] [Itália (3) x (0) Camarões] [Montpellier]
[546][COPA 2006] [GRUPO D] [21/6] [Portugal (2) x (1) México] [Gelsenkirchen]
[547][COPA 1986] [GRUPO D] [7/6] [Espanha (2) x (1) Irlanda do Norte] [Guadalajara]
