(D) [COPA 1978] [SEGUNDA FASE - GRUPO 1] [21/6] [Áustria (3) x (2) Alemanha Ocidental] [Cordoba]
(D) [COPA 2014] [GRUPO E] [25/6] [Equador (0) x (0) França] [Rio de Janeiro]
(D) [COPA 1998] [QUARTAS-DE-FINAL] [3/7] [França (0) x (0) Itália] [St. Denis]
(D) [COPA 2014] [GRUPO H] [26/6] [Coreia do Sul (0) x (1) Bélgica] [São Paulo]
(D) [COPA 1998] [QUARTAS-DE-FINAL] [4/7] [Croácia (3) x (0) Alemanha] [Lyon]
(D) [COPA 1938] [QUARTAS-DE-FINAL] [12/6] [Brasil (1) x (1) Tchecoslováquia] [Bordeaux]
(D) [COPA 2018] [GRUPO F] [23/6] [Coreia do Sul (1) x (2) Mexico] [Fisht Stadium]
(D) [COPA 1966] [GRUPO D] [15/7] [Chile (1) x (1) Coreia do Norte] [Middlesbrough]
(D) [COPA 2006] [GRUPO B] [10/6] [Trinidad e Tobago (0) x (0) Suécia] [Dortmund]
(D) [COPA 1970] [GRUPO A] [3/6] [Bélgica (3) x (0) El Salvador] [Cidade do México]
(D) [COPA 2010] [GRUPO E] [19/6] [Camarões (1) x (2) Dinamarca] [Pretória]
(D) [COPA 1986] [GRUPO D] [12/6] [Espanha (3) x (0) Argélia] [Monterrey]
(D) [COPA 2002] [GRUPO H] [9/6] [Japão (1) x (0) Rússia] [Yokohama]
(D) [COPA 1998] [GRUPO E] [13/6] [México (3) x (1) Coreia do Sul] [Lens]
(D) [COPA 1986] [GRUPO C] [9/6] [França (3) x (0) Hungria] [Leon]
(D) [COPA 2002] [GRUPO D] [5/6] [Estados Unidos (3) x (2) Portugal] [Suwon]
(D) [COPA 2006] [GRUPO E] [12/6] [Estados Unidos (0) x (3) República Tcheca] [Gelsenkirchen]
(D) [COPA 1982] [GRUPO A] [23/6] [Itália (1) x (1) Camarões] [Vigo]
(D) [COPA 1958] [GRUPO C] [15/6] [Hungria (4) x (0) México] [Sandviken]
(D) [COPA 1982] [SEGUNDA FASE - GRUPO 1] [1/7] [União Soviética (1) x (0) Bélgica] [Barcelona]
(D) [COPA 1998] [GRUPO H] [14/6] [Croácia (3) x (1) Jamaica] [Lens]
(D) [COPA 1986] [GRUPO F] [11/6] [Marrocos (3) x (1) Portugal] [Monterrey]
(D) [COPA 1962] [GRUPO D] [2/6] [Inglaterra (3) x (1) Argentina] [Rancagua]
(D) [COPA 2010] [GRUPO B] [12/6] [Coreia do Sul (2) x (0) Grécia] [Porto Elizabeth]
(D) [COPA 1934] [SEMIFINAL] [3/6] [Itália (1) x (0) Áustria] [Milão]
(D) [COPA 1966] [FINAL] [30/7] [Inglaterra (4) x (2) Alemanha Ocidental] [Londres]
(D) [COPA 1998] [GRUPO D] [13/6] [Nigéria (3) x (2) Espanha] [Nantes]
(D) [COPA 1958] [QUARTAS-DE-FINAL] [19/6] [Suécia (2) x (0) União Soviética] [Solna]
(D) [COPA 1970] [GRUPO A] [11/6] [México (1) x (0) Bélgica] [Cidade do México]
(D) [COPA 1954] [SEMIFINAL] [30/6] [Hungria (4) x (2) Uruguai] [Lausanne]
(D) [COPA 1986] [OITAVAS-DE-FINAL] [16/6] [Argentina (1) x (0) Uruguai] [Puebla]
(D) [COPA 1934] [Disp. 3°. Lugar] [7/6] [Alemanha (3) x (2) Áustria] [Nápoli]
(D) [COPA 1950] [GRUPO B] [25/6] [Espanha (3) x (1) Estados Unidos] [Curitiba]
(D) [COPA 1998] [QUARTAS-DE-FINAL] [4/7] [Holanda (2) x (1) Argentina] [Marseilles]
(D) [COPA 1986] [FINAL] [29/6] [Argentina (3) x (2) Alemanha Ocidental] [Cidade do México]
(D) [COPA 1954] [SEMIFINAL] [30/6] [Alemanha Ocidental (6) x (1) Áustria] [Basel]
(D) [COPA 1986] [GRUPO B] [3/6] [México (2) x (1) Bélgica] [Cidade do México]
(D) [COPA 2018] [GRUPO H] [24/6] [Japão (2) x (2) Senegal] [Ekaterinburg Arena]
(D) [COPA 1994] [GRUPO A] [18/6] [Romênia (3) x (1) Colômbia] [Los Angeles]
(D) [COPA 1986] [GRUPO B] [11/6] [México (1) x (0) Iraque] [Puebla]
(D) [COPA 2010] [GRUPO E] [24/6] [Camarões (1) x (2) Holanda] [Cidade do Cabo]
(D) [COPA 2014] [GRUPO B] [13/6] [Espanha (1) x (5) Holanda] [Salvador]
(D) [COPA 1990] [GRUPO D] [14/6] [Iugoslávia (1) x (0) Colômbia] [Bologna]
(D) [COPA 2014] [GRUPO E] [25/6] [Honduras (0) x (3) Suíça] [Manaus]
(D) [COPA 2018] [GRUPO D] [26/6] [Nigéria (1) x (2) Argentina] [Saint Petersburg Stadium]
(D) [COPA 1978] [SEGUNDA FASE - GRUPO 2] [18/6] [Polônia (1) x (0) Peru] [Mendoza]
(D) [COPA 1958] [GRUPO D] [15/6] [Áustria (2) x (2) Inglaterra] [Boraas]
(D) [COPA 2018] [GRUPO E] [17/6] [Costa Rica (0) x (1) Sérvia] [Rostov Arena]
(D) [COPA 1958] [GRUPO C] [11/6] [México (1) x (1) País de Gales] [Solna]
(D) [COPA 2018] [GRUPO E] [27/6] [Servia (0) x (2) Brasil] [Spartak Stadium]
(D) [COPA 1998] [GRUPO C] [24/6] [Arábia Saudita (2) x (2) África do Sul] [Bordeaux]
(D) [COPA 1994] [GRUPO F] [20/6] [Holanda (2) x (1) Arábia Saudita] [Washington DC]
(D) [COPA 1958] [GRUPO D] [8/6] [Brasil (3) x (0) Áustria] [Uddevalla]
(D) [COPA 1962] [SEMIFINAL] [13/6] [Tchecoslováquia (3) x (1) Iugoslávia] [Viña del Mar]
(D) [COPA 2002] [OITAVAS-DE-FINAL] [16/6] [Espanha (1) x (1) Irlanda] [Suwon]
(D) [COPA 1994] [OITAVAS-DE-FINAL] [5/7] [Bulgária (1) x (1) México] [New York]
(D) [COPA 1970] [QUARTAS-DE-FINAL] [14/6] [Brasil (4) x (2) Peru] [Guadalajara]
(D) [COPA 1986] [OITAVAS-DE-FINAL] [16/6] [Brasil (4) x (0) Polônia] [Guadalajara]
(D) [COPA 1978] [SEGUNDA FASE - GRUPO 1] [18/6] [Holanda (2) x (2) Alemanha Ocidental] [Cordoba]
(D) [COPA 2014] [SEMIFINAL] [8/7] [Brasil (1) x (7) Alemanha] [Belo Horizonte]
(D) [COPA 1958] [GRUPO A] [15/6] [Tchecoslováquia (6) x (1) Argentina] [Halsingborg]
(D) [COPA 1958] [GRUPO B] [11/6] [Paraguai (3) x (2) Escócia] [Norrkoping]
(D) [COPA 2010] [OITAVAS-DE-FINAL] [28/6] [Holanda (2) x (1) Eslováquia] [Durban]
(D) [COPA 1970] [Disp. 3°. Lugar] [20/6] [Alemanha Ocidental (1) x (0) Uruguai] [Cidade do México]
(D) [COPA 1938] [FINAL] [19/6] [Itália (4) x (2) Hungria] [Paris]
(D) [COPA 2010] [OITAVAS-DE-FINAL] [27/6] [Argentina (3) x (1) México] [Joanesburgo]
(D) [COPA 2010] [GRUPO C] [18/6] [Inglaterra (0) x (0) Argélia] [Cidade do Cabo]
(D) [COPA 1954] [QUARTAS-DE-FINAL] [26/6] [Uruguai (4) x (2) Inglaterra] [Basel]
(D) [COPA 1970] [GRUPO C] [7/6] [Brasil (1) x (0) Inglaterra] [Guadalajara]
(D) [COPA 2018] [FINAL] [15/7] [França (4) x (2) Croácia] [Luzhnik Stadium]
(D) [COPA 1982] [GRUPO C] [23/6] [Argentina (2) x (0) El Salvador] [Alicante]
(D) [COPA 2018] [GRUPO H] [28/6] [Japão (0) x (1) Polônia] [Samara Arena]
(D) [COPA 1990] [OITAVAS-DE-FINAL] [24/6] [Alemanha Ocidental (2) x (1) Holanda] [Milão]
(D) [COPA 1966] [GRUPO B] [13/7] [Argentina (2) x (1) Espanha] [Birmingham]
(D) [COPA 2006] [SEMIFINAL] [5/7] [Portugal (0) x (1) França] [Munique]
(D) [COPA 2018] [GRUPO B] [15/6] [Marrocos (0) x (1) Irã] [Saint Petersburg Stadium]
(D) [COPA 1978] [SEGUNDA FASE - GRUPO 1] [21/6] [Holanda (2) x (1) Itália] [Buenos Aires]
(D) [COPA 1982] [GRUPO C] [15/6] [Hungria (10) x (1) El Salvador] [Elche]
(D) [COPA 1938] [QUARTAS-DE-FINAL] [12/6] [Suécia (8) x (0) Cuba] [Antibes]
(D) [COPA 1990] [GRUPO F] [17/6] [Egito (0) x (0) Irlanda] [Palermo]
(D) [COPA 1958] [GRUPO C] [15/6] [Suécia (0) x (0) País de Gales] [Solna]
(D) [COPA 1966] [GRUPO A] [15/7] [Uruguai (2) x (1) França] [Londres]
(D) [COPA 1978] [SEGUNDA FASE - GRUPO 2] [18/6] [Argentina (0) x (0) Brasil] [Rosario]
(D) [COPA 1998] [GRUPO E] [13/6] [Bélgica (0) x (0) Holanda] [St. Denis]
(D) [COPA 1994] [OITAVAS-DE-FINAL] [2/7] [Espanha (3) x (0) Suíça] [Washington DC]
(D) [COPA 1986] [GRUPO D] [1/6] [Brasil (1) x (0) Espanha] [Guadalajara]
(D) [COPA 1978] [SEGUNDA FASE - GRUPO 1] [18/6] [Itália (1) x (0) Áustria] [Buenos Aires]
(D) [COPA 1998] [GRUPO H] [14/6] [Argentina (1) x (0) Japão] [Toulouse]
(D) [COPA 2010] [GRUPO B] [12/6] [Argentina (1) x (0) Nigéria] [Joanesburgo]
(D) [COPA 1978] [GRUPO B] [6/6] [Polônia (1) x (0) Tunísia] [Rosario]
(D) [COPA 2014] [GRUPO B] [23/6] [Holanda (2) x (0) Chile] [São Paulo]
(D) [COPA 1994] [GRUPO D] [26/6] [Bulgária (4) x (0) Grécia] [Chicago]
(D) [COPA 1954] [GRUPO C] [16/6] [Áustria (1) x (0) Escócia] [Zurique]
(D) [COPA 1986] [SEMIFINAL] [25/6] [Argentina (2) x (0) Bélgica] [Cidade do México]
(D) [COPA 1990] [GRUPO F] [21/6] [Inglaterra (1) x (0) Egito] [Cagliari]
(D) [COPA 1998] [GRUPO C] [12/6] [França (3) x (0) África do Sul] [Marseilles]
(D) [COPA 2002] [GRUPO A] [6/6] [Dinamarca (1) x (1) Senegal] [Daegu]
(D) [COPA 1994] [OITAVAS-DE-FINAL] [3/7] [Romênia (3) x (2) Argentina] [Los Angeles]
(D) [COPA 2002] [QUARTAS-DE-FINAL] [22/6] [Turquia (1) x (0) Senegal] [Osaka]
(D) [COPA 2018] [GRUPO B] [25/6] [Espanha (2) x (2) Marrocos] [Kaliningrad Stadium]
(D) [COPA 1962] [GRUPO C] [31/5] [Tchecoslováquia (1) x (0) Espanha] [Viña del Mar]
(D) [COPA 1966] [GRUPO D] [19/7] [Coreia do Norte (1) x (0) Itália] [Middlesbrough]
(D) [COPA 1970] [GRUPO C] [2/6] [Inglaterra (1) x (0) Romênia] [Guadalajara]
(D) [COPA 1998] [GRUPO C] [12/6] [Dinamarca (1) x (0) Arábia Saudita] [Lens]
(D) [COPA 1954] [GRUPO D] [20/6] [Itália (4) x (1) Bélgica] [Lugano]
(D) [COPA 1974] [GRUPO C] [23/6] [Holanda (4) x (1) Bulgária] [Dortmund]
(D) [COPA 1974] [GRUPO C] [15/6] [Holanda (2) x (0) Uruguai] [Hanover]
(D) [COPA 1994] [GRUPO B] [28/6] [Brasil (1) x (1) Suécia] [Detroit]
(D) [COPA 1990] [OITAVAS-DE-FINAL] [24/6] [Argentina (1) x (0) Brasil] [Turim]
(D) [COPA 2006] [GRUPO B] [10/6] [Inglaterra (1) x (0) Paraguai] [Frankfurt]
(D) [COPA 1958] [QUARTAS-DE-FINAL] [19/6] [Alemanha Ocidental (1) x (0) Iugoslávia] [Malmoe]
(D) [COPA 2006] [QUARTAS-DE-FINAL] [30/6] [Alemanha (1) x (1) Argentina] [Berlim]
(D) [COPA 1986] [GRUPO E] [4/6] [Alemanha Ocidental (1) x (1) Uruguai] [Queretaro]
(D) [COPA 2018] [GRUPO G] [28/6] [Inglaterra (0) x (1) Belgica] [Kaliningrad Stadium]
(D) [COPA 2010] [GRUPO E] [19/6] [Holanda (1) x (0) Japão] [Durban]
(D) [COPA 1986] [OITAVAS-DE-FINAL] [15/6] [Bélgica (4) x (3) União Soviética] [Leon]
(D) [COPA 2014] [SEMIFINAL] [9/7] [Holanda (0) x (0) Argentina] [São Paulo]
(D) [COPA 2014] [GRUPO E] [20/6] [Honduras (1) x (2) Equador] [Curitiba]
(D) [COPA 2014] [GRUPO H] [26/6] [Argélia (1) x (1) Rússia] [Curitiba]
(D) [COPA 2014] [OITAVAS-DE-FINAL] [30/6] [Alemanha (2) x (1) Argélia] [Porto Alegre]
(D) [COPA 1986] [GRUPO A] [5/6] [Bulgária (1) x (1) Coreia do Sul] [Cidade do México]
(D) [COPA 2014] [GRUPO A] [23/6] [Camarões (1) x (4) Brasil] [Brasília]
(D) [COPA 1962] [GRUPO A] [30/5] [Uruguai (2) x (1) Colômbia] [Arica]
(D) [COPA 2018] [GRUPO E] [22/6] [Sérvia (1) x (2) Suiça] [Saint Petersburg Stadium]
(D) [COPA 2002] [GRUPO C] [3/6] [Brasil (2) x (1) Turquia] [Ulsan]
(D) [COPA 1986] [GRUPO F] [11/6] [Inglaterra (3) x (0) Polônia] [Monterrey]
(D) [COPA 1990] [GRUPO D] [15/6] [Alemanha Ocidental (5) x (1) Emirados Arabes] [Milão]
(D) [COPA 1998] [GRUPO E] [20/6] [Holanda (5) x (0) Coreia do Sul] [Marseille]
(D) [COPA 1986] [OITAVAS-DE-FINAL] [15/6] [México (2) x (0) Bulgária] [Cidade do México]
(D) [COPA 1970] [QUARTAS-DE-FINAL] [14/6] [Itália (4) x (1) México] [Toluca]
(D) [COPA 1966] [GRUPO B] [15/7] [Espanha (2) x (1) Suíça] [Sheffield]
(D) [COPA 1934] [QUARTAS-DE-FINAL] [31/5] [Áustria (2) x (1) Hungria] [Bologna]
(D) [COPA 1982] [GRUPO D] [24/6] [Tchecoslováquia (1) x (1) França] [Valladolid]
(D) [COPA 2002] [GRUPO G] [13/6] [Equador (1) x (0) Croácia] [Yokohama]
(D) [COPA 1958] [SEMIFINAL] [24/6] [Brasil (5) x (2) França] [Solna]
(D) [COPA 1998] [Disp. 3°. Lugar] [11/7] [Croácia (2) x (1) Holanda] [Paris]
[0] [COPA 1958] [GRUPO B] [8/6] [Escócia (1) x (1) Iugoslávia] [Vasteraas]
[1] [COPA 2002] [GRUPO F] [2/6] [Argentina (1) x (0) Nigéria] [Ibaraki]
[2] [COPA 1958] [GRUPO A] [17/6] [Irlanda do Norte (2) x (1) Tchecoslováquia] [Malmoe]
[3] [COPA 2018] [GRUPO H] [28/6] [Senegal (0) x (1) Colômbia] [Volgograd Arena]
[4] [COPA 1998] [GRUPO F] [14/6] [Iugoslávia (1) x (0) Irã] [St. Etienne]
[5] [COPA 2018] [GRUPO C] [26/6] [Australia (0) x (2) Peru] [Fisht Stadium]
[6] [COPA 1974] [GRUPO B] [22/6] [Escócia (1) x (1) Iugoslávia] [Frankfurt]
[7] [COPA 1982] [SEGUNDA FASE - GRUPO 1] [28/6] [Polônia (3) x (0) Bélgica] [Barcelona]
[8] [COPA 1950] [FASE FINAL] [16/7] [Uruguai (2) x (1) Brasil] [Rio de Janeiro]
[9] [COPA 2018] [SEMIFINAL] [11/7] [Croácia (2) x (1) Inglaterra] [Luzhnik Stadium]
[10] [COPA 1962] [GRUPO C] [3/6] [Espanha (1) x (0) México] [Viña del Mar]
[11] [COPA 2006] [GRUPO G] [13/6] [Coreia do Sul (2) x (1) Togo] [Frankfurt]
[12] [COPA 1990] [GRUPO D] [9/6] [Colômbia (2) x (0) Emirados Arabes] [Bologna]
[13] [COPA 1994] [QUARTAS-DE-FINAL] [10/7] [Bulgária (2) x (1) Alemanha] [New York]
[14] [COPA 2018] [GRUPO A] [25/6] [Uruguai (3) x (0) Russia] [Samara Arena]
[15] [COPA 1986] [GRUPO B] [11/6] [Bélgica (2) x (2) Paraguai] [Toluca]
[16] [COPA 1994] [GRUPO D] [30/6] [Bulgária (2) x (0) Argentina] [Dallas]
[17] [COPA 2006] [QUARTAS-DE-FINAL] [1/7] [Brasil (0) x (1) França] [Frankfurt]
[18] [COPA 2010] [GRUPO D] [19/6] [Gana (1) x (1) Austrália] [Rustemburgo]
[19] [COPA 2010] [GRUPO H] [25/6] [Suíça (0) x (0) Honduras] [Bloemfontein]
[20] [COPA 2006] [GRUPO D] [17/6] [Portugal (2) x (0) Irã] [Frankfurt]
[21] [COPA 1962] [GRUPO B] [30/5] [Chile (3) x (1) Suíça] [Santiago]
[22] [COPA 2002] [GRUPO B] [2/6] [Espanha (3) x (1) Eslovênia] [Gwangju]
[23] [COPA 1930] [FINAL] [30/7] [Uruguai (4) x (2) Argentina] [Montevidéu]
[24] [COPA 2018] [OITAVAS-DE-FINAL] [30/6] [França (4) x (3) Argentina] [Kazan Arena]
[25] [COPA 2018] [DISPUTA 3° LUGAR] [14/7] [Belgica (2) x (0) Inglaterra] [Saint Petersburg Stadium]
[26] [COPA 1962] [GRUPO D] [30/5] [Argentina (1) x (0) Bulgária] [Rancagua]
[27] [COPA 1986] [OITAVAS-DE-FINAL] [17/6] [França (2) x (0) Itália] [Cidade do México]
[28] [COPA 1974] [GRUPO A] [22/6] [Alemanha Oriental (1) x (0) Alemanha Ocidental] [Hamburgo]
[29] [COPA 2018] [GRUPO B] [20/6] [Portugal (1) x (0) Marrocos] [Luzhnik Stadium]
[30] [COPA 2018] [GRUPO D] [16/6] [Argentina (1) x (1) Islândia] [Spartak Stadium]
[31] [COPA 1950] [GRUPO C] [2/7] [Itália (2) x (0) Paraguai] [São Paulo]
[32] [COPA 2006] [GRUPO B] [15/6] [Suécia (1) x (0) Paraguai] [Berlim]
[33] [COPA 1934] [OITAVAS-DE-FINAL] [27/5] [Suécia (3) x (2) Argentina] [Milão]
[34] [COPA 2018] [QUARTAS-DE-FINAL] [6/7] [Uruguai (0) x (2) França] [Nizhny Novgorod Stadium]
[35] [COPA 1990] [GRUPO E] [21/6] [Uruguai (1) x (0) Coreia do Sul] [Udine]
[36] [COPA 2010] [GRUPO F] [24/6] [Eslováquia (3) x (2) Itália] [Joanesburgo]
[37] [COPA 1990] [GRUPO C] [20/6] [Costa Rica (2) x (1) Suécia] [Genoa]
[38] [COPA 1962] [GRUPO B] [7/6] [Itália (3) x (0) Suíça] [Santiago]
[39] [COPA 1986] [GRUPO C] [6/6] [Hungria (2) x (0) Canadá] [Irapuato]
[40] [COPA 1958] [GRUPO D] [8/6] [Inglaterra (2) x (2) União Soviética] [Gotemborg]
[41] [COPA 2014] [GRUPO G] [21/6] [Alemanha (2) x (2) Gana] [Fortaleza]
[42] [COPA 2014] [QUARTAS-DE-FINAL] [5/7] [Argentina (1) x (0) Bélgica] [Brasília]
[43] [COPA 1938] [OITAVAS-DE-FINAL] [5/6] [Hungria (6) x (0) Indonésia] [Reims]
[44] [COPA 2010] [GRUPO G] [15/6] [Brasil (2) x (1) Coreia do Norte] [Joanesburgo]
[45] [COPA 1962] [SEMIFINAL] [13/6] [Brasil (4) x (2) Chile] [Santiago]
[46] [COPA 1930] [GRUPO A] [13/7] [França (4) x (1) México] [Montevidéu]
[47] [COPA 2014] [GRUPO F] [25/6] [Nigéria (2) x (3) Argentina] [Porto Alegre]
[48] [COPA 1970] [QUARTAS-DE-FINAL] [14/6] [Alemanha Ocidental (3) x (2) Inglaterra] [León]
[49] [COPA 1994] [OITAVAS-DE-FINAL] [4/7] [Holanda (2) x (0) Irlanda] [Orlando]
[50] [COPA 1962] [GRUPO A] [3/6] [União Soviética (4) x (4) Colômbia] [Arica]
[51] [COPA 2010] [GRUPO D] [13/6] [Sérvia (0) x (1) Gana] [Pretória]
[52] [COPA 2014] [OITAVAS-DE-FINAL] [1/7] [Argentina (1) x (0) Suíça] [São Paulo]
[53] [COPA 1994] [QUARTAS-DE-FINAL] [9/7] [Brasil (3) x (2) Holanda] [Dallas]
[54] [COPA 1994] [QUARTAS-DE-FINAL] [10/7] [Suécia (2) x (2) Romênia] [San Francisco]
[55] [COPA 1982] [GRUPO C] [22/6] [Bélgica (1) x (1) Hungria] [Elche]
[56] [COPA 2002] [OITAVAS-DE-FINAL] [17/6] [Estados Unidos (2) x (0) México] [Jeonju]
[57] [COPA 1966] [GRUPO B] [12/7] [Alemanha Ocidental (5) x (0) Suíça] [Sheffield]
[58] [COPA 1954] [GRUPO C] [16/6] [Uruguai (2) x (0) Tchecoslováquia] [Berna]
[59] [COPA 1994] [FINAL] [17/7] [Brasil (0) x (0) Itália] [Los Angeles]
[60] [COPA 1998] [OITAVAS-DE-FINAL] [27/6] [Itália (1) x (0) Noruega] [Marseille]
[61] [COPA 1958] [GRUPO B] [15/6] [Paraguai (3) x (3) Iugoslávia] [Eskilstuna]
[62] [COPA 2006] [FINAL] [9/7] [Itália (1) x (1) França] [Berlim]
[63] [COPA 1930] [GRUPO D] [17/7] [Estados Unidos (3) x (0) Paraguai] [Montevidéu]
[64] [COPA 1934] [QUARTAS-DE-FINAL] [31/5] [Alemanha (2) x (1) Suécia] [Milão]
[65] [COPA 1974] [GRUPO D] [15/6] [Itália (3) x (1) Haiti] [Berlim]
[66] [COPA 1994] [GRUPO B] [20/6] [Brasil (2) x (0) Rússia] [San Francisco]
[67] [COPA 2018] [GRUPO E] [17/6] [Brasil (1) x (1) Suiça] [Samara Arena]
[68] [COPA 1938] [Disp. 3°. Lugar] [19/6] [Brasil (4) x (2) Suécia] [Marseilles]
[69] [COPA 1994] [SEMIFINAL] [13/7] [Itália (2) x (1) Bulgária] [New York]
[70] [COPA 2002] [GRUPO H] [4/6] [Bélgica (2) x (2) Japão] [Saitama]
[71] [COPA 1950] [GRUPO A] [2/7] [Suíça (2) x (1) México] [Porto Alegre]
[72] [COPA 1978] [GRUPO B] [2/6] [Tunísia (3) x (1) México] [Rosario]
[73] [COPA 2002] [GRUPO F] [7/6] [Suécia (2) x (1) Nigéria] [Kobe]
[74] [COPA 2010] [GRUPO A] [16/6] [África do Sul (0) x (3) Uruguai] [Pretória]
[75] [COPA 2006] [GRUPO B] [20/6] [Paraguai (2) x (0) Trinidad e Tobago] [Kaiserslautern]
[76] [COPA 1994] [GRUPO A] [22/6] [Suíça (4) x (1) Romênia] [Roma]
[77] [COPA 1958] [GRUPO D] [15/6] [Brasil (2) x (0) União Soviética] [Gotemborg]
[78] [COPA 2002] [GRUPO E] [1/6] [Irlanda (1) x (1) Camarões] [Niigata]
[79] [COPA 2002] [Disp. 3°. Lugar] [29/6] [Turquia (3) x (2) Coreia do Sul] [Daegu]
[80] [COPA 2014] [GRUPO H] [17/6] [Bélgica (2) x (1) Argélia] [Belo Horizonte]
[81] [COPA 1962] [GRUPO D] [3/6] [Hungria (6) x (1) Bulgária] [Rancagua]
[82] [COPA 1962] [FINAL] [17/6] [Brasil (3) x (1) Tchecoslováquia] [Santiago]
[83] [COPA 1970] [GRUPO B] [3/6] [Itália (1) x (0) Suécia] [Toluca]
[84] [COPA 1966] [QUARTAS-DE-FINAL] [23/7] [Inglaterra (1) x (0) Argentina] [Londres]
[85] [COPA 1998] [OITAVAS-DE-FINAL] [29/6] [Alemanha (2) x (1) México] [St. Denis]
[86] [COPA 1998] [GRUPO F] [21/6] [Irã (2) x (1) Estados Unidos] [Lyon]
[87] [COPA 1966] [GRUPO B] [16/7] [Argentina (0) x (0) Alemanha Ocidental] [Birmingham]
[88] [COPA 2014] [GRUPO D] [24/6] [Itália (0) x (1) Uruguai] [Natal]
[89] [COPA 1978] [GRUPO C] [11/6] [Espanha (1) x (0) Suécia] [Buenos Aires]
[90] [COPA 2002] [GRUPO C] [8/6] [Brasil (4) x (0) China] [Seogwipo]
[91] [COPA 2006] [GRUPO D] [11/6] [Angola (0) x (1) Portugal] [Colônia]
[92] [COPA 2002] [OITAVAS-DE-FINAL] [18/6] [Turquia (1) x (0) Japão] [Miyagi]
[93] [COPA 1986] [GRUPO B] [4/6] [Paraguai (1) x (0) Iraque] [Toluca]
[94] [COPA 1950] [GRUPO B] [2/7] [Espanha (1) x (0) Inglaterra] [Rio de Janeiro]
[95] [COPA 1958] [GRUPO C] [17/6] [País de Gales (2) x (1) Hungria] [Malmoe]
[96] [COPA 1974] [GRUPO A] [18/6] [Alemanha Ocidental (3) x (0) Austrália] [Hamburgo]
[97] [COPA 2002] [GRUPO D] [14/6] [Coreia do Sul (1) x (0) Portugal] [Incheon]
[98] [COPA 2002] [QUARTAS-DE-FINAL] [22/6] [Coreia do Sul (0) x (0) Espanha] [Gwangju]
[99] [COPA 2018] [OITAVAS-DE-FINAL] [2/7] [Bélgica (3) x (2) Japão] [Rostov Arena]
[100] [COPA 2006] [GRUPO C] [16/6] [Holanda (2) x (1) Costa do Marfim] [Stuttgart]
[101] [COPA 1998] [GRUPO A] [23/6] [Marrocos (3) x (0) Escócia] [Saint Etienne]
[102] [COPA 1998] [GRUPO G] [15/6] [Inglaterra (2) x (0) Tunísia] [Marseilles]
[103] [COPA 1982] [GRUPO B] [17/6] [Áustria (1) x (0) Chile] [Oviedo]
[104] [COPA 1974] [GRUPO B] [18/6] [Brasil (0) x (0) Escócia] [Frankfurt]
[105] [COPA 2002] [GRUPO D] [10/6] [Portugal (4) x (0) Polônia] [Jeonju]
[106] [COPA 1994] [Disp. 3°. Lugar] [16/7] [Suécia (4) x (0) Bulgária] [Los Angeles]
[107] [COPA 1994] [GRUPO F] [29/6] [Arábia Saudita (1) x (0) Bélgica] [Washington DC]
[108] [COPA 2010] [GRUPO G] [25/6] [Coreia do Norte (0) x (3) Costa do Marfim] [Nelspruit]
[109] [COPA 1962] [QUARTAS-DE-FINAL] [14/6] [Brasil (3) x (1) Inglaterra] [Viña del Mar]
[110] [COPA 1982] [SEGUNDA FASE - GRUPO 3] [5/7] [Itália (3) x (2) Brasil] [Barcelona]
[111] [COPA 2014] [GRUPO C] [19/6] [Colômbia (2) x (1) Costa do Marfim] [Brasília]
[112] [COPA 1930] [GRUPO C] [14/7] [Romênia (3) x (1) Peru] [Montevidéu]
[113] [COPA 1950] [GRUPO D] [2/7] [Uruguai (8) x (0) Bolivia] [Belo Horizonte]
[114] [COPA 1930] [GRUPO B] [14/7] [Iugoslávia (2) x (1) Brasil] [Montevidéu]
[115] [COPA 1966] [GRUPO D] [16/7] [União Soviética (1) x (0) Itália] [Sunderland]
[116] [COPA 1930] [GRUPO B] [20/7] [Brasil (4) x (0) Bolivia] [Montevidéu]
[117] [COPA 2014] [GRUPO H] [22/6] [Bélgica (1) x (0) Rússia] [Rio de Janeiro]
[118] [COPA 1986] [GRUPO A] [31/5] [Itália (1) x (1) Bulgária] [Cidade do México]
[119] [COPA 2014] [GRUPO E] [15/6] [Suíça (2) x (1) Equador] [Brasília]
[120] [COPA 1934] [QUARTAS-DE-FINAL] [1/6] [Itália (1) x (0) Espanha] [Florence]
[121] [COPA 1958] [QUARTAS-DE-FINAL] [19/6] [França (4) x (0) Irlanda do Norte] [Norrkoping]
[122] [COPA 1994] [SEMIFINAL] [13/7] [Brasil (1) x (0) Suécia] [Los Angeles]
[123] [COPA 1986] [GRUPO E] [4/6] [Dinamarca (1) x (0) Escócia] [Nezahualcoyotl]
[124] [COPA 1974] [GRUPO C] [19/6] [Holanda (0) x (0) Suécia] [Dortmund]
[125] [COPA 2002] [OITAVAS-DE-FINAL] [17/6] [Brasil (2) x (0) Bélgica] [Kobe]
[126] [COPA 1990] [GRUPO C] [20/6] [Brasil (1) x (0) Escócia] [Turim]
[127] [COPA 2002] [GRUPO C] [4/6] [Costa Rica (2) x (0) China] [Gwangju]
[128] [COPA 1930] [GRUPO D] [20/7] [Paraguai (1) x (0) Bélgica] [Montevidéu]
[129] [COPA 2014] [GRUPO C] [19/6] [Japão (0) x (0) Grécia] [Natal]
[130] [COPA 1986] [GRUPO A] [10/6] [Itália (3) x (2) Coreia do Sul] [Puebla]
[131] [COPA 1998] [FINAL] [12/7] [França (3) x (0) Brasil] [St. Denis]
[132] [COPA 1990] [GRUPO C] [16/6] [Escócia (2) x (1) Suécia] [Genoa]
[133] [COPA 1986] [Disp. 3°. Lugar] [28/6] [França (4) x (2) Bélgica] [Puebla]
[134] [COPA 2010] [GRUPO D] [23/6] [Austrália (2) x (1) Sérvia] [Nelspruit]
[135] [COPA 1998] [GRUPO A] [10/6] [Brasil (2) x (1) Escócia] [St. Denis]
[136] [COPA 1994] [GRUPO A] [22/6] [Estados Unidos (2) x (1) Colômbia] [Los Angeles]
[137] [COPA 2018] [GRUPO C] [16/6] [França (2) x (1) Australia] [Kazan Arena]
[138] [COPA 1962] [GRUPO D] [7/6] [Bulgária (0) x (0) Inglaterra] [Rancagua]
[139] [COPA 1986] [GRUPO B] [7/6] [México (1) x (1) Paraguai] [Cidade do México]
[140] [COPA 1966] [QUARTAS-DE-FINAL] [23/7] [União Soviética (2) x (1) Hungria] [Sunderland]
[141] [COPA 2018] [GRUPO B] [20/6] [Irã (0) x (1) Espanha] [Kazan Arena]
[142] [COPA 1998] [OITAVAS-DE-FINAL] [27/6] [Brasil (4) x (1) Chile] [Paris]
[143] [COPA 1994] [GRUPO C] [23/6] [Bolivia (0) x (0) Coreia do Sul] [Boston]
[144] [COPA 1930] [SEMIFINAL] [26/7] [Argentina (6) x (1) Estados Unidos] [Montevidéu]
[145] [COPA 1982] [GRUPO D] [16/6] [Inglaterra (3) x (1) França] [Bilbau]
[146] [COPA 1974] [GRUPO B] [18/6] [Iugoslávia (9) x (0) Zaire] [Gelsenkirchen]
[147] [COPA 1934] [OITAVAS-DE-FINAL] [27/5] [Hungria (4) x (2) Egito] [Nápoli]
[148] [COPA 1950] [FASE FINAL] [3/7] [Brasil (7) x (1) Suécia] [Rio de Janeiro]
[149] [COPA 1982] [GRUPO F] [23/6] [Brasil (4) x (0) Nova Zelândia] [Sevilla]
[150] [COPA 2010] [GRUPO F] [20/6] [Eslováquia (0) x (2) Paraguai] [Bloemfontein]
[151] [COPA 1990] [GRUPO B] [18/6] [União Soviética (4) x (0) Camarões] [Roma]
[152] [COPA 1990] [GRUPO D] [10/6] [Alemanha Ocidental (4) x (1) Iugoslávia] [Milão]
[153] [COPA 1990] [GRUPO A] [19/6] [Itália (2) x (0) Tchecoslováquia] [Roma]
[154] [COPA 2006] [GRUPO A] [9/6] [Polônia (0) x (2) Equador] [Gelsenkirchen]
[155] [COPA 1958] [GRUPO D] [11/6] [União Soviética (2) x (0) Áustria] [Boraas]
[156] [COPA 1998] [GRUPO F] [25/6] [Alemanha (2) x (0) Irã] [Montpellier]
[157] [COPA 2014] [OITAVAS-DE-FINAL] [28/6] [Colômbia (2) x (0) Uruguai] [Rio de Janeiro]
[158] [COPA 1982] [GRUPO C] [19/6] [Bélgica (1) x (0) El Salvador] [Elche]
[159] [COPA 1958] [SEMIFINAL] [24/6] [Suécia (3) x (1) Alemanha Ocidental] [Gotemborg]
[160] [COPA 2010] [GRUPO H] [16/6] [Espanha (0) x (1) Suíça] [Durban]
[161] [COPA 1998] [GRUPO A] [16/6] [Escócia (1) x (1) Noruega] [Bordeaux]
[162] [COPA 1982] [GRUPO E] [16/6] [Honduras (1) x (1) Espanha] [Valência]
[163] [COPA 2002] [GRUPO G] [8/6] [Croácia (2) x (1) Itália] [Ibaraki]
[164] [COPA 2006] [GRUPO G] [13/6] [França (0) x (0) Suíça] [Stuttgart]
[165] [COPA 2014] [OITAVAS-DE-FINAL] [29/6] [Costa Rica (1) x (1) Grécia] [Recife]
[166] [COPA 1990] [GRUPO F] [12/6] [Egito (1) x (1) Holanda] [Palermo]
[167] [COPA 1954] [QUARTAS-DE-FINAL] [26/6] [Áustria (7) x (5) Suíça] [Lausanne]
[168] [COPA 1970] [SEMIFINAL] [17/6] [Itália (4) x (3) Alemanha Ocidental] [Cidade do México]
[169] [COPA 1998] [GRUPO C] [24/6] [França (2) x (1) Dinamarca] [Lens]
[170] [COPA 2002] [GRUPO H] [5/6] [Rússia (2) x (0) Tunísia] [Kobe]
[171] [COPA 1986] [GRUPO F] [7/6] [Polônia (1) x (0) Portugal] [Monterrey]
[172] [COPA 1994] [GRUPO F] [29/6] [Holanda (2) x (1) Marrocos] [Orlando]
[173] [COPA 2014] [GRUPO F] [16/6] [Irã (0) x (0) Nigéria] [Curitiba]
[174] [COPA 2014] [GRUPO C] [24/6] [Grécia (2) x (1) Costa do Marfim] [Fortaleza]
[175] [COPA 2002] [QUARTAS-DE-FINAL] [21/6] [Brasil (2) x (1) Inglaterra] [Shizuoka]
[176] [COPA 2002] [GRUPO C] [9/6] [Costa Rica (1) x (1) Turquia] [Incheon]
[177] [COPA 1982] [SEGUNDA FASE - GRUPO 2] [29/6] [Inglaterra (0) x (0) Alemanha Ocidental] [Madri]
[178] [COPA 1974] [SEGUNDA FASE - GRUPO 1] [26/6] [Holanda (4) x (0) Argentina] [Gelsenkirchen]
[179] [COPA 1970] [GRUPO B] [11/6] [Itália (0) x (0) Israel] [Toluca]
[180] [COPA 1950] [GRUPO A] [25/6] [Iugoslávia (3) x (0) Suíça] [Belo Horizonte]
[181] [COPA 2010] [SEMIFINAL] [6/7] [Uruguai (2) x (3) Holanda] [Cidade do Cabo]
[182] [COPA 1930] [GRUPO B] [17/7] [Iugoslávia (4) x (0) Bolivia] [Montevidéu]
[183] [COPA 1998] [GRUPO E] [20/6] [Bélgica (2) x (2) México] [Bordeaux]
[184] [COPA 1990] [OITAVAS-DE-FINAL] [26/6] [Inglaterra (1) x (0) Bélgica] [Bologna]
[185] [COPA 2010] [OITAVAS-DE-FINAL] [29/6] [Espanha (1) x (0) Portugal] [Cidade do Cabo]
[186] [COPA 2018] [GRUPO F] [17/6] [Alemanha (0) x (1) México] [Luzhniki Stadium]
[187] [COPA 1958] [FINAL] [29/6] [Brasil (5) x (2) Suécia] [Solna]
[188] [COPA 1966] [GRUPO B] [20/7] [Alemanha Ocidental (2) x (1) Espanha] [Birmingham]
[189] [COPA 1986] [GRUPO A] [10/6] [Argentina (2) x (0) Bulgária] [Cidade do México]
[190] [COPA 1938] [QUARTAS-DE-FINAL] [12/6] [Itália (3) x (1) França] [Paris]
[191] [COPA 2018] [GRUPO C] [21/6] [França (1) x (0) Peru] [Ekaterimburg Arena]
[192] [COPA 1950] [GRUPO C] [25/6] [Suécia (3) x (2) Itália] [São Paulo]
[193] [COPA 1966] [GRUPO D] [20/7] [União Soviética (2) x (1) Chile] [Sunderland]
[194] [COPA 2010] [GRUPO B] [17/6] [Argentina (4) x (1) Coreia do Sul] [Joanesburgo]
[195] [COPA 2018] [GRUPO E] [27/6] [Suíça (2) x (2) Cista Rica] [Nizhny Novgorod Stadium]
[196] [COPA 2014] [OITAVAS-DE-FINAL] [1/7] [Bélgica (2) x (1) Estados Unidos] [Salvador]
[197] [COPA 2018] [GRUPO B] [15/6] [Portugal (3) x (3) Espanha] [Fisht Stadium]
[198] [COPA 1986] [GRUPO E] [8/6] [Dinamarca (6) x (1) Uruguai] [Nezahualcoyotl]
[199] [COPA 2010] [OITAVAS-DE-FINAL] [26/6] [Uruguai (2) x (1) Coreia do Sul] [Porto Elizabeth]
[200] [COPA 2010] [GRUPO H] [21/6] [Chile (1) x (0) Suíça] [Porto Elizabeth]
[201] [COPA 1982] [GRUPO D] [25/6] [Inglaterra (1) x (0) Kuwait] [Bilbau]
[202] [COPA 2018] [GRUPO A] [14/6] [Russia (5) x (0) Arábia Saudita] [Luzhnik Stadium]
[203] [COPA 2014] [QUARTAS-DE-FINAL] [4/7] [França (0) x (1) Alemanha] [Rio de Janeiro]
[204] [COPA 2018] [GRUPO C] [21/6] [Dinamarca (1) x (1) Australia] [Samara Arena]
[205] [COPA 2002] [GRUPO A] [11/6] [Senegal (3) x (3) Uruguai] [Suwon]
[206] [COPA 1974] [SEGUNDA FASE - GRUPO 1] [3/7] [Argentina (1) x (1) Alemanha Oriental] [Gelsenkirchen]
[207] [COPA 1978] [GRUPO D] [7/6] [Irã (1) x (1) Escócia] [Cordoba]
[208] [COPA 1998] [GRUPO D] [24/6] [Paraguai (3) x (1) Nigéria] [Toulouse]
[209] [COPA 1982] [GRUPO F] [14/6] [Brasil (2) x (1) União Soviética] [Sevilla]
[210] [COPA 2014] [GRUPO E] [20/6] [Suíça (2) x (5) França] [Salvador]
[211] [COPA 2018] [OITAVAS-DE-FINAL] [3/7] [Colombia (3) x (4) Inglaterra] [Spartak Stadium]
[212] [COPA 2002] [GRUPO E] [11/6] [Alemanha (2) x (0) Camarões] [Shizuoka]
[213] [COPA 2014] [OITAVAS-DE-FINAL] [28/6] [Brasil (1) x (1) Chile] [Belo Horizonte]
[214] [COPA 2010] [GRUPO D] [13/6] [Alemanha (4) x (0) Austrália] [Durban]
[215] [COPA 1966] [GRUPO C] [20/7] [Hungria (3) x (1) Bulgária] [Manchester]
[216] [COPA 1930] [GRUPO A] [16/7] [Chile (3) x (0) México] [Montevidéu]
[217] [COPA 1974] [GRUPO D] [19/6] [Argentina (1) x (1) Itália] [Stuttgart]
[218] [COPA 2002] [OITAVAS-DE-FINAL] [18/6] [Coreia do Sul (2) x (1) Itália] [Daejeon]
[219] [COPA 1938] [QUARTAS-DE-FINAL] [14/6] [Tchecoslováquia (1) x (2) Brasil] [Bordeaux]
[220] [COPA 1930] [GRUPO C] [18/7] [Uruguai (1) x (0) Peru] [Montevidéu]
[221] [COPA 2018] [QUARTAS-DE-FINAL] [6/7] [Brasil (1) x (2) Bélgica] [Kazan Arena]
[222] [COPA 1994] [GRUPO B] [24/6] [Brasil (3) x (0) Camarões] [San Francisco]
[223] [COPA 2014] [FINAL] [13/7] [Alemanha (1) x (0) Argentina] [Rio de Janeiro]
[224] [COPA 1934] [FINAL] [10/6] [Itália (2) x (1) Tchecoslováquia] [Roma]
[225] [COPA 1954] [GRUPO B] [23/6] [Alemanha Ocidental (7) x (2) Turquia] [Zurique]
[226] [COPA 1990] [QUARTAS-DE-FINAL] [1/7] [Inglaterra (3) x (2) Camarões] [Napoli]
[227] [COPA 1974] [GRUPO D] [23/6] [Argentina (4) x (1) Haiti] [Berlim]
[228] [COPA 1982] [SEGUNDA FASE - GRUPO 1] [4/7] [Polônia (0) x (0) União Soviética] [Barcelona]
[229] [COPA 1966] [GRUPO D] [13/7] [Itália (2) x (0) Chile] [Sunderland]
[230] [COPA 2006] [GRUPO H] [23/6] [Arábia Saudita (0) x (1) Espanha] [Kaiserslautern]
[231] [COPA 1954] [GRUPO D] [23/6] [Suíça (4) x (1) Itália] [Basel]
[232] [COPA 1982] [GRUPO A] [19/6] [Camarões (0) x (0) Polônia] [Corunha]
[233] [COPA 1994] [OITAVAS-DE-FINAL] [2/7] [Alemanha (3) x (2) Bélgica] [Chicago]
[234] [COPA 1990] [GRUPO D] [19/6] [Colômbia (1) x (1) Alemanha Ocidental] [Milão]
[235] [COPA 1982] [GRUPO B] [24/6] [Argélia (3) x (2) Chile] [Oviedo]
[236] [COPA 2010] [GRUPO B] [22/6] [Grécia (0) x (2) Argentina] [Polokwane]
[237] [COPA 2010] [GRUPO D] [18/6] [Alemanha (0) x (1) Sérvia] [Porto Elizabeth]
[238] [COPA 1958] [Disp. 3°. Lugar] [26/6] [França (6) x (3) Alemanha Ocidental] [Gotemborg]
[239] [COPA 2010] [GRUPO B] [22/6] [Nigéria (2) x (2) Coreia do Sul] [Durban]
[240] [COPA 1990] [FINAL] [8/7] [Alemanha Ocidental (1) x (0) Argentina] [Roma]
[241] [COPA 1958] [GRUPO A] [15/6] [Alemanha Ocidental (2) x (2) Irlanda do Norte] [Malmoe]
[242] [COPA 1966] [GRUPO C] [16/7] [Portugal (3) x (0) Bulgária] [Manchester]
[243] [COPA 2010] [QUARTAS-DE-FINAL] [3/7] [Argentina (0) x (4) Alemanha] [Cidade do Cabo]
[244] [COPA 2006] [GRUPO C] [16/6] [Argentina (6) x (0) Sérvia e Montenegro] [Gelsenkirchen]
[245] [COPA 2010] [GRUPO C] [13/6] [Argélia (0) x (1) Eslovênia] [Polokwane]
[246] [COPA 1966] [Disp. 3°. Lugar] [28/7] [Portugal (2) x (1) União Soviética] [Londres]
[247] [COPA 1970] [GRUPO B] [6/6] [Uruguai (0) x (0) Itália] [Puebla]
[248] [COPA 1994] [GRUPO E] [28/6] [Irlanda (0) x (0) Noruega] [Boston]
[249] [COPA 1982] [GRUPO B] [25/6] [Alemanha Ocidental (1) x (0) Áustria] [Vigo]
[250] [COPA 1974] [GRUPO C] [19/6] [Bulgária (1) x (1) Uruguai] [Hanover]
[251] [COPA 2018] [GRUPO D] [21/6] [Argentina (0) x (3) Croácia] [Nizhny Novgorod Stadium]
[252] [COPA 1982] [GRUPO A] [15/6] [Camarões (0) x (0) Peru] [Corunha]
[253] [COPA 1998] [GRUPO B] [17/6] [Itália (3) x (0) Camarões] [Montpellier]
[254] [COPA 1934] [OITAVAS-DE-FINAL] [27/5] [Áustria (3) x (2) França] [Turim]
[255] [COPA 1994] [GRUPO C] [17/6] [Coreia do Sul (2) x (2) Espanha] [Dallas]
[256] [COPA 2014] [GRUPO F] [25/6] [Bósnia e Herzegovna (3) x (1) Irã] [Salvador]
[257] [COPA 2014] [GRUPO G] [16/6] [Alemanha (4) x (0) Portugal] [Salvador]
[258] [COPA 1962] [GRUPO C] [30/5] [Brasil (2) x (0) México] [Viña del Mar]
[259] [COPA 1962] [GRUPO B] [31/5] [Itália (0) x (0) Alemanha Ocidental] [Santiago]
[260] [COPA 2006] [OITAVAS-DE-FINAL] [25/6] [Portugal (1) x (0) Holanda] [Nuremberg]
[261] [COPA 1982] [GRUPO E] [25/6] [Irlanda do Norte (1) x (0) Espanha] [Valência]
[262] [COPA 1954] [GRUPO C] [19/6] [Uruguai (7) x (0) Escócia] [Basel]
[263] [COPA 1986] [SEMIFINAL] [25/6] [Alemanha Ocidental (2) x (0) França] [Guadalajara]
[264] [COPA 1970] [GRUPO C] [11/6] [Inglaterra (1) x (0) Tchecoslováquia] [Guadalajara]
[265] [COPA 1970] [GRUPO B] [7/6] [Israel (1) x (1) Suécia] [Toluca]
[266] [COPA 1974] [GRUPO D] [15/6] [Polônia (3) x (2) Argentina] [Stuttgart]
[267] [COPA 1962] [GRUPO B] [3/6] [Alemanha Ocidental (2) x (1) Suíça] [Santiago]
[268] [COPA 1982] [GRUPO C] [18/6] [Argentina (4) x (1) Hungria] [Alicante]
[269] [COPA 1986] [GRUPO F] [6/6] [Inglaterra (0) x (0) Marrocos] [Monterrey]
[270] [COPA 2014] [GRUPO B] [18/6] [Espanha (0) x (2) Chile] [Rio de Janeiro]
[271] [COPA 1990] [QUARTAS-DE-FINAL] [1/7] [Alemanha Ocidental (1) x (0) Tchecoslováquia] [Milão]
[272] [COPA 1966] [QUARTAS-DE-FINAL] [23/7] [Portugal (5) x (3) Coreia do Norte] [Liverpool]
[273] [COPA 1954] [GRUPO B] [17/6] [Hungria (9) x (0) Coreia do Sul] [Zurique]
[274] [COPA 2010] [GRUPO A] [17/6] [França (0) x (2) México] [Polokwane]
[275] [COPA 1978] [SEGUNDA FASE - GRUPO 2] [14/6] [Brasil (3) x (0) Peru] [Mendoza]
[276] [COPA 1998] [GRUPO A] [23/6] [Noruega (2) x (1) Brasil] [Marseille]
[277] [COPA 2006] [OITAVAS-DE-FINAL] [25/6] [Inglaterra (1) x (0) Equador] [Stuttgart]
[278] [COPA 1978] [GRUPO B] [1/6] [Polônia (0) x (0) Alemanha Ocidental] [Buenos Aires]
[279] [COPA 1998] [OITAVAS-DE-FINAL] [28/6] [Dinamarca (4) x (1) Nigéria] [St. Denis]
[280] [COPA 2010] [GRUPO H] [16/6] [Honduras (0) x (1) Chile] [Nelspruit]
[281] [COPA 2002] [SEMIFINAL] [25/6] [Alemanha (1) x (0) Coreia do Sul] [Seoul]
[282] [COPA 2002] [GRUPO E] [6/6] [Camarões (1) x (0) Arábia Saudita] [Saitama]
[283] [COPA 1970] [GRUPO D] [2/6] [Peru (3) x (2) Bulgária] [León]
[284] [COPA 2014] [GRUPO E] [15/6] [França (3) x (0) Honduras] [Porto Alegre]
[285] [COPA 2006] [GRUPO C] [21/6] [Costa do Marfim (3) x (2) Sérvia e Montenegro] [Munique]
[286] [COPA 2018] [GRUPO G] [28/6] [Panamá (1) x (2) Tunisia] [Mordovia Arena]
[287] [COPA 2014] [GRUPO B] [23/6] [Austrália (0) x (3) Espanha] [Curitiba]
[288] [COPA 1998] [GRUPO H] [21/6] [Argentina (5) x (0) Jamaica] [Paris]
[289] [COPA 1950] [GRUPO B] [29/6] [Espanha (2) x (0) Chile] [Rio de Janeiro]
[290] [COPA 2006] [OITAVAS-DE-FINAL] [27/6] [Brasil (3) x (0) Gana] [Dortmund]
[291] [COPA 1990] [GRUPO B] [8/6] [Camarões (1) x (0) Argentina] [Milão]
[292] [COPA 1994] [GRUPO F] [19/6] [Bélgica (1) x (0) Marrocos] [Orlando]
[293] [COPA 2006] [GRUPO A] [9/6] [Alemanha (4) x (2) Costa Rica] [Munique]
[294] [COPA 2002] [GRUPO B] [12/6] [Espanha (3) x (2) África do Sul] [Daejeon]
[295] [COPA 1970] [GRUPO C] [6/6] [Romênia (2) x (1) Tchecoslováquia] [Guadalajara]
[296] [COPA 2018] [GRUPO G] [18/6] [Tunisia (1) x (2) Inglaterra] [Volgograd Arena]
[297] [COPA 2014] [GRUPO C] [24/6] [Japão (1) x (4) Colômbia] [Cuiabá]
[298] [COPA 1986] [GRUPO C] [5/6] [França (1) x (1) União Soviética] [Leon]
[299] [COPA 1930] [GRUPO A] [15/7] [Argentina (1) x (0) França] [Montevidéu]
[300] [COPA 2010] [GRUPO C] [23/6] [Estados Unidos (1) x (0) Argélia] [Pretória]
[301] [COPA 1998] [GRUPO A] [10/6] [Noruega (2) x (2) Marrocos] [Montpellier]
[302] [COPA 1982] [GRUPO D] [20/6] [Inglaterra (2) x (0) Tchecoslováquia] [Bilbau]
[303] [COPA 1938] [OITAVAS-DE-FINAL] [5/6] [Cuba (3) x (3) Romênia] [Toulouse]
[304] [COPA 1954] [GRUPO B] [20/6] [Hungria (8) x (3) Alemanha Ocidental] [Basel]
[305] [COPA 1990] [SEMIFINAL] [4/7] [Alemanha Ocidental (1) x (1) Inglaterra] [Turim]
[306] [COPA 1998] [GRUPO C] [18/6] [França (4) x (0) Arábia Saudita] [St. Denis]
[307] [COPA 1986] [QUARTAS-DE-FINAL] [22/6] [Argentina (2) x (1) Inglaterra] [Cidade do México]
[308] [COPA 1994] [GRUPO E] [23/6] [Itália (1) x (0) Noruega] [New York]
[309] [COPA 1990] [GRUPO B] [13/6] [Argentina (2) x (0) União Soviética] [Napoli]
[310] [COPA 2002] [OITAVAS-DE-FINAL] [15/6] [Alemanha (1) x (0) Paraguai] [Seogwipo]
[311] [COPA 2002] [GRUPO H] [10/6] [Bélgica (1) x (1) Tunísia] [Oita]
[312] [COPA 1994] [GRUPO A] [26/6] [Romênia (1) x (0) Estados Unidos] [Los Angeles]
[313] [COPA 1978] [GRUPO C] [7/6] [Brasil (0) x (0) Espanha] [Mar del Plata]
[314] [COPA 2006] [GRUPO E] [22/6] [Gana (2) x (1) Estados Unidos] [Nuremberg]
[315] [COPA 1990] [GRUPO B] [9/6] [Romênia (2) x (0) União Soviética] [Bari]
[316] [COPA 1970] [SEMIFINAL] [17/6] [Brasil (3) x (1) Uruguai] [Guadalajara]
[317] [COPA 1994] [GRUPO E] [18/6] [Irlanda (1) x (0) Itália] [New York]
[318] [COPA 1994] [GRUPO E] [28/6] [Itália (1) x (1) México] [Washington DC]
[319] [COPA 2014] [GRUPO A] [13/6] [México (1) x (0) Camarões] [Natal]
[320] [COPA 1970] [GRUPO D] [11/6] [Bulgária (1) x (1) Marrocos] [León]
[321] [COPA 2018] [GRUPO F] [27/6] [Coreia do Sul (2) x (0) Alemanha] [Ekaterinburg Arena]
[322] [COPA 2006] [GRUPO F] [22/6] [Croácia (2) x (2) Austrália] [Stuttgart]
[323] [COPA 2018] [GRUPO A] [19/6] [Russia (3) x (1) Egito] [Saint Petersburg Stadium]
[324] [COPA 1998] [QUARTAS-DE-FINAL] [3/7] [Brasil (3) x (2) Dinamarca] [Nantes]
[325] [COPA 1982] [Disp. 3°. Lugar] [10/7] [Polônia (3) x (2) França] [Alicante]
[326] [COPA 1982] [GRUPO E] [17/6] [Irlanda do Norte (0) x (0) Iugoslávia] [Zaragoza]
[327] [COPA 1990] [GRUPO A] [10/6] [Tchecoslováquia (5) x (1) Estados Unidos] [Florence]
[328] [COPA 1998] [GRUPO D] [12/6] [Bulgária (0) x (0) Paraguai] [Montpellier]
[329] [COPA 1998] [GRUPO H] [20/6] [Croácia (1) x (0) Japão] [Nantes]
[330] [COPA 1950] [FASE FINAL] [13/7] [Uruguai (3) x (2) Suécia] [São Paulo]
[331] [COPA 2014] [OITAVAS-DE-FINAL] [30/6] [França (2) x (0) Nigéria] [Brasília]
[332] [COPA 2010] [GRUPO D] [23/6] [Gana (0) x (1) Alemanha] [Joanesburgo]
[333] [COPA 2006] [GRUPO B] [15/6] [Inglaterra (2) x (0) Trinidad e Tobago] [Nuremberg]
[334] [COPA 2014] [QUARTAS-DE-FINAL] [4/7] [Brasil (2) x (1) Colômbia] [Fortaleza]
[335] [COPA 1970] [GRUPO B] [2/6] [Uruguai (2) x (0) Israel] [Puebla]
[336] [COPA 2006] [GRUPO G] [19/6] [Togo (0) x (2) Suíça] [Dortmund]
[337] [COPA 1994] [GRUPO E] [19/6] [Noruega (1) x (0) México] [Washington DC]
[338] [COPA 1986] [GRUPO D] [7/6] [Espanha (2) x (1) Irlanda do Norte] [Guadalajara]
[339] [COPA 1970] [GRUPO D] [7/6] [Alemanha Ocidental (5) x (2) Bulgária] [León]
[340] [COPA 1990] [GRUPO C] [11/6] [Costa Rica (1) x (0) Escócia] [Genoa]
[341] [COPA 1986] [GRUPO E] [8/6] [Alemanha Ocidental (2) x (1) Escócia] [Queretaro]
[342] [COPA 1990] [GRUPO E] [12/6] [Bélgica (2) x (0) Coreia do Sul] [Verona]
[343] [COPA 1978] [GRUPO C] [3/6] [Áustria (2) x (1) Espanha] [Buenos Aires]
[344] [COPA 1990] [OITAVAS-DE-FINAL] [25/6] [Itália (2) x (0) Uruguai] [Roma]
[345] [COPA 2010] [FINAL] [11/7] [Holanda (0) x (1) Espanha] [Joanesburgo]
[346] [COPA 1974] [SEGUNDA FASE - GRUPO 2] [30/6] [Polônia (2) x (1) Iugoslávia] [Frankfurt]
[347] [COPA 1998] [OITAVAS-DE-FINAL] [28/6] [França (1) x (0) Paraguai] [Lens]
[348] [COPA 1962] [QUARTAS-DE-FINAL] [10/6] [Chile (2) x (1) União Soviética] [Arica]
[349] [COPA 2006] [GRUPO F] [12/6] [Austrália (3) x (1) Japão] [Kaiserslautern]
[350] [COPA 2010] [GRUPO C] [23/6] [Eslovênia (0) x (1) Inglaterra] [Porto Elizabeth]
[351] [COPA 1930] [GRUPO A] [22/7] [Argentina (3) x (1) Chile] [Montevidéu]
[352] [COPA 1998] [GRUPO G] [22/6] [Colômbia (1) x (0) Tunísia] [Montpellier]
[353] [COPA 1994] [GRUPO F] [25/6] [Arábia Saudita (2) x (1) Marrocos] [New York]
[354] [COPA 2002] [GRUPO A] [1/6] [Uruguai (1) x (2) Dinamarca] [Ulsan]
[355] [COPA 1938] [SEMIFINAL] [16/6] [Hungria (5) x (1) Suécia] [Paris]
[356] [COPA 1954] [GRUPO A] [19/6] [França (3) x (2) México] [Genebra]
[357] [COPA 2006] [QUARTAS-DE-FINAL] [30/6] [Itália (3) x (0) Ucrânia] [Hamburgo]
[358] [COPA 2018] [GRUPO A] [20/6] [Uruguai (1) x (0) Arábia Saudita] [Rostov Arena]
[359] [COPA 1966] [GRUPO A] [13/7] [França (1) x (1) México] [Londres]
[360] [COPA 1986] [GRUPO D] [6/6] [Brasil (1) x (0) Argélia] [Guadalajara]
[361] [COPA 1930] [GRUPO A] [19/7] [França (0) x (1) Chile] [Montevidéu]
[362] [COPA 2006] [GRUPO A] [15/6] [Equador (3) x (0) Costa Rica] [Hamburgo]
[363] [COPA 1974] [GRUPO B] [13/6] [Brasil (0) x (0) Iugoslávia] [Frankfurt]
[364] [COPA 1966] [GRUPO A] [19/7] [Uruguai (0) x (0) México] [Londres]
[365] [COPA 1990] [QUARTAS-DE-FINAL] [30/6] [Itália (1) x (0) Irlanda] [Roma]
[366] [COPA 1998] [GRUPO H] [26/6] [Jamaica (2) x (1) Japão] [Lens]
[367] [COPA 2002] [GRUPO E] [11/6] [Irlanda (3) x (0) Arábia Saudita] [Yokohama]
[368] [COPA 2006] [OITAVAS-DE-FINAL] [24/6] [Argentina (2) x (1) México] [Leipzig]
[369] [COPA 2018] [GRUPO H] [19/6] [Colombia (1) x (2) Japão] [Mordovia Arena]
[370] [COPA 1998] [OITAVAS-DE-FINAL] [30/6] [Argentina (2) x (2) Inglaterra] [St. Etienne]
[371] [COPA 2002] [SEMIFINAL] [26/6] [Brasil (1) x (0) Turquia] [Saitama]
[372] [COPA 2018] [OITAVAS-DE-FINAL] [3/7] [Suécia (1) x (0) Suiça] [Saint Petersburg Stadium]
[373] [COPA 2006] [GRUPO G] [23/6] [Togo (0) x (2) França] [Colônia]
[374] [COPA 1994] [GRUPO D] [25/6] [Argentina (2) x (1) Nigéria] [Boston]
[375] [COPA 1970] [QUARTAS-DE-FINAL] [14/6] [Uruguai (1) x (0) União Soviética] [Cidade do México]
[376] [COPA 1998] [GRUPO G] [26/6] [Romênia (1) x (1) Tunísia] [St. Denis]
[377] [COPA 1990] [GRUPO F] [16/6] [Inglaterra (0) x (0) Holanda] [Cagliari]
[378] [COPA 2014] [GRUPO G] [26/6] [Portugal (2) x (1) Gana] [Brasília]
[379] [COPA 1974] [FINAL] [7/7] [Alemanha Ocidental (2) x (1) Holanda] [Berlim]
[380] [COPA 1938] [OITAVAS-DE-FINAL] [5/6] [Brasil (6) x (5) Polônia] [Strasbourg]
[381] [COPA 1958] [GRUPO A] [8/6] [Irlanda do Norte (1) x (0) Tchecoslováquia] [Halmstad]
[382] [COPA 1974] [SEGUNDA FASE - GRUPO 1] [30/6] [Brasil (2) x (1) Argentina] [Hanover]
[383] [COPA 1982] [SEGUNDA FASE - GRUPO 4] [28/6] [França (1) x (0) Áustria] [Madri]
[384] [COPA 1950] [FASE FINAL] [9/7] [Espanha (2) x (2) Uruguai] [São Paulo]
[385] [COPA 1954] [GRUPO C] [19/6] [Áustria (5) x (0) Tchecoslováquia] [Zurique]
[386] [COPA 1982] [SEGUNDA FASE - GRUPO 3] [2/7] [Brasil (3) x (1) Argentina] [Barcelona]
[387] [COPA 1974] [GRUPO D] [23/6] [Polônia (2) x (1) Itália] [Stuttgart]
[388] [COPA 1966] [GRUPO C] [12/7] [Brasil (2) x (0) Bulgária] [Liverpool]
[389] [COPA 1994] [GRUPO C] [21/6] [Alemanha (1) x (1) Espanha] [Chicago]
[390] [COPA 2006] [GRUPO B] [20/6] [Suécia (2) x (2) Inglaterra] [Colônia]
[391] [COPA 1970] [GRUPO D] [3/6] [Alemanha Ocidental (2) x (1) Marrocos] [León]
[392] [COPA 2010] [GRUPO C] [12/6] [Inglaterra (1) x (1) Estados Unidos] [Rustemburgo]
[393] [COPA 2010] [SEMIFINAL] [7/7] [Alemanha (0) x (1) Espanha] [Durban]
[394] [COPA 1974] [GRUPO B] [14/6] [Escócia (2) x (0) Zaire] [Dortmund]
[395] [COPA 1982] [GRUPO F] [22/6] [Escócia (2) x (2) União Soviética] [Málaga]
[396] [COPA 1990] [OITAVAS-DE-FINAL] [23/6] [Camarões (2) x (1) Colômbia] [Napoli]
[397] [COPA 1966] [GRUPO C] [15/7] [Hungria (3) x (1) Brasil] [Liverpool]
[398] [COPA 2006] [GRUPO D] [21/6] [Portugal (2) x (1) México] [Gelsenkirchen]
[399] [COPA 2002] [GRUPO E] [5/6] [Alemanha (1) x (1) Irlanda] [Ibaraki]
[400] [COPA 2002] [GRUPO F] [7/6] [Inglaterra (1) x (0) Argentina] [Sapporo]
[401] [COPA 2010] [GRUPO F] [24/6] [Paraguai (0) x (0) Nova Zelândia] [Polokwane]
[402] [COPA 1958] [GRUPO C] [12/6] [Suécia (2) x (1) Hungria] [Solna]
[403] [COPA 1978] [GRUPO B] [10/6] [Tunísia (0) x (0) Alemanha Ocidental] [Cordoba]
[404] [COPA 1998] [GRUPO C] [18/6] [Dinamarca (1) x (1) África do Sul] [Toulouse]
[405] [COPA 1974] [SEGUNDA FASE - GRUPO 1] [30/6] [Holanda (2) x (0) Alemanha Oriental] [Gelsenkirchen]
[406] [COPA 1978] [SEGUNDA FASE - GRUPO 2] [14/6] [Argentina (2) x (0) Polônia] [Rosario]
[407] [COPA 2006] [GRUPO A] [20/6] [Equador (0) x (3) Alemanha] [Berlim]
[408] [COPA 1954] [GRUPO B] [17/6] [Alemanha Ocidental (4) x (1) Turquia] [Berna]
[409] [COPA 2002] [GRUPO B] [8/6] [África do Sul (1) x (0) Eslovênia] [Daegu]
[410] [COPA 1994] [GRUPO B] [28/6] [Rússia (6) x (1) Camarões] [San Francisco]
[411] [COPA 2006] [GRUPO A] [20/6] [Costa Rica (1) x (2) Polônia] [Hannover]
[412] [COPA 1998] [GRUPO E] [25/6] [Bélgica (1) x (1) Coreia do Sul] [Paris]
[413] [COPA 1950] [GRUPO C] [29/6] [Suécia (2) x (2) Paraguai] [Curitiba]
[414] [COPA 1986] [GRUPO D] [12/6] [Brasil (3) x (0) Irlanda do Norte] [Guadalajara]
[415] [COPA 1994] [GRUPO A] [26/6] [Colômbia (2) x (0) Suíça] [San Francisco]
[416] [COPA 1938] [OITAVAS-DE-FINAL] [5/6] [França (3) x (1) Bélgica] [Paris]
[417] [COPA 1934] [OITAVAS-DE-FINAL] [27/5] [Itália (7) x (1) Estados Unidos] [Roma]
[418] [COPA 1990] [OITAVAS-DE-FINAL] [25/6] [Irlanda (0) x (0) Romênia] [Genoa]
[419] [COPA 1990] [GRUPO A] [19/6] [Áustria (2) x (1) Estados Unidos] [Florence]
[420] [COPA 2018] [QUARTAS-DE-FINAL] [7/7] [Rússia (3) x (4) Croácia] [Fisht Stadium]
[421] [COPA 1974] [SEGUNDA FASE - GRUPO 2] [30/6] [Alemanha Ocidental (4) x (2) Suécia] [Colônia]
[422] [COPA 1982] [GRUPO F] [19/6] [União Soviética (3) x (0) Nova Zelândia] [Málaga]
[423] [COPA 1974] [GRUPO B] [22/6] [Brasil (3) x (0) Zaire] [Gelsenkirchen]
[424] [COPA 2010] [OITAVAS-DE-FINAL] [27/6] [Alemanha (4) x (1) Inglaterra] [Bloemfontein]
[425] [COPA 1990] [GRUPO E] [13/6] [Espanha (0) x (0) Uruguai] [Udine]
[426] [COPA 1990] [GRUPO B] [14/6] [Camarões (2) x (1) Romênia] [Bari]
[427] [COPA 2010] [GRUPO F] [15/6] [Nova Zelândia (1) x (1) Eslováquia] [Rustemburgo]
[428] [COPA 1974] [GRUPO A] [22/6] [Austrália (0) x (0) Chile] [Berlim]
[429] [COPA 1986] [OITAVAS-DE-FINAL] [17/6] [Alemanha Ocidental (1) x (0) Marrocos] [Monterrey]
[430] [COPA 2010] [GRUPO F] [14/6] [Itália (1) x (1) Paraguai] [Cidade do Cabo]
[431] [COPA 1978] [GRUPO D] [11/6] [Escócia (3) x (2) Holanda] [Mendoza]
[432] [COPA 2014] [GRUPO D] [14/6] [Inglaterra (1) x (2) Itália] [Manaus]
[433] [COPA 2010] [GRUPO E] [14/6] [Holanda (2) x (0) Dinamarca] [Joanesburgo]
[434] [COPA 1966] [GRUPO A] [11/7] [Inglaterra (0) x (0) Uruguai] [Londres]
[435] [COPA 1986] [GRUPO F] [3/6] [Portugal (1) x (0) Inglaterra] [Monterrey]
[436] [COPA 1974] [GRUPO D] [19/6] [Polônia (7) x (0) Haiti] [Berlim]
[437] [COPA 1974] [GRUPO C] [23/6] [Suécia (3) x (0) Uruguai] [Colônia]
[438] [COPA 1958] [GRUPO B] [15/6] [França (2) x (1) Escócia] [Orebro]
[439] [COPA 1938] [QUARTAS-DE-FINAL] [12/6] [Hungria (2) x (0) Suíça] [Lille]
[440] [COPA 1994] [GRUPO B] [24/6] [Suécia (3) x (1) Rússia] [Detroit]
[441] [COPA 1998] [GRUPO F] [15/6] [Alemanha (2) x (0) Estados Unidos] [Paris]
[442] [COPA 1970] [GRUPO C] [3/6] [Brasil (4) x (1) Tchecoslováquia] [Guadalajara]
[443] [COPA 1958] [GRUPO B] [8/6] [França (7) x (3) Paraguai] [Norrkoping]
[444] [COPA 2014] [GRUPO A] [18/6] [Camarões (0) x (4) Croácia] [Manaus]
[445] [COPA 1974] [SEGUNDA FASE - GRUPO 1] [26/6] [Brasil (1) x (0) Alemanha Oriental] [Hanover]
[446] [COPA 1986] [GRUPO C] [9/6] [União Soviética (2) x (0) Canadá] [Irapuato]
[447] [COPA 2006] [GRUPO C] [21/6] [Holanda (0) x (0) Argentina] [Frankfurt]
[448] [COPA 1950] [GRUPO A] [28/6] [Brasil (2) x (2) Suíça] [São Paulo]
[449] [COPA 1978] [GRUPO A] [6/6] [Itália (3) x (1) Hungria] [Mar del Plata]
[450] [COPA 1978] [GRUPO C] [3/6] [Brasil (1) x (1) Suécia] [Mar del Plata]
[451] [COPA 2002] [GRUPO F] [2/6] [Inglaterra (1) x (1) Suécia] [Saitama]
[452] [COPA 2014] [GRUPO D] [14/6] [Uruguai (1) x (3) Costa Rica] [Fortaleza]
[453] [COPA 1962] [QUARTAS-DE-FINAL] [10/6] [Iugoslávia (1) x (0) Alemanha Ocidental] [Santiago]
[454] [COPA 1982] [GRUPO F] [15/6] [Escócia (5) x (2) Nova Zelândia] [Málaga]
[455] [COPA 1982] [GRUPO A] [22/6] [Polônia (5) x (1) Peru] [Corunha]
[456] [COPA 2018] [GRUPO A] [15/6] [Egito (0) x (1) Uruguai] [Ekaterinburg Arena]
[457] [COPA 2018] [OITAVAS-DE-FINAL] [1/7] [Croácia (3) x (2) Dinamarca] [Nizhny Novgorod Stadium]
[458] [COPA 1982] [GRUPO E] [24/6] [Iugoslávia (1) x (0) Honduras] [Zaragoza]
[459] [COPA 2014] [GRUPO G] [22/6] [Estados Unidos (2) x (2) Portugal] [Manaus]
[460] [COPA 2006] [GRUPO E] [17/6] [Itália (1) x (1) Estados Unidos] [Kaiserslautern]
[461] [COPA 2014] [GRUPO B] [18/6] [Austrália (2) x (3) Holanda] [Porto Alegre]
[462] [COPA 2014] [GRUPO A] [12/6] [Brasil (3) x (1) Croácia] [São Paulo]
[463] [COPA 2018] [GRUPO D] [22/6] [Nigéria (2) x (0) Islândia] [Volgograd Arena]
[464] [COPA 2018] [GRUPO D] [26/6] [Islândia (1) x (2) Croácia] [Rostov Arena]
[465] [COPA 1982] [FINAL] [11/7] [Itália (3) x (1) Alemanha Ocidental] [Madri]
[466] [COPA 1970] [GRUPO A] [6/6] [União Soviética (4) x (1) Bélgica] [Cidade do México]
[467] [COPA 1958] [GRUPO C] [8/6] [Hungria (1) x (1) País de Gales] [Sandviken]
[468] [COPA 1950] [GRUPO A] [24/6] [Brasil (4) x (0) México] [Rio de Janeiro]
[469] [COPA 1986] [GRUPO E] [13/6] [Escócia (0) x (0) Uruguai] [Nezahualcoyotl]
[470] [COPA 1998] [GRUPO E] [25/6] [Holanda (2) x (2) México] [St. Etienne]
[471] [COPA 1998] [GRUPO G] [15/6] [Romênia (1) x (0) Colômbia] [Lyon]
[472] [COPA 2006] [GRUPO G] [23/6] [Suíça (2) x (0) Coreia do Sul] [Hannover]
[473] [COPA 1982] [GRUPO B] [20/6] [Alemanha Ocidental (4) x (1) Chile] [Gijón]
[474] [COPA 1998] [GRUPO G] [26/6] [Inglaterra (2) x (0) Colômbia] [Lens]
[475] [COPA 1970] [GRUPO A] [7/6] [México (4) x (0) El Salvador] [Cidade do México]
[476] [COPA 2006] [QUARTAS-DE-FINAL] [1/7] [Inglaterra (0) x (0) Portugal] [Gelsenkirchen]
[477] [COPA 1978] [GRUPO A] [2/6] [Itália (2) x (1) França] [Mar del Plata]
[478] [COPA 2010] [GRUPO H] [21/6] [Espanha (2) x (0) Honduras] [Joanesburgo]
[479] [COPA 2010] [QUARTAS-DE-FINAL] [2/7] [Uruguai (1) x (1) Gana] [Joanesburgo]
[480] [COPA 1982] [GRUPO A] [18/6] [Itália (1) x (1) Peru] [Vigo]
[481] [COPA 1974] [GRUPO C] [15/6] [Bulgária (0) x (0) Suécia] [Colônia]
[482] [COPA 2010] [GRUPO A] [22/6] [México (0) x (1) Uruguai] [Rustemburgo]
[483] [COPA 1994] [GRUPO D] [21/6] [Nigéria (3) x (0) Bulgária] [Dallas]
[484] [COPA 1998] [OITAVAS-DE-FINAL] [30/6] [Croácia (1) x (0) Romênia] [Bordeaux]
[485] [COPA 2014] [GRUPO F] [21/6] [Argentina (1) x (0) Irã] [Belo Horizonte]
[486] [COPA 1998] [SEMIFINAL] [8/7] [França (2) x (1) Croácia] [St. Denis]
[487] [COPA 2018] [GRUPO C] [26/6] [Dinamarca (0) x (0) França] [Luzhniki Stadoum]
[488] [COPA 2006] [OITAVAS-DE-FINAL] [27/6] [Espanha (1) x (3) França] [Hannover]
[489] [COPA 2014] [GRUPO G] [16/6] [Gana (1) x (2) Estados Unidos] [Natal]
[490] [COPA 1966] [GRUPO A] [16/7] [Inglaterra (2) x (0) México] [Londres]
[491] [COPA 1990] [GRUPO A] [14/6] [Itália (1) x (0) Estados Unidos] [Roma]
[492] [COPA 1998] [OITAVAS-DE-FINAL] [29/6] [Holanda (2) x (1) Iugoslávia] [Toulouse]
[493] [COPA 1978] [GRUPO B] [6/6] [Alemanha Ocidental (6) x (0) México] [Cordoba]
[494] [COPA 2010] [GRUPO A] [11/6] [África do Sul (1) x (1) México] [Joanesburgo]
[495] [COPA 1982] [SEGUNDA FASE - GRUPO 2] [5/7] [Inglaterra (0) x (0) Espanha] [Madri]
[496] [COPA 2014] [QUARTAS-DE-FINAL] [5/7] [Holanda (0) x (0) Costa Rica] [Salvador]
[497] [COPA 2010] [GRUPO G] [15/6] [Costa do Marfim (0) x (0) Portugal] [Porto Elizabeth]
[498] [COPA 1974] [GRUPO A] [14/6] [Alemanha Oriental (2) x (0) Austrália] [Hamburgo]
[499] [COPA 1986] [GRUPO C] [2/6] [União Soviética (6) x (0) Hungria] [Irapuato]
[500] [COPA 2002] [GRUPO G] [3/6] [Itália (2) x (0) Equador] [Sapporo]
[501] [COPA 1954] [QUARTAS-DE-FINAL] [27/6] [Hungria (4) x (2) Brasil] [Berna]
[502] [COPA 2014] [GRUPO D] [24/6] [Costa Rica (0) x (0) Inglaterra] [Belo Horizonte]
[503] [COPA 1962] [QUARTAS-DE-FINAL] [14/6] [Tchecoslováquia (1) x (0) Hungria] [Rancagua]
[504] [COPA 2006] [Disp. 3°. Lugar] [8/7] [Alemanha (3) x (1) Portugal] [Stuttgart]
[505] [COPA 2002] [GRUPO G] [9/6] [México (2) x (1) Equador] [Miyagi]
[506] [COPA 1974] [SEGUNDA FASE - GRUPO 1] [3/7] [Holanda (2) x (0) Brasil] [Dortmund]
[507] [COPA 1998] [GRUPO D] [19/6] [Nigéria (1) x (0) Bulgária] [Paris]
[508] [COPA 1930] [SEMIFINAL] [27/7] [Uruguai (6) x (1) Iugoslávia] [Montevidéu]
[509] [COPA 2018] [GRUPO G] [24/6] [Inglaterra (6) x (1) Panamá] [Nizhny Novgorod Stadium]
[510] [COPA 2014] [GRUPO F] [21/6] [Nigéria (1) x (0) Bósnia e Herzegovna] [Cuiabá]
[511] [COPA 1974] [SEGUNDA FASE - GRUPO 2] [3/7] [Suécia (2) x (1) Iugoslávia] [Colônia]
[512] [COPA 2018] [OITAVAS-DE-FINAL] [2/7] [Brasil (2) x (0) México] [Samara Arena]
[513] [COPA 2006] [GRUPO D] [11/6] [México (3) x (1) Irã] [Nuremberg]
[514] [COPA 2010] [GRUPO H] [25/6] [Chile (1) x (2) Espanha] [Pretória]
[515] [COPA 1970] [GRUPO A] [10/6] [União Soviética (2) x (0) El Salvador] [Cidade do México]
[516] [COPA 2018] [QUARTAS-DE-FINAL] [7/7] [Suécia (0) x (2) Inglaterra] [Samara Arena]
[517] [COPA 1934] [OITAVAS-DE-FINAL] [27/5] [Suíça (3) x (2) Holanda] [Milão]
[518] [COPA 2002] [GRUPO D] [14/6] [Polônia (3) x (1) Estados Unidos] [Daejeon]
[519] [COPA 2014] [GRUPO H] [17/6] [Rússia (1) x (1) Coreia do Sul] [Cuiabá]
[520] [COPA 1998] [SEMIFINAL] [7/7] [Brasil (1) x (1) Holanda] [Marseille]
[521] [COPA 2006] [GRUPO H] [14/6] [Espanha (4) x (0) Ucrânia] [Leipzig]
[522] [COPA 2014] [GRUPO D] [20/6] [Itália (0) x (1) Costa Rica] [Recife]
[523] [COPA 1954] [GRUPO A] [19/6] [Brasil (1) x (1) Iugoslávia] [Lausanne]
[524] [COPA 2002] [GRUPO C] [13/6] [Brasil (5) x (2) Costa Rica] [Suwon]
[525] [COPA 1978] [GRUPO D] [3/6] [Holanda (3) x (0) Irã] [Mendoza]
[526] [COPA 1990] [GRUPO C] [10/6] [Brasil (2) x (1) Suécia] [Turim]
[527] [COPA 2006] [GRUPO A] [14/6] [Alemanha (1) x (0) Polônia] [Dortmund]
[528] [COPA 1934] [SEMIFINAL] [3/6] [Tchecoslováquia (3) x (1) Alemanha] [Roma]
[529] [COPA 1938] [OITAVAS-DE-FINAL] [5/6] [Itália (2) x (1) Noruega] [Marseilles]
[530] [COPA 2018] [GRUPO G] [23/6] [Belgica (5) x (2) Tunisia] [Spartak Stadium]
[531] [COPA 1978] [Disp. 3°. Lugar] [24/6] [Brasil (2) x (1) Itália] [Buenos Aires]
[532] [COPA 1974] [SEGUNDA FASE - GRUPO 2] [26/6] [Alemanha Ocidental (2) x (0) Iugoslávia] [Colônia]
[533] [COPA 2014] [GRUPO D] [19/6] [Uruguai (2) x (1) Inglaterra] [São Paulo]
[534] [COPA 1994] [GRUPO C] [17/6] [Alemanha (1) x (0) Bolivia] [Chicago]
[535] [COPA 1986] [QUARTAS-DE-FINAL] [22/6] [Bélgica (1) x (1) Espanha] [Puebla]
[536] [COPA 1978] [SEGUNDA FASE - GRUPO 1] [14/6] [Holanda (5) x (1) Áustria] [Cordoba]
[537] [COPA 1974] [Disp. 3°. Lugar] [6/7] [Polônia (1) x (0) Brasil] [Berlim]
[538] [COPA 1990] [GRUPO C] [16/6] [Brasil (1) x (0) Costa Rica] [Turim]
[539] [COPA 2006] [GRUPO H] [23/6] [Ucrânia (1) x (0) Tunísia] [Berlim]
[540] [COPA 1970] [GRUPO A] [31/5] [México (0) x (0) União Soviética] [Cidade do México]
[541] [COPA 1962] [GRUPO D] [6/6] [Argentina (0) x (0) Hungria] [Rancagua]
[542] [COPA 2006] [GRUPO D] [21/6] [Irã (1) x (1) Angola] [Leipzig]
[543] [COPA 1986] [GRUPO C] [1/6] [França (1) x (0) Canadá] [Leon]
[544] [COPA 2014] [GRUPO G] [26/6] [Estados Unidos (0) x (1) Alemanha] [Recife]
[545] [COPA 1954] [GRUPO A] [16/6] [Brasil (5) x (0) México] [Genebra]
[546] [COPA 1986] [GRUPO A] [2/6] [Argentina (3) x (1) Coreia do Sul] [Cidade do México]
[547] [COPA 1978] [GRUPO D] [3/6] [Peru (3) x (1) Escócia] [Cordoba]